D:\Program Files\Total Commander XP\Plugins\wcx\audioconverter\ssrc.exe --rate 11025 --bits 16  "D:\D7Projects\WCX_AES\audioconverter\arc\~TMP1uhohlovecomestotown.mid.wav" "D:\D7Projects\WCX_AES\audioconverter\arc\~TMP2uhohlovecomestotown.mid.wav" 
D:\Program Files\Total Commander XP\Plugins\wcx\audioconverter\Recogn.exe ""
D:\Program Files\Total Commander XP\Plugins\wcx\audioconverter\ssrc.exe --rate 11025 --bits 16  "D:\D7Projects\WCX_AES\audioconverter\arc\~TMP1uhohlovecomestotown.mid.wav" "D:\D7Projects\WCX_AES\audioconverter\arc\~TMP2uhohlovecomestotown.mid.wav" 
D:\Program Files\Total Commander XP\Plugins\wcx\audioconverter\Recogn.exe "~TMP2U~1.WAV"
D:\Program Files\Total Commander XP\Plugins\wcx\audioconverter\ssrc.exe --rate 11025 --bits 16  "D:\D7Projects\WCX_AES\audioconverter\arc\~TMP1uhohlovecomestotown.mid.wav" "D:\D7Projects\WCX_AES\audioconverter\arc\~TMP2uhohlovecomestotown.mid.wav" 
D:\Program Files\Total Commander XP\Plugins\wcx\audioconverter\Recogn.exe "~TMP2U~1.WAV"
D:\Program Files\Total Commander XP\Plugins\wcx\audioconverter\Recogn.exe "~TMP1U~1.WAV"
D:\Program Files\Total Commander XP\Plugins\wcx\audioconverter\normalize.exe  "D:\D7Projects\WCX_AES\audioconverter\arc\~TMP1uhohlovecomestotown.mid.wav"
D:\Program Files\Total Commander XP\Plugins\wcx\audioconverter\ssrc.exe  --rate 22050 --twopass  --pdf 0 "D:\D7Projects\WCX_AES\audioconverter\arc\~TMP1uhohlovecomestotown.mid.wav" "D:\D7Projects\WCX_AES\audioconverter\arc\~TMP2~TMP1uhohlovecomestotown.mid.wav"
D:\Program Files\Total Commander XP\Plugins\wcx\audioconverter\Recogn.exe "~TMP1U~1.WAV"
D:\Program Files\Total Commander XP\Plugins\wcx\audioconverter\ssrc.exe --rate 11025 --bits 16  "D:\D7Projects\WCX_AES\audioconverter\arc\~TMP1uhohlovecomestotown.mid.wav" "D:\D7Projects\WCX_AES\audioconverter\arc\~TMP2uhohlovecomestotown.mid.wav" 
D:\Program Files\Total Commander XP\Plugins\wcx\audioconverter\Recogn.exe ""
D:\Program Files\Total Commander XP\Plugins\wcx\audioconverter\normalize.exe  "D:\D7Projects\WCX_AES\audioconverter\arc\~TMP1uhohlovecomestotown.mid.wav"
D:\Program Files\Total Commander XP\Plugins\wcx\audioconverter\ssrc.exe  --rate 22050 --twopass  --pdf 0 "D:\D7Projects\WCX_AES\audioconverter\arc\~TMP1uhohlovecomestotown.mid.wav" "D:\D7Projects\WCX_AES\audioconverter\arc\~TMP2~TMP1uhohlovecomestotown.mid.wav"
D:\Program Files\Total Commander XP\Plugins\wcx\audioconverter\Recogn.exe "~TMP1U~1.WAV"
D:\Program Files\Total Commander XP\Plugins\wcx\audioconverter\ssrc.exe --rate 11025 --bits 16  "D:\D7Projects\WCX_AES\audioconverter\arc\~TMP1uhohlovecomestotown.mid.wav" "D:\D7Projects\WCX_AES\audioconverter\arc\~TMP2uhohlovecomestotown.mid.wav" 
D:\Program Files\Total Commander XP\Plugins\wcx\audioconverter\Recogn.exe "~TMP2U~1.WAV"
D:\Program Files\Total Commander XP\Plugins\wcx\audioconverter\ssrc.exe --rate 11025 --bits 16  "D:\D7Projects\WCX_AES\audioconverter\arc\~TMP1uhohlovecomestotown.mid.wav" "D:\D7Projects\WCX_AES\audioconverter\arc\~TMP2uhohlovecomestotown.mid.wav" 
D:\Program Files\Total Commander XP\Plugins\wcx\audioconverter\Recogn.exe "~TMP2U~1.WAV"
D:\Program Files\Total Commander XP\Plugins\wcx\audioconverter\ssrc.exe --rate 11025 --bits 16  "D:\D7Projects\WCX_AES\audioconverter\arc\~TMP1uhohlovecomestotown.mid.wav" "D:\D7Projects\WCX_AES\audioconverter\arc\~TMP2uhohlovecomestotown.mid.wav" 
D:\Program Files\Total Commander XP\Plugins\wcx\audioconverter\Recogn.exe "~TMP2U~1.WAV"
D:\Program Files\Total Commander XP\Plugins\wcx\audioconverter\normalize.exe  "D:\D7Projects\WCX_AES\audioconverter\arc\~TMP1uhohlovecomestotown.mid.wav"
D:\Program Files\Total Commander XP\Plugins\wcx\audioconverter\ssrc.exe  --rate 22050 --twopass  --pdf 0 "D:\D7Projects\WCX_AES\audioconverter\arc\~TMP1uhohlovecomestotown.mid.wav" "D:\D7Projects\WCX_AES\audioconverter\arc\~TMP2~TMP1uhohlovecomestotown.mid.wav"
D:\Program Files\Total Commander XP\Plugins\wcx\audioconverter\Recogn.exe "~TMP1U~1.WAV"
D:\Program Files\Total Commander XP\Plugins\wcx\audioconverter\normalize.exe  "D:\D7Projects\WCX_AES\audioconverter\arc\~TMP1uhohlovecomestotown.mid.wav"
D:\Program Files\Total Commander XP\Plugins\wcx\audioconverter\ssrc.exe  --rate 22050 --twopass  --pdf 0 "D:\D7Projects\WCX_AES\audioconverter\arc\~TMP1uhohlovecomestotown.mid.wav" "D:\D7Projects\WCX_AES\audioconverter\arc\~TMP2~TMP1uhohlovecomestotown.mid.wav"
D:\Program Files\Total Commander XP\Plugins\wcx\audioconverter\Recogn.exe "~TMP1U~1.WAV"
D:\Program Files\Total Commander XP\Plugins\wcx\audioconverter\Recogn.exe "~TMP1U~1.WAV"
D:\Program Files\Total Commander XP\Plugins\wcx\audioconverter\ssrc.exe --rate 11025 --bits 16  "D:\D7Projects\WCX_AES\audioconverter\arc\~TMP1uhohlovecomestotown.mid.wav" "D:\D7Projects\WCX_AES\audioconverter\arc\~TMP2uhohlovecomestotown.mid.wav" 
D:\Program Files\Total Commander XP\Plugins\wcx\audioconverter\Recogn.exe "~TMP2U~1.WAV"
D:\Program Files\Total Commander XP\Plugins\wcx\audioconverter\ssrc.exe --rate 11025 --bits 16  "D:\D7Projects\WCX_AES\audioconverter\arc\~TMP1uhohlovecomestotown.mid.wav" "D:\D7Projects\WCX_AES\audioconverter\arc\~TMP2uhohlovecomestotown.mid.wav" 
D:\Program Files\Total Commander XP\Plugins\wcx\audioconverter\Recogn.exe "~TMP2U~1.WAV"
D:\Program Files\Total Commander XP\Plugins\wcx\audioconverter\normalize.exe  "D:\D7Projects\WCX_AES\audioconverter\arc\~TMP1uhohlovecomestotown.mid.wav"
D:\Program Files\Total Commander XP\Plugins\wcx\audioconverter\ssrc.exe  --rate 22050 --twopass  --pdf 0 "D:\D7Projects\WCX_AES\audioconverter\arc\~TMP1uhohlovecomestotown.mid.wav" "D:\D7Projects\WCX_AES\audioconverter\arc\~TMP2~TMP1uhohlovecomestotown.mid.wav"
D:\Program Files\Total Commander XP\Plugins\wcx\audioconverter\Recogn.exe "~TMP1U~1.WAV"
D:\Program Files\Total Commander XP\Plugins\wcx\audioconverter\normalize.exe  "D:\D7Projects\WCX_AES\audioconverter\install\~TMP1Billy's band - nemnogo smerti, nemnogo ljubvi.mp3.wav"
D:\Program Files\Total Commander XP\Plugins\wcx\audioconverter\ssrc.exe  --rate 22050 --twopass  --pdf 0 "D:\D7Projects\WCX_AES\audioconverter\install\~TMP1Billy's band - nemnogo smerti, nemnogo ljubvi.mp3.wav" "D:\D7Projects\WCX_AES\audioconverter\install\~TMP2~TMP1Billy's band - nemnogo smerti, nemnogo ljubvi.mp3.wav"
D:\Program Files\Total Commander XP\Plugins\wcx\audioconverter\lame.exe  -q 6 --preset 128  "D:\D7Projects\WCX_AES\audioconverter\install\~TMP1Billy's band - nemnogo smerti, nemnogo ljubvi.mp3.wav" "D:\D7Projects\WCX_AES\audioconverter\install\Billy's band - nemnogo smerti, nemnogo ljubvi.mp3"
D:\Program Files\Total Commander XP\Plugins\wcx\audioconverter\normalize.exe  "D:\D7Projects\WCX_AES\audioconverter\install\~TMP1Billy's band - nemnogo smerti, nemnogo ljubvi.mp4.wav"
D:\Program Files\Total Commander XP\Plugins\wcx\audioconverter\ssrc.exe  --rate 22050 --twopass  --pdf 0 "D:\D7Projects\WCX_AES\audioconverter\install\~TMP1Billy's band - nemnogo smerti, nemnogo ljubvi.mp4.wav" "D:\D7Projects\WCX_AES\audioconverter\install\~TMP2~TMP1Billy's band - nemnogo smerti, nemnogo ljubvi.mp4.wav"
D:\Program Files\Total Commander XP\Plugins\wcx\audioconverter\neroAacEnc.exe -q 0.5 -if "D:\D7Projects\WCX_AES\audioconverter\install\~TMP1Billy's band - nemnogo smerti, nemnogo ljubvi.mp4.wav" -of "D:\D7Projects\WCX_AES\audioconverter\install\Billy's band - nemnogo smerti, nemnogo ljubvi.mp4"
D:\Program Files\Total Commander XP\Plugins\wcx\audioconverter\neroAacTag.exe "D:\D7Projects\WCX_AES\audioconverter\install\Billy's band - nemnogo smerti, nemnogo ljubvi.mp4"  -meta:artist="Billy's band" -meta:title="Немного смерти, немного любви" -meta:album="" -meta:genre="" -meta:year="" -meta:track="0"
D:\Program Files\Total Commander XP\Plugins\wcx\audioconverter\normalize.exe  "D:\D7Projects\WCX_AES\audioconverter\install\~TMP1Billy's band - nemnogo smerti, nemnogo ljubvi.mp3.wav"
D:\Program Files\Total Commander XP\Plugins\wcx\audioconverter\ssrc.exe  --rate 22050 --twopass  --pdf 0 "D:\D7Projects\WCX_AES\audioconverter\install\~TMP1Billy's band - nemnogo smerti, nemnogo ljubvi.mp3.wav" "D:\D7Projects\WCX_AES\audioconverter\install\~TMP2~TMP1Billy's band - nemnogo smerti, nemnogo ljubvi.mp3.wav"
D:\Program Files\Total Commander XP\Plugins\wcx\audioconverter\lame.exe  -q 6 --preset 128  "D:\D7Projects\WCX_AES\audioconverter\install\~TMP1Billy's band - nemnogo smerti, nemnogo ljubvi.mp3.wav" "D:\D7Projects\WCX_AES\audioconverter\install\Billy's band - nemnogo smerti, nemnogo ljubvi.mp3"
D:\Program Files\Amazon Cover Downloader\Amazon Cover Downloader.exe --acd-degrade=0 --acd-filename=C:\Users\Kochise\Downloads\MUSIC\Sash!_1998 - Life Goes On\#1998_Sash! - Life Goes On_cover.jpg --acd-index=Music --acd-pagelimit=0 --acd-server=amazon.com --acd-size=Large --acd-keywords=Sash! Life Goes On
Exit code: 0
C:\Program Files (x86)\Ghisler\Total Commander\WCX\AudioConverter\flac.exe  -5  "C:\Users\Kochise\Downloads\MUSIC\Sash!_1998 - Life Goes On\~TMP101 - La Primavera.flac.wav" --output-name="C:\Users\Kochise\Downloads\MUSIC\Sash!_1998 - Life Goes On\01 - La Primavera.flac"
Exit code: 0
C:\Program Files (x86)\Ghisler\Total Commander\WCX\AudioConverter\flac.exe  -5  "C:\Users\Kochise\Downloads\MUSIC\Sash!_1998 - Life Goes On\~TMP102 - Mysterious Times (feat. Tina Cousins).flac.wav" --output-name="C:\Users\Kochise\Downloads\MUSIC\Sash!_1998 - Life Goes On\02 - Mysterious Times (feat. Tina Cousins).flac"
Exit code: 0
C:\Program Files (x86)\Ghisler\Total Commander\WCX\AudioConverter\flac.exe  -5  "C:\Users\Kochise\Downloads\MUSIC\Sash!_1998 - Life Goes On\~TMP103 - Move Mania (feat. Shannon).flac.wav" --output-name="C:\Users\Kochise\Downloads\MUSIC\Sash!_1998 - Life Goes On\03 - Move Mania (feat. Shannon).flac"
Exit code: 0
C:\Program Files (x86)\Ghisler\Total Commander\WCX\AudioConverter\flac.exe  -5  "C:\Users\Kochise\Downloads\MUSIC\Sash!_1998 - Life Goes On\~TMP104 - Colour the World (Sp. appear. Dr Alban).flac.wav" --output-name="C:\Users\Kochise\Downloads\MUSIC\Sash!_1998 - Life Goes On\04 - Colour the World (Sp. appear. Dr Alban).flac"
Exit code: 0
C:\Program Files (x86)\Ghisler\Total Commander\WCX\AudioConverter\flac.exe  -5  "C:\Users\Kochise\Downloads\MUSIC\Sash!_1998 - Life Goes On\~TMP105 - The Trip (feat. Inka).flac.wav" --output-name="C:\Users\Kochise\Downloads\MUSIC\Sash!_1998 - Life Goes On\05 - The Trip (feat. Inka).flac"
Exit code: 0
C:\Program Files (x86)\Ghisler\Total Commander\WCX\AudioConverter\flac.exe  -5  "C:\Users\Kochise\Downloads\MUSIC\Sash!_1998 - Life Goes On\~TMP106 - Non Existant Nothing.flac.wav" --output-name="C:\Users\Kochise\Downloads\MUSIC\Sash!_1998 - Life Goes On\06 - Non Existant Nothing.flac"
Exit code: 0
C:\Program Files (x86)\Ghisler\Total Commander\WCX\AudioConverter\flac.exe  -5  "C:\Users\Kochise\Downloads\MUSIC\Sash!_1998 - Life Goes On\~TMP107 - Intercontinental Invaders.flac.wav" --output-name="C:\Users\Kochise\Downloads\MUSIC\Sash!_1998 - Life Goes On\07 - Intercontinental Invaders.flac"
Exit code: 0
C:\Program Files (x86)\Ghisler\Total Commander\WCX\AudioConverter\flac.exe  -5  "C:\Users\Kochise\Downloads\MUSIC\Sash!_1998 - Life Goes On\~TMP108 - Its my Life part II.flac.wav" --output-name="C:\Users\Kochise\Downloads\MUSIC\Sash!_1998 - Life Goes On\08 - Its my Life part II.flac"
Exit code: 0
C:\Program Files (x86)\Ghisler\Total Commander\WCX\AudioConverter\flac.exe  -5  "C:\Users\Kochise\Downloads\MUSIC\Sash!_1998 - Life Goes On\~TMP109 - Life Goes On.flac.wav" --output-name="C:\Users\Kochise\Downloads\MUSIC\Sash!_1998 - Life Goes On\09 - Life Goes On.flac"
Exit code: 0
C:\Program Files (x86)\Ghisler\Total Commander\WCX\AudioConverter\flac.exe  -5  "C:\Users\Kochise\Downloads\MUSIC\Sash!_1998 - Life Goes On\~TMP110 - Little River.flac.wav" --output-name="C:\Users\Kochise\Downloads\MUSIC\Sash!_1998 - Life Goes On\10 - Little River.flac"
Exit code: 0
C:\Program Files (x86)\Ghisler\Total Commander\WCX\AudioConverter\flac.exe  -5  "C:\Users\Kochise\Downloads\MUSIC\Sash!_1998 - Life Goes On\~TMP111 - Bocaraton.flac.wav" --output-name="C:\Users\Kochise\Downloads\MUSIC\Sash!_1998 - Life Goes On\11 - Bocaraton.flac"
Exit code: 0
C:\Program Files (x86)\Ghisler\Total Commander\WCX\AudioConverter\flac.exe  -5  "C:\Users\Kochise\Downloads\MUSIC\Sash!_1998 - Life Goes On\~TMP112 - La Primavera (Dj JamX & De Leon Remix).flac.wav" --output-name="C:\Users\Kochise\Downloads\MUSIC\Sash!_1998 - Life Goes On\12 - La Primavera (Dj JamX & De Leon Remix).flac"
Exit code: 0
C:\Program Files (x86)\Ghisler\Total Commander\WCX\AudioConverter\flac.exe  -5  "C:\Users\Kochise\Downloads\MUSIC\Sash!_1998 - Life Goes On\~TMP113 - Mysterious Times (Todd Terry's Club).flac.wav" --output-name="C:\Users\Kochise\Downloads\MUSIC\Sash!_1998 - Life Goes On\13 - Mysterious Times (Todd Terry's Club).flac"
Exit code: 0
D:\Program Files\Amazon Cover Downloader\Amazon Cover Downloader.exe --acd-degrade=0 --acd-filename=C:\Users\Kochise\Downloads\MUSIC\Sash!_1998 - Life Goes On\#1998_Sash! - Life Goes On_cover.jpg --acd-index=Music --acd-pagelimit=0 --acd-server=amazon.com --acd-size=Large --acd-keywords=Sash! Life Goes On
Exit code: 0
