2020-09-11 18:55:21,333+0200 INFO  epstopdf - this process (16364) started by 'cmd' with command line: epstopdf --gsopt=-dEPSCrop msc/gen2__main.fr-1.eps
2020-09-11 18:55:21,489+0200 FATAL epstopdf - The input file does not exist.
2020-09-11 18:55:21,490+0200 FATAL epstopdf - The input file does not exist.
2020-09-11 18:55:21,490+0200 FATAL epstopdf - Info: 
2020-09-11 18:55:21,490+0200 FATAL epstopdf - Source: 
2020-09-11 18:55:21,490+0200 FATAL epstopdf - Line: 0
2020-09-11 18:57:06,101+0200 INFO  epstopdf - this process (19076) started by 'cmd' with command line: epstopdf --gsopt=-dEPSCrop msc/gen2__main.fr-1.eps
2020-09-11 18:57:06,257+0200 FATAL epstopdf - The input file does not exist.
2020-09-11 18:57:06,257+0200 FATAL epstopdf - The input file does not exist.
2020-09-11 18:57:06,258+0200 FATAL epstopdf - Info: 
2020-09-11 18:57:06,258+0200 FATAL epstopdf - Source: 
2020-09-11 18:57:06,258+0200 FATAL epstopdf - Line: 0
2020-09-11 18:58:45,809+0200 INFO  epstopdf - this process (13584) started by 'cmd' with command line: epstopdf --gsopt=-dEPSCrop msc/gen2__main.fr-1.eps
2020-09-11 18:58:45,963+0200 FATAL epstopdf - The input file does not exist.
2020-09-11 18:58:45,963+0200 FATAL epstopdf - The input file does not exist.
2020-09-11 18:58:45,963+0200 FATAL epstopdf - Info: 
2020-09-11 18:58:45,963+0200 FATAL epstopdf - Source: 
2020-09-11 18:58:45,963+0200 FATAL epstopdf - Line: 0
2020-09-11 18:59:10,387+0200 INFO  epstopdf - this process (19428) started by 'cmd' with command line: epstopdf --gsopt=-dEPSCrop msc/gen2__main.fr-1.eps
2020-09-11 18:59:10,543+0200 FATAL epstopdf - The input file does not exist.
2020-09-11 18:59:10,544+0200 FATAL epstopdf - The input file does not exist.
2020-09-11 18:59:10,544+0200 FATAL epstopdf - Info: 
2020-09-11 18:59:10,544+0200 FATAL epstopdf - Source: 
2020-09-11 18:59:10,544+0200 FATAL epstopdf - Line: 0
2020-09-11 18:59:22,000+0200 INFO  epstopdf - this process (13824) started by 'cmd' with command line: epstopdf --gsopt=-dEPSCrop msc/gen2__main.fr-1.eps
2020-09-11 18:59:22,158+0200 FATAL epstopdf - The input file does not exist.
2020-09-11 18:59:22,158+0200 FATAL epstopdf - The input file does not exist.
2020-09-11 18:59:22,158+0200 FATAL epstopdf - Info: 
2020-09-11 18:59:22,158+0200 FATAL epstopdf - Source: 
2020-09-11 18:59:22,158+0200 FATAL epstopdf - Line: 0
2020-09-11 19:01:20,155+0200 INFO  epstopdf - this process (20124) started by 'cmd' with command line: epstopdf --gsopt=-dEPSCrop msc/gen2__main.fr-1.eps
2020-09-11 19:01:20,312+0200 FATAL epstopdf - The input file does not exist.
2020-09-11 19:01:20,312+0200 FATAL epstopdf - The input file does not exist.
2020-09-11 19:01:20,312+0200 FATAL epstopdf - Info: 
2020-09-11 19:01:20,312+0200 FATAL epstopdf - Source: 
2020-09-11 19:01:20,312+0200 FATAL epstopdf - Line: 0
2020-09-11 19:08:55,959+0200 INFO  epstopdf - this process (19052) started by 'cmd' with command line: epstopdf --gsopt=-dEPSCrop msc/gen2__main.fr-1.eps
2020-09-11 19:08:56,115+0200 FATAL epstopdf - The input file does not exist.
2020-09-11 19:08:56,115+0200 FATAL epstopdf - The input file does not exist.
2020-09-11 19:08:56,115+0200 FATAL epstopdf - Info: 
2020-09-11 19:08:56,115+0200 FATAL epstopdf - Source: 
2020-09-11 19:08:56,115+0200 FATAL epstopdf - Line: 0
2020-09-11 19:11:03,674+0200 INFO  epstopdf - this process (18840) started by 'cmd' with command line: epstopdf --gsopt=-dEPSCrop msc/gen2__main.fr-1.eps
2020-09-11 19:11:03,829+0200 FATAL epstopdf - The input file does not exist.
2020-09-11 19:11:03,829+0200 FATAL epstopdf - The input file does not exist.
2020-09-11 19:11:03,829+0200 FATAL epstopdf - Info: 
2020-09-11 19:11:03,829+0200 FATAL epstopdf - Source: 
2020-09-11 19:11:03,829+0200 FATAL epstopdf - Line: 0
2020-09-11 19:13:56,967+0200 INFO  epstopdf - this process (18052) started by 'cmd' with command line: epstopdf --gsopt=-dEPSCrop msc/gen2__main.fr-1.eps
2020-09-11 19:13:57,121+0200 FATAL epstopdf - The input file does not exist.
2020-09-11 19:13:57,121+0200 FATAL epstopdf - The input file does not exist.
2020-09-11 19:13:57,121+0200 FATAL epstopdf - Info: 
2020-09-11 19:13:57,121+0200 FATAL epstopdf - Source: 
2020-09-11 19:13:57,121+0200 FATAL epstopdf - Line: 0
2020-09-11 19:18:17,892+0200 INFO  epstopdf - this process (12400) started by 'cmd' with command line: epstopdf --gsopt=-dEPSCrop msc/gen2__main.fr-1.eps
2020-09-11 19:18:18,048+0200 FATAL epstopdf - The input file does not exist.
2020-09-11 19:18:18,048+0200 FATAL epstopdf - The input file does not exist.
2020-09-11 19:18:18,048+0200 FATAL epstopdf - Info: 
2020-09-11 19:18:18,048+0200 FATAL epstopdf - Source: 
2020-09-11 19:18:18,048+0200 FATAL epstopdf - Line: 0
2020-09-11 19:23:33,358+0200 INFO  epstopdf - this process (17960) started by 'cmd' with command line: epstopdf --gsopt=-dEPSCrop msc/gen2__main.fr-1.eps
2020-09-11 19:23:33,517+0200 INFO  epstopdf.core - start process: mgs.exe -dEPSCrop -q -sDEVICE=pdfwrite -dSAFER -dAutoRotatePages=/None -dPDFSETTINGS=/prepress -dMaxSubsetPct=100 -dSubsetFonts=true -dEmbedAllFonts=true -sOutputFile=.\msc/gen2__main.fr-1.pdf - -c quit
2020-09-11 19:23:33,868+0200 INFO  epstopdf - this process (17960) finishes with exit code 0
2020-09-11 19:23:34,198+0200 INFO  epstopdf - this process (14964) started by 'cmd' with command line: epstopdf --outfile=msc/gen2__main.fr-1-eps-converted-to.pdf msc/gen2__main.fr-1.eps
2020-09-11 19:23:34,355+0200 INFO  epstopdf.core - start process: mgs.exe -q -sDEVICE=pdfwrite -dSAFER -dAutoRotatePages=/None -dPDFSETTINGS=/prepress -dMaxSubsetPct=100 -dSubsetFonts=true -dEmbedAllFonts=true -sOutputFile=msc/gen2__main.fr-1-eps-converted-to.pdf - -c quit
2020-09-11 19:23:34,669+0200 INFO  epstopdf - this process (14964) finishes with exit code 0
2020-09-11 19:40:48,565+0200 INFO  epstopdf - this process (19432) started by 'cmd' with command line: epstopdf --gsopt=-dEPSCrop msc/gen2__main.fr-1.eps
2020-09-11 19:40:48,762+0200 INFO  epstopdf.core - start process: mgs.exe -dEPSCrop -q -sDEVICE=pdfwrite -dSAFER -dAutoRotatePages=/None -dPDFSETTINGS=/prepress -dMaxSubsetPct=100 -dSubsetFonts=true -dEmbedAllFonts=true -sOutputFile=.\msc/gen2__main.fr-1.pdf - -c quit
2020-09-11 19:40:49,092+0200 INFO  epstopdf - this process (19432) finishes with exit code 0
2020-09-11 19:40:49,414+0200 INFO  epstopdf - this process (8904) started by 'cmd' with command line: epstopdf --outfile=msc/gen2__main.fr-1-eps-converted-to.pdf msc/gen2__main.fr-1.eps
2020-09-11 19:40:49,617+0200 INFO  epstopdf.core - start process: mgs.exe -q -sDEVICE=pdfwrite -dSAFER -dAutoRotatePages=/None -dPDFSETTINGS=/prepress -dMaxSubsetPct=100 -dSubsetFonts=true -dEmbedAllFonts=true -sOutputFile=msc/gen2__main.fr-1-eps-converted-to.pdf - -c quit
2020-09-11 19:40:49,938+0200 INFO  epstopdf - this process (8904) finishes with exit code 0
2020-09-11 19:41:32,482+0200 INFO  epstopdf - this process (19168) started by 'cmd' with command line: epstopdf --gsopt=-dEPSCrop msc/gen2__main.fr-1.eps
2020-09-11 19:41:32,640+0200 INFO  epstopdf.core - start process: mgs.exe -dEPSCrop -q -sDEVICE=pdfwrite -dSAFER -dAutoRotatePages=/None -dPDFSETTINGS=/prepress -dMaxSubsetPct=100 -dSubsetFonts=true -dEmbedAllFonts=true -sOutputFile=.\msc/gen2__main.fr-1.pdf - -c quit
2020-09-11 19:41:32,953+0200 INFO  epstopdf - this process (19168) finishes with exit code 0
2020-09-11 19:41:33,281+0200 INFO  epstopdf - this process (19056) started by 'cmd' with command line: epstopdf --outfile=msc/gen2__main.fr-1-eps-converted-to.pdf msc/gen2__main.fr-1.eps
2020-09-11 19:41:33,439+0200 INFO  epstopdf.core - start process: mgs.exe -q -sDEVICE=pdfwrite -dSAFER -dAutoRotatePages=/None -dPDFSETTINGS=/prepress -dMaxSubsetPct=100 -dSubsetFonts=true -dEmbedAllFonts=true -sOutputFile=msc/gen2__main.fr-1-eps-converted-to.pdf - -c quit
2020-09-11 19:41:33,751+0200 INFO  epstopdf - this process (19056) finishes with exit code 0
2020-09-11 19:41:53,266+0200 INFO  epstopdf - this process (16732) started by 'cmd' with command line: epstopdf --gsopt=-dEPSCrop msc/gen2__main.fr-1.eps
2020-09-11 19:41:53,424+0200 INFO  epstopdf.core - start process: mgs.exe -dEPSCrop -q -sDEVICE=pdfwrite -dSAFER -dAutoRotatePages=/None -dPDFSETTINGS=/prepress -dMaxSubsetPct=100 -dSubsetFonts=true -dEmbedAllFonts=true -sOutputFile=.\msc/gen2__main.fr-1.pdf - -c quit
2020-09-11 19:41:53,740+0200 INFO  epstopdf - this process (16732) finishes with exit code 0
2020-09-11 19:41:54,068+0200 INFO  epstopdf - this process (1040) started by 'cmd' with command line: epstopdf --outfile=msc/gen2__main.fr-1-eps-converted-to.pdf msc/gen2__main.fr-1.eps
2020-09-11 19:41:54,227+0200 INFO  epstopdf.core - start process: mgs.exe -q -sDEVICE=pdfwrite -dSAFER -dAutoRotatePages=/None -dPDFSETTINGS=/prepress -dMaxSubsetPct=100 -dSubsetFonts=true -dEmbedAllFonts=true -sOutputFile=msc/gen2__main.fr-1-eps-converted-to.pdf - -c quit
2020-09-11 19:41:54,546+0200 INFO  epstopdf - this process (1040) finishes with exit code 0
2020-09-11 19:42:41,350+0200 INFO  epstopdf - this process (13328) started by 'cmd' with command line: epstopdf --gsopt=-dEPSCrop msc/gen2__main.fr-1.eps
2020-09-11 19:42:41,509+0200 INFO  epstopdf.core - start process: mgs.exe -dEPSCrop -q -sDEVICE=pdfwrite -dSAFER -dAutoRotatePages=/None -dPDFSETTINGS=/prepress -dMaxSubsetPct=100 -dSubsetFonts=true -dEmbedAllFonts=true -sOutputFile=.\msc/gen2__main.fr-1.pdf - -c quit
2020-09-11 19:42:41,822+0200 INFO  epstopdf - this process (13328) finishes with exit code 0
2020-09-11 19:42:42,152+0200 INFO  epstopdf - this process (5480) started by 'cmd' with command line: epstopdf --outfile=msc/gen2__main.fr-1-eps-converted-to.pdf msc/gen2__main.fr-1.eps
2020-09-11 19:42:42,315+0200 INFO  epstopdf.core - start process: mgs.exe -q -sDEVICE=pdfwrite -dSAFER -dAutoRotatePages=/None -dPDFSETTINGS=/prepress -dMaxSubsetPct=100 -dSubsetFonts=true -dEmbedAllFonts=true -sOutputFile=msc/gen2__main.fr-1-eps-converted-to.pdf - -c quit
2020-09-11 19:42:42,640+0200 INFO  epstopdf - this process (5480) finishes with exit code 0
2020-09-11 19:43:22,402+0200 INFO  epstopdf - this process (17624) started by 'cmd' with command line: epstopdf --gsopt=-dEPSCrop msc/gen2__main.fr-1.eps
2020-09-11 19:43:22,562+0200 INFO  epstopdf.core - start process: mgs.exe -dEPSCrop -q -sDEVICE=pdfwrite -dSAFER -dAutoRotatePages=/None -dPDFSETTINGS=/prepress -dMaxSubsetPct=100 -dSubsetFonts=true -dEmbedAllFonts=true -sOutputFile=.\msc/gen2__main.fr-1.pdf - -c quit
2020-09-11 19:43:22,875+0200 INFO  epstopdf - this process (17624) finishes with exit code 0
2020-09-11 19:43:23,207+0200 INFO  epstopdf - this process (3676) started by 'cmd' with command line: epstopdf --outfile=msc/gen2__main.fr-1-eps-converted-to.pdf msc/gen2__main.fr-1.eps
2020-09-11 19:43:23,366+0200 INFO  epstopdf.core - start process: mgs.exe -q -sDEVICE=pdfwrite -dSAFER -dAutoRotatePages=/None -dPDFSETTINGS=/prepress -dMaxSubsetPct=100 -dSubsetFonts=true -dEmbedAllFonts=true -sOutputFile=msc/gen2__main.fr-1-eps-converted-to.pdf - -c quit
2020-09-11 19:43:23,683+0200 INFO  epstopdf - this process (3676) finishes with exit code 0
2020-09-12 10:15:04,897+0200 INFO  epstopdf - this process (9932) started by 'cmd' with command line: epstopdf --gsopt=-dEPSCrop msc/gen2__main.fr-1.eps
2020-09-12 10:15:05,060+0200 INFO  epstopdf.core - start process: mgs.exe -dEPSCrop -q -sDEVICE=pdfwrite -dSAFER -dAutoRotatePages=/None -dPDFSETTINGS=/prepress -dMaxSubsetPct=100 -dSubsetFonts=true -dEmbedAllFonts=true -sOutputFile=.\msc/gen2__main.fr-1.pdf - -c quit
2020-09-12 10:15:05,445+0200 INFO  epstopdf - this process (9932) finishes with exit code 0
2020-09-12 10:15:05,762+0200 INFO  epstopdf - this process (19084) started by 'cmd' with command line: epstopdf --outfile=msc/gen2__main.fr-1-eps-converted-to.pdf msc/gen2__main.fr-1.eps
2020-09-12 10:15:05,925+0200 INFO  epstopdf.core - start process: mgs.exe -q -sDEVICE=pdfwrite -dSAFER -dAutoRotatePages=/None -dPDFSETTINGS=/prepress -dMaxSubsetPct=100 -dSubsetFonts=true -dEmbedAllFonts=true -sOutputFile=msc/gen2__main.fr-1-eps-converted-to.pdf - -c quit
2020-09-12 10:15:06,245+0200 INFO  epstopdf - this process (19084) finishes with exit code 0
