2020-09-02 16:27:08,669+0200 INFO  findtexmf - this process (2356) started by 'texstudio' with command line: findtexmf cgd_book.sty
2020-09-02 16:27:08,722+0200 INFO  findtexmf - this process (2356) finishes with exit code 1
2020-09-02 16:27:09,025+0200 INFO  findtexmf - this process (5692) started by 'texstudio' with command line: findtexmf -path=C:/Users/vincent/Downloads/_TEX/_TEMPLATE/cgdman-master cgd_book.sty
2020-09-02 16:27:09,027+0200 FATAL findtexmf - -path=C:/Users/vincent/Downloads/_TEX/_TEMPLATE/cgdman-master: unknown option
2020-09-02 16:27:09,027+0200 FATAL findtexmf - -path=C:/Users/vincent/Downloads/_TEX/_TEMPLATE/cgdman-master: unknown option
2020-09-02 16:27:09,027+0200 FATAL findtexmf - Info: 
2020-09-02 16:27:09,027+0200 FATAL findtexmf - Source: 
2020-09-02 16:27:09,027+0200 FATAL findtexmf - Line: 0
2020-09-02 16:27:09,027+0200 INFO  findtexmf - this process (5692) finishes with exit code 1
2020-09-02 16:27:09,238+0200 INFO  findtexmf - this process (13308) started by 'texstudio' with command line: findtexmf cgd_book.cls
2020-09-02 16:27:09,310+0200 INFO  findtexmf - this process (13308) finishes with exit code 1
2020-09-02 16:27:09,519+0200 INFO  findtexmf - this process (10816) started by 'texstudio' with command line: findtexmf -path=C:/Users/vincent/Downloads/_TEX/_TEMPLATE/cgdman-master cgd_book.cls
2020-09-02 16:27:09,521+0200 FATAL findtexmf - -path=C:/Users/vincent/Downloads/_TEX/_TEMPLATE/cgdman-master: unknown option
2020-09-02 16:27:09,521+0200 FATAL findtexmf - -path=C:/Users/vincent/Downloads/_TEX/_TEMPLATE/cgdman-master: unknown option
2020-09-02 16:27:09,521+0200 FATAL findtexmf - Info: 
2020-09-02 16:27:09,521+0200 FATAL findtexmf - Source: 
2020-09-02 16:27:09,521+0200 FATAL findtexmf - Line: 0
2020-09-02 16:27:09,522+0200 INFO  findtexmf - this process (10816) finishes with exit code 1
2020-09-02 16:27:09,727+0200 INFO  findtexmf - this process (8460) started by 'texstudio' with command line: findtexmf fontenc.sty
2020-09-02 16:27:09,787+0200 INFO  findtexmf - this process (8460) finishes with exit code 0
2020-09-02 16:27:13,054+0200 INFO  findtexmf - this process (12776) started by 'texstudio' with command line: findtexmf fontenc.cls
2020-09-02 16:27:13,108+0200 INFO  findtexmf - this process (12776) finishes with exit code 1
2020-09-02 16:27:13,307+0200 INFO  findtexmf - this process (8316) started by 'texstudio' with command line: findtexmf -path=C:/Users/vincent/Downloads/_TEX/_TEMPLATE/cgdman-master fontenc.cls
2020-09-02 16:27:13,309+0200 FATAL findtexmf - -path=C:/Users/vincent/Downloads/_TEX/_TEMPLATE/cgdman-master: unknown option
2020-09-02 16:27:13,309+0200 FATAL findtexmf - -path=C:/Users/vincent/Downloads/_TEX/_TEMPLATE/cgdman-master: unknown option
2020-09-02 16:27:13,309+0200 FATAL findtexmf - Info: 
2020-09-02 16:27:13,309+0200 FATAL findtexmf - Source: 
2020-09-02 16:27:13,309+0200 FATAL findtexmf - Line: 0
2020-09-02 16:27:13,309+0200 INFO  findtexmf - this process (8316) finishes with exit code 1
2020-09-02 16:27:13,504+0200 INFO  findtexmf - this process (12744) started by 'texstudio' with command line: findtexmf esint.sty
2020-09-02 16:27:13,555+0200 INFO  findtexmf - this process (12744) finishes with exit code 0
2020-09-02 16:27:14,104+0200 INFO  findtexmf - this process (7260) started by 'texstudio' with command line: findtexmf esint.cls
2020-09-02 16:27:14,157+0200 INFO  findtexmf - this process (7260) finishes with exit code 1
2020-09-02 16:27:14,449+0200 INFO  findtexmf - this process (12768) started by 'texstudio' with command line: findtexmf -path=C:/Users/vincent/Downloads/_TEX/_TEMPLATE/cgdman-master esint.cls
2020-09-02 16:27:14,450+0200 FATAL findtexmf - -path=C:/Users/vincent/Downloads/_TEX/_TEMPLATE/cgdman-master: unknown option
2020-09-02 16:27:14,450+0200 FATAL findtexmf - -path=C:/Users/vincent/Downloads/_TEX/_TEMPLATE/cgdman-master: unknown option
2020-09-02 16:27:14,450+0200 FATAL findtexmf - Info: 
2020-09-02 16:27:14,451+0200 FATAL findtexmf - Source: 
2020-09-02 16:27:14,451+0200 FATAL findtexmf - Line: 0
2020-09-02 16:27:14,451+0200 INFO  findtexmf - this process (12768) finishes with exit code 1
2020-09-02 16:27:14,645+0200 INFO  findtexmf - this process (8864) started by 'texstudio' with command line: findtexmf refstyle.sty
2020-09-02 16:27:14,697+0200 INFO  findtexmf - this process (8864) finishes with exit code 0
2020-09-02 16:27:15,162+0200 INFO  findtexmf - this process (5672) started by 'texstudio' with command line: findtexmf refstyle.cls
2020-09-02 16:27:15,215+0200 INFO  findtexmf - this process (5672) finishes with exit code 1
2020-09-02 16:27:15,403+0200 INFO  findtexmf - this process (11928) started by 'texstudio' with command line: findtexmf -path=C:/Users/vincent/Downloads/_TEX/_TEMPLATE/cgdman-master refstyle.cls
2020-09-02 16:27:15,405+0200 FATAL findtexmf - -path=C:/Users/vincent/Downloads/_TEX/_TEMPLATE/cgdman-master: unknown option
2020-09-02 16:27:15,405+0200 FATAL findtexmf - -path=C:/Users/vincent/Downloads/_TEX/_TEMPLATE/cgdman-master: unknown option
2020-09-02 16:27:15,405+0200 FATAL findtexmf - Info: 
2020-09-02 16:27:15,405+0200 FATAL findtexmf - Source: 
2020-09-02 16:27:15,405+0200 FATAL findtexmf - Line: 0
2020-09-02 16:27:15,405+0200 INFO  findtexmf - this process (11928) finishes with exit code 1
2020-09-02 16:27:15,597+0200 INFO  findtexmf - this process (8096) started by 'texstudio' with command line: findtexmf makeidx.sty
2020-09-02 16:27:15,650+0200 INFO  findtexmf - this process (8096) finishes with exit code 0
2020-09-02 16:27:16,098+0200 INFO  findtexmf - this process (7420) started by 'texstudio' with command line: findtexmf makeidx.cls
2020-09-02 16:27:16,153+0200 INFO  findtexmf - this process (7420) finishes with exit code 1
2020-09-02 16:27:16,350+0200 INFO  findtexmf - this process (14628) started by 'texstudio' with command line: findtexmf -path=C:/Users/vincent/Downloads/_TEX/_TEMPLATE/cgdman-master makeidx.cls
2020-09-02 16:27:16,352+0200 FATAL findtexmf - -path=C:/Users/vincent/Downloads/_TEX/_TEMPLATE/cgdman-master: unknown option
2020-09-02 16:27:16,352+0200 FATAL findtexmf - -path=C:/Users/vincent/Downloads/_TEX/_TEMPLATE/cgdman-master: unknown option
2020-09-02 16:27:16,352+0200 FATAL findtexmf - Info: 
2020-09-02 16:27:16,352+0200 FATAL findtexmf - Source: 
2020-09-02 16:27:16,352+0200 FATAL findtexmf - Line: 0
2020-09-02 16:27:16,352+0200 INFO  findtexmf - this process (14628) finishes with exit code 1
2020-09-02 16:28:22,861+0200 INFO  findtexmf - this process (1940) started by 'texstudio' with command line: findtexmf CJK.sty
2020-09-02 16:28:22,917+0200 INFO  findtexmf - this process (1940) finishes with exit code 0
2020-09-02 16:28:23,120+0200 INFO  findtexmf - this process (7104) started by 'texstudio' with command line: findtexmf CJK.enc
2020-09-02 16:28:23,181+0200 INFO  findtexmf - this process (7104) finishes with exit code 1
2020-09-02 16:28:23,650+0200 INFO  findtexmf - this process (7640) started by 'texstudio' with command line: findtexmf MULEenc.sty
2020-09-02 16:28:23,704+0200 INFO  findtexmf - this process (7640) finishes with exit code 0
2020-09-02 16:28:23,917+0200 INFO  findtexmf - this process (12564) started by 'texstudio' with command line: findtexmf CJK.cls
2020-09-02 16:28:23,972+0200 INFO  findtexmf - this process (12564) finishes with exit code 1
2020-09-02 16:28:24,264+0200 INFO  findtexmf - this process (13824) started by 'texstudio' with command line: findtexmf -path=C:/Users/vincent/Downloads/_TEX/_TEMPLATE/fruition-specs-master CJK.cls
2020-09-02 16:28:24,265+0200 FATAL findtexmf - -path=C:/Users/vincent/Downloads/_TEX/_TEMPLATE/fruition-specs-master: unknown option
2020-09-02 16:28:24,265+0200 FATAL findtexmf - -path=C:/Users/vincent/Downloads/_TEX/_TEMPLATE/fruition-specs-master: unknown option
2020-09-02 16:28:24,265+0200 FATAL findtexmf - Info: 
2020-09-02 16:28:24,265+0200 FATAL findtexmf - Source: 
2020-09-02 16:28:24,265+0200 FATAL findtexmf - Line: 0
2020-09-02 16:28:24,266+0200 INFO  findtexmf - this process (13824) finishes with exit code 1
2020-09-02 16:28:24,461+0200 INFO  findtexmf - this process (8920) started by 'texstudio' with command line: findtexmf scrlayer-scrpage.sty
2020-09-02 16:28:24,513+0200 INFO  findtexmf - this process (8920) finishes with exit code 0
2020-09-02 16:28:25,014+0200 INFO  findtexmf - this process (13844) started by 'texstudio' with command line: findtexmf scrlayer.sty
2020-09-02 16:28:25,076+0200 INFO  findtexmf - this process (13844) finishes with exit code 0
2020-09-02 16:28:25,320+0200 INFO  findtexmf - this process (13084) started by 'texstudio' with command line: findtexmf scrlayer-scrpage.cls
2020-09-02 16:28:25,376+0200 INFO  findtexmf - this process (13084) finishes with exit code 1
2020-09-02 16:28:25,688+0200 INFO  findtexmf - this process (13300) started by 'texstudio' with command line: findtexmf -path=C:/Users/vincent/Downloads/_TEX/_TEMPLATE/fruition-specs-master scrlayer-scrpage.cls
2020-09-02 16:28:25,689+0200 FATAL findtexmf - -path=C:/Users/vincent/Downloads/_TEX/_TEMPLATE/fruition-specs-master: unknown option
2020-09-02 16:28:25,689+0200 FATAL findtexmf - -path=C:/Users/vincent/Downloads/_TEX/_TEMPLATE/fruition-specs-master: unknown option
2020-09-02 16:28:25,689+0200 FATAL findtexmf - Info: 
2020-09-02 16:28:25,689+0200 FATAL findtexmf - Source: 
2020-09-02 16:28:25,689+0200 FATAL findtexmf - Line: 0
2020-09-02 16:28:25,690+0200 INFO  findtexmf - this process (13300) finishes with exit code 1
2020-09-02 16:28:25,901+0200 INFO  findtexmf - this process (6996) started by 'texstudio' with command line: findtexmf expl3.sty
2020-09-02 16:28:25,955+0200 INFO  findtexmf - this process (6996) finishes with exit code 0
2020-09-02 16:28:26,263+0200 INFO  findtexmf - this process (9984) started by 'texstudio' with command line: findtexmf expl3
2020-09-02 16:28:26,316+0200 INFO  findtexmf - this process (9984) finishes with exit code 1
2020-09-02 16:28:26,800+0200 INFO  findtexmf - this process (10724) started by 'texstudio' with command line: findtexmf expl3.cls
2020-09-02 16:28:26,852+0200 INFO  findtexmf - this process (10724) finishes with exit code 1
2020-09-02 16:28:27,141+0200 INFO  findtexmf - this process (1464) started by 'texstudio' with command line: findtexmf -path=C:/Users/vincent/Downloads/_TEX/_TEMPLATE/fruition-specs-master expl3.cls
2020-09-02 16:28:27,143+0200 FATAL findtexmf - -path=C:/Users/vincent/Downloads/_TEX/_TEMPLATE/fruition-specs-master: unknown option
2020-09-02 16:28:27,143+0200 FATAL findtexmf - -path=C:/Users/vincent/Downloads/_TEX/_TEMPLATE/fruition-specs-master: unknown option
2020-09-02 16:28:27,143+0200 FATAL findtexmf - Info: 
2020-09-02 16:28:27,143+0200 FATAL findtexmf - Source: 
2020-09-02 16:28:27,143+0200 FATAL findtexmf - Line: 0
2020-09-02 16:28:27,143+0200 INFO  findtexmf - this process (1464) finishes with exit code 1
2020-09-02 16:28:27,439+0200 INFO  findtexmf - this process (10412) started by 'texstudio' with command line: findtexmf gensymb.sty
2020-09-02 16:28:27,497+0200 INFO  findtexmf - this process (10412) finishes with exit code 0
2020-09-02 16:28:27,959+0200 INFO  findtexmf - this process (12248) started by 'texstudio' with command line: findtexmf gensymb.cls
2020-09-02 16:28:28,014+0200 INFO  findtexmf - this process (12248) finishes with exit code 1
2020-09-02 16:28:28,212+0200 INFO  findtexmf - this process (12332) started by 'texstudio' with command line: findtexmf -path=C:/Users/vincent/Downloads/_TEX/_TEMPLATE/fruition-specs-master gensymb.cls
2020-09-02 16:28:28,215+0200 FATAL findtexmf - -path=C:/Users/vincent/Downloads/_TEX/_TEMPLATE/fruition-specs-master: unknown option
2020-09-02 16:28:28,215+0200 FATAL findtexmf - -path=C:/Users/vincent/Downloads/_TEX/_TEMPLATE/fruition-specs-master: unknown option
2020-09-02 16:28:28,215+0200 FATAL findtexmf - Info: 
2020-09-02 16:28:28,215+0200 FATAL findtexmf - Source: 
2020-09-02 16:28:28,215+0200 FATAL findtexmf - Line: 0
2020-09-02 16:28:28,215+0200 INFO  findtexmf - this process (12332) finishes with exit code 1
2020-09-02 16:28:28,408+0200 INFO  findtexmf - this process (6148) started by 'texstudio' with command line: findtexmf MULEenc
2020-09-02 16:28:28,461+0200 INFO  findtexmf - this process (6148) finishes with exit code 1
2020-09-02 16:28:28,754+0200 INFO  findtexmf - this process (7084) started by 'texstudio' with command line: findtexmf scrlayer.sty
2020-09-02 16:28:28,806+0200 INFO  findtexmf - this process (7084) finishes with exit code 0
2020-09-02 16:28:29,282+0200 INFO  findtexmf - this process (10840) started by 'texstudio' with command line: findtexmf scrkbase.sty
2020-09-02 16:28:29,341+0200 INFO  findtexmf - this process (10840) finishes with exit code 0
2020-09-02 16:28:29,541+0200 INFO  findtexmf - this process (12936) started by 'texstudio' with command line: findtexmf scrkbase.sty
2020-09-02 16:28:29,593+0200 INFO  findtexmf - this process (12936) finishes with exit code 0
2020-09-02 16:28:30,048+0200 INFO  findtexmf - this process (13648) started by 'texstudio' with command line: findtexmf scrbase.sty
2020-09-02 16:28:30,100+0200 INFO  findtexmf - this process (13648) finishes with exit code 0
2020-09-02 16:28:30,301+0200 INFO  findtexmf - this process (11560) started by 'texstudio' with command line: findtexmf scrbase.sty
2020-09-02 16:28:30,355+0200 INFO  findtexmf - this process (11560) finishes with exit code 0
