2020-09-02 15:48:05,102+0200 INFO  gsf2pk - this process (17024) started by 'miktex-makepk' with command line: gsf2pk.exe --miktex-enable-installer --miktex-disable-maintenance --miktex-disable-diagnose ec-qhvb TeXGyreHeros-Bold "encqec ReEncodeFont" q-ec.enc qhvb.pfb 864 ec-qhvb.pk
2020-09-02 15:48:05,125+0200 INFO  gsf2pk - installing package gsftopk triggered by dvips/gsftopk\render.ps
2020-09-02 15:48:05,129+0200 INFO  gsf2pk.packagemanager - going to download https://api2.miktex.org/repositories?&releaseState=Stable&orderBy=ranking&take=1
2020-09-02 15:48:05,471+0200 INFO  gsf2pk - mpm: starting package maintenance...
2020-09-02 15:48:05,471+0200 INFO  gsf2pk - mpm: installation directory: d:\d.koch\_PROG\miktex\texmfs\install
2020-09-02 15:48:05,472+0200 INFO  gsf2pk - mpm: package repository: https://ctan.crest.fr/tex-archive/systems/win32/miktex/tm/packages/
2020-09-02 15:48:07,022+0200 WARN  gsf2pk.packagemanager - dependancy problem: miktex-doc-2.9 is required by _miktex-packages-2.9
2020-09-02 15:48:07,243+0200 INFO  gsf2pk - mpm: package repository digest: 2e624dea5facb5c70462f2f0ab293cbe
2020-09-02 15:48:07,243+0200 INFO  gsf2pk - mpm: going to download 3708 bytes
2020-09-02 15:48:07,244+0200 INFO  gsf2pk - mpm: going to install 2 file(s) (1 package(s))
2020-09-02 15:48:07,883+0200 INFO  gsf2pk.packagemanager - installing package gsftopk
2020-09-02 15:48:07,884+0200 INFO  gsf2pk - mpm: downloading https://ctan.crest.fr/tex-archive/systems/win32/miktex/tm/packages/gsftopk.tar.lzma...
2020-09-02 15:48:07,884+0200 INFO  gsf2pk.packagemanager - going to download https://ctan.crest.fr/tex-archive/systems/win32/miktex/tm/packages/gsftopk.tar.lzma
2020-09-02 15:48:08,087+0200 INFO  gsf2pk - mpm: 0.00 MB, 0.15 Mbit/s
2020-09-02 15:48:08,087+0200 INFO  gsf2pk - mpm: extracting files from gsftopk.tar.lzma...
2020-09-02 15:48:08,606+0200 INFO  gsf2pk.core - start process: initexmf --mkmaps
2020-09-02 15:48:12,428+0200 INFO  gsf2pk.core - start process: -dNODISPLAY -dNOGC -sSUBSTFONT=ec-qhvb -q -- d:/d.koch/_PROG/miktex/texmfs/install/dvips/gsftopk/render.ps ec-qhvb "(d:/d.koch/_PROG/miktex/texmfs/install/fonts/type1/public/tex-gyre/qhvb.pfb) brun (d:/d.koch/_PROG/miktex/texmfs/install/fonts/enc/dvips/tex-gyre/q-ec.enc ) run" "encqec ReEncodeFont" 864
2020-09-02 15:48:16,645+0200 INFO  gsf2pk - this process (4128) started by 'miktex-makepk' with command line: gsf2pk.exe --miktex-enable-installer --miktex-disable-maintenance --miktex-disable-diagnose ec-qhvb TeXGyreHeros-Bold "encqec ReEncodeFont" q-ec.enc qhvb.pfb 1037 ec-qhvb.pk
2020-09-02 15:48:16,679+0200 INFO  gsf2pk.core - start process: -dNODISPLAY -dNOGC -sSUBSTFONT=ec-qhvb -q -- d:/d.koch/_PROG/miktex/texmfs/install/dvips/gsftopk/render.ps ec-qhvb "(d:/d.koch/_PROG/miktex/texmfs/install/fonts/type1/public/tex-gyre/qhvb.pfb) brun (d:/d.koch/_PROG/miktex/texmfs/install/fonts/enc/dvips/tex-gyre/q-ec.enc ) run" "encqec ReEncodeFont" 1037
2020-09-02 15:48:19,496+0200 INFO  gsf2pk - this process (15124) started by 'miktex-makepk' with command line: gsf2pk.exe --miktex-enable-installer --miktex-disable-maintenance --miktex-disable-diagnose ec-qhvr TeXGyreHeros-Regular "encqec ReEncodeFont" q-ec.enc qhvr.pfb 657 ec-qhvr.pk
2020-09-02 15:48:19,530+0200 INFO  gsf2pk.core - start process: -dNODISPLAY -dNOGC -sSUBSTFONT=ec-qhvr -q -- d:/d.koch/_PROG/miktex/texmfs/install/dvips/gsftopk/render.ps ec-qhvr "(d:/d.koch/_PROG/miktex/texmfs/install/fonts/type1/public/tex-gyre/qhvr.pfb) brun (d:/d.koch/_PROG/miktex/texmfs/install/fonts/enc/dvips/tex-gyre/q-ec.enc ) run" "encqec ReEncodeFont" 657
2020-09-02 15:48:22,620+0200 INFO  gsf2pk - this process (1708) started by 'miktex-makepk' with command line: gsf2pk.exe --miktex-enable-installer --miktex-disable-maintenance --miktex-disable-diagnose ec-qhvr-sc TeXGyreHeros-Regular "encqecsc ReEncodeFont" q-ec-sc.enc qhvr.pfb 1493 ec-qhvr-sc.pk
2020-09-02 15:48:22,648+0200 INFO  gsf2pk.core - start process: -dNODISPLAY -dNOGC -sSUBSTFONT=ec-qhvr-sc -q -- d:/d.koch/_PROG/miktex/texmfs/install/dvips/gsftopk/render.ps ec-qhvr-sc "(d:/d.koch/_PROG/miktex/texmfs/install/fonts/type1/public/tex-gyre/qhvr.pfb) brun (d:/d.koch/_PROG/miktex/texmfs/install/fonts/enc/dvips/tex-gyre/q-ec-sc.enc ) run" "encqecsc ReEncodeFont" 1493
2020-09-02 15:48:26,359+0200 INFO  gsf2pk - this process (15564) started by 'miktex-makepk' with command line: gsf2pk.exe --miktex-enable-installer --miktex-disable-maintenance --miktex-disable-diagnose ec-qhvb TeXGyreHeros-Bold "encqec ReEncodeFont" q-ec.enc qhvb.pfb 720 ec-qhvb.pk
2020-09-02 15:48:26,388+0200 INFO  gsf2pk.core - start process: -dNODISPLAY -dNOGC -sSUBSTFONT=ec-qhvb -q -- d:/d.koch/_PROG/miktex/texmfs/install/dvips/gsftopk/render.ps ec-qhvb "(d:/d.koch/_PROG/miktex/texmfs/install/fonts/type1/public/tex-gyre/qhvb.pfb) brun (d:/d.koch/_PROG/miktex/texmfs/install/fonts/enc/dvips/tex-gyre/q-ec.enc ) run" "encqec ReEncodeFont" 720
