2020-09-02 14:36:57,673+0200 INFO  initexmf - this is MiKTeX Configuration Utility 4.0 (MiKTeX 20.6.29 Portable)
2020-09-02 14:36:57,673+0200 INFO  initexmf - this process (11380) started by 'miktex-portable' with command line: initexmf --rmfndb --log-file=d:\d.koch\_PROG\miktex\texmfs/install\miktex/config\uninst.log --disable-installer --verbose
2020-09-02 14:36:57,673+0200 INFO  initexmf - Operating on the private (per-user) MiKTeX setup
2020-09-02 14:36:57,675+0200 INFO  initexmf - this process (11380) finishes with exit code 0
2020-09-02 14:36:58,109+0200 INFO  initexmf - this is MiKTeX Configuration Utility 4.0 (MiKTeX 20.6.29 Portable)
2020-09-02 14:36:58,109+0200 INFO  initexmf - this process (6216) started by 'miktex-portable' with command line: initexmf --update-fndb --log-file=d:\d.koch\_PROG\miktex\texmfs/install\miktex/config\uninst.log --disable-installer --verbose
2020-09-02 14:36:58,109+0200 INFO  initexmf - Operating on the private (per-user) MiKTeX setup
2020-09-02 14:36:58,110+0200 INFO  initexmf - Creating fndb for common root directory (d:\d.koch\_PROG\miktex\texmfs/config)...
2020-09-02 14:36:58,127+0200 INFO  initexmf - Creating fndb for common root directory (d:\d.koch\_PROG\miktex\texmfs/data)...
2020-09-02 14:36:58,138+0200 INFO  initexmf - Creating fndb for common root directory (d:\d.koch\_PROG\miktex\texmfs\install)...
2020-09-02 14:37:00,632+0200 WARN  initexmf.packagemanager - dependancy problem: miktex-doc-2.9 is required by _miktex-packages-2.9
2020-09-02 14:37:00,668+0200 INFO  initexmf - Creating fndb for MPM...
2020-09-02 14:37:02,400+0200 INFO  initexmf - this process (6216) finishes with exit code 0
2020-09-02 14:37:02,545+0200 INFO  initexmf - this is MiKTeX Configuration Utility 4.0 (MiKTeX 20.6.29 Portable)
2020-09-02 14:37:02,545+0200 INFO  initexmf - this process (14124) started by 'miktex-portable' with command line: initexmf --force --mklinks --log-file=d:\d.koch\_PROG\miktex\texmfs/install\miktex/config\uninst.log --disable-installer --verbose
2020-09-02 14:37:02,545+0200 INFO  initexmf - Operating on the private (per-user) MiKTeX setup
2020-09-02 14:37:02,547+0200 INFO  initexmf - Collecting linked executables in target directory d:\d.koch\_PROG\miktex\texmfs\install\miktex/bin/x64...
2020-09-02 14:37:02,571+0200 WARN  initexmf - The lualatex executable could not be found.
2020-09-02 14:37:25,975+0200 INFO  initexmf - this process (14124) finishes with exit code 0
2020-09-02 14:37:26,254+0200 INFO  initexmf - this is MiKTeX Configuration Utility 4.0 (MiKTeX 20.6.29 Portable)
2020-09-02 14:37:26,254+0200 INFO  initexmf - this process (15416) started by 'miktex-portable' with command line: initexmf --mkmaps --mklangs --log-file=d:\d.koch\_PROG\miktex\texmfs/install\miktex/config\uninst.log --disable-installer --verbose
2020-09-02 14:37:26,254+0200 INFO  initexmf - Operating on the private (per-user) MiKTeX setup
2020-09-02 14:37:26,255+0200 INFO  initexmf - Creating language.dat, language.dat.lua and language.def...
2020-09-02 14:37:26,490+0200 INFO  initexmf - running: mkfntmap --verbose --disable-installer --miktex-disable-maintenance --miktex-disable-diagnose
2020-09-02 14:37:26,557+0200 INFO  initexmf.core - start process: mkfntmap --verbose --disable-installer --miktex-disable-maintenance --miktex-disable-diagnose
2020-09-02 14:37:35,460+0200 INFO  initexmf - this process (15416) finishes with exit code 0
2020-09-02 14:37:35,607+0200 INFO  initexmf - this is MiKTeX Configuration Utility 4.0 (MiKTeX 20.6.29 Portable)
2020-09-02 14:37:35,607+0200 INFO  initexmf - this process (12992) started by 'miktex-portable' with command line: initexmf --default-paper-size=A4 --log-file=d:\d.koch\_PROG\miktex\texmfs/install\miktex/config\uninst.log --disable-installer --verbose
2020-09-02 14:37:35,607+0200 INFO  initexmf - Operating on the private (per-user) MiKTeX setup
2020-09-02 14:37:35,647+0200 INFO  initexmf - this process (12992) finishes with exit code 0
2020-09-02 14:37:35,901+0200 INFO  initexmf - this is MiKTeX Configuration Utility 4.0 (MiKTeX 20.6.29 Portable)
2020-09-02 14:37:35,901+0200 INFO  initexmf - this process (7056) started by 'miktex-portable' with command line: initexmf --set-config-value=[MPM]AutoInstall=2 --log-file=d:\d.koch\_PROG\miktex\texmfs/install\miktex/config\uninst.log --disable-installer --verbose
2020-09-02 14:37:35,901+0200 INFO  initexmf - Operating on the private (per-user) MiKTeX setup
2020-09-02 14:37:35,902+0200 INFO  initexmf - Setting config value: [MPM]AutoInstall=2
2020-09-02 14:37:35,948+0200 INFO  initexmf - this process (7056) finishes with exit code 0
2020-09-02 14:37:36,102+0200 INFO  initexmf - this is MiKTeX Configuration Utility 4.0 (MiKTeX 20.6.29 Portable)
2020-09-02 14:37:36,102+0200 INFO  initexmf - this process (9328) started by 'miktex-portable' with command line: initexmf --update-fndb --log-file=d:\d.koch\_PROG\miktex\texmfs/install\miktex/config\uninst.log --disable-installer --verbose
2020-09-02 14:37:36,102+0200 INFO  initexmf - Operating on the private (per-user) MiKTeX setup
2020-09-02 14:37:36,142+0200 INFO  initexmf - Creating fndb for common root directory (d:\d.koch\_PROG\miktex\texmfs/config)...
2020-09-02 14:37:36,160+0200 INFO  initexmf - Creating fndb for common root directory (d:\d.koch\_PROG\miktex\texmfs/data)...
2020-09-02 14:37:36,178+0200 INFO  initexmf - Creating fndb for common root directory (d:\d.koch\_PROG\miktex\texmfs\install)...
2020-09-02 14:37:38,550+0200 WARN  initexmf.packagemanager - dependancy problem: miktex-doc-2.9 is required by _miktex-packages-2.9
2020-09-02 14:37:38,586+0200 INFO  initexmf - Creating fndb for MPM...
2020-09-02 14:37:40,323+0200 INFO  initexmf - this process (9328) finishes with exit code 0
2020-09-02 14:37:40,468+0200 INFO  initexmf - this is MiKTeX Configuration Utility 4.0 (MiKTeX 20.6.29 Portable)
2020-09-02 14:37:40,468+0200 INFO  initexmf - this process (16672) started by 'miktex-portable' with command line: initexmf --report --log-file=d:\d.koch\_PROG\miktex\texmfs/install\miktex/config\uninst.log --disable-installer --verbose
2020-09-02 14:37:40,468+0200 INFO  initexmf - Operating on the private (per-user) MiKTeX setup
2020-09-02 14:37:40,532+0200 INFO  initexmf - this process (16672) finishes with exit code 0
2020-09-02 15:08:11,615+0200 INFO  initexmf - this is MiKTeX Configuration Utility 4.0 (MiKTeX 20.6.29 Portable)
2020-09-02 15:08:11,615+0200 INFO  initexmf - this process (5524) started by 'miktex-console' with command line: initexmf --mkmaps
2020-09-02 15:08:11,616+0200 INFO  initexmf - Operating on the private (per-user) MiKTeX setup
2020-09-02 15:08:11,617+0200 INFO  initexmf - running: mkfntmap --miktex-disable-maintenance --miktex-disable-diagnose
2020-09-02 15:08:11,657+0200 INFO  initexmf.core - start process: mkfntmap --miktex-disable-maintenance --miktex-disable-diagnose
2020-09-02 15:08:15,865+0200 INFO  initexmf - this process (5524) finishes with exit code 0
2020-09-02 15:10:18,715+0200 INFO  initexmf - this is MiKTeX Configuration Utility 4.0 (MiKTeX 20.7 Portable)
2020-09-02 15:10:18,716+0200 INFO  initexmf - this process (7228) started by 'miktex-console' with command line: initexmf --mkmaps
2020-09-02 15:10:18,716+0200 INFO  initexmf - Operating on the private (per-user) MiKTeX setup
2020-09-02 15:10:18,718+0200 INFO  initexmf - running: mkfntmap --miktex-disable-maintenance --miktex-disable-diagnose
2020-09-02 15:10:18,758+0200 INFO  initexmf.core - start process: mkfntmap --miktex-disable-maintenance --miktex-disable-diagnose
2020-09-02 15:10:22,287+0200 INFO  initexmf - this process (7228) finishes with exit code 0
2020-09-02 15:10:22,917+0200 INFO  initexmf - this is MiKTeX Configuration Utility 4.0 (MiKTeX 20.7 Portable)
2020-09-02 15:10:22,917+0200 INFO  initexmf - this process (12856) started by 'miktex-console' with command line: initexmf --update-fndb --disable-installer --verbose
2020-09-02 15:10:22,917+0200 INFO  initexmf - Operating on the private (per-user) MiKTeX setup
2020-09-02 15:10:22,955+0200 INFO  initexmf - Creating fndb for common root directory (D:\d.koch\_PROG\miktex\texmfs/config)...
2020-09-02 15:10:22,972+0200 INFO  initexmf - Creating fndb for common root directory (D:\d.koch\_PROG\miktex\texmfs/data)...
2020-09-02 15:10:22,993+0200 INFO  initexmf - Creating fndb for common root directory (D:\d.koch\_PROG\miktex\texmfs\install)...
2020-09-02 15:10:23,466+0200 ERROR initexmf.core - Access is denied.

2020-09-02 15:10:23,466+0200 ERROR initexmf.core - Function: DeleteFileW
2020-09-02 15:10:23,466+0200 ERROR initexmf.core - Result: 5
2020-09-02 15:10:23,466+0200 ERROR initexmf.core - Data: path="D:\d.koch\_PROG\miktex\texmfs\install\miktex\bin\x64\miktex-console.exe.(old)"
2020-09-02 15:10:23,466+0200 ERROR initexmf.core - Source: Libraries\MiKTeX\Core\File\win\winFile.cpp:326
2020-09-02 15:10:23,466+0200 ERROR initexmf.core - Access is denied.

2020-09-02 15:10:23,466+0200 ERROR initexmf.core - Function: DeleteFileW
2020-09-02 15:10:23,467+0200 ERROR initexmf.core - Result: 5
2020-09-02 15:10:23,467+0200 ERROR initexmf.core - Data: path="D:\d.koch\_PROG\miktex\texmfs\install\miktex\bin\x64\MiKTeX200629-apr.dll.(old)"
2020-09-02 15:10:23,467+0200 ERROR initexmf.core - Source: Libraries\MiKTeX\Core\File\win\winFile.cpp:326
2020-09-02 15:10:23,467+0200 ERROR initexmf.core - Access is denied.

2020-09-02 15:10:23,467+0200 ERROR initexmf.core - Function: DeleteFileW
2020-09-02 15:10:23,467+0200 ERROR initexmf.core - Result: 5
2020-09-02 15:10:23,467+0200 ERROR initexmf.core - Data: path="D:\d.koch\_PROG\miktex\texmfs\install\miktex\bin\x64\MiKTeX200629-aprutil.dll.(old)"
2020-09-02 15:10:23,467+0200 ERROR initexmf.core - Source: Libraries\MiKTeX\Core\File\win\winFile.cpp:326
2020-09-02 15:10:23,467+0200 ERROR initexmf.core - Access is denied.

2020-09-02 15:10:23,467+0200 ERROR initexmf.core - Function: DeleteFileW
2020-09-02 15:10:23,467+0200 ERROR initexmf.core - Result: 5
2020-09-02 15:10:23,467+0200 ERROR initexmf.core - Data: path="D:\d.koch\_PROG\miktex\texmfs\install\miktex\bin\x64\MiKTeX200629-core.dll.(old)"
2020-09-02 15:10:23,467+0200 ERROR initexmf.core - Source: Libraries\MiKTeX\Core\File\win\winFile.cpp:326
2020-09-02 15:10:23,468+0200 ERROR initexmf.core - Access is denied.

2020-09-02 15:10:23,468+0200 ERROR initexmf.core - Function: DeleteFileW
2020-09-02 15:10:23,468+0200 ERROR initexmf.core - Result: 5
2020-09-02 15:10:23,468+0200 ERROR initexmf.core - Data: path="D:\d.koch\_PROG\miktex\texmfs\install\miktex\bin\x64\MiKTeX200629-curl.dll.(old)"
2020-09-02 15:10:23,468+0200 ERROR initexmf.core - Source: Libraries\MiKTeX\Core\File\win\winFile.cpp:326
2020-09-02 15:10:23,468+0200 ERROR initexmf.core - Access is denied.

2020-09-02 15:10:23,468+0200 ERROR initexmf.core - Function: DeleteFileW
2020-09-02 15:10:23,468+0200 ERROR initexmf.core - Result: 5
2020-09-02 15:10:23,468+0200 ERROR initexmf.core - Data: path="D:\d.koch\_PROG\miktex\texmfs\install\miktex\bin\x64\MiKTeX200629-expat.dll.(old)"
2020-09-02 15:10:23,468+0200 ERROR initexmf.core - Source: Libraries\MiKTeX\Core\File\win\winFile.cpp:326
2020-09-02 15:10:23,468+0200 ERROR initexmf.core - Access is denied.

2020-09-02 15:10:23,468+0200 ERROR initexmf.core - Function: DeleteFileW
2020-09-02 15:10:23,468+0200 ERROR initexmf.core - Result: 5
2020-09-02 15:10:23,468+0200 ERROR initexmf.core - Data: path="D:\d.koch\_PROG\miktex\texmfs\install\miktex\bin\x64\MiKTeX200629-extractor.dll.(old)"
2020-09-02 15:10:23,468+0200 ERROR initexmf.core - Source: Libraries\MiKTeX\Core\File\win\winFile.cpp:326
2020-09-02 15:10:23,469+0200 ERROR initexmf.core - Access is denied.

2020-09-02 15:10:23,469+0200 ERROR initexmf.core - Function: DeleteFileW
2020-09-02 15:10:23,469+0200 ERROR initexmf.core - Result: 5
2020-09-02 15:10:23,469+0200 ERROR initexmf.core - Data: path="D:\d.koch\_PROG\miktex\texmfs\install\miktex\bin\x64\MiKTeX200629-fmt.dll.(old)"
2020-09-02 15:10:23,469+0200 ERROR initexmf.core - Source: Libraries\MiKTeX\Core\File\win\winFile.cpp:326
2020-09-02 15:10:23,469+0200 ERROR initexmf.core - Access is denied.

2020-09-02 15:10:23,469+0200 ERROR initexmf.core - Function: DeleteFileW
2020-09-02 15:10:23,469+0200 ERROR initexmf.core - Result: 5
2020-09-02 15:10:23,469+0200 ERROR initexmf.core - Data: path="D:\d.koch\_PROG\miktex\texmfs\install\miktex\bin\x64\MiKTeX200629-libressl-crypto.dll.(old)"
2020-09-02 15:10:23,469+0200 ERROR initexmf.core - Source: Libraries\MiKTeX\Core\File\win\winFile.cpp:326
2020-09-02 15:10:23,470+0200 ERROR initexmf.core - Access is denied.

2020-09-02 15:10:23,470+0200 ERROR initexmf.core - Function: DeleteFileW
2020-09-02 15:10:23,470+0200 ERROR initexmf.core - Result: 5
2020-09-02 15:10:23,470+0200 ERROR initexmf.core - Data: path="D:\d.koch\_PROG\miktex\texmfs\install\miktex\bin\x64\MiKTeX200629-log4cxx.dll.(old)"
2020-09-02 15:10:23,470+0200 ERROR initexmf.core - Source: Libraries\MiKTeX\Core\File\win\winFile.cpp:326
2020-09-02 15:10:23,470+0200 ERROR initexmf.core - Access is denied.

2020-09-02 15:10:23,470+0200 ERROR initexmf.core - Function: DeleteFileW
2020-09-02 15:10:23,470+0200 ERROR initexmf.core - Result: 5
2020-09-02 15:10:23,470+0200 ERROR initexmf.core - Data: path="D:\d.koch\_PROG\miktex\texmfs\install\miktex\bin\x64\MiKTeX200629-lzma2.dll.(old)"
2020-09-02 15:10:23,470+0200 ERROR initexmf.core - Source: Libraries\MiKTeX\Core\File\win\winFile.cpp:326
2020-09-02 15:10:23,470+0200 ERROR initexmf.core - Access is denied.

2020-09-02 15:10:23,470+0200 ERROR initexmf.core - Function: DeleteFileW
2020-09-02 15:10:23,470+0200 ERROR initexmf.core - Result: 5
2020-09-02 15:10:23,471+0200 ERROR initexmf.core - Data: path="D:\d.koch\_PROG\miktex\texmfs\install\miktex\bin\x64\MiKTeX200629-md5.dll.(old)"
2020-09-02 15:10:23,471+0200 ERROR initexmf.core - Source: Libraries\MiKTeX\Core\File\win\winFile.cpp:326
2020-09-02 15:10:23,471+0200 ERROR initexmf.core - Access is denied.

2020-09-02 15:10:23,471+0200 ERROR initexmf.core - Function: DeleteFileW
2020-09-02 15:10:23,471+0200 ERROR initexmf.core - Result: 5
2020-09-02 15:10:23,471+0200 ERROR initexmf.core - Data: path="D:\d.koch\_PROG\miktex\texmfs\install\miktex\bin\x64\MiKTeX200629-packagemanager.dll.(old)"
2020-09-02 15:10:23,471+0200 ERROR initexmf.core - Source: Libraries\MiKTeX\Core\File\win\winFile.cpp:326
2020-09-02 15:10:23,471+0200 ERROR initexmf.core - Access is denied.

2020-09-02 15:10:23,471+0200 ERROR initexmf.core - Function: DeleteFileW
2020-09-02 15:10:23,471+0200 ERROR initexmf.core - Result: 5
2020-09-02 15:10:23,471+0200 ERROR initexmf.core - Data: path="D:\d.koch\_PROG\miktex\texmfs\install\miktex\bin\x64\MiKTeX200629-popt.dll.(old)"
2020-09-02 15:10:23,471+0200 ERROR initexmf.core - Source: Libraries\MiKTeX\Core\File\win\winFile.cpp:326
2020-09-02 15:10:23,472+0200 ERROR initexmf.core - Access is denied.

2020-09-02 15:10:23,472+0200 ERROR initexmf.core - Function: DeleteFileW
2020-09-02 15:10:23,472+0200 ERROR initexmf.core - Result: 5
2020-09-02 15:10:23,472+0200 ERROR initexmf.core - Data: path="D:\d.koch\_PROG\miktex\texmfs\install\miktex\bin\x64\MiKTeX200629-setup.dll.(old)"
2020-09-02 15:10:23,472+0200 ERROR initexmf.core - Source: Libraries\MiKTeX\Core\File\win\winFile.cpp:326
2020-09-02 15:10:23,472+0200 ERROR initexmf.core - Access is denied.

2020-09-02 15:10:23,472+0200 ERROR initexmf.core - Function: DeleteFileW
2020-09-02 15:10:23,472+0200 ERROR initexmf.core - Result: 5
2020-09-02 15:10:23,472+0200 ERROR initexmf.core - Data: path="D:\d.koch\_PROG\miktex\texmfs\install\miktex\bin\x64\MiKTeX200629-trace.dll.(old)"
2020-09-02 15:10:23,472+0200 ERROR initexmf.core - Source: Libraries\MiKTeX\Core\File\win\winFile.cpp:326
2020-09-02 15:10:23,472+0200 ERROR initexmf.core - Access is denied.

2020-09-02 15:10:23,472+0200 ERROR initexmf.core - Function: DeleteFileW
2020-09-02 15:10:23,472+0200 ERROR initexmf.core - Result: 5
2020-09-02 15:10:23,472+0200 ERROR initexmf.core - Data: path="D:\d.koch\_PROG\miktex\texmfs\install\miktex\bin\x64\MiKTeX200629-ui-Qt.dll.(old)"
2020-09-02 15:10:23,472+0200 ERROR initexmf.core - Source: Libraries\MiKTeX\Core\File\win\winFile.cpp:326
2020-09-02 15:10:23,473+0200 ERROR initexmf.core - Access is denied.

2020-09-02 15:10:23,473+0200 ERROR initexmf.core - Function: DeleteFileW
2020-09-02 15:10:23,473+0200 ERROR initexmf.core - Result: 5
2020-09-02 15:10:23,473+0200 ERROR initexmf.core - Data: path="D:\d.koch\_PROG\miktex\texmfs\install\miktex\bin\x64\MiKTeX200629-utf8wrap.dll.(old)"
2020-09-02 15:10:23,473+0200 ERROR initexmf.core - Source: Libraries\MiKTeX\Core\File\win\winFile.cpp:326
2020-09-02 15:10:23,473+0200 ERROR initexmf.core - Access is denied.

2020-09-02 15:10:23,473+0200 ERROR initexmf.core - Function: DeleteFileW
2020-09-02 15:10:23,473+0200 ERROR initexmf.core - Result: 5
2020-09-02 15:10:23,473+0200 ERROR initexmf.core - Data: path="D:\d.koch\_PROG\miktex\texmfs\install\miktex\bin\x64\MiKTeX200629-util.dll.(old)"
2020-09-02 15:10:23,473+0200 ERROR initexmf.core - Source: Libraries\MiKTeX\Core\File\win\winFile.cpp:326
2020-09-02 15:10:25,406+0200 WARN  initexmf.packagemanager - dependancy problem: miktex-doc-2.9 is required by _miktex-packages-2.9
2020-09-02 15:10:25,444+0200 INFO  initexmf - Creating fndb for MPM...
2020-09-02 15:10:27,185+0200 INFO  initexmf - this process (12856) finishes with exit code 0
2020-09-02 15:10:27,330+0200 INFO  initexmf - this is MiKTeX Configuration Utility 4.0 (MiKTeX 20.7 Portable)
2020-09-02 15:10:27,330+0200 INFO  initexmf - this process (17360) started by 'miktex-console' with command line: initexmf --force --mklinks --disable-installer --verbose
2020-09-02 15:10:27,330+0200 INFO  initexmf - Operating on the private (per-user) MiKTeX setup
2020-09-02 15:10:27,331+0200 INFO  initexmf - Collecting linked executables in target directory D:\d.koch\_PROG\miktex\texmfs\install\miktex/bin/x64...
2020-09-02 15:10:44,185+0200 ERROR initexmf.core - Access is denied.

2020-09-02 15:10:44,185+0200 ERROR initexmf.core - Function: DeleteFileW
2020-09-02 15:10:44,185+0200 ERROR initexmf.core - Result: 5
2020-09-02 15:10:44,185+0200 ERROR initexmf.core - Data: path="D:\d.koch\_PROG\miktex\texmfs\install\miktex\bin\x64\miktex-taskbar-icon.exe"
2020-09-02 15:10:44,185+0200 ERROR initexmf.core - Source: Libraries\MiKTeX\Core\File\win\winFile.cpp:326
2020-09-02 15:10:44,276+0200 ERROR initexmf.core - Access is denied.

2020-09-02 15:10:44,276+0200 ERROR initexmf.core - Function: DeleteFileW
2020-09-02 15:10:44,276+0200 ERROR initexmf.core - Result: 5
2020-09-02 15:10:44,276+0200 ERROR initexmf.core - Data: path="D:\d.koch\_PROG\miktex\texmfs\install\miktex\bin\x64\miktex-update.exe"
2020-09-02 15:10:44,276+0200 ERROR initexmf.core - Source: Libraries\MiKTeX\Core\File\win\winFile.cpp:326
2020-09-02 15:11:10,291+0200 INFO  initexmf.core - starting finish script
2020-09-02 15:11:10,364+0200 INFO  initexmf - this process (17360) finishes with exit code 0
2020-09-02 15:11:19,608+0200 INFO  initexmf - this is MiKTeX Configuration Utility 4.0 (MiKTeX 20.7 Portable)
2020-09-02 15:11:19,608+0200 INFO  initexmf - this process (6232) started by 'miktex-console' with command line: initexmf --mkmaps --mklangs --disable-installer --verbose
2020-09-02 15:11:19,608+0200 INFO  initexmf - Operating on the private (per-user) MiKTeX setup
2020-09-02 15:11:19,608+0200 INFO  initexmf - Creating language.dat, language.dat.lua and language.def...
2020-09-02 15:11:19,723+0200 INFO  initexmf - running: mkfntmap --verbose --disable-installer --miktex-disable-maintenance --miktex-disable-diagnose
2020-09-02 15:11:19,766+0200 INFO  initexmf.core - start process: mkfntmap --verbose --disable-installer --miktex-disable-maintenance --miktex-disable-diagnose
2020-09-02 15:11:22,859+0200 INFO  initexmf - this process (6232) finishes with exit code 0
2020-09-02 15:12:02,278+0200 INFO  initexmf - this is MiKTeX Configuration Utility 4.0 (MiKTeX 20.7 Portable)
2020-09-02 15:12:02,278+0200 INFO  initexmf - this process (3628) started by 'miktex-console' with command line: initexmf --mkmaps
2020-09-02 15:12:02,278+0200 INFO  initexmf - Operating on the private (per-user) MiKTeX setup
2020-09-02 15:12:02,280+0200 INFO  initexmf - running: mkfntmap --miktex-disable-maintenance --miktex-disable-diagnose
2020-09-02 15:12:02,321+0200 INFO  initexmf.core - start process: mkfntmap --miktex-disable-maintenance --miktex-disable-diagnose
2020-09-02 15:12:05,827+0200 INFO  initexmf - this process (3628) finishes with exit code 0
2020-09-02 15:44:04,446+0200 INFO  initexmf - this is MiKTeX Configuration Utility 4.0 (MiKTeX 20.7 Portable)
2020-09-02 15:44:04,446+0200 INFO  initexmf - this process (16120) started by 'pdflatex' with command line: initexmf --dump-by-name=pdflatex --engine=pdftex
2020-09-02 15:44:04,446+0200 INFO  initexmf - Operating on the private (per-user) MiKTeX setup
2020-09-02 15:44:04,450+0200 INFO  initexmf - running: miktex-makefmt.exe --engine=pdftex --dest-name=pdflatex --no-dump pdflatex.ini --engine-option=-tcx=cp227.tcx --miktex-disable-maintenance --miktex-disable-diagnose
2020-09-02 15:44:04,491+0200 INFO  initexmf.core - start process: miktex-makefmt.exe --engine=pdftex --dest-name=pdflatex --no-dump pdflatex.ini --engine-option=-tcx=cp227.tcx --miktex-disable-maintenance --miktex-disable-diagnose
2020-09-02 15:44:06,832+0200 INFO  initexmf - this process (16120) finishes with exit code 0
2020-09-02 15:44:34,719+0200 INFO  initexmf - this is MiKTeX Configuration Utility 4.0 (MiKTeX 20.7 Portable)
2020-09-02 15:44:34,719+0200 INFO  initexmf - this process (8800) started by 'pdflatex' with command line: initexmf --mkmaps
2020-09-02 15:44:34,719+0200 INFO  initexmf - Operating on the private (per-user) MiKTeX setup
2020-09-02 15:44:34,721+0200 INFO  initexmf - running: mkfntmap --miktex-disable-maintenance --miktex-disable-diagnose
2020-09-02 15:44:34,761+0200 INFO  initexmf.core - start process: mkfntmap --miktex-disable-maintenance --miktex-disable-diagnose
2020-09-02 15:44:38,237+0200 INFO  initexmf - this process (8800) finishes with exit code 0
2020-09-02 15:44:45,003+0200 INFO  initexmf - this is MiKTeX Configuration Utility 4.0 (MiKTeX 20.7 Portable)
2020-09-02 15:44:45,003+0200 INFO  initexmf - this process (9052) started by 'pdflatex' with command line: initexmf --mkmaps
2020-09-02 15:44:45,003+0200 INFO  initexmf - Operating on the private (per-user) MiKTeX setup
2020-09-02 15:44:45,005+0200 INFO  initexmf - running: mkfntmap --enable-installer --miktex-disable-maintenance --miktex-disable-diagnose
2020-09-02 15:44:45,045+0200 INFO  initexmf.core - start process: mkfntmap --enable-installer --miktex-disable-maintenance --miktex-disable-diagnose
2020-09-02 15:44:48,545+0200 INFO  initexmf - this process (9052) finishes with exit code 0
2020-09-02 15:44:50,585+0200 INFO  initexmf - this is MiKTeX Configuration Utility 4.0 (MiKTeX 20.7 Portable)
2020-09-02 15:44:50,585+0200 INFO  initexmf - this process (11808) started by 'pdflatex' with command line: initexmf --mkmaps
2020-09-02 15:44:50,585+0200 INFO  initexmf - Operating on the private (per-user) MiKTeX setup
2020-09-02 15:44:50,587+0200 INFO  initexmf - running: mkfntmap --enable-installer --miktex-disable-maintenance --miktex-disable-diagnose
2020-09-02 15:44:50,626+0200 INFO  initexmf.core - start process: mkfntmap --enable-installer --miktex-disable-maintenance --miktex-disable-diagnose
2020-09-02 15:44:54,139+0200 INFO  initexmf - this process (11808) finishes with exit code 0
2020-09-02 15:44:56,215+0200 INFO  initexmf - this is MiKTeX Configuration Utility 4.0 (MiKTeX 20.7 Portable)
2020-09-02 15:44:56,215+0200 INFO  initexmf - this process (8488) started by 'pdflatex' with command line: initexmf --mkmaps
2020-09-02 15:44:56,215+0200 INFO  initexmf - Operating on the private (per-user) MiKTeX setup
2020-09-02 15:44:56,217+0200 INFO  initexmf - running: mkfntmap --enable-installer --miktex-disable-maintenance --miktex-disable-diagnose
2020-09-02 15:44:56,257+0200 INFO  initexmf.core - start process: mkfntmap --enable-installer --miktex-disable-maintenance --miktex-disable-diagnose
2020-09-02 15:44:59,675+0200 INFO  initexmf - this process (8488) finishes with exit code 0
2020-09-02 15:45:01,653+0200 INFO  initexmf - this is MiKTeX Configuration Utility 4.0 (MiKTeX 20.7 Portable)
2020-09-02 15:45:01,653+0200 INFO  initexmf - this process (10740) started by 'pdflatex' with command line: initexmf --mkmaps
2020-09-02 15:45:01,653+0200 INFO  initexmf - Operating on the private (per-user) MiKTeX setup
2020-09-02 15:45:01,655+0200 INFO  initexmf - running: mkfntmap --enable-installer --miktex-disable-maintenance --miktex-disable-diagnose
2020-09-02 15:45:01,695+0200 INFO  initexmf.core - start process: mkfntmap --enable-installer --miktex-disable-maintenance --miktex-disable-diagnose
2020-09-02 15:45:05,297+0200 INFO  initexmf - this process (10740) finishes with exit code 0
2020-09-02 15:45:07,531+0200 INFO  initexmf - this is MiKTeX Configuration Utility 4.0 (MiKTeX 20.7 Portable)
2020-09-02 15:45:07,531+0200 INFO  initexmf - this process (1916) started by 'pdflatex' with command line: initexmf --mkmaps
2020-09-02 15:45:07,531+0200 INFO  initexmf - Operating on the private (per-user) MiKTeX setup
2020-09-02 15:45:07,533+0200 INFO  initexmf - running: mkfntmap --enable-installer --miktex-disable-maintenance --miktex-disable-diagnose
2020-09-02 15:45:07,572+0200 INFO  initexmf.core - start process: mkfntmap --enable-installer --miktex-disable-maintenance --miktex-disable-diagnose
2020-09-02 15:45:10,982+0200 INFO  initexmf - this process (1916) finishes with exit code 0
2020-09-02 15:45:12,951+0200 INFO  initexmf - this is MiKTeX Configuration Utility 4.0 (MiKTeX 20.7 Portable)
2020-09-02 15:45:12,951+0200 INFO  initexmf - this process (3408) started by 'pdflatex' with command line: initexmf --mkmaps
2020-09-02 15:45:12,951+0200 INFO  initexmf - Operating on the private (per-user) MiKTeX setup
2020-09-02 15:45:12,953+0200 INFO  initexmf - running: mkfntmap --enable-installer --miktex-disable-maintenance --miktex-disable-diagnose
2020-09-02 15:45:12,996+0200 INFO  initexmf.core - start process: mkfntmap --enable-installer --miktex-disable-maintenance --miktex-disable-diagnose
2020-09-02 15:45:16,817+0200 INFO  initexmf - this process (3408) finishes with exit code 0
2020-09-02 15:45:18,750+0200 INFO  initexmf - this is MiKTeX Configuration Utility 4.0 (MiKTeX 20.7 Portable)
2020-09-02 15:45:18,750+0200 INFO  initexmf - this process (16156) started by 'pdflatex' with command line: initexmf --mkmaps
2020-09-02 15:45:18,750+0200 INFO  initexmf - Operating on the private (per-user) MiKTeX setup
2020-09-02 15:45:18,752+0200 INFO  initexmf - running: mkfntmap --enable-installer --miktex-disable-maintenance --miktex-disable-diagnose
2020-09-02 15:45:18,792+0200 INFO  initexmf.core - start process: mkfntmap --enable-installer --miktex-disable-maintenance --miktex-disable-diagnose
2020-09-02 15:45:22,314+0200 INFO  initexmf - this process (16156) finishes with exit code 0
2020-09-02 15:45:24,224+0200 INFO  initexmf - this is MiKTeX Configuration Utility 4.0 (MiKTeX 20.7 Portable)
2020-09-02 15:45:24,224+0200 INFO  initexmf - this process (10464) started by 'pdflatex' with command line: initexmf --mkmaps
2020-09-02 15:45:24,224+0200 INFO  initexmf - Operating on the private (per-user) MiKTeX setup
2020-09-02 15:45:24,226+0200 INFO  initexmf - running: mkfntmap --enable-installer --miktex-disable-maintenance --miktex-disable-diagnose
2020-09-02 15:45:24,265+0200 INFO  initexmf.core - start process: mkfntmap --enable-installer --miktex-disable-maintenance --miktex-disable-diagnose
2020-09-02 15:45:27,792+0200 INFO  initexmf - this process (10464) finishes with exit code 0
2020-09-02 15:45:29,647+0200 INFO  initexmf - this is MiKTeX Configuration Utility 4.0 (MiKTeX 20.7 Portable)
2020-09-02 15:45:29,647+0200 INFO  initexmf - this process (7640) started by 'pdflatex' with command line: initexmf --mkmaps
2020-09-02 15:45:29,647+0200 INFO  initexmf - Operating on the private (per-user) MiKTeX setup
2020-09-02 15:45:29,649+0200 INFO  initexmf - running: mkfntmap --enable-installer --miktex-disable-maintenance --miktex-disable-diagnose
2020-09-02 15:45:29,690+0200 INFO  initexmf.core - start process: mkfntmap --enable-installer --miktex-disable-maintenance --miktex-disable-diagnose
2020-09-02 15:45:33,202+0200 INFO  initexmf - this process (7640) finishes with exit code 0
2020-09-02 15:45:35,348+0200 INFO  initexmf - this is MiKTeX Configuration Utility 4.0 (MiKTeX 20.7 Portable)
2020-09-02 15:45:35,348+0200 INFO  initexmf - this process (14956) started by 'pdflatex' with command line: initexmf --mkmaps
2020-09-02 15:45:35,348+0200 INFO  initexmf - Operating on the private (per-user) MiKTeX setup
2020-09-02 15:45:35,350+0200 INFO  initexmf - running: mkfntmap --enable-installer --miktex-disable-maintenance --miktex-disable-diagnose
2020-09-02 15:45:35,392+0200 INFO  initexmf.core - start process: mkfntmap --enable-installer --miktex-disable-maintenance --miktex-disable-diagnose
2020-09-02 15:45:38,811+0200 INFO  initexmf - this process (14956) finishes with exit code 0
2020-09-02 15:45:40,697+0200 INFO  initexmf - this is MiKTeX Configuration Utility 4.0 (MiKTeX 20.7 Portable)
2020-09-02 15:45:40,698+0200 INFO  initexmf - this process (10592) started by 'pdflatex' with command line: initexmf --mkmaps
2020-09-02 15:45:40,698+0200 INFO  initexmf - Operating on the private (per-user) MiKTeX setup
2020-09-02 15:45:40,699+0200 INFO  initexmf - running: mkfntmap --enable-installer --miktex-disable-maintenance --miktex-disable-diagnose
2020-09-02 15:45:40,738+0200 INFO  initexmf.core - start process: mkfntmap --enable-installer --miktex-disable-maintenance --miktex-disable-diagnose
2020-09-02 15:45:44,282+0200 INFO  initexmf - this process (10592) finishes with exit code 0
2020-09-02 15:45:46,864+0200 INFO  initexmf - this is MiKTeX Configuration Utility 4.0 (MiKTeX 20.7 Portable)
2020-09-02 15:45:46,864+0200 INFO  initexmf - this process (14644) started by 'pdflatex' with command line: initexmf --mkmaps
2020-09-02 15:45:46,864+0200 INFO  initexmf - Operating on the private (per-user) MiKTeX setup
2020-09-02 15:45:46,866+0200 INFO  initexmf - running: mkfntmap --enable-installer --miktex-disable-maintenance --miktex-disable-diagnose
2020-09-02 15:45:46,908+0200 INFO  initexmf.core - start process: mkfntmap --enable-installer --miktex-disable-maintenance --miktex-disable-diagnose
2020-09-02 15:45:50,482+0200 INFO  initexmf - this process (14644) finishes with exit code 0
2020-09-02 15:45:52,537+0200 INFO  initexmf - this is MiKTeX Configuration Utility 4.0 (MiKTeX 20.7 Portable)
2020-09-02 15:45:52,537+0200 INFO  initexmf - this process (4460) started by 'pdflatex' with command line: initexmf --mkmaps
2020-09-02 15:45:52,537+0200 INFO  initexmf - Operating on the private (per-user) MiKTeX setup
2020-09-02 15:45:52,539+0200 INFO  initexmf - running: mkfntmap --enable-installer --miktex-disable-maintenance --miktex-disable-diagnose
2020-09-02 15:45:52,579+0200 INFO  initexmf.core - start process: mkfntmap --enable-installer --miktex-disable-maintenance --miktex-disable-diagnose
2020-09-02 15:45:56,138+0200 INFO  initexmf - this process (4460) finishes with exit code 0
2020-09-02 15:45:58,104+0200 INFO  initexmf - this is MiKTeX Configuration Utility 4.0 (MiKTeX 20.7 Portable)
2020-09-02 15:45:58,105+0200 INFO  initexmf - this process (13636) started by 'pdflatex' with command line: initexmf --mkmaps
2020-09-02 15:45:58,105+0200 INFO  initexmf - Operating on the private (per-user) MiKTeX setup
2020-09-02 15:45:58,106+0200 INFO  initexmf - running: mkfntmap --enable-installer --miktex-disable-maintenance --miktex-disable-diagnose
2020-09-02 15:45:58,146+0200 INFO  initexmf.core - start process: mkfntmap --enable-installer --miktex-disable-maintenance --miktex-disable-diagnose
2020-09-02 15:46:01,775+0200 INFO  initexmf - this process (13636) finishes with exit code 0
2020-09-02 15:46:03,662+0200 INFO  initexmf - this is MiKTeX Configuration Utility 4.0 (MiKTeX 20.7 Portable)
2020-09-02 15:46:03,662+0200 INFO  initexmf - this process (13052) started by 'pdflatex' with command line: initexmf --mkmaps
2020-09-02 15:46:03,662+0200 INFO  initexmf - Operating on the private (per-user) MiKTeX setup
2020-09-02 15:46:03,664+0200 INFO  initexmf - running: mkfntmap --enable-installer --miktex-disable-maintenance --miktex-disable-diagnose
2020-09-02 15:46:03,705+0200 INFO  initexmf.core - start process: mkfntmap --enable-installer --miktex-disable-maintenance --miktex-disable-diagnose
2020-09-02 15:46:07,218+0200 INFO  initexmf - this process (13052) finishes with exit code 0
2020-09-02 15:46:09,692+0200 INFO  initexmf - this is MiKTeX Configuration Utility 4.0 (MiKTeX 20.7 Portable)
2020-09-02 15:46:09,692+0200 INFO  initexmf - this process (7416) started by 'pdflatex' with command line: initexmf --mkmaps
2020-09-02 15:46:09,692+0200 INFO  initexmf - Operating on the private (per-user) MiKTeX setup
2020-09-02 15:46:09,694+0200 INFO  initexmf - running: mkfntmap --enable-installer --miktex-disable-maintenance --miktex-disable-diagnose
2020-09-02 15:46:09,735+0200 INFO  initexmf.core - start process: mkfntmap --enable-installer --miktex-disable-maintenance --miktex-disable-diagnose
2020-09-02 15:46:13,506+0200 INFO  initexmf - this process (7416) finishes with exit code 0
2020-09-02 15:46:15,793+0200 INFO  initexmf - this is MiKTeX Configuration Utility 4.0 (MiKTeX 20.7 Portable)
2020-09-02 15:46:15,793+0200 INFO  initexmf - this process (14420) started by 'pdflatex' with command line: initexmf --mkmaps
2020-09-02 15:46:15,793+0200 INFO  initexmf - Operating on the private (per-user) MiKTeX setup
2020-09-02 15:46:15,795+0200 INFO  initexmf - running: mkfntmap --enable-installer --miktex-disable-maintenance --miktex-disable-diagnose
2020-09-02 15:46:15,843+0200 INFO  initexmf.core - start process: mkfntmap --enable-installer --miktex-disable-maintenance --miktex-disable-diagnose
2020-09-02 15:46:20,072+0200 INFO  initexmf - this process (14420) finishes with exit code 0
2020-09-02 15:46:23,051+0200 INFO  initexmf - this is MiKTeX Configuration Utility 4.0 (MiKTeX 20.7 Portable)
2020-09-02 15:46:23,051+0200 INFO  initexmf - this process (12952) started by 'pdflatex' with command line: initexmf --mkmaps
2020-09-02 15:46:23,051+0200 INFO  initexmf - Operating on the private (per-user) MiKTeX setup
2020-09-02 15:46:23,053+0200 INFO  initexmf - running: mkfntmap --enable-installer --miktex-disable-maintenance --miktex-disable-diagnose
2020-09-02 15:46:23,097+0200 INFO  initexmf.core - start process: mkfntmap --enable-installer --miktex-disable-maintenance --miktex-disable-diagnose
2020-09-02 15:46:27,475+0200 INFO  initexmf - this process (12952) finishes with exit code 0
2020-09-02 15:46:29,474+0200 INFO  initexmf - this is MiKTeX Configuration Utility 4.0 (MiKTeX 20.7 Portable)
2020-09-02 15:46:29,474+0200 INFO  initexmf - this process (16440) started by 'pdflatex' with command line: initexmf --mkmaps
2020-09-02 15:46:29,474+0200 INFO  initexmf - Operating on the private (per-user) MiKTeX setup
2020-09-02 15:46:29,478+0200 INFO  initexmf - running: mkfntmap --enable-installer --miktex-disable-maintenance --miktex-disable-diagnose
2020-09-02 15:46:29,544+0200 INFO  initexmf.core - start process: mkfntmap --enable-installer --miktex-disable-maintenance --miktex-disable-diagnose
2020-09-02 15:46:33,710+0200 INFO  initexmf - this process (16440) finishes with exit code 0
2020-09-02 15:46:35,581+0200 INFO  initexmf - this is MiKTeX Configuration Utility 4.0 (MiKTeX 20.7 Portable)
2020-09-02 15:46:35,581+0200 INFO  initexmf - this process (5964) started by 'pdflatex' with command line: initexmf --mkmaps
2020-09-02 15:46:35,581+0200 INFO  initexmf - Operating on the private (per-user) MiKTeX setup
2020-09-02 15:46:35,583+0200 INFO  initexmf - running: mkfntmap --enable-installer --miktex-disable-maintenance --miktex-disable-diagnose
2020-09-02 15:46:35,625+0200 INFO  initexmf.core - start process: mkfntmap --enable-installer --miktex-disable-maintenance --miktex-disable-diagnose
2020-09-02 15:46:39,339+0200 INFO  initexmf - this process (5964) finishes with exit code 0
2020-09-02 15:46:41,503+0200 INFO  initexmf - this is MiKTeX Configuration Utility 4.0 (MiKTeX 20.7 Portable)
2020-09-02 15:46:41,503+0200 INFO  initexmf - this process (13376) started by 'pdflatex' with command line: initexmf --mkmaps
2020-09-02 15:46:41,504+0200 INFO  initexmf - Operating on the private (per-user) MiKTeX setup
2020-09-02 15:46:41,505+0200 INFO  initexmf - running: mkfntmap --enable-installer --miktex-disable-maintenance --miktex-disable-diagnose
2020-09-02 15:46:41,547+0200 INFO  initexmf.core - start process: mkfntmap --enable-installer --miktex-disable-maintenance --miktex-disable-diagnose
2020-09-02 15:46:45,035+0200 INFO  initexmf - this process (13376) finishes with exit code 0
2020-09-02 15:46:46,967+0200 INFO  initexmf - this is MiKTeX Configuration Utility 4.0 (MiKTeX 20.7 Portable)
2020-09-02 15:46:46,967+0200 INFO  initexmf - this process (5164) started by 'pdflatex' with command line: initexmf --mkmaps
2020-09-02 15:46:46,967+0200 INFO  initexmf - Operating on the private (per-user) MiKTeX setup
2020-09-02 15:46:46,969+0200 INFO  initexmf - running: mkfntmap --enable-installer --miktex-disable-maintenance --miktex-disable-diagnose
2020-09-02 15:46:47,010+0200 INFO  initexmf.core - start process: mkfntmap --enable-installer --miktex-disable-maintenance --miktex-disable-diagnose
2020-09-02 15:46:50,487+0200 INFO  initexmf - this process (5164) finishes with exit code 0
2020-09-02 15:46:52,661+0200 INFO  initexmf - this is MiKTeX Configuration Utility 4.0 (MiKTeX 20.7 Portable)
2020-09-02 15:46:52,662+0200 INFO  initexmf - this process (1156) started by 'pdflatex' with command line: initexmf --mkmaps
2020-09-02 15:46:52,662+0200 INFO  initexmf - Operating on the private (per-user) MiKTeX setup
2020-09-02 15:46:52,664+0200 INFO  initexmf - running: mkfntmap --enable-installer --miktex-disable-maintenance --miktex-disable-diagnose
2020-09-02 15:46:52,703+0200 INFO  initexmf.core - start process: mkfntmap --enable-installer --miktex-disable-maintenance --miktex-disable-diagnose
2020-09-02 15:46:56,298+0200 INFO  initexmf - this process (1156) finishes with exit code 0
2020-09-02 15:46:58,756+0200 INFO  initexmf - this is MiKTeX Configuration Utility 4.0 (MiKTeX 20.7 Portable)
2020-09-02 15:46:58,756+0200 INFO  initexmf - this process (7960) started by 'pdflatex' with command line: initexmf --mkmaps
2020-09-02 15:46:58,756+0200 INFO  initexmf - Operating on the private (per-user) MiKTeX setup
2020-09-02 15:46:58,758+0200 INFO  initexmf - running: mkfntmap --enable-installer --miktex-disable-maintenance --miktex-disable-diagnose
2020-09-02 15:46:58,800+0200 INFO  initexmf.core - start process: mkfntmap --enable-installer --miktex-disable-maintenance --miktex-disable-diagnose
2020-09-02 15:47:02,425+0200 INFO  initexmf - this process (7960) finishes with exit code 0
2020-09-02 15:47:21,293+0200 INFO  initexmf - this is MiKTeX Configuration Utility 4.0 (MiKTeX 20.7 Portable)
2020-09-02 15:47:21,294+0200 INFO  initexmf - this process (15876) started by 'pdflatex' with command line: initexmf --mkmaps
2020-09-02 15:47:21,294+0200 INFO  initexmf - Operating on the private (per-user) MiKTeX setup
2020-09-02 15:47:21,295+0200 INFO  initexmf - running: mkfntmap --enable-installer --miktex-disable-maintenance --miktex-disable-diagnose
2020-09-02 15:47:21,339+0200 INFO  initexmf.core - start process: mkfntmap --enable-installer --miktex-disable-maintenance --miktex-disable-diagnose
2020-09-02 15:47:25,567+0200 INFO  initexmf - this process (15876) finishes with exit code 0
2020-09-02 15:47:27,916+0200 INFO  initexmf - this is MiKTeX Configuration Utility 4.0 (MiKTeX 20.7 Portable)
2020-09-02 15:47:27,916+0200 INFO  initexmf - this process (8636) started by 'miktex-mf' with command line: initexmf --enable-installer --dump-by-name=mf
2020-09-02 15:47:27,916+0200 INFO  initexmf - Operating on the private (per-user) MiKTeX setup
2020-09-02 15:47:27,920+0200 INFO  initexmf - running: miktex-makebase.exe --dest-name=mf --no-dump mf.ini --engine-option=-tcx=cp227.tcx --enable-installer --miktex-disable-maintenance --miktex-disable-diagnose
2020-09-02 15:47:27,960+0200 INFO  initexmf.core - start process: miktex-makebase.exe --dest-name=mf --no-dump mf.ini --engine-option=-tcx=cp227.tcx --enable-installer --miktex-disable-maintenance --miktex-disable-diagnose
2020-09-02 15:47:28,455+0200 INFO  initexmf - this process (8636) finishes with exit code 0
2020-09-02 15:48:00,995+0200 INFO  initexmf - this is MiKTeX Configuration Utility 4.0 (MiKTeX 20.7 Portable)
2020-09-02 15:48:00,995+0200 INFO  initexmf - this process (12420) started by 'miktex-ttf2pk' with command line: initexmf --mkmaps
2020-09-02 15:48:00,996+0200 INFO  initexmf - Operating on the private (per-user) MiKTeX setup
2020-09-02 15:48:00,998+0200 INFO  initexmf - running: mkfntmap --enable-installer --miktex-disable-maintenance --miktex-disable-diagnose
2020-09-02 15:48:01,045+0200 INFO  initexmf.core - start process: mkfntmap --enable-installer --miktex-disable-maintenance --miktex-disable-diagnose
2020-09-02 15:48:04,714+0200 INFO  initexmf - this process (12420) finishes with exit code 0
2020-09-02 15:48:08,756+0200 INFO  initexmf - this is MiKTeX Configuration Utility 4.0 (MiKTeX 20.7 Portable)
2020-09-02 15:48:08,756+0200 INFO  initexmf - this process (4248) started by 'gsf2pk' with command line: initexmf --mkmaps
2020-09-02 15:48:08,756+0200 INFO  initexmf - Operating on the private (per-user) MiKTeX setup
2020-09-02 15:48:08,758+0200 INFO  initexmf - running: mkfntmap --enable-installer --miktex-disable-maintenance --miktex-disable-diagnose
2020-09-02 15:48:08,802+0200 INFO  initexmf.core - start process: mkfntmap --enable-installer --miktex-disable-maintenance --miktex-disable-diagnose
2020-09-02 15:48:12,395+0200 INFO  initexmf - this process (4248) finishes with exit code 0
