2020-09-02 15:47:27,367+0200 INFO  miktex-makepk - this process (4584) started by 'pdflatex' with command line: miktex-makepk --enable-installer --verbose esint10 720 600 magstep(1.0)
2020-09-02 15:47:27,369+0200 INFO  makepk - Trying to make PK font esint10 at 720 DPI...
2020-09-02 15:47:27,373+0200 INFO  makepk - The METFAONT mode is: ljfour
2020-09-02 15:47:27,407+0200 INFO  makepk - Creating esint10.pk...
2020-09-02 15:47:27,409+0200 INFO  makepk - Running miktex-mf.exe...
2020-09-02 15:47:27,409+0200 INFO  makepk - running: miktex-mf.exe --miktex-enable-installer --miktex-disable-maintenance --miktex-disable-diagnose --undump=mf \mode:=ljfour; \mag:=magstep(1.0); nonstopmode; "input esint10"
2020-09-02 15:47:27,460+0200 INFO  miktex-makepk.core - start process: miktex-mf.exe --miktex-enable-installer --miktex-disable-maintenance --miktex-disable-diagnose --undump=mf \mode:=ljfour; \mag:=magstep(1.0); nonstopmode; "input esint10"
2020-09-02 15:47:28,676+0200 INFO  makepk - Running miktex-gftopk.exe...
2020-09-02 15:47:28,676+0200 INFO  makepk - running: miktex-gftopk.exe --miktex-enable-installer --miktex-disable-maintenance --miktex-disable-diagnose esint10.720gf esint10.pk
2020-09-02 15:47:28,681+0200 INFO  miktex-makepk.core - start process: miktex-gftopk.exe --miktex-enable-installer --miktex-disable-maintenance --miktex-disable-diagnose esint10.720gf esint10.pk
2020-09-02 15:47:28,899+0200 INFO  makepk - Installing d:\d.koch\_PROG\miktex\texmfs/data\fonts/pk/ljfour/public/esint/dpi720\esint10.pk...
2020-09-02 15:47:28,986+0200 INFO  miktex-makepk - this process (4584) finishes with exit code 0
2020-09-02 15:47:29,271+0200 INFO  miktex-makepk - this process (10556) started by 'pdflatex' with command line: miktex-makepk --enable-installer --verbose ec-qhvb 864 600 magstep(2.0)
2020-09-02 15:47:29,273+0200 INFO  makepk - Trying to make PK font ec-qhvb at 864 DPI...
2020-09-02 15:47:29,281+0200 INFO  makepk - The METFAONT mode is: ljfour
2020-09-02 15:47:29,292+0200 INFO  makepk - Running miktex-makemf.exe...
2020-09-02 15:47:29,292+0200 INFO  makepk - running: miktex-makemf.exe --miktex-enable-installer --miktex-disable-maintenance --miktex-disable-diagnose --verbose ec-qhvb
2020-09-02 15:47:29,342+0200 INFO  miktex-makepk.core - start process: miktex-makemf.exe --miktex-enable-installer --miktex-disable-maintenance --miktex-disable-diagnose --verbose ec-qhvb
2020-09-02 15:47:29,687+0200 INFO  makepk - Running miktex-ttf2pk.exe...
2020-09-02 15:47:29,687+0200 INFO  makepk - running: miktex-ttf2pk.exe --miktex-enable-installer --miktex-disable-maintenance --miktex-disable-diagnose -q -t ec-qhvb
2020-09-02 15:47:29,691+0200 INFO  miktex-makepk.core - start process: miktex-ttf2pk.exe --miktex-enable-installer --miktex-disable-maintenance --miktex-disable-diagnose -q -t ec-qhvb
2020-09-02 15:48:04,875+0200 INFO  makepk - Creating ec-qhvb.pk...
2020-09-02 15:48:04,876+0200 INFO  makepk - Running gsf2pk.exe...
2020-09-02 15:48:04,876+0200 INFO  makepk - running: gsf2pk.exe --miktex-enable-installer --miktex-disable-maintenance --miktex-disable-diagnose ec-qhvb TeXGyreHeros-Bold "encqec ReEncodeFont" q-ec.enc qhvb.pfb 864 ec-qhvb.pk
2020-09-02 15:48:04,918+0200 INFO  miktex-makepk.core - start process: gsf2pk.exe --miktex-enable-installer --miktex-disable-maintenance --miktex-disable-diagnose ec-qhvb TeXGyreHeros-Bold "encqec ReEncodeFont" q-ec.enc qhvb.pfb 864 ec-qhvb.pk
2020-09-02 15:48:15,009+0200 FATAL miktex-makepk - GSF2PK failed on qhvb.pfb.
2020-09-02 15:48:15,009+0200 FATAL miktex-makepk - GSF2PK failed on qhvb.pfb.
2020-09-02 15:48:15,009+0200 FATAL miktex-makepk - Info: 
2020-09-02 15:48:15,009+0200 FATAL miktex-makepk - Source: 
2020-09-02 15:48:15,009+0200 FATAL miktex-makepk - Line: 0
2020-09-02 15:48:15,030+0200 INFO  makepk - Running miktex-ps2pk.exe...
2020-09-02 15:48:15,030+0200 INFO  makepk - running: miktex-ps2pk.exe --miktex-enable-installer --miktex-disable-maintenance --miktex-disable-diagnose -v -X864 -e q-ec.enc qhvb.pfb ec-qhvb.pk
2020-09-02 15:48:15,036+0200 INFO  miktex-makepk.core - start process: miktex-ps2pk.exe --miktex-enable-installer --miktex-disable-maintenance --miktex-disable-diagnose -v -X864 -e q-ec.enc qhvb.pfb ec-qhvb.pk
2020-09-02 15:48:15,302+0200 INFO  makepk - Installing d:\d.koch\_PROG\miktex\texmfs/data\fonts/pk/modeless/public/tex-gyre/dpi864\ec-qhvb.pk...
2020-09-02 15:48:15,367+0200 INFO  miktex-makepk - this process (10556) finishes with exit code 0
2020-09-02 15:48:15,739+0200 INFO  miktex-makepk - this process (14812) started by 'pdflatex' with command line: miktex-makepk --enable-installer --verbose ec-qhvb 1037 600 magstep(3.0)
2020-09-02 15:48:15,741+0200 INFO  makepk - Trying to make PK font ec-qhvb at 1037 DPI...
2020-09-02 15:48:15,745+0200 INFO  makepk - The METFAONT mode is: ljfour
2020-09-02 15:48:15,751+0200 INFO  makepk - Running miktex-makemf.exe...
2020-09-02 15:48:15,751+0200 INFO  makepk - running: miktex-makemf.exe --miktex-enable-installer --miktex-disable-maintenance --miktex-disable-diagnose --verbose ec-qhvb
2020-09-02 15:48:15,793+0200 INFO  miktex-makepk.core - start process: miktex-makemf.exe --miktex-enable-installer --miktex-disable-maintenance --miktex-disable-diagnose --verbose ec-qhvb
2020-09-02 15:48:16,114+0200 INFO  makepk - Running miktex-ttf2pk.exe...
2020-09-02 15:48:16,114+0200 INFO  makepk - running: miktex-ttf2pk.exe --miktex-enable-installer --miktex-disable-maintenance --miktex-disable-diagnose -q -t ec-qhvb
2020-09-02 15:48:16,119+0200 INFO  miktex-makepk.core - start process: miktex-ttf2pk.exe --miktex-enable-installer --miktex-disable-maintenance --miktex-disable-diagnose -q -t ec-qhvb
2020-09-02 15:48:16,437+0200 INFO  makepk - Creating ec-qhvb.pk...
2020-09-02 15:48:16,438+0200 INFO  makepk - Running gsf2pk.exe...
2020-09-02 15:48:16,438+0200 INFO  makepk - running: gsf2pk.exe --miktex-enable-installer --miktex-disable-maintenance --miktex-disable-diagnose ec-qhvb TeXGyreHeros-Bold "encqec ReEncodeFont" q-ec.enc qhvb.pfb 1037 ec-qhvb.pk
2020-09-02 15:48:16,482+0200 INFO  miktex-makepk.core - start process: gsf2pk.exe --miktex-enable-installer --miktex-disable-maintenance --miktex-disable-diagnose ec-qhvb TeXGyreHeros-Bold "encqec ReEncodeFont" q-ec.enc qhvb.pfb 1037 ec-qhvb.pk
2020-09-02 15:48:18,120+0200 FATAL miktex-makepk - GSF2PK failed on qhvb.pfb.
2020-09-02 15:48:18,120+0200 FATAL miktex-makepk - GSF2PK failed on qhvb.pfb.
2020-09-02 15:48:18,121+0200 FATAL miktex-makepk - Info: 
2020-09-02 15:48:18,121+0200 FATAL miktex-makepk - Source: 
2020-09-02 15:48:18,121+0200 FATAL miktex-makepk - Line: 0
2020-09-02 15:48:18,140+0200 INFO  makepk - Running miktex-ps2pk.exe...
2020-09-02 15:48:18,140+0200 INFO  makepk - running: miktex-ps2pk.exe --miktex-enable-installer --miktex-disable-maintenance --miktex-disable-diagnose -v -X1037 -e q-ec.enc qhvb.pfb ec-qhvb.pk
2020-09-02 15:48:18,145+0200 INFO  miktex-makepk.core - start process: miktex-ps2pk.exe --miktex-enable-installer --miktex-disable-maintenance --miktex-disable-diagnose -v -X1037 -e q-ec.enc qhvb.pfb ec-qhvb.pk
2020-09-02 15:48:18,373+0200 INFO  makepk - Installing d:\d.koch\_PROG\miktex\texmfs/data\fonts/pk/modeless/public/tex-gyre/dpi1037\ec-qhvb.pk...
2020-09-02 15:48:18,434+0200 INFO  miktex-makepk - this process (14812) finishes with exit code 0
2020-09-02 15:48:18,705+0200 INFO  miktex-makepk - this process (7504) started by 'pdflatex' with command line: miktex-makepk --enable-installer --verbose ec-qhvr 657 600 magstep(0.5)
2020-09-02 15:48:18,706+0200 INFO  makepk - Trying to make PK font ec-qhvr at 657 DPI...
2020-09-02 15:48:18,711+0200 INFO  makepk - The METFAONT mode is: ljfour
2020-09-02 15:48:18,717+0200 INFO  makepk - Running miktex-makemf.exe...
2020-09-02 15:48:18,717+0200 INFO  makepk - running: miktex-makemf.exe --miktex-enable-installer --miktex-disable-maintenance --miktex-disable-diagnose --verbose ec-qhvr
2020-09-02 15:48:18,758+0200 INFO  miktex-makepk.core - start process: miktex-makemf.exe --miktex-enable-installer --miktex-disable-maintenance --miktex-disable-diagnose --verbose ec-qhvr
2020-09-02 15:48:18,979+0200 INFO  makepk - Running miktex-ttf2pk.exe...
2020-09-02 15:48:18,979+0200 INFO  makepk - running: miktex-ttf2pk.exe --miktex-enable-installer --miktex-disable-maintenance --miktex-disable-diagnose -q -t ec-qhvr
2020-09-02 15:48:18,985+0200 INFO  miktex-makepk.core - start process: miktex-ttf2pk.exe --miktex-enable-installer --miktex-disable-maintenance --miktex-disable-diagnose -q -t ec-qhvr
2020-09-02 15:48:19,294+0200 INFO  makepk - Creating ec-qhvr.pk...
2020-09-02 15:48:19,295+0200 INFO  makepk - Running gsf2pk.exe...
2020-09-02 15:48:19,295+0200 INFO  makepk - running: gsf2pk.exe --miktex-enable-installer --miktex-disable-maintenance --miktex-disable-diagnose ec-qhvr TeXGyreHeros-Regular "encqec ReEncodeFont" q-ec.enc qhvr.pfb 657 ec-qhvr.pk
2020-09-02 15:48:19,337+0200 INFO  miktex-makepk.core - start process: gsf2pk.exe --miktex-enable-installer --miktex-disable-maintenance --miktex-disable-diagnose ec-qhvr TeXGyreHeros-Regular "encqec ReEncodeFont" q-ec.enc qhvr.pfb 657 ec-qhvr.pk
2020-09-02 15:48:20,930+0200 FATAL miktex-makepk - GSF2PK failed on qhvr.pfb.
2020-09-02 15:48:20,930+0200 FATAL miktex-makepk - GSF2PK failed on qhvr.pfb.
2020-09-02 15:48:20,930+0200 FATAL miktex-makepk - Info: 
2020-09-02 15:48:20,930+0200 FATAL miktex-makepk - Source: 
2020-09-02 15:48:20,930+0200 FATAL miktex-makepk - Line: 0
2020-09-02 15:48:20,951+0200 INFO  makepk - Running miktex-ps2pk.exe...
2020-09-02 15:48:20,951+0200 INFO  makepk - running: miktex-ps2pk.exe --miktex-enable-installer --miktex-disable-maintenance --miktex-disable-diagnose -v -X657 -e q-ec.enc qhvr.pfb ec-qhvr.pk
2020-09-02 15:48:20,956+0200 INFO  miktex-makepk.core - start process: miktex-ps2pk.exe --miktex-enable-installer --miktex-disable-maintenance --miktex-disable-diagnose -v -X657 -e q-ec.enc qhvr.pfb ec-qhvr.pk
2020-09-02 15:48:21,277+0200 INFO  makepk - Installing d:\d.koch\_PROG\miktex\texmfs/data\fonts/pk/modeless/public/tex-gyre/dpi657\ec-qhvr.pk...
2020-09-02 15:48:21,334+0200 INFO  miktex-makepk - this process (7504) finishes with exit code 0
2020-09-02 15:48:21,718+0200 INFO  miktex-makepk - this process (4636) started by 'pdflatex' with command line: miktex-makepk --enable-installer --verbose ec-qhvr-sc 1493 600 magstep(5.0)
2020-09-02 15:48:21,720+0200 INFO  makepk - Trying to make PK font ec-qhvr-sc at 1493 DPI...
2020-09-02 15:48:21,724+0200 INFO  makepk - The METFAONT mode is: ljfour
2020-09-02 15:48:21,730+0200 INFO  makepk - Running miktex-makemf.exe...
2020-09-02 15:48:21,730+0200 INFO  makepk - running: miktex-makemf.exe --miktex-enable-installer --miktex-disable-maintenance --miktex-disable-diagnose --verbose ec-qhvr-sc
2020-09-02 15:48:21,775+0200 INFO  miktex-makepk.core - start process: miktex-makemf.exe --miktex-enable-installer --miktex-disable-maintenance --miktex-disable-diagnose --verbose ec-qhvr-sc
2020-09-02 15:48:22,024+0200 INFO  makepk - Running miktex-ttf2pk.exe...
2020-09-02 15:48:22,024+0200 INFO  makepk - running: miktex-ttf2pk.exe --miktex-enable-installer --miktex-disable-maintenance --miktex-disable-diagnose -q -t ec-qhvr-sc
2020-09-02 15:48:22,030+0200 INFO  miktex-makepk.core - start process: miktex-ttf2pk.exe --miktex-enable-installer --miktex-disable-maintenance --miktex-disable-diagnose -q -t ec-qhvr-sc
2020-09-02 15:48:22,406+0200 INFO  makepk - Creating ec-qhvr-sc.pk...
2020-09-02 15:48:22,407+0200 INFO  makepk - Running gsf2pk.exe...
2020-09-02 15:48:22,407+0200 INFO  makepk - running: gsf2pk.exe --miktex-enable-installer --miktex-disable-maintenance --miktex-disable-diagnose ec-qhvr-sc TeXGyreHeros-Regular "encqecsc ReEncodeFont" q-ec-sc.enc qhvr.pfb 1493 ec-qhvr-sc.pk
2020-09-02 15:48:22,452+0200 INFO  miktex-makepk.core - start process: gsf2pk.exe --miktex-enable-installer --miktex-disable-maintenance --miktex-disable-diagnose ec-qhvr-sc TeXGyreHeros-Regular "encqecsc ReEncodeFont" q-ec-sc.enc qhvr.pfb 1493 ec-qhvr-sc.pk
2020-09-02 15:48:24,915+0200 FATAL miktex-makepk - GSF2PK failed on qhvr.pfb.
2020-09-02 15:48:24,915+0200 FATAL miktex-makepk - GSF2PK failed on qhvr.pfb.
2020-09-02 15:48:24,915+0200 FATAL miktex-makepk - Info: 
2020-09-02 15:48:24,915+0200 FATAL miktex-makepk - Source: 
2020-09-02 15:48:24,915+0200 FATAL miktex-makepk - Line: 0
2020-09-02 15:48:24,934+0200 INFO  makepk - Running miktex-ps2pk.exe...
2020-09-02 15:48:24,934+0200 INFO  makepk - running: miktex-ps2pk.exe --miktex-enable-installer --miktex-disable-maintenance --miktex-disable-diagnose -v -X1493 -e q-ec-sc.enc qhvr.pfb ec-qhvr-sc.pk
2020-09-02 15:48:24,940+0200 INFO  miktex-makepk.core - start process: miktex-ps2pk.exe --miktex-enable-installer --miktex-disable-maintenance --miktex-disable-diagnose -v -X1493 -e q-ec-sc.enc qhvr.pfb ec-qhvr-sc.pk
2020-09-02 15:48:25,172+0200 INFO  makepk - Installing d:\d.koch\_PROG\miktex\texmfs/data\fonts/pk/modeless/public/tex-gyre/dpi1493\ec-qhvr-sc.pk...
2020-09-02 15:48:25,300+0200 INFO  miktex-makepk - this process (4636) finishes with exit code 0
2020-09-02 15:48:25,578+0200 INFO  miktex-makepk - this process (12948) started by 'pdflatex' with command line: miktex-makepk --enable-installer --verbose ec-qhvb 720 600 magstep(1.0)
2020-09-02 15:48:25,580+0200 INFO  makepk - Trying to make PK font ec-qhvb at 720 DPI...
2020-09-02 15:48:25,584+0200 INFO  makepk - The METFAONT mode is: ljfour
2020-09-02 15:48:25,590+0200 INFO  makepk - Running miktex-makemf.exe...
2020-09-02 15:48:25,590+0200 INFO  makepk - running: miktex-makemf.exe --miktex-enable-installer --miktex-disable-maintenance --miktex-disable-diagnose --verbose ec-qhvb
2020-09-02 15:48:25,632+0200 INFO  miktex-makepk.core - start process: miktex-makemf.exe --miktex-enable-installer --miktex-disable-maintenance --miktex-disable-diagnose --verbose ec-qhvb
2020-09-02 15:48:25,851+0200 INFO  makepk - Running miktex-ttf2pk.exe...
2020-09-02 15:48:25,851+0200 INFO  makepk - running: miktex-ttf2pk.exe --miktex-enable-installer --miktex-disable-maintenance --miktex-disable-diagnose -q -t ec-qhvb
2020-09-02 15:48:25,856+0200 INFO  miktex-makepk.core - start process: miktex-ttf2pk.exe --miktex-enable-installer --miktex-disable-maintenance --miktex-disable-diagnose -q -t ec-qhvb
2020-09-02 15:48:26,166+0200 INFO  makepk - Creating ec-qhvb.pk...
2020-09-02 15:48:26,166+0200 INFO  makepk - Running gsf2pk.exe...
2020-09-02 15:48:26,166+0200 INFO  makepk - running: gsf2pk.exe --miktex-enable-installer --miktex-disable-maintenance --miktex-disable-diagnose ec-qhvb TeXGyreHeros-Bold "encqec ReEncodeFont" q-ec.enc qhvb.pfb 720 ec-qhvb.pk
2020-09-02 15:48:26,207+0200 INFO  miktex-makepk.core - start process: gsf2pk.exe --miktex-enable-installer --miktex-disable-maintenance --miktex-disable-diagnose ec-qhvb TeXGyreHeros-Bold "encqec ReEncodeFont" q-ec.enc qhvb.pfb 720 ec-qhvb.pk
2020-09-02 15:48:27,785+0200 FATAL miktex-makepk - GSF2PK failed on qhvb.pfb.
2020-09-02 15:48:27,785+0200 FATAL miktex-makepk - GSF2PK failed on qhvb.pfb.
2020-09-02 15:48:27,785+0200 FATAL miktex-makepk - Info: 
2020-09-02 15:48:27,785+0200 FATAL miktex-makepk - Source: 
2020-09-02 15:48:27,785+0200 FATAL miktex-makepk - Line: 0
2020-09-02 15:48:27,805+0200 INFO  makepk - Running miktex-ps2pk.exe...
2020-09-02 15:48:27,805+0200 INFO  makepk - running: miktex-ps2pk.exe --miktex-enable-installer --miktex-disable-maintenance --miktex-disable-diagnose -v -X720 -e q-ec.enc qhvb.pfb ec-qhvb.pk
2020-09-02 15:48:27,811+0200 INFO  miktex-makepk.core - start process: miktex-ps2pk.exe --miktex-enable-installer --miktex-disable-maintenance --miktex-disable-diagnose -v -X720 -e q-ec.enc qhvb.pfb ec-qhvb.pk
2020-09-02 15:48:28,034+0200 INFO  makepk - Installing d:\d.koch\_PROG\miktex\texmfs/data\fonts/pk/modeless/public/tex-gyre/dpi720\ec-qhvb.pk...
2020-09-02 15:48:28,119+0200 INFO  miktex-makepk - this process (12948) finishes with exit code 0
