2020-09-02 15:08:09,480+0200 INFO  main - starting: MiKTeX Console 4.0 (MiKTeX 20.6.29 Portable)
2020-09-02 15:08:11,195+0200 WARN  miktex-console.packagemanager - dependancy problem: miktex-doc-2.9 is required by _miktex-packages-2.9
2020-09-02 15:08:11,477+0200 INFO  miktex-console.core - start process: initexmf --mkmaps
2020-09-02 15:08:25,492+0200 INFO  mainwindow - checking for updates...
2020-09-02 15:08:25,502+0200 INFO  miktex-console.packagemanager - searching for updateable packages
2020-09-02 15:08:25,505+0200 INFO  miktex-console.packagemanager - going to download https://api2.miktex.org/hello
2020-09-02 15:08:26,068+0200 INFO  miktex-console.packagemanager - going to download https://api2.miktex.org/repositories?&releaseState=Stable&orderBy=ranking&take=1
2020-09-02 15:08:26,246+0200 INFO  mainwindow - downloading http://ctan.tetaneutral.net/systems/win32/miktex/tm/packages/miktex-zzdb3-2.9.tar.lzma...
2020-09-02 15:08:26,247+0200 INFO  miktex-console.packagemanager - going to download http://ctan.tetaneutral.net/systems/win32/miktex/tm/packages/miktex-zzdb3-2.9.tar.lzma
2020-09-02 15:08:27,195+0200 INFO  mainwindow - 1.14 MB, 9.60 Mbit/s
2020-09-02 15:08:28,844+0200 INFO  mainwindow - updating package manifests (D:\d.koch\_PROG\miktex\texmfs\install\miktex/config\package-manifests.ini)...
2020-09-02 15:08:30,406+0200 INFO  mainwindow - installed 3818 package manifests
2020-09-02 15:08:30,407+0200 INFO  mainwindow - visiting repository http://ctan.tetaneutral.net/systems/win32/miktex/tm/packages/...
2020-09-02 15:08:30,407+0200 INFO  mainwindow - repository type: remote package repository
2020-09-02 15:08:30,408+0200 INFO  mainwindow - loading package repository manifest...
2020-09-02 15:08:30,408+0200 INFO  mainwindow - downloading http://ctan.tetaneutral.net/systems/win32/miktex/tm/packages/miktex-zzdb1-2.9.tar.lzma...
2020-09-02 15:08:30,408+0200 INFO  miktex-console.packagemanager - going to download http://ctan.tetaneutral.net/systems/win32/miktex/tm/packages/miktex-zzdb1-2.9.tar.lzma
2020-09-02 15:08:30,741+0200 INFO  mainwindow - 0.20 MB, 4.89 Mbit/s
2020-09-02 15:08:32,166+0200 WARN  miktex-console.packagemanager - dependancy problem: miktex-doc-2.9 is required by _miktex-packages-2.9
2020-09-02 15:08:34,292+0200 INFO  mainwindow - package repository digest: 2e624dea5facb5c70462f2f0ab293cbe
2020-09-02 15:08:35,049+0200 INFO  mainwindow - found 98 updates
2020-09-02 15:08:58,437+0200 INFO  mainwindow - installing updates...
2020-09-02 15:08:58,439+0200 INFO  miktex-console.packagemanager - going to download https://api2.miktex.org/repositories?&releaseState=Stable&orderBy=ranking&take=1
2020-09-02 15:08:58,771+0200 INFO  mainwindow - starting package maintenance...
2020-09-02 15:08:58,771+0200 INFO  mainwindow - installation directory: D:\d.koch\_PROG\miktex\texmfs\install
2020-09-02 15:08:58,771+0200 INFO  mainwindow - package repository: http://distrib-coffee.ipsl.jussieu.fr/pub/mirrors/ctan/systems/win32/miktex/tm/packages/
2020-09-02 15:08:59,015+0200 INFO  mainwindow - package repository digest: 2e624dea5facb5c70462f2f0ab293cbe
2020-09-02 15:08:59,016+0200 INFO  mainwindow - going to download 87816323 bytes
2020-09-02 15:08:59,016+0200 INFO  mainwindow - going to install 2460 file(s) (98 package(s))
2020-09-02 15:08:59,633+0200 INFO  miktex-console.packagemanager - installing package babel
2020-09-02 15:08:59,634+0200 INFO  mainwindow - downloading http://distrib-coffee.ipsl.jussieu.fr/pub/mirrors/ctan/systems/win32/miktex/tm/packages/babel.tar.lzma...
2020-09-02 15:08:59,634+0200 INFO  miktex-console.packagemanager - going to download http://distrib-coffee.ipsl.jussieu.fr/pub/mirrors/ctan/systems/win32/miktex/tm/packages/babel.tar.lzma
2020-09-02 15:09:01,061+0200 INFO  mainwindow - 1.63 MB, 9.13 Mbit/s
2020-09-02 15:09:01,378+0200 INFO  mainwindow - extracting files from babel.tar.lzma...
2020-09-02 15:09:05,488+0200 INFO  miktex-console.packagemanager - installing package biber-windows-x64
2020-09-02 15:09:05,489+0200 INFO  mainwindow - downloading http://distrib-coffee.ipsl.jussieu.fr/pub/mirrors/ctan/systems/win32/miktex/tm/packages/biber-windows-x64.tar.lzma...
2020-09-02 15:09:05,489+0200 INFO  miktex-console.packagemanager - going to download http://distrib-coffee.ipsl.jussieu.fr/pub/mirrors/ctan/systems/win32/miktex/tm/packages/biber-windows-x64.tar.lzma
2020-09-02 15:09:19,084+0200 INFO  mainwindow - 22.45 MB, 13.21 Mbit/s
2020-09-02 15:09:19,159+0200 INFO  mainwindow - extracting files from biber-windows-x64.tar.lzma...
2020-09-02 15:09:20,536+0200 INFO  miktex-console.packagemanager - installing package biblatex
2020-09-02 15:09:20,537+0200 INFO  mainwindow - downloading http://distrib-coffee.ipsl.jussieu.fr/pub/mirrors/ctan/systems/win32/miktex/tm/packages/biblatex.tar.lzma...
2020-09-02 15:09:20,537+0200 INFO  miktex-console.packagemanager - going to download http://distrib-coffee.ipsl.jussieu.fr/pub/mirrors/ctan/systems/win32/miktex/tm/packages/biblatex.tar.lzma
2020-09-02 15:09:22,869+0200 INFO  mainwindow - 7.41 MB, 25.44 Mbit/s
2020-09-02 15:09:23,117+0200 INFO  mainwindow - extracting files from biblatex.tar.lzma...
2020-09-02 15:09:25,538+0200 INFO  miktex-console.packagemanager - installing package etoolbox
2020-09-02 15:09:25,538+0200 INFO  mainwindow - downloading http://distrib-coffee.ipsl.jussieu.fr/pub/mirrors/ctan/systems/win32/miktex/tm/packages/etoolbox.tar.lzma...
2020-09-02 15:09:25,539+0200 INFO  miktex-console.packagemanager - going to download http://distrib-coffee.ipsl.jussieu.fr/pub/mirrors/ctan/systems/win32/miktex/tm/packages/etoolbox.tar.lzma
2020-09-02 15:09:25,807+0200 INFO  mainwindow - 0.25 MB, 7.36 Mbit/s
2020-09-02 15:09:25,842+0200 INFO  mainwindow - extracting files from etoolbox.tar.lzma...
2020-09-02 15:09:25,922+0200 INFO  miktex-console.packagemanager - installing package l3backend
2020-09-02 15:09:25,923+0200 INFO  mainwindow - downloading http://distrib-coffee.ipsl.jussieu.fr/pub/mirrors/ctan/systems/win32/miktex/tm/packages/l3backend.tar.lzma...
2020-09-02 15:09:25,923+0200 INFO  miktex-console.packagemanager - going to download http://distrib-coffee.ipsl.jussieu.fr/pub/mirrors/ctan/systems/win32/miktex/tm/packages/l3backend.tar.lzma
2020-09-02 15:09:26,024+0200 INFO  mainwindow - 0.04 MB, 3.18 Mbit/s
2020-09-02 15:09:26,074+0200 INFO  mainwindow - extracting files from l3backend.tar.lzma...
2020-09-02 15:09:26,205+0200 INFO  miktex-console.packagemanager - installing package l3kernel
2020-09-02 15:09:26,206+0200 INFO  mainwindow - downloading http://distrib-coffee.ipsl.jussieu.fr/pub/mirrors/ctan/systems/win32/miktex/tm/packages/l3kernel.tar.lzma...
2020-09-02 15:09:26,206+0200 INFO  miktex-console.packagemanager - going to download http://distrib-coffee.ipsl.jussieu.fr/pub/mirrors/ctan/systems/win32/miktex/tm/packages/l3kernel.tar.lzma
2020-09-02 15:09:28,174+0200 INFO  mainwindow - 10.61 MB, 43.12 Mbit/s
2020-09-02 15:09:28,271+0200 INFO  mainwindow - extracting files from l3kernel.tar.lzma...
2020-09-02 15:09:29,365+0200 INFO  miktex-console.packagemanager - installing package miktex-arctrl-bin-x64-2.9
2020-09-02 15:09:29,366+0200 INFO  mainwindow - downloading http://distrib-coffee.ipsl.jussieu.fr/pub/mirrors/ctan/systems/win32/miktex/tm/packages/miktex-arctrl-bin-x64-2.9.tar.lzma...
2020-09-02 15:09:29,366+0200 INFO  miktex-console.packagemanager - going to download http://distrib-coffee.ipsl.jussieu.fr/pub/mirrors/ctan/systems/win32/miktex/tm/packages/miktex-arctrl-bin-x64-2.9.tar.lzma
2020-09-02 15:09:29,565+0200 INFO  mainwindow - 0.07 MB, 2.74 Mbit/s
2020-09-02 15:09:29,599+0200 INFO  mainwindow - extracting files from miktex-arctrl-bin-x64-2.9.tar.lzma...
2020-09-02 15:09:29,659+0200 INFO  miktex-console.packagemanager - installing package miktex-asymptote-bin-x64-2.9
2020-09-02 15:09:29,660+0200 INFO  mainwindow - downloading http://distrib-coffee.ipsl.jussieu.fr/pub/mirrors/ctan/systems/win32/miktex/tm/packages/miktex-asymptote-bin-x64-2.9.tar.lzma...
2020-09-02 15:09:29,660+0200 INFO  miktex-console.packagemanager - going to download http://distrib-coffee.ipsl.jussieu.fr/pub/mirrors/ctan/systems/win32/miktex/tm/packages/miktex-asymptote-bin-x64-2.9.tar.lzma
2020-09-02 15:09:29,983+0200 INFO  mainwindow - 1.06 MB, 26.40 Mbit/s
2020-09-02 15:09:30,018+0200 INFO  mainwindow - extracting files from miktex-asymptote-bin-x64-2.9.tar.lzma...
2020-09-02 15:09:30,173+0200 INFO  miktex-console.packagemanager - installing package miktex-autosp-bin-x64-2.9
2020-09-02 15:09:30,174+0200 INFO  mainwindow - downloading http://distrib-coffee.ipsl.jussieu.fr/pub/mirrors/ctan/systems/win32/miktex/tm/packages/miktex-autosp-bin-x64-2.9.tar.lzma...
2020-09-02 15:09:30,174+0200 INFO  miktex-console.packagemanager - going to download http://distrib-coffee.ipsl.jussieu.fr/pub/mirrors/ctan/systems/win32/miktex/tm/packages/miktex-autosp-bin-x64-2.9.tar.lzma
2020-09-02 15:09:30,288+0200 INFO  mainwindow - 0.03 MB, 2.19 Mbit/s
2020-09-02 15:09:30,326+0200 INFO  mainwindow - extracting files from miktex-autosp-bin-x64-2.9.tar.lzma...
2020-09-02 15:09:30,414+0200 INFO  miktex-console.packagemanager - installing package miktex-axohelp-bin-x64-2.9
2020-09-02 15:09:30,415+0200 INFO  mainwindow - downloading http://distrib-coffee.ipsl.jussieu.fr/pub/mirrors/ctan/systems/win32/miktex/tm/packages/miktex-axohelp-bin-x64-2.9.tar.lzma...
2020-09-02 15:09:30,415+0200 INFO  miktex-console.packagemanager - going to download http://distrib-coffee.ipsl.jussieu.fr/pub/mirrors/ctan/systems/win32/miktex/tm/packages/miktex-axohelp-bin-x64-2.9.tar.lzma
2020-09-02 15:09:30,524+0200 INFO  mainwindow - 0.03 MB, 2.55 Mbit/s
2020-09-02 15:09:30,559+0200 INFO  mainwindow - extracting files from miktex-axohelp-bin-x64-2.9.tar.lzma...
2020-09-02 15:09:30,637+0200 INFO  miktex-console.packagemanager - installing package miktex-bibarts-bin-x64-2.9
2020-09-02 15:09:30,638+0200 INFO  mainwindow - downloading http://distrib-coffee.ipsl.jussieu.fr/pub/mirrors/ctan/systems/win32/miktex/tm/packages/miktex-bibarts-bin-x64-2.9.tar.lzma...
2020-09-02 15:09:30,638+0200 INFO  miktex-console.packagemanager - going to download http://distrib-coffee.ipsl.jussieu.fr/pub/mirrors/ctan/systems/win32/miktex/tm/packages/miktex-bibarts-bin-x64-2.9.tar.lzma
2020-09-02 15:09:30,753+0200 INFO  mainwindow - 0.06 MB, 4.02 Mbit/s
2020-09-02 15:09:30,776+0200 INFO  mainwindow - extracting files from miktex-bibarts-bin-x64-2.9.tar.lzma...
2020-09-02 15:09:30,833+0200 INFO  miktex-console.packagemanager - installing package miktex-bibtex-bin-x64-2.9
2020-09-02 15:09:30,834+0200 INFO  mainwindow - downloading http://distrib-coffee.ipsl.jussieu.fr/pub/mirrors/ctan/systems/win32/miktex/tm/packages/miktex-bibtex-bin-x64-2.9.tar.lzma...
2020-09-02 15:09:30,834+0200 INFO  miktex-console.packagemanager - going to download http://distrib-coffee.ipsl.jussieu.fr/pub/mirrors/ctan/systems/win32/miktex/tm/packages/miktex-bibtex-bin-x64-2.9.tar.lzma
2020-09-02 15:09:30,950+0200 INFO  mainwindow - 0.07 MB, 5.06 Mbit/s
2020-09-02 15:09:30,963+0200 INFO  mainwindow - extracting files from miktex-bibtex-bin-x64-2.9.tar.lzma...
2020-09-02 15:09:31,000+0200 INFO  miktex-console.packagemanager - installing package miktex-bibtex8bit-bin-x64-2.9
2020-09-02 15:09:31,001+0200 INFO  mainwindow - downloading http://distrib-coffee.ipsl.jussieu.fr/pub/mirrors/ctan/systems/win32/miktex/tm/packages/miktex-bibtex8bit-bin-x64-2.9.tar.lzma...
2020-09-02 15:09:31,001+0200 INFO  miktex-console.packagemanager - going to download http://distrib-coffee.ipsl.jussieu.fr/pub/mirrors/ctan/systems/win32/miktex/tm/packages/miktex-bibtex8bit-bin-x64-2.9.tar.lzma
2020-09-02 15:09:31,096+0200 INFO  mainwindow - 0.09 MB, 7.89 Mbit/s
2020-09-02 15:09:31,133+0200 INFO  mainwindow - extracting files from miktex-bibtex8bit-bin-x64-2.9.tar.lzma...
2020-09-02 15:09:31,249+0200 INFO  miktex-console.packagemanager - installing package miktex-bzip2-bin-x64-2.9
2020-09-02 15:09:31,250+0200 INFO  mainwindow - downloading http://distrib-coffee.ipsl.jussieu.fr/pub/mirrors/ctan/systems/win32/miktex/tm/packages/miktex-bzip2-bin-x64-2.9.tar.lzma...
2020-09-02 15:09:31,250+0200 INFO  miktex-console.packagemanager - going to download http://distrib-coffee.ipsl.jussieu.fr/pub/mirrors/ctan/systems/win32/miktex/tm/packages/miktex-bzip2-bin-x64-2.9.tar.lzma
2020-09-02 15:09:31,359+0200 INFO  mainwindow - 0.03 MB, 2.31 Mbit/s
2020-09-02 15:09:31,393+0200 INFO  mainwindow - extracting files from miktex-bzip2-bin-x64-2.9.tar.lzma...
2020-09-02 15:09:31,942+0200 INFO  miktex-console.packagemanager - installing package miktex-cairo-bin-x64-2.9
2020-09-02 15:09:31,945+0200 INFO  mainwindow - downloading http://distrib-coffee.ipsl.jussieu.fr/pub/mirrors/ctan/systems/win32/miktex/tm/packages/miktex-cairo-bin-x64-2.9.tar.lzma...
2020-09-02 15:09:31,945+0200 INFO  miktex-console.packagemanager - going to download http://distrib-coffee.ipsl.jussieu.fr/pub/mirrors/ctan/systems/win32/miktex/tm/packages/miktex-cairo-bin-x64-2.9.tar.lzma
2020-09-02 15:09:32,204+0200 INFO  mainwindow - 0.39 MB, 12.21 Mbit/s
2020-09-02 15:09:32,232+0200 INFO  mainwindow - extracting files from miktex-cairo-bin-x64-2.9.tar.lzma...
2020-09-02 15:09:32,577+0200 INFO  miktex-console.packagemanager - installing package miktex-chktex-bin-x64-2.9
2020-09-02 15:09:32,579+0200 INFO  mainwindow - downloading http://distrib-coffee.ipsl.jussieu.fr/pub/mirrors/ctan/systems/win32/miktex/tm/packages/miktex-chktex-bin-x64-2.9.tar.lzma...
2020-09-02 15:09:32,579+0200 INFO  miktex-console.packagemanager - going to download http://distrib-coffee.ipsl.jussieu.fr/pub/mirrors/ctan/systems/win32/miktex/tm/packages/miktex-chktex-bin-x64-2.9.tar.lzma
2020-09-02 15:09:32,721+0200 INFO  mainwindow - 0.04 MB, 2.08 Mbit/s
2020-09-02 15:09:32,755+0200 INFO  mainwindow - extracting files from miktex-chktex-bin-x64-2.9.tar.lzma...
2020-09-02 15:09:32,831+0200 INFO  miktex-console.packagemanager - installing package miktex-cjkutils-bin-x64-2.9
2020-09-02 15:09:32,831+0200 INFO  mainwindow - downloading http://distrib-coffee.ipsl.jussieu.fr/pub/mirrors/ctan/systems/win32/miktex/tm/packages/miktex-cjkutils-bin-x64-2.9.tar.lzma...
2020-09-02 15:09:32,832+0200 INFO  miktex-console.packagemanager - going to download http://distrib-coffee.ipsl.jussieu.fr/pub/mirrors/ctan/systems/win32/miktex/tm/packages/miktex-cjkutils-bin-x64-2.9.tar.lzma
2020-09-02 15:09:32,959+0200 INFO  mainwindow - 0.08 MB, 5.04 Mbit/s
2020-09-02 15:09:32,995+0200 INFO  mainwindow - extracting files from miktex-cjkutils-bin-x64-2.9.tar.lzma...
2020-09-02 15:09:33,145+0200 INFO  miktex-console.packagemanager - installing package miktex-config-2.9
2020-09-02 15:09:33,146+0200 INFO  mainwindow - downloading http://distrib-coffee.ipsl.jussieu.fr/pub/mirrors/ctan/systems/win32/miktex/tm/packages/miktex-config-2.9.tar.lzma...
2020-09-02 15:09:33,146+0200 INFO  miktex-console.packagemanager - going to download http://distrib-coffee.ipsl.jussieu.fr/pub/mirrors/ctan/systems/win32/miktex/tm/packages/miktex-config-2.9.tar.lzma
2020-09-02 15:09:33,222+0200 INFO  mainwindow - 0.00 MB, 0.50 Mbit/s
2020-09-02 15:09:33,288+0200 INFO  mainwindow - extracting files from miktex-config-2.9.tar.lzma...
2020-09-02 15:09:33,587+0200 INFO  miktex-console.packagemanager - installing package miktex-console-bin-x64-2.9
2020-09-02 15:09:33,588+0200 INFO  mainwindow - downloading http://distrib-coffee.ipsl.jussieu.fr/pub/mirrors/ctan/systems/win32/miktex/tm/packages/miktex-console-bin-x64-2.9.tar.lzma...
2020-09-02 15:09:33,588+0200 INFO  miktex-console.packagemanager - going to download http://distrib-coffee.ipsl.jussieu.fr/pub/mirrors/ctan/systems/win32/miktex/tm/packages/miktex-console-bin-x64-2.9.tar.lzma
2020-09-02 15:09:33,788+0200 INFO  mainwindow - 0.22 MB, 9.01 Mbit/s
2020-09-02 15:09:33,791+0200 ERROR miktex-console.core - Access is denied.

2020-09-02 15:09:33,791+0200 ERROR miktex-console.core - Function: DeleteFileW
2020-09-02 15:09:33,791+0200 ERROR miktex-console.core - Result: 5
2020-09-02 15:09:33,791+0200 ERROR miktex-console.core - Data: path="D:\d.koch\_PROG\miktex\texmfs\install\miktex\bin\x64\miktex-console.exe"
2020-09-02 15:09:33,791+0200 ERROR miktex-console.core - Source: Libraries\MiKTeX\Core\File\win\winFile.cpp:326
2020-09-02 15:09:33,810+0200 INFO  mainwindow - extracting files from miktex-console-bin-x64-2.9.tar.lzma...
2020-09-02 15:09:33,878+0200 INFO  miktex-console.packagemanager - installing package miktex-curl-bin-x64-2.9
2020-09-02 15:09:33,879+0200 INFO  mainwindow - downloading http://distrib-coffee.ipsl.jussieu.fr/pub/mirrors/ctan/systems/win32/miktex/tm/packages/miktex-curl-bin-x64-2.9.tar.lzma...
2020-09-02 15:09:33,879+0200 INFO  miktex-console.packagemanager - going to download http://distrib-coffee.ipsl.jussieu.fr/pub/mirrors/ctan/systems/win32/miktex/tm/packages/miktex-curl-bin-x64-2.9.tar.lzma
2020-09-02 15:09:34,025+0200 INFO  mainwindow - 0.18 MB, 10.18 Mbit/s
2020-09-02 15:09:34,032+0200 ERROR miktex-console.core - Access is denied.

2020-09-02 15:09:34,032+0200 ERROR miktex-console.core - Function: DeleteFileW
2020-09-02 15:09:34,032+0200 ERROR miktex-console.core - Result: 5
2020-09-02 15:09:34,032+0200 ERROR miktex-console.core - Data: path="D:\d.koch\_PROG\miktex\texmfs\install\miktex\bin\x64\MiKTeX200629-curl.dll"
2020-09-02 15:09:34,032+0200 ERROR miktex-console.core - Source: Libraries\MiKTeX\Core\File\win\winFile.cpp:326
2020-09-02 15:09:34,067+0200 INFO  mainwindow - extracting files from miktex-curl-bin-x64-2.9.tar.lzma...
2020-09-02 15:09:34,535+0200 INFO  miktex-console.packagemanager - installing package miktex-cweb-bin-x64-2.9
2020-09-02 15:09:34,538+0200 INFO  mainwindow - downloading http://distrib-coffee.ipsl.jussieu.fr/pub/mirrors/ctan/systems/win32/miktex/tm/packages/miktex-cweb-bin-x64-2.9.tar.lzma...
2020-09-02 15:09:34,538+0200 INFO  miktex-console.packagemanager - going to download http://distrib-coffee.ipsl.jussieu.fr/pub/mirrors/ctan/systems/win32/miktex/tm/packages/miktex-cweb-bin-x64-2.9.tar.lzma
2020-09-02 15:09:34,675+0200 INFO  mainwindow - 0.06 MB, 3.50 Mbit/s
2020-09-02 15:09:34,700+0200 INFO  mainwindow - extracting files from miktex-cweb-bin-x64-2.9.tar.lzma...
2020-09-02 15:09:34,791+0200 INFO  miktex-console.packagemanager - installing package miktex-devnag-bin-x64-2.9
2020-09-02 15:09:34,792+0200 INFO  mainwindow - downloading http://distrib-coffee.ipsl.jussieu.fr/pub/mirrors/ctan/systems/win32/miktex/tm/packages/miktex-devnag-bin-x64-2.9.tar.lzma...
2020-09-02 15:09:34,792+0200 INFO  miktex-console.packagemanager - going to download http://distrib-coffee.ipsl.jussieu.fr/pub/mirrors/ctan/systems/win32/miktex/tm/packages/miktex-devnag-bin-x64-2.9.tar.lzma
2020-09-02 15:09:34,895+0200 INFO  mainwindow - 0.02 MB, 1.80 Mbit/s
2020-09-02 15:09:34,929+0200 INFO  mainwindow - extracting files from miktex-devnag-bin-x64-2.9.tar.lzma...
2020-09-02 15:09:35,012+0200 INFO  miktex-console.packagemanager - installing package miktex-dvicopy-bin-x64-2.9
2020-09-02 15:09:35,014+0200 INFO  mainwindow - downloading http://distrib-coffee.ipsl.jussieu.fr/pub/mirrors/ctan/systems/win32/miktex/tm/packages/miktex-dvicopy-bin-x64-2.9.tar.lzma...
2020-09-02 15:09:35,014+0200 INFO  miktex-console.packagemanager - going to download http://distrib-coffee.ipsl.jussieu.fr/pub/mirrors/ctan/systems/win32/miktex/tm/packages/miktex-dvicopy-bin-x64-2.9.tar.lzma
2020-09-02 15:09:35,251+0200 INFO  mainwindow - 0.05 MB, 1.73 Mbit/s
2020-09-02 15:09:35,285+0200 INFO  mainwindow - extracting files from miktex-dvicopy-bin-x64-2.9.tar.lzma...
2020-09-02 15:09:35,367+0200 INFO  miktex-console.packagemanager - installing package miktex-dvipdfmx-bin-x64-2.9
2020-09-02 15:09:35,369+0200 INFO  mainwindow - downloading http://distrib-coffee.ipsl.jussieu.fr/pub/mirrors/ctan/systems/win32/miktex/tm/packages/miktex-dvipdfmx-bin-x64-2.9.tar.lzma...
2020-09-02 15:09:35,369+0200 INFO  miktex-console.packagemanager - going to download http://distrib-coffee.ipsl.jussieu.fr/pub/mirrors/ctan/systems/win32/miktex/tm/packages/miktex-dvipdfmx-bin-x64-2.9.tar.lzma
2020-09-02 15:09:35,657+0200 INFO  mainwindow - 0.31 MB, 8.66 Mbit/s
2020-09-02 15:09:35,697+0200 INFO  mainwindow - extracting files from miktex-dvipdfmx-bin-x64-2.9.tar.lzma...
2020-09-02 15:09:35,825+0200 INFO  miktex-console.packagemanager - installing package miktex-dvipng-bin-x64-2.9
2020-09-02 15:09:35,827+0200 INFO  mainwindow - downloading http://distrib-coffee.ipsl.jussieu.fr/pub/mirrors/ctan/systems/win32/miktex/tm/packages/miktex-dvipng-bin-x64-2.9.tar.lzma...
2020-09-02 15:09:35,827+0200 INFO  miktex-console.packagemanager - going to download http://distrib-coffee.ipsl.jussieu.fr/pub/mirrors/ctan/systems/win32/miktex/tm/packages/miktex-dvipng-bin-x64-2.9.tar.lzma
2020-09-02 15:09:36,027+0200 INFO  mainwindow - 0.04 MB, 1.82 Mbit/s
2020-09-02 15:09:36,050+0200 INFO  mainwindow - extracting files from miktex-dvipng-bin-x64-2.9.tar.lzma...
2020-09-02 15:09:36,124+0200 INFO  miktex-console.packagemanager - installing package miktex-dvips-bin-x64-2.9
2020-09-02 15:09:36,125+0200 INFO  mainwindow - downloading http://distrib-coffee.ipsl.jussieu.fr/pub/mirrors/ctan/systems/win32/miktex/tm/packages/miktex-dvips-bin-x64-2.9.tar.lzma...
2020-09-02 15:09:36,125+0200 INFO  miktex-console.packagemanager - going to download http://distrib-coffee.ipsl.jussieu.fr/pub/mirrors/ctan/systems/win32/miktex/tm/packages/miktex-dvips-bin-x64-2.9.tar.lzma
2020-09-02 15:09:36,418+0200 INFO  mainwindow - 0.13 MB, 3.56 Mbit/s
2020-09-02 15:09:36,455+0200 INFO  mainwindow - extracting files from miktex-dvips-bin-x64-2.9.tar.lzma...
2020-09-02 15:09:36,538+0200 INFO  miktex-console.packagemanager - installing package miktex-dvisvgm-bin-x64-2.9
2020-09-02 15:09:36,539+0200 INFO  mainwindow - downloading http://distrib-coffee.ipsl.jussieu.fr/pub/mirrors/ctan/systems/win32/miktex/tm/packages/miktex-dvisvgm-bin-x64-2.9.tar.lzma...
2020-09-02 15:09:36,539+0200 INFO  miktex-console.packagemanager - going to download http://distrib-coffee.ipsl.jussieu.fr/pub/mirrors/ctan/systems/win32/miktex/tm/packages/miktex-dvisvgm-bin-x64-2.9.tar.lzma
2020-09-02 15:09:37,466+0200 INFO  mainwindow - 1.40 MB, 12.08 Mbit/s
2020-09-02 15:09:37,508+0200 INFO  mainwindow - extracting files from miktex-dvisvgm-bin-x64-2.9.tar.lzma...
2020-09-02 15:09:37,650+0200 INFO  miktex-console.packagemanager - installing package miktex-epstopdf-bin-x64-2.9
2020-09-02 15:09:37,651+0200 INFO  mainwindow - downloading http://distrib-coffee.ipsl.jussieu.fr/pub/mirrors/ctan/systems/win32/miktex/tm/packages/miktex-epstopdf-bin-x64-2.9.tar.lzma...
2020-09-02 15:09:37,651+0200 INFO  miktex-console.packagemanager - going to download http://distrib-coffee.ipsl.jussieu.fr/pub/mirrors/ctan/systems/win32/miktex/tm/packages/miktex-epstopdf-bin-x64-2.9.tar.lzma
2020-09-02 15:09:37,850+0200 INFO  mainwindow - 0.11 MB, 4.41 Mbit/s
2020-09-02 15:09:37,872+0200 INFO  mainwindow - extracting files from miktex-epstopdf-bin-x64-2.9.tar.lzma...
2020-09-02 15:09:37,920+0200 INFO  miktex-console.packagemanager - installing package miktex-expat-bin-x64-2.9
2020-09-02 15:09:37,921+0200 INFO  mainwindow - downloading http://distrib-coffee.ipsl.jussieu.fr/pub/mirrors/ctan/systems/win32/miktex/tm/packages/miktex-expat-bin-x64-2.9.tar.lzma...
2020-09-02 15:09:37,921+0200 INFO  miktex-console.packagemanager - going to download http://distrib-coffee.ipsl.jussieu.fr/pub/mirrors/ctan/systems/win32/miktex/tm/packages/miktex-expat-bin-x64-2.9.tar.lzma
2020-09-02 15:09:38,124+0200 INFO  mainwindow - 0.05 MB, 1.90 Mbit/s
2020-09-02 15:09:38,129+0200 ERROR miktex-console.core - Access is denied.

2020-09-02 15:09:38,129+0200 ERROR miktex-console.core - Function: DeleteFileW
2020-09-02 15:09:38,129+0200 ERROR miktex-console.core - Result: 5
2020-09-02 15:09:38,129+0200 ERROR miktex-console.core - Data: path="D:\d.koch\_PROG\miktex\texmfs\install\miktex\bin\x64\MiKTeX200629-expat.dll"
2020-09-02 15:09:38,129+0200 ERROR miktex-console.core - Source: Libraries\MiKTeX\Core\File\win\winFile.cpp:326
2020-09-02 15:09:38,164+0200 INFO  mainwindow - extracting files from miktex-expat-bin-x64-2.9.tar.lzma...
2020-09-02 15:09:38,461+0200 INFO  miktex-console.packagemanager - installing package miktex-findtexmf-bin-x64-2.9
2020-09-02 15:09:38,464+0200 INFO  mainwindow - downloading http://distrib-coffee.ipsl.jussieu.fr/pub/mirrors/ctan/systems/win32/miktex/tm/packages/miktex-findtexmf-bin-x64-2.9.tar.lzma...
2020-09-02 15:09:38,464+0200 INFO  miktex-console.packagemanager - going to download http://distrib-coffee.ipsl.jussieu.fr/pub/mirrors/ctan/systems/win32/miktex/tm/packages/miktex-findtexmf-bin-x64-2.9.tar.lzma
2020-09-02 15:09:38,675+0200 INFO  mainwindow - 0.05 MB, 1.97 Mbit/s
2020-09-02 15:09:38,707+0200 INFO  mainwindow - extracting files from miktex-findtexmf-bin-x64-2.9.tar.lzma...
2020-09-02 15:09:38,789+0200 INFO  miktex-console.packagemanager - installing package miktex-fmt-bin-x64-2.9
2020-09-02 15:09:38,790+0200 INFO  mainwindow - downloading http://distrib-coffee.ipsl.jussieu.fr/pub/mirrors/ctan/systems/win32/miktex/tm/packages/miktex-fmt-bin-x64-2.9.tar.lzma...
2020-09-02 15:09:38,790+0200 INFO  miktex-console.packagemanager - going to download http://distrib-coffee.ipsl.jussieu.fr/pub/mirrors/ctan/systems/win32/miktex/tm/packages/miktex-fmt-bin-x64-2.9.tar.lzma
2020-09-02 15:09:38,936+0200 INFO  mainwindow - 0.06 MB, 3.48 Mbit/s
2020-09-02 15:09:38,942+0200 ERROR miktex-console.core - Access is denied.

2020-09-02 15:09:38,942+0200 ERROR miktex-console.core - Function: DeleteFileW
2020-09-02 15:09:38,942+0200 ERROR miktex-console.core - Result: 5
2020-09-02 15:09:38,942+0200 ERROR miktex-console.core - Data: path="D:\d.koch\_PROG\miktex\texmfs\install\miktex\bin\x64\MiKTeX200629-fmt.dll"
2020-09-02 15:09:38,942+0200 ERROR miktex-console.core - Source: Libraries\MiKTeX\Core\File\win\winFile.cpp:326
2020-09-02 15:09:38,983+0200 INFO  mainwindow - extracting files from miktex-fmt-bin-x64-2.9.tar.lzma...
2020-09-02 15:09:39,230+0200 INFO  miktex-console.packagemanager - installing package miktex-fontconfig-bin-x64-2.9
2020-09-02 15:09:39,233+0200 INFO  mainwindow - downloading http://distrib-coffee.ipsl.jussieu.fr/pub/mirrors/ctan/systems/win32/miktex/tm/packages/miktex-fontconfig-bin-x64-2.9.tar.lzma...
2020-09-02 15:09:39,234+0200 INFO  miktex-console.packagemanager - going to download http://distrib-coffee.ipsl.jussieu.fr/pub/mirrors/ctan/systems/win32/miktex/tm/packages/miktex-fontconfig-bin-x64-2.9.tar.lzma
2020-09-02 15:09:39,493+0200 INFO  mainwindow - 0.15 MB, 4.71 Mbit/s
2020-09-02 15:09:39,545+0200 INFO  mainwindow - extracting files from miktex-fontconfig-bin-x64-2.9.tar.lzma...
2020-09-02 15:09:39,970+0200 INFO  miktex-console.packagemanager - installing package miktex-fonts-bin-x64-2.9
2020-09-02 15:09:39,973+0200 INFO  mainwindow - downloading http://distrib-coffee.ipsl.jussieu.fr/pub/mirrors/ctan/systems/win32/miktex/tm/packages/miktex-fonts-bin-x64-2.9.tar.lzma...
2020-09-02 15:09:39,973+0200 INFO  miktex-console.packagemanager - going to download http://distrib-coffee.ipsl.jussieu.fr/pub/mirrors/ctan/systems/win32/miktex/tm/packages/miktex-fonts-bin-x64-2.9.tar.lzma
2020-09-02 15:09:40,174+0200 INFO  mainwindow - 0.08 MB, 3.11 Mbit/s
2020-09-02 15:09:40,207+0200 INFO  mainwindow - extracting files from miktex-fonts-bin-x64-2.9.tar.lzma...
2020-09-02 15:09:40,283+0200 INFO  miktex-console.packagemanager - installing package miktex-freeglut-bin-x64-2.9
2020-09-02 15:09:40,284+0200 INFO  mainwindow - downloading http://distrib-coffee.ipsl.jussieu.fr/pub/mirrors/ctan/systems/win32/miktex/tm/packages/miktex-freeglut-bin-x64-2.9.tar.lzma...
2020-09-02 15:09:40,284+0200 INFO  miktex-console.packagemanager - going to download http://distrib-coffee.ipsl.jussieu.fr/pub/mirrors/ctan/systems/win32/miktex/tm/packages/miktex-freeglut-bin-x64-2.9.tar.lzma
2020-09-02 15:09:40,373+0200 INFO  mainwindow - 0.08 MB, 6.97 Mbit/s
2020-09-02 15:09:40,398+0200 INFO  mainwindow - extracting files from miktex-freeglut-bin-x64-2.9.tar.lzma...
2020-09-02 15:09:40,736+0200 INFO  miktex-console.packagemanager - installing package miktex-freetype2-bin-x64-2.9
2020-09-02 15:09:40,739+0200 INFO  mainwindow - downloading http://distrib-coffee.ipsl.jussieu.fr/pub/mirrors/ctan/systems/win32/miktex/tm/packages/miktex-freetype2-bin-x64-2.9.tar.lzma...
2020-09-02 15:09:40,740+0200 INFO  miktex-console.packagemanager - going to download http://distrib-coffee.ipsl.jussieu.fr/pub/mirrors/ctan/systems/win32/miktex/tm/packages/miktex-freetype2-bin-x64-2.9.tar.lzma
2020-09-02 15:09:40,956+0200 INFO  mainwindow - 0.28 MB, 10.53 Mbit/s
2020-09-02 15:09:40,989+0200 INFO  mainwindow - extracting files from miktex-freetype2-bin-x64-2.9.tar.lzma...
2020-09-02 15:09:41,295+0200 INFO  miktex-console.packagemanager - installing package miktex-fribidixetex-bin-x64-2.9
2020-09-02 15:09:41,298+0200 INFO  mainwindow - downloading http://distrib-coffee.ipsl.jussieu.fr/pub/mirrors/ctan/systems/win32/miktex/tm/packages/miktex-fribidixetex-bin-x64-2.9.tar.lzma...
2020-09-02 15:09:41,298+0200 INFO  miktex-console.packagemanager - going to download http://distrib-coffee.ipsl.jussieu.fr/pub/mirrors/ctan/systems/win32/miktex/tm/packages/miktex-fribidixetex-bin-x64-2.9.tar.lzma
2020-09-02 15:09:41,407+0200 INFO  mainwindow - 0.03 MB, 2.19 Mbit/s
2020-09-02 15:09:41,438+0200 INFO  mainwindow - extracting files from miktex-fribidixetex-bin-x64-2.9.tar.lzma...
2020-09-02 15:09:41,493+0200 INFO  miktex-console.packagemanager - installing package miktex-gd-bin-x64-2.9
2020-09-02 15:09:41,494+0200 INFO  mainwindow - downloading http://distrib-coffee.ipsl.jussieu.fr/pub/mirrors/ctan/systems/win32/miktex/tm/packages/miktex-gd-bin-x64-2.9.tar.lzma...
2020-09-02 15:09:41,494+0200 INFO  miktex-console.packagemanager - going to download http://distrib-coffee.ipsl.jussieu.fr/pub/mirrors/ctan/systems/win32/miktex/tm/packages/miktex-gd-bin-x64-2.9.tar.lzma
2020-09-02 15:09:41,618+0200 INFO  mainwindow - 0.12 MB, 7.60 Mbit/s
2020-09-02 15:09:41,649+0200 INFO  mainwindow - extracting files from miktex-gd-bin-x64-2.9.tar.lzma...
2020-09-02 15:09:41,962+0200 INFO  miktex-console.packagemanager - installing package miktex-graphite2-bin-x64-2.9
2020-09-02 15:09:41,965+0200 INFO  mainwindow - downloading http://distrib-coffee.ipsl.jussieu.fr/pub/mirrors/ctan/systems/win32/miktex/tm/packages/miktex-graphite2-bin-x64-2.9.tar.lzma...
2020-09-02 15:09:41,965+0200 INFO  miktex-console.packagemanager - going to download http://distrib-coffee.ipsl.jussieu.fr/pub/mirrors/ctan/systems/win32/miktex/tm/packages/miktex-graphite2-bin-x64-2.9.tar.lzma
2020-09-02 15:09:42,071+0200 INFO  mainwindow - 0.07 MB, 5.63 Mbit/s
2020-09-02 15:09:42,086+0200 INFO  mainwindow - extracting files from miktex-graphite2-bin-x64-2.9.tar.lzma...
2020-09-02 15:09:42,320+0200 INFO  miktex-console.packagemanager - installing package miktex-gregorio-bin-x64-2.9
2020-09-02 15:09:42,323+0200 INFO  mainwindow - downloading http://distrib-coffee.ipsl.jussieu.fr/pub/mirrors/ctan/systems/win32/miktex/tm/packages/miktex-gregorio-bin-x64-2.9.tar.lzma...
2020-09-02 15:09:42,324+0200 INFO  miktex-console.packagemanager - going to download http://distrib-coffee.ipsl.jussieu.fr/pub/mirrors/ctan/systems/win32/miktex/tm/packages/miktex-gregorio-bin-x64-2.9.tar.lzma
2020-09-02 15:09:42,433+0200 INFO  mainwindow - 0.11 MB, 8.42 Mbit/s
2020-09-02 15:09:42,463+0200 INFO  mainwindow - extracting files from miktex-gregorio-bin-x64-2.9.tar.lzma...
2020-09-02 15:09:42,572+0200 INFO  miktex-console.packagemanager - installing package miktex-gsf2pk-bin-x64-2.9
2020-09-02 15:09:42,573+0200 INFO  mainwindow - downloading http://distrib-coffee.ipsl.jussieu.fr/pub/mirrors/ctan/systems/win32/miktex/tm/packages/miktex-gsf2pk-bin-x64-2.9.tar.lzma...
2020-09-02 15:09:42,573+0200 INFO  miktex-console.packagemanager - going to download http://distrib-coffee.ipsl.jussieu.fr/pub/mirrors/ctan/systems/win32/miktex/tm/packages/miktex-gsf2pk-bin-x64-2.9.tar.lzma
2020-09-02 15:09:42,675+0200 INFO  mainwindow - 0.07 MB, 5.20 Mbit/s
2020-09-02 15:09:42,711+0200 INFO  mainwindow - extracting files from miktex-gsf2pk-bin-x64-2.9.tar.lzma...
2020-09-02 15:09:42,810+0200 INFO  miktex-console.packagemanager - installing package miktex-harfbuzz-bin-x64-2.9
2020-09-02 15:09:42,811+0200 INFO  mainwindow - downloading http://distrib-coffee.ipsl.jussieu.fr/pub/mirrors/ctan/systems/win32/miktex/tm/packages/miktex-harfbuzz-bin-x64-2.9.tar.lzma...
2020-09-02 15:09:42,811+0200 INFO  miktex-console.packagemanager - going to download http://distrib-coffee.ipsl.jussieu.fr/pub/mirrors/ctan/systems/win32/miktex/tm/packages/miktex-harfbuzz-bin-x64-2.9.tar.lzma
2020-09-02 15:09:42,994+0200 INFO  mainwindow - 0.55 MB, 24.10 Mbit/s
2020-09-02 15:09:43,029+0200 INFO  mainwindow - extracting files from miktex-harfbuzz-bin-x64-2.9.tar.lzma...
2020-09-02 15:09:43,329+0200 INFO  miktex-console.packagemanager - installing package miktex-hunspell-bin-x64-2.9
2020-09-02 15:09:43,332+0200 INFO  mainwindow - downloading http://distrib-coffee.ipsl.jussieu.fr/pub/mirrors/ctan/systems/win32/miktex/tm/packages/miktex-hunspell-bin-x64-2.9.tar.lzma...
2020-09-02 15:09:43,332+0200 INFO  miktex-console.packagemanager - going to download http://distrib-coffee.ipsl.jussieu.fr/pub/mirrors/ctan/systems/win32/miktex/tm/packages/miktex-hunspell-bin-x64-2.9.tar.lzma
2020-09-02 15:09:43,453+0200 INFO  mainwindow - 0.15 MB, 10.37 Mbit/s
2020-09-02 15:09:43,490+0200 INFO  mainwindow - extracting files from miktex-hunspell-bin-x64-2.9.tar.lzma...
2020-09-02 15:09:43,803+0200 INFO  miktex-console.packagemanager - installing package miktex-jpeg-bin-x64-2.9
2020-09-02 15:09:43,806+0200 INFO  mainwindow - downloading http://distrib-coffee.ipsl.jussieu.fr/pub/mirrors/ctan/systems/win32/miktex/tm/packages/miktex-jpeg-bin-x64-2.9.tar.lzma...
2020-09-02 15:09:43,807+0200 INFO  miktex-console.packagemanager - going to download http://distrib-coffee.ipsl.jussieu.fr/pub/mirrors/ctan/systems/win32/miktex/tm/packages/miktex-jpeg-bin-x64-2.9.tar.lzma
2020-09-02 15:09:43,939+0200 INFO  mainwindow - 0.11 MB, 6.70 Mbit/s
2020-09-02 15:09:43,976+0200 INFO  mainwindow - extracting files from miktex-jpeg-bin-x64-2.9.tar.lzma...
2020-09-02 15:09:44,295+0200 INFO  miktex-console.packagemanager - installing package miktex-kpathsea-bin-x64-2.9
2020-09-02 15:09:44,298+0200 INFO  mainwindow - downloading http://distrib-coffee.ipsl.jussieu.fr/pub/mirrors/ctan/systems/win32/miktex/tm/packages/miktex-kpathsea-bin-x64-2.9.tar.lzma...
2020-09-02 15:09:44,299+0200 INFO  miktex-console.packagemanager - going to download http://distrib-coffee.ipsl.jussieu.fr/pub/mirrors/ctan/systems/win32/miktex/tm/packages/miktex-kpathsea-bin-x64-2.9.tar.lzma
2020-09-02 15:09:44,382+0200 INFO  mainwindow - 0.02 MB, 1.74 Mbit/s
2020-09-02 15:09:44,412+0200 INFO  mainwindow - extracting files from miktex-kpathsea-bin-x64-2.9.tar.lzma...
2020-09-02 15:09:44,488+0200 INFO  miktex-console.packagemanager - installing package miktex-lacheck-bin-x64-2.9
2020-09-02 15:09:44,489+0200 INFO  mainwindow - downloading http://distrib-coffee.ipsl.jussieu.fr/pub/mirrors/ctan/systems/win32/miktex/tm/packages/miktex-lacheck-bin-x64-2.9.tar.lzma...
2020-09-02 15:09:44,489+0200 INFO  miktex-console.packagemanager - going to download http://distrib-coffee.ipsl.jussieu.fr/pub/mirrors/ctan/systems/win32/miktex/tm/packages/miktex-lacheck-bin-x64-2.9.tar.lzma
2020-09-02 15:09:44,575+0200 INFO  mainwindow - 0.03 MB, 2.79 Mbit/s
2020-09-02 15:09:44,611+0200 INFO  mainwindow - extracting files from miktex-lacheck-bin-x64-2.9.tar.lzma...
2020-09-02 15:09:44,684+0200 INFO  miktex-console.packagemanager - installing package miktex-lcdf-typetools-bin-x64-2.9
2020-09-02 15:09:44,685+0200 INFO  mainwindow - downloading http://distrib-coffee.ipsl.jussieu.fr/pub/mirrors/ctan/systems/win32/miktex/tm/packages/miktex-lcdf-typetools-bin-x64-2.9.tar.lzma...
2020-09-02 15:09:44,685+0200 INFO  miktex-console.packagemanager - going to download http://distrib-coffee.ipsl.jussieu.fr/pub/mirrors/ctan/systems/win32/miktex/tm/packages/miktex-lcdf-typetools-bin-x64-2.9.tar.lzma
2020-09-02 15:09:44,972+0200 INFO  mainwindow - 0.68 MB, 18.87 Mbit/s
2020-09-02 15:09:44,987+0200 INFO  mainwindow - extracting files from miktex-lcdf-typetools-bin-x64-2.9.tar.lzma...
2020-09-02 15:09:45,238+0200 INFO  miktex-console.packagemanager - installing package miktex-libressl-bin-x64-2.9
2020-09-02 15:09:45,239+0200 INFO  mainwindow - downloading http://distrib-coffee.ipsl.jussieu.fr/pub/mirrors/ctan/systems/win32/miktex/tm/packages/miktex-libressl-bin-x64-2.9.tar.lzma...
2020-09-02 15:09:45,239+0200 INFO  miktex-console.packagemanager - going to download http://distrib-coffee.ipsl.jussieu.fr/pub/mirrors/ctan/systems/win32/miktex/tm/packages/miktex-libressl-bin-x64-2.9.tar.lzma
2020-09-02 15:09:45,457+0200 INFO  mainwindow - 0.56 MB, 20.75 Mbit/s
2020-09-02 15:09:45,467+0200 ERROR miktex-console.core - Access is denied.

2020-09-02 15:09:45,467+0200 ERROR miktex-console.core - Function: DeleteFileW
2020-09-02 15:09:45,467+0200 ERROR miktex-console.core - Result: 5
2020-09-02 15:09:45,467+0200 ERROR miktex-console.core - Data: path="D:\d.koch\_PROG\miktex\texmfs\install\miktex\bin\x64\MiKTeX200629-libressl-crypto.dll"
2020-09-02 15:09:45,467+0200 ERROR miktex-console.core - Source: Libraries\MiKTeX\Core\File\win\winFile.cpp:326
2020-09-02 15:09:45,493+0200 INFO  mainwindow - extracting files from miktex-libressl-bin-x64-2.9.tar.lzma...
2020-09-02 15:09:45,770+0200 INFO  miktex-console.packagemanager - installing package miktex-log4cxx-bin-x64-2.9
2020-09-02 15:09:45,773+0200 INFO  mainwindow - downloading http://distrib-coffee.ipsl.jussieu.fr/pub/mirrors/ctan/systems/win32/miktex/tm/packages/miktex-log4cxx-bin-x64-2.9.tar.lzma...
2020-09-02 15:09:45,774+0200 INFO  miktex-console.packagemanager - going to download http://distrib-coffee.ipsl.jussieu.fr/pub/mirrors/ctan/systems/win32/miktex/tm/packages/miktex-log4cxx-bin-x64-2.9.tar.lzma
2020-09-02 15:09:45,997+0200 INFO  mainwindow - 0.58 MB, 21.06 Mbit/s
2020-09-02 15:09:46,007+0200 ERROR miktex-console.core - Access is denied.

2020-09-02 15:09:46,008+0200 ERROR miktex-console.core - Function: DeleteFileW
2020-09-02 15:09:46,008+0200 ERROR miktex-console.core - Result: 5
2020-09-02 15:09:46,008+0200 ERROR miktex-console.core - Data: path="D:\d.koch\_PROG\miktex\texmfs\install\miktex\bin\x64\MiKTeX200629-apr.dll"
2020-09-02 15:09:46,008+0200 ERROR miktex-console.core - Source: Libraries\MiKTeX\Core\File\win\winFile.cpp:326
2020-09-02 15:09:46,021+0200 ERROR miktex-console.core - Access is denied.

2020-09-02 15:09:46,022+0200 ERROR miktex-console.core - Function: DeleteFileW
2020-09-02 15:09:46,022+0200 ERROR miktex-console.core - Result: 5
2020-09-02 15:09:46,022+0200 ERROR miktex-console.core - Data: path="D:\d.koch\_PROG\miktex\texmfs\install\miktex\bin\x64\MiKTeX200629-aprutil.dll"
2020-09-02 15:09:46,022+0200 ERROR miktex-console.core - Source: Libraries\MiKTeX\Core\File\win\winFile.cpp:326
2020-09-02 15:09:46,026+0200 ERROR miktex-console.core - Access is denied.

2020-09-02 15:09:46,026+0200 ERROR miktex-console.core - Function: DeleteFileW
2020-09-02 15:09:46,026+0200 ERROR miktex-console.core - Result: 5
2020-09-02 15:09:46,026+0200 ERROR miktex-console.core - Data: path="D:\d.koch\_PROG\miktex\texmfs\install\miktex\bin\x64\MiKTeX200629-log4cxx.dll"
2020-09-02 15:09:46,026+0200 ERROR miktex-console.core - Source: Libraries\MiKTeX\Core\File\win\winFile.cpp:326
2020-09-02 15:09:46,050+0200 INFO  mainwindow - extracting files from miktex-log4cxx-bin-x64-2.9.tar.lzma...
2020-09-02 15:09:46,413+0200 INFO  miktex-console.packagemanager - installing package miktex-lua53-bin-x64-2.9
2020-09-02 15:09:46,417+0200 INFO  mainwindow - downloading http://distrib-coffee.ipsl.jussieu.fr/pub/mirrors/ctan/systems/win32/miktex/tm/packages/miktex-lua53-bin-x64-2.9.tar.lzma...
2020-09-02 15:09:46,418+0200 INFO  miktex-console.packagemanager - going to download http://distrib-coffee.ipsl.jussieu.fr/pub/mirrors/ctan/systems/win32/miktex/tm/packages/miktex-lua53-bin-x64-2.9.tar.lzma
2020-09-02 15:09:46,528+0200 INFO  mainwindow - 0.10 MB, 7.67 Mbit/s
2020-09-02 15:09:46,553+0200 INFO  mainwindow - extracting files from miktex-lua53-bin-x64-2.9.tar.lzma...
2020-09-02 15:09:46,962+0200 INFO  miktex-console.packagemanager - installing package miktex-luatex-bin-x64-2.9
2020-09-02 15:09:46,965+0200 INFO  mainwindow - downloading http://distrib-coffee.ipsl.jussieu.fr/pub/mirrors/ctan/systems/win32/miktex/tm/packages/miktex-luatex-bin-x64-2.9.tar.lzma...
2020-09-02 15:09:46,965+0200 INFO  miktex-console.packagemanager - going to download http://distrib-coffee.ipsl.jussieu.fr/pub/mirrors/ctan/systems/win32/miktex/tm/packages/miktex-luatex-bin-x64-2.9.tar.lzma
2020-09-02 15:09:47,459+0200 INFO  mainwindow - 2.03 MB, 33.11 Mbit/s
2020-09-02 15:09:47,502+0200 INFO  mainwindow - extracting files from miktex-luatex-bin-x64-2.9.tar.lzma...
2020-09-02 15:09:47,759+0200 INFO  miktex-console.packagemanager - installing package miktex-lzma-bin-x64-2.9
2020-09-02 15:09:47,760+0200 INFO  mainwindow - downloading http://distrib-coffee.ipsl.jussieu.fr/pub/mirrors/ctan/systems/win32/miktex/tm/packages/miktex-lzma-bin-x64-2.9.tar.lzma...
2020-09-02 15:09:47,760+0200 INFO  miktex-console.packagemanager - going to download http://distrib-coffee.ipsl.jussieu.fr/pub/mirrors/ctan/systems/win32/miktex/tm/packages/miktex-lzma-bin-x64-2.9.tar.lzma
2020-09-02 15:09:47,889+0200 INFO  mainwindow - 0.07 MB, 4.61 Mbit/s
2020-09-02 15:09:47,895+0200 ERROR miktex-console.core - Access is denied.

2020-09-02 15:09:47,895+0200 ERROR miktex-console.core - Function: DeleteFileW
2020-09-02 15:09:47,895+0200 ERROR miktex-console.core - Result: 5
2020-09-02 15:09:47,895+0200 ERROR miktex-console.core - Data: path="D:\d.koch\_PROG\miktex\texmfs\install\miktex\bin\x64\MiKTeX200629-lzma2.dll"
2020-09-02 15:09:47,895+0200 ERROR miktex-console.core - Source: Libraries\MiKTeX\Core\File\win\winFile.cpp:326
2020-09-02 15:09:47,930+0200 INFO  mainwindow - extracting files from miktex-lzma-bin-x64-2.9.tar.lzma...
2020-09-02 15:09:48,268+0200 INFO  miktex-console.packagemanager - installing package miktex-m-tx-bin-x64-2.9
2020-09-02 15:09:48,269+0200 INFO  mainwindow - downloading http://distrib-coffee.ipsl.jussieu.fr/pub/mirrors/ctan/systems/win32/miktex/tm/packages/miktex-m-tx-bin-x64-2.9.tar.lzma...
2020-09-02 15:09:48,269+0200 INFO  miktex-console.packagemanager - going to download http://distrib-coffee.ipsl.jussieu.fr/pub/mirrors/ctan/systems/win32/miktex/tm/packages/miktex-m-tx-bin-x64-2.9.tar.lzma
2020-09-02 15:09:48,349+0200 INFO  mainwindow - 0.05 MB, 5.36 Mbit/s
2020-09-02 15:09:48,385+0200 INFO  mainwindow - extracting files from miktex-m-tx-bin-x64-2.9.tar.lzma...
2020-09-02 15:09:48,479+0200 INFO  miktex-console.packagemanager - installing package miktex-makeindex-bin-x64-2.9
2020-09-02 15:09:48,480+0200 INFO  mainwindow - downloading http://distrib-coffee.ipsl.jussieu.fr/pub/mirrors/ctan/systems/win32/miktex/tm/packages/miktex-makeindex-bin-x64-2.9.tar.lzma...
2020-09-02 15:09:48,480+0200 INFO  miktex-console.packagemanager - going to download http://distrib-coffee.ipsl.jussieu.fr/pub/mirrors/ctan/systems/win32/miktex/tm/packages/miktex-makeindex-bin-x64-2.9.tar.lzma
2020-09-02 15:09:48,558+0200 INFO  mainwindow - 0.03 MB, 3.28 Mbit/s
2020-09-02 15:09:48,594+0200 INFO  mainwindow - extracting files from miktex-makeindex-bin-x64-2.9.tar.lzma...
2020-09-02 15:09:48,670+0200 INFO  miktex-console.packagemanager - installing package miktex-md5-bin-x64-2.9
2020-09-02 15:09:48,671+0200 INFO  mainwindow - downloading http://distrib-coffee.ipsl.jussieu.fr/pub/mirrors/ctan/systems/win32/miktex/tm/packages/miktex-md5-bin-x64-2.9.tar.lzma...
2020-09-02 15:09:48,671+0200 INFO  miktex-console.packagemanager - going to download http://distrib-coffee.ipsl.jussieu.fr/pub/mirrors/ctan/systems/win32/miktex/tm/packages/miktex-md5-bin-x64-2.9.tar.lzma
2020-09-02 15:09:48,740+0200 INFO  mainwindow - 0.01 MB, 1.01 Mbit/s
2020-09-02 15:09:48,744+0200 ERROR miktex-console.core - Access is denied.

2020-09-02 15:09:48,745+0200 ERROR miktex-console.core - Function: DeleteFileW
2020-09-02 15:09:48,745+0200 ERROR miktex-console.core - Result: 5
2020-09-02 15:09:48,745+0200 ERROR miktex-console.core - Data: path="D:\d.koch\_PROG\miktex\texmfs\install\miktex\bin\x64\MiKTeX200629-md5.dll"
2020-09-02 15:09:48,745+0200 ERROR miktex-console.core - Source: Libraries\MiKTeX\Core\File\win\winFile.cpp:326
2020-09-02 15:09:48,780+0200 INFO  mainwindow - extracting files from miktex-md5-bin-x64-2.9.tar.lzma...
2020-09-02 15:09:49,028+0200 INFO  miktex-console.packagemanager - installing package miktex-metafont-bin-x64-2.9
2020-09-02 15:09:49,031+0200 INFO  mainwindow - downloading http://distrib-coffee.ipsl.jussieu.fr/pub/mirrors/ctan/systems/win32/miktex/tm/packages/miktex-metafont-bin-x64-2.9.tar.lzma...
2020-09-02 15:09:49,031+0200 INFO  miktex-console.packagemanager - going to download http://distrib-coffee.ipsl.jussieu.fr/pub/mirrors/ctan/systems/win32/miktex/tm/packages/miktex-metafont-bin-x64-2.9.tar.lzma
2020-09-02 15:09:49,169+0200 INFO  mainwindow - 0.21 MB, 12.45 Mbit/s
2020-09-02 15:09:49,205+0200 INFO  mainwindow - extracting files from miktex-metafont-bin-x64-2.9.tar.lzma...
2020-09-02 15:09:49,293+0200 INFO  miktex-console.packagemanager - installing package miktex-metapost-bin-x64-2.9
2020-09-02 15:09:49,294+0200 INFO  mainwindow - downloading http://distrib-coffee.ipsl.jussieu.fr/pub/mirrors/ctan/systems/win32/miktex/tm/packages/miktex-metapost-bin-x64-2.9.tar.lzma...
2020-09-02 15:09:49,294+0200 INFO  miktex-console.packagemanager - going to download http://distrib-coffee.ipsl.jussieu.fr/pub/mirrors/ctan/systems/win32/miktex/tm/packages/miktex-metapost-bin-x64-2.9.tar.lzma
2020-09-02 15:09:49,435+0200 INFO  mainwindow - 0.31 MB, 17.31 Mbit/s
2020-09-02 15:09:49,475+0200 INFO  mainwindow - extracting files from miktex-metapost-bin-x64-2.9.tar.lzma...
2020-09-02 15:09:49,771+0200 INFO  miktex-console.packagemanager - installing package miktex-mfware-bin-x64-2.9
2020-09-02 15:09:49,774+0200 INFO  mainwindow - downloading http://distrib-coffee.ipsl.jussieu.fr/pub/mirrors/ctan/systems/win32/miktex/tm/packages/miktex-mfware-bin-x64-2.9.tar.lzma...
2020-09-02 15:09:49,774+0200 INFO  miktex-console.packagemanager - going to download http://distrib-coffee.ipsl.jussieu.fr/pub/mirrors/ctan/systems/win32/miktex/tm/packages/miktex-mfware-bin-x64-2.9.tar.lzma
2020-09-02 15:09:49,904+0200 INFO  mainwindow - 0.10 MB, 6.35 Mbit/s
2020-09-02 15:09:49,939+0200 INFO  mainwindow - extracting files from miktex-mfware-bin-x64-2.9.tar.lzma...
2020-09-02 15:09:50,060+0200 INFO  miktex-console.packagemanager - installing package miktex-misc
2020-09-02 15:09:50,061+0200 INFO  mainwindow - downloading http://distrib-coffee.ipsl.jussieu.fr/pub/mirrors/ctan/systems/win32/miktex/tm/packages/miktex-misc.tar.lzma...
2020-09-02 15:09:50,061+0200 INFO  miktex-console.packagemanager - going to download http://distrib-coffee.ipsl.jussieu.fr/pub/mirrors/ctan/systems/win32/miktex/tm/packages/miktex-misc.tar.lzma
2020-09-02 15:09:50,119+0200 INFO  mainwindow - 0.02 MB, 3.13 Mbit/s
2020-09-02 15:09:50,141+0200 INFO  mainwindow - extracting files from miktex-misc.tar.lzma...
2020-09-02 15:09:50,306+0200 INFO  miktex-console.packagemanager - installing package miktex-mkfntmap-bin-x64-2.9
2020-09-02 15:09:50,307+0200 INFO  mainwindow - downloading http://distrib-coffee.ipsl.jussieu.fr/pub/mirrors/ctan/systems/win32/miktex/tm/packages/miktex-mkfntmap-bin-x64-2.9.tar.lzma...
2020-09-02 15:09:50,307+0200 INFO  miktex-console.packagemanager - going to download http://distrib-coffee.ipsl.jussieu.fr/pub/mirrors/ctan/systems/win32/miktex/tm/packages/miktex-mkfntmap-bin-x64-2.9.tar.lzma
2020-09-02 15:09:50,434+0200 INFO  mainwindow - 0.09 MB, 5.63 Mbit/s
2020-09-02 15:09:50,466+0200 INFO  mainwindow - extracting files from miktex-mkfntmap-bin-x64-2.9.tar.lzma...
2020-09-02 15:09:50,520+0200 INFO  miktex-console.packagemanager - installing package miktex-mktex-bin-x64-2.9
2020-09-02 15:09:50,521+0200 INFO  mainwindow - downloading http://distrib-coffee.ipsl.jussieu.fr/pub/mirrors/ctan/systems/win32/miktex/tm/packages/miktex-mktex-bin-x64-2.9.tar.lzma...
2020-09-02 15:09:50,521+0200 INFO  miktex-console.packagemanager - going to download http://distrib-coffee.ipsl.jussieu.fr/pub/mirrors/ctan/systems/win32/miktex/tm/packages/miktex-mktex-bin-x64-2.9.tar.lzma
2020-09-02 15:09:50,682+0200 INFO  mainwindow - 0.19 MB, 9.47 Mbit/s
2020-09-02 15:09:50,726+0200 INFO  mainwindow - extracting files from miktex-mktex-bin-x64-2.9.tar.lzma...
2020-09-02 15:09:50,893+0200 INFO  miktex-console.packagemanager - installing package miktex-mo-bin-x64-2.9
2020-09-02 15:09:50,895+0200 INFO  mainwindow - downloading http://distrib-coffee.ipsl.jussieu.fr/pub/mirrors/ctan/systems/win32/miktex/tm/packages/miktex-mo-bin-x64-2.9.tar.lzma...
2020-09-02 15:09:50,895+0200 INFO  miktex-console.packagemanager - going to download http://distrib-coffee.ipsl.jussieu.fr/pub/mirrors/ctan/systems/win32/miktex/tm/packages/miktex-mo-bin-x64-2.9.tar.lzma
2020-09-02 15:09:51,036+0200 INFO  mainwindow - 0.18 MB, 10.34 Mbit/s
2020-09-02 15:09:51,069+0200 INFO  mainwindow - extracting files from miktex-mo-bin-x64-2.9.tar.lzma...
2020-09-02 15:09:51,144+0200 INFO  miktex-console.packagemanager - installing package miktex-mpfr-bin-x64-2.9
2020-09-02 15:09:51,144+0200 INFO  mainwindow - downloading http://distrib-coffee.ipsl.jussieu.fr/pub/mirrors/ctan/systems/win32/miktex/tm/packages/miktex-mpfr-bin-x64-2.9.tar.lzma...
2020-09-02 15:09:51,144+0200 INFO  miktex-console.packagemanager - going to download http://distrib-coffee.ipsl.jussieu.fr/pub/mirrors/ctan/systems/win32/miktex/tm/packages/miktex-mpfr-bin-x64-2.9.tar.lzma
2020-09-02 15:09:51,268+0200 INFO  mainwindow - 0.18 MB, 11.64 Mbit/s
2020-09-02 15:09:51,305+0200 INFO  mainwindow - extracting files from miktex-mpfr-bin-x64-2.9.tar.lzma...
2020-09-02 15:09:51,570+0200 INFO  miktex-console.packagemanager - installing package miktex-mpmcli-bin-x64-2.9
2020-09-02 15:09:51,571+0200 INFO  mainwindow - downloading http://distrib-coffee.ipsl.jussieu.fr/pub/mirrors/ctan/systems/win32/miktex/tm/packages/miktex-mpmcli-bin-x64-2.9.tar.lzma...
2020-09-02 15:09:51,572+0200 INFO  miktex-console.packagemanager - going to download http://distrib-coffee.ipsl.jussieu.fr/pub/mirrors/ctan/systems/win32/miktex/tm/packages/miktex-mpmcli-bin-x64-2.9.tar.lzma
2020-09-02 15:09:51,690+0200 INFO  mainwindow - 0.10 MB, 6.68 Mbit/s
2020-09-02 15:09:51,725+0200 INFO  mainwindow - extracting files from miktex-mpmcli-bin-x64-2.9.tar.lzma...
2020-09-02 15:09:51,793+0200 INFO  miktex-console.packagemanager - installing package miktex-mspack-bin-x64-2.9
2020-09-02 15:09:51,794+0200 INFO  mainwindow - downloading http://distrib-coffee.ipsl.jussieu.fr/pub/mirrors/ctan/systems/win32/miktex/tm/packages/miktex-mspack-bin-x64-2.9.tar.lzma...
2020-09-02 15:09:51,794+0200 INFO  miktex-console.packagemanager - going to download http://distrib-coffee.ipsl.jussieu.fr/pub/mirrors/ctan/systems/win32/miktex/tm/packages/miktex-mspack-bin-x64-2.9.tar.lzma
2020-09-02 15:09:51,904+0200 INFO  mainwindow - 0.04 MB, 2.57 Mbit/s
2020-09-02 15:09:51,937+0200 INFO  mainwindow - extracting files from miktex-mspack-bin-x64-2.9.tar.lzma...
2020-09-02 15:09:52,312+0200 INFO  miktex-console.packagemanager - installing package miktex-mthelp-bin-x64-2.9
2020-09-02 15:09:52,315+0200 INFO  mainwindow - downloading http://distrib-coffee.ipsl.jussieu.fr/pub/mirrors/ctan/systems/win32/miktex/tm/packages/miktex-mthelp-bin-x64-2.9.tar.lzma...
2020-09-02 15:09:52,315+0200 INFO  miktex-console.packagemanager - going to download http://distrib-coffee.ipsl.jussieu.fr/pub/mirrors/ctan/systems/win32/miktex/tm/packages/miktex-mthelp-bin-x64-2.9.tar.lzma
2020-09-02 15:09:52,431+0200 INFO  mainwindow - 0.06 MB, 4.50 Mbit/s
2020-09-02 15:09:52,467+0200 INFO  mainwindow - extracting files from miktex-mthelp-bin-x64-2.9.tar.lzma...
2020-09-02 15:09:52,546+0200 INFO  miktex-console.packagemanager - installing package miktex-mtprint-bin-x64-2.9
2020-09-02 15:09:52,547+0200 INFO  mainwindow - downloading http://distrib-coffee.ipsl.jussieu.fr/pub/mirrors/ctan/systems/win32/miktex/tm/packages/miktex-mtprint-bin-x64-2.9.tar.lzma...
2020-09-02 15:09:52,547+0200 INFO  miktex-console.packagemanager - going to download http://distrib-coffee.ipsl.jussieu.fr/pub/mirrors/ctan/systems/win32/miktex/tm/packages/miktex-mtprint-bin-x64-2.9.tar.lzma
2020-09-02 15:09:52,675+0200 INFO  mainwindow - 0.07 MB, 4.43 Mbit/s
2020-09-02 15:09:52,710+0200 INFO  mainwindow - extracting files from miktex-mtprint-bin-x64-2.9.tar.lzma...
2020-09-02 15:09:52,788+0200 INFO  miktex-console.packagemanager - installing package miktex-omegaware-bin-x64-2.9
2020-09-02 15:09:52,788+0200 INFO  mainwindow - downloading http://distrib-coffee.ipsl.jussieu.fr/pub/mirrors/ctan/systems/win32/miktex/tm/packages/miktex-omegaware-bin-x64-2.9.tar.lzma...
2020-09-02 15:09:52,788+0200 INFO  miktex-console.packagemanager - going to download http://distrib-coffee.ipsl.jussieu.fr/pub/mirrors/ctan/systems/win32/miktex/tm/packages/miktex-omegaware-bin-x64-2.9.tar.lzma
2020-09-02 15:09:52,929+0200 INFO  mainwindow - 0.21 MB, 12.03 Mbit/s
2020-09-02 15:09:52,967+0200 INFO  mainwindow - extracting files from miktex-omegaware-bin-x64-2.9.tar.lzma...
2020-09-02 15:09:53,153+0200 INFO  miktex-console.packagemanager - installing package miktex-patgen-bin-x64
2020-09-02 15:09:53,154+0200 INFO  mainwindow - downloading http://distrib-coffee.ipsl.jussieu.fr/pub/mirrors/ctan/systems/win32/miktex/tm/packages/miktex-patgen-bin-x64.tar.lzma...
2020-09-02 15:09:53,154+0200 INFO  miktex-console.packagemanager - going to download http://distrib-coffee.ipsl.jussieu.fr/pub/mirrors/ctan/systems/win32/miktex/tm/packages/miktex-patgen-bin-x64.tar.lzma
2020-09-02 15:09:53,246+0200 INFO  mainwindow - 0.04 MB, 3.42 Mbit/s
2020-09-02 15:09:53,282+0200 INFO  mainwindow - extracting files from miktex-patgen-bin-x64.tar.lzma...
2020-09-02 15:09:53,371+0200 INFO  miktex-console.packagemanager - installing package miktex-pdftex-bin-x64-2.9
2020-09-02 15:09:53,372+0200 INFO  mainwindow - downloading http://distrib-coffee.ipsl.jussieu.fr/pub/mirrors/ctan/systems/win32/miktex/tm/packages/miktex-pdftex-bin-x64-2.9.tar.lzma...
2020-09-02 15:09:53,372+0200 INFO  miktex-console.packagemanager - going to download http://distrib-coffee.ipsl.jussieu.fr/pub/mirrors/ctan/systems/win32/miktex/tm/packages/miktex-pdftex-bin-x64-2.9.tar.lzma
2020-09-02 15:09:53,512+0200 INFO  mainwindow - 0.36 MB, 20.93 Mbit/s
2020-09-02 15:09:53,529+0200 INFO  mainwindow - extracting files from miktex-pdftex-bin-x64-2.9.tar.lzma...
2020-09-02 15:09:53,672+0200 INFO  miktex-console.packagemanager - installing package miktex-pixman-bin-x64-2.9
2020-09-02 15:09:53,673+0200 INFO  mainwindow - downloading http://distrib-coffee.ipsl.jussieu.fr/pub/mirrors/ctan/systems/win32/miktex/tm/packages/miktex-pixman-bin-x64-2.9.tar.lzma...
2020-09-02 15:09:53,673+0200 INFO  miktex-console.packagemanager - going to download http://distrib-coffee.ipsl.jussieu.fr/pub/mirrors/ctan/systems/win32/miktex/tm/packages/miktex-pixman-bin-x64-2.9.tar.lzma
2020-09-02 15:09:53,791+0200 INFO  mainwindow - 0.19 MB, 13.16 Mbit/s
2020-09-02 15:09:53,826+0200 INFO  mainwindow - extracting files from miktex-pixman-bin-x64-2.9.tar.lzma...
2020-09-02 15:09:54,139+0200 INFO  miktex-console.packagemanager - installing package miktex-pmx-bin-x64-2.9
2020-09-02 15:09:54,142+0200 INFO  mainwindow - downloading http://distrib-coffee.ipsl.jussieu.fr/pub/mirrors/ctan/systems/win32/miktex/tm/packages/miktex-pmx-bin-x64-2.9.tar.lzma...
2020-09-02 15:09:54,143+0200 INFO  miktex-console.packagemanager - going to download http://distrib-coffee.ipsl.jussieu.fr/pub/mirrors/ctan/systems/win32/miktex/tm/packages/miktex-pmx-bin-x64-2.9.tar.lzma
2020-09-02 15:09:54,293+0200 INFO  mainwindow - 0.24 MB, 13.14 Mbit/s
2020-09-02 15:09:54,322+0200 INFO  mainwindow - extracting files from miktex-pmx-bin-x64-2.9.tar.lzma...
2020-09-02 15:09:54,402+0200 INFO  miktex-console.packagemanager - installing package miktex-png-bin-x64-2.9
2020-09-02 15:09:54,403+0200 INFO  mainwindow - downloading http://distrib-coffee.ipsl.jussieu.fr/pub/mirrors/ctan/systems/win32/miktex/tm/packages/miktex-png-bin-x64-2.9.tar.lzma...
2020-09-02 15:09:54,403+0200 INFO  miktex-console.packagemanager - going to download http://distrib-coffee.ipsl.jussieu.fr/pub/mirrors/ctan/systems/win32/miktex/tm/packages/miktex-png-bin-x64-2.9.tar.lzma
2020-09-02 15:09:54,504+0200 INFO  mainwindow - 0.09 MB, 6.98 Mbit/s
2020-09-02 15:09:54,541+0200 INFO  mainwindow - extracting files from miktex-png-bin-x64-2.9.tar.lzma...
2020-09-02 15:09:54,849+0200 INFO  miktex-console.packagemanager - installing package miktex-poppler-bin-x64-2.9
2020-09-02 15:09:54,851+0200 INFO  mainwindow - downloading http://distrib-coffee.ipsl.jussieu.fr/pub/mirrors/ctan/systems/win32/miktex/tm/packages/miktex-poppler-bin-x64-2.9.tar.lzma...
2020-09-02 15:09:54,852+0200 INFO  miktex-console.packagemanager - going to download http://distrib-coffee.ipsl.jussieu.fr/pub/mirrors/ctan/systems/win32/miktex/tm/packages/miktex-poppler-bin-x64-2.9.tar.lzma
2020-09-02 15:09:55,155+0200 INFO  mainwindow - 1.02 MB, 27.07 Mbit/s
2020-09-02 15:09:55,200+0200 INFO  mainwindow - extracting files from miktex-poppler-bin-x64-2.9.tar.lzma...
2020-09-02 15:09:55,797+0200 INFO  miktex-console.packagemanager - installing package miktex-popt-bin-x64-2.9
2020-09-02 15:09:55,800+0200 INFO  mainwindow - downloading http://distrib-coffee.ipsl.jussieu.fr/pub/mirrors/ctan/systems/win32/miktex/tm/packages/miktex-popt-bin-x64-2.9.tar.lzma...
2020-09-02 15:09:55,800+0200 INFO  miktex-console.packagemanager - going to download http://distrib-coffee.ipsl.jussieu.fr/pub/mirrors/ctan/systems/win32/miktex/tm/packages/miktex-popt-bin-x64-2.9.tar.lzma
2020-09-02 15:09:55,888+0200 INFO  mainwindow - 0.02 MB, 2.22 Mbit/s
2020-09-02 15:09:55,893+0200 ERROR miktex-console.core - Access is denied.

2020-09-02 15:09:55,893+0200 ERROR miktex-console.core - Function: DeleteFileW
2020-09-02 15:09:55,893+0200 ERROR miktex-console.core - Result: 5
2020-09-02 15:09:55,893+0200 ERROR miktex-console.core - Data: path="D:\d.koch\_PROG\miktex\texmfs\install\miktex\bin\x64\MiKTeX200629-popt.dll"
2020-09-02 15:09:55,893+0200 ERROR miktex-console.core - Source: Libraries\MiKTeX\Core\File\win\winFile.cpp:326
2020-09-02 15:09:55,926+0200 INFO  mainwindow - extracting files from miktex-popt-bin-x64-2.9.tar.lzma...
2020-09-02 15:09:56,190+0200 INFO  miktex-console.packagemanager - installing package miktex-posix-bin-x64-2.9
2020-09-02 15:09:56,193+0200 INFO  mainwindow - downloading http://distrib-coffee.ipsl.jussieu.fr/pub/mirrors/ctan/systems/win32/miktex/tm/packages/miktex-posix-bin-x64-2.9.tar.lzma...
2020-09-02 15:09:56,193+0200 INFO  miktex-console.packagemanager - going to download http://distrib-coffee.ipsl.jussieu.fr/pub/mirrors/ctan/systems/win32/miktex/tm/packages/miktex-posix-bin-x64-2.9.tar.lzma
2020-09-02 15:09:56,281+0200 INFO  mainwindow - 0.04 MB, 3.43 Mbit/s
2020-09-02 15:09:56,316+0200 INFO  mainwindow - extracting files from miktex-posix-bin-x64-2.9.tar.lzma...
2020-09-02 15:09:56,571+0200 INFO  miktex-console.packagemanager - installing package miktex-ps2pk-bin-x64-2.9
2020-09-02 15:09:56,574+0200 INFO  mainwindow - downloading http://distrib-coffee.ipsl.jussieu.fr/pub/mirrors/ctan/systems/win32/miktex/tm/packages/miktex-ps2pk-bin-x64-2.9.tar.lzma...
2020-09-02 15:09:56,574+0200 INFO  miktex-console.packagemanager - going to download http://distrib-coffee.ipsl.jussieu.fr/pub/mirrors/ctan/systems/win32/miktex/tm/packages/miktex-ps2pk-bin-x64-2.9.tar.lzma
2020-09-02 15:09:56,674+0200 INFO  mainwindow - 0.07 MB, 5.90 Mbit/s
2020-09-02 15:09:56,707+0200 INFO  mainwindow - extracting files from miktex-ps2pk-bin-x64-2.9.tar.lzma...
2020-09-02 15:09:56,772+0200 INFO  miktex-console.packagemanager - installing package miktex-psutils-bin-x64-2.9
2020-09-02 15:09:56,773+0200 INFO  mainwindow - downloading http://distrib-coffee.ipsl.jussieu.fr/pub/mirrors/ctan/systems/win32/miktex/tm/packages/miktex-psutils-bin-x64-2.9.tar.lzma...
2020-09-02 15:09:56,773+0200 INFO  miktex-console.packagemanager - going to download http://distrib-coffee.ipsl.jussieu.fr/pub/mirrors/ctan/systems/win32/miktex/tm/packages/miktex-psutils-bin-x64-2.9.tar.lzma
2020-09-02 15:09:56,875+0200 INFO  mainwindow - 0.05 MB, 4.00 Mbit/s
2020-09-02 15:09:56,917+0200 INFO  mainwindow - extracting files from miktex-psutils-bin-x64-2.9.tar.lzma...
2020-09-02 15:09:57,053+0200 INFO  miktex-console.packagemanager - installing package miktex-runtime-bin-x64-2.9
2020-09-02 15:09:57,054+0200 INFO  mainwindow - downloading http://distrib-coffee.ipsl.jussieu.fr/pub/mirrors/ctan/systems/win32/miktex/tm/packages/miktex-runtime-bin-x64-2.9.tar.lzma...
2020-09-02 15:09:57,054+0200 INFO  miktex-console.packagemanager - going to download http://distrib-coffee.ipsl.jussieu.fr/pub/mirrors/ctan/systems/win32/miktex/tm/packages/miktex-runtime-bin-x64-2.9.tar.lzma
2020-09-02 15:09:57,382+0200 INFO  mainwindow - 1.33 MB, 32.43 Mbit/s
2020-09-02 15:09:57,414+0200 ERROR miktex-console.core - Access is denied.

2020-09-02 15:09:57,414+0200 ERROR miktex-console.core - Function: DeleteFileW
2020-09-02 15:09:57,415+0200 ERROR miktex-console.core - Result: 5
2020-09-02 15:09:57,415+0200 ERROR miktex-console.core - Data: path="D:\d.koch\_PROG\miktex\texmfs\install\miktex\bin\x64\MiKTeX200629-core.dll"
2020-09-02 15:09:57,415+0200 ERROR miktex-console.core - Source: Libraries\MiKTeX\Core\File\win\winFile.cpp:326
2020-09-02 15:09:57,422+0200 ERROR miktex-console.core - Access is denied.

2020-09-02 15:09:57,422+0200 ERROR miktex-console.core - Function: DeleteFileW
2020-09-02 15:09:57,422+0200 ERROR miktex-console.core - Result: 5
2020-09-02 15:09:57,422+0200 ERROR miktex-console.core - Data: path="D:\d.koch\_PROG\miktex\texmfs\install\miktex\bin\x64\MiKTeX200629-extractor.dll"
2020-09-02 15:09:57,423+0200 ERROR miktex-console.core - Source: Libraries\MiKTeX\Core\File\win\winFile.cpp:326
2020-09-02 15:09:57,441+0200 ERROR miktex-console.core - Access is denied.

2020-09-02 15:09:57,441+0200 ERROR miktex-console.core - Function: DeleteFileW
2020-09-02 15:09:57,441+0200 ERROR miktex-console.core - Result: 5
2020-09-02 15:09:57,441+0200 ERROR miktex-console.core - Data: path="D:\d.koch\_PROG\miktex\texmfs\install\miktex\bin\x64\MiKTeX200629-packagemanager.dll"
2020-09-02 15:09:57,441+0200 ERROR miktex-console.core - Source: Libraries\MiKTeX\Core\File\win\winFile.cpp:326
2020-09-02 15:09:57,444+0200 ERROR miktex-console.core - Access is denied.

2020-09-02 15:09:57,444+0200 ERROR miktex-console.core - Function: DeleteFileW
2020-09-02 15:09:57,444+0200 ERROR miktex-console.core - Result: 5
2020-09-02 15:09:57,444+0200 ERROR miktex-console.core - Data: path="D:\d.koch\_PROG\miktex\texmfs\install\miktex\bin\x64\MiKTeX200629-setup.dll"
2020-09-02 15:09:57,444+0200 ERROR miktex-console.core - Source: Libraries\MiKTeX\Core\File\win\winFile.cpp:326
2020-09-02 15:09:57,448+0200 ERROR miktex-console.core - Access is denied.

2020-09-02 15:09:57,448+0200 ERROR miktex-console.core - Function: DeleteFileW
2020-09-02 15:09:57,448+0200 ERROR miktex-console.core - Result: 5
2020-09-02 15:09:57,448+0200 ERROR miktex-console.core - Data: path="D:\d.koch\_PROG\miktex\texmfs\install\miktex\bin\x64\MiKTeX200629-trace.dll"
2020-09-02 15:09:57,448+0200 ERROR miktex-console.core - Source: Libraries\MiKTeX\Core\File\win\winFile.cpp:326
2020-09-02 15:09:57,450+0200 ERROR miktex-console.core - Access is denied.

2020-09-02 15:09:57,450+0200 ERROR miktex-console.core - Function: DeleteFileW
2020-09-02 15:09:57,450+0200 ERROR miktex-console.core - Result: 5
2020-09-02 15:09:57,451+0200 ERROR miktex-console.core - Data: path="D:\d.koch\_PROG\miktex\texmfs\install\miktex\bin\x64\MiKTeX200629-ui-Qt.dll"
2020-09-02 15:09:57,451+0200 ERROR miktex-console.core - Source: Libraries\MiKTeX\Core\File\win\winFile.cpp:326
2020-09-02 15:09:57,454+0200 ERROR miktex-console.core - Access is denied.

2020-09-02 15:09:57,454+0200 ERROR miktex-console.core - Function: DeleteFileW
2020-09-02 15:09:57,454+0200 ERROR miktex-console.core - Result: 5
2020-09-02 15:09:57,454+0200 ERROR miktex-console.core - Data: path="D:\d.koch\_PROG\miktex\texmfs\install\miktex\bin\x64\MiKTeX200629-utf8wrap.dll"
2020-09-02 15:09:57,454+0200 ERROR miktex-console.core - Source: Libraries\MiKTeX\Core\File\win\winFile.cpp:326
2020-09-02 15:09:57,457+0200 ERROR miktex-console.core - Access is denied.

2020-09-02 15:09:57,457+0200 ERROR miktex-console.core - Function: DeleteFileW
2020-09-02 15:09:57,457+0200 ERROR miktex-console.core - Result: 5
2020-09-02 15:09:57,457+0200 ERROR miktex-console.core - Data: path="D:\d.koch\_PROG\miktex\texmfs\install\miktex\bin\x64\MiKTeX200629-util.dll"
2020-09-02 15:09:57,457+0200 ERROR miktex-console.core - Source: Libraries\MiKTeX\Core\File\win\winFile.cpp:326
2020-09-02 15:09:57,473+0200 INFO  mainwindow - extracting files from miktex-runtime-bin-x64-2.9.tar.lzma...
2020-09-02 15:09:58,288+0200 INFO  miktex-console.packagemanager - installing package miktex-synctex-bin-x64-2.9
2020-09-02 15:09:58,290+0200 INFO  mainwindow - downloading http://distrib-coffee.ipsl.jussieu.fr/pub/mirrors/ctan/systems/win32/miktex/tm/packages/miktex-synctex-bin-x64-2.9.tar.lzma...
2020-09-02 15:09:58,290+0200 INFO  miktex-console.packagemanager - going to download http://distrib-coffee.ipsl.jussieu.fr/pub/mirrors/ctan/systems/win32/miktex/tm/packages/miktex-synctex-bin-x64-2.9.tar.lzma
2020-09-02 15:09:58,381+0200 INFO  mainwindow - 0.05 MB, 4.62 Mbit/s
2020-09-02 15:09:58,407+0200 INFO  mainwindow - extracting files from miktex-synctex-bin-x64-2.9.tar.lzma...
2020-09-02 15:09:58,457+0200 INFO  miktex-console.packagemanager - installing package miktex-tdsutil-bin-x64
2020-09-02 15:09:58,458+0200 INFO  mainwindow - downloading http://distrib-coffee.ipsl.jussieu.fr/pub/mirrors/ctan/systems/win32/miktex/tm/packages/miktex-tdsutil-bin-x64.tar.lzma...
2020-09-02 15:09:58,458+0200 INFO  miktex-console.packagemanager - going to download http://distrib-coffee.ipsl.jussieu.fr/pub/mirrors/ctan/systems/win32/miktex/tm/packages/miktex-tdsutil-bin-x64.tar.lzma
2020-09-02 15:09:58,548+0200 INFO  mainwindow - 0.08 MB, 7.36 Mbit/s
2020-09-02 15:09:58,576+0200 INFO  mainwindow - extracting files from miktex-tdsutil-bin-x64.tar.lzma...
2020-09-02 15:09:58,659+0200 INFO  miktex-console.packagemanager - installing package miktex-teckit-bin-x64-2.9
2020-09-02 15:09:58,660+0200 INFO  mainwindow - downloading http://distrib-coffee.ipsl.jussieu.fr/pub/mirrors/ctan/systems/win32/miktex/tm/packages/miktex-teckit-bin-x64-2.9.tar.lzma...
2020-09-02 15:09:58,660+0200 INFO  miktex-console.packagemanager - going to download http://distrib-coffee.ipsl.jussieu.fr/pub/mirrors/ctan/systems/win32/miktex/tm/packages/miktex-teckit-bin-x64-2.9.tar.lzma
2020-09-02 15:09:58,746+0200 INFO  mainwindow - 0.03 MB, 2.73 Mbit/s
2020-09-02 15:09:58,778+0200 INFO  mainwindow - extracting files from miktex-teckit-bin-x64-2.9.tar.lzma...
2020-09-02 15:09:59,097+0200 INFO  miktex-console.packagemanager - installing package miktex-tex-bin-x64-2.9
2020-09-02 15:09:59,100+0200 INFO  mainwindow - downloading http://distrib-coffee.ipsl.jussieu.fr/pub/mirrors/ctan/systems/win32/miktex/tm/packages/miktex-tex-bin-x64-2.9.tar.lzma...
2020-09-02 15:09:59,100+0200 INFO  miktex-console.packagemanager - going to download http://distrib-coffee.ipsl.jussieu.fr/pub/mirrors/ctan/systems/win32/miktex/tm/packages/miktex-tex-bin-x64-2.9.tar.lzma
2020-09-02 15:09:59,222+0200 INFO  mainwindow - 0.17 MB, 11.14 Mbit/s
2020-09-02 15:09:59,256+0200 INFO  mainwindow - extracting files from miktex-tex-bin-x64-2.9.tar.lzma...
2020-09-02 15:09:59,321+0200 INFO  miktex-console.packagemanager - installing package miktex-tex2xindy-bin-x64-2.9
2020-09-02 15:09:59,322+0200 INFO  mainwindow - downloading http://distrib-coffee.ipsl.jussieu.fr/pub/mirrors/ctan/systems/win32/miktex/tm/packages/miktex-tex2xindy-bin-x64-2.9.tar.lzma...
2020-09-02 15:09:59,322+0200 INFO  miktex-console.packagemanager - going to download http://distrib-coffee.ipsl.jussieu.fr/pub/mirrors/ctan/systems/win32/miktex/tm/packages/miktex-tex2xindy-bin-x64-2.9.tar.lzma
2020-09-02 15:09:59,395+0200 INFO  mainwindow - 0.02 MB, 1.97 Mbit/s
2020-09-02 15:09:59,432+0200 INFO  mainwindow - extracting files from miktex-tex2xindy-bin-x64-2.9.tar.lzma...
2020-09-02 15:09:59,498+0200 INFO  miktex-console.packagemanager - installing package miktex-tex4ht-bin-x64-2.9
2020-09-02 15:09:59,499+0200 INFO  mainwindow - downloading http://distrib-coffee.ipsl.jussieu.fr/pub/mirrors/ctan/systems/win32/miktex/tm/packages/miktex-tex4ht-bin-x64-2.9.tar.lzma...
2020-09-02 15:09:59,499+0200 INFO  miktex-console.packagemanager - going to download http://distrib-coffee.ipsl.jussieu.fr/pub/mirrors/ctan/systems/win32/miktex/tm/packages/miktex-tex4ht-bin-x64-2.9.tar.lzma
2020-09-02 15:09:59,587+0200 INFO  mainwindow - 0.07 MB, 6.36 Mbit/s
2020-09-02 15:09:59,597+0200 INFO  mainwindow - extracting files from miktex-tex4ht-bin-x64-2.9.tar.lzma...
2020-09-02 15:09:59,662+0200 INFO  miktex-console.packagemanager - installing package miktex-texify-bin-x64-2.9
2020-09-02 15:09:59,663+0200 INFO  mainwindow - downloading http://distrib-coffee.ipsl.jussieu.fr/pub/mirrors/ctan/systems/win32/miktex/tm/packages/miktex-texify-bin-x64-2.9.tar.lzma...
2020-09-02 15:09:59,663+0200 INFO  miktex-console.packagemanager - going to download http://distrib-coffee.ipsl.jussieu.fr/pub/mirrors/ctan/systems/win32/miktex/tm/packages/miktex-texify-bin-x64-2.9.tar.lzma
2020-09-02 15:09:59,750+0200 INFO  mainwindow - 0.09 MB, 8.18 Mbit/s
2020-09-02 15:09:59,777+0200 INFO  mainwindow - extracting files from miktex-texify-bin-x64-2.9.tar.lzma...
2020-09-02 15:09:59,862+0200 INFO  miktex-console.packagemanager - installing package miktex-texware-bin-x64-2.9
2020-09-02 15:09:59,863+0200 INFO  mainwindow - downloading http://distrib-coffee.ipsl.jussieu.fr/pub/mirrors/ctan/systems/win32/miktex/tm/packages/miktex-texware-bin-x64-2.9.tar.lzma...
2020-09-02 15:09:59,863+0200 INFO  miktex-console.packagemanager - going to download http://distrib-coffee.ipsl.jussieu.fr/pub/mirrors/ctan/systems/win32/miktex/tm/packages/miktex-texware-bin-x64-2.9.tar.lzma
2020-09-02 15:09:59,969+0200 INFO  mainwindow - 0.10 MB, 7.96 Mbit/s
2020-09-02 15:10:00,008+0200 INFO  mainwindow - extracting files from miktex-texware-bin-x64-2.9.tar.lzma...
2020-09-02 15:10:00,113+0200 INFO  miktex-console.packagemanager - installing package miktex-texworks-bin-x64-2.9
2020-09-02 15:10:00,113+0200 INFO  mainwindow - downloading http://distrib-coffee.ipsl.jussieu.fr/pub/mirrors/ctan/systems/win32/miktex/tm/packages/miktex-texworks-bin-x64-2.9.tar.lzma...
2020-09-02 15:10:00,113+0200 INFO  miktex-console.packagemanager - going to download http://distrib-coffee.ipsl.jussieu.fr/pub/mirrors/ctan/systems/win32/miktex/tm/packages/miktex-texworks-bin-x64-2.9.tar.lzma
2020-09-02 15:10:00,924+0200 INFO  mainwindow - 2.66 MB, 26.24 Mbit/s
2020-09-02 15:10:00,971+0200 INFO  mainwindow - extracting files from miktex-texworks-bin-x64-2.9.tar.lzma...
2020-09-02 15:10:01,176+0200 INFO  miktex-console.packagemanager - installing package miktex-ttf2pk2-bin-x64-2.9
2020-09-02 15:10:01,177+0200 INFO  mainwindow - downloading http://distrib-coffee.ipsl.jussieu.fr/pub/mirrors/ctan/systems/win32/miktex/tm/packages/miktex-ttf2pk2-bin-x64-2.9.tar.lzma...
2020-09-02 15:10:01,177+0200 INFO  miktex-console.packagemanager - going to download http://distrib-coffee.ipsl.jussieu.fr/pub/mirrors/ctan/systems/win32/miktex/tm/packages/miktex-ttf2pk2-bin-x64-2.9.tar.lzma
2020-09-02 15:10:01,272+0200 INFO  mainwindow - 0.06 MB, 5.25 Mbit/s
2020-09-02 15:10:01,303+0200 INFO  mainwindow - extracting files from miktex-ttf2pk2-bin-x64-2.9.tar.lzma...
2020-09-02 15:10:01,376+0200 INFO  miktex-console.packagemanager - installing package miktex-upmendex-bin-x64
2020-09-02 15:10:01,377+0200 INFO  mainwindow - downloading http://distrib-coffee.ipsl.jussieu.fr/pub/mirrors/ctan/systems/win32/miktex/tm/packages/miktex-upmendex-bin-x64.tar.lzma...
2020-09-02 15:10:01,377+0200 INFO  miktex-console.packagemanager - going to download http://distrib-coffee.ipsl.jussieu.fr/pub/mirrors/ctan/systems/win32/miktex/tm/packages/miktex-upmendex-bin-x64.tar.lzma
2020-09-02 15:10:01,469+0200 INFO  mainwindow - 0.04 MB, 3.21 Mbit/s
2020-09-02 15:10:01,504+0200 INFO  mainwindow - extracting files from miktex-upmendex-bin-x64.tar.lzma...
2020-09-02 15:10:01,574+0200 INFO  miktex-console.packagemanager - installing package miktex-uriparser-bin-x64-2.9
2020-09-02 15:10:01,575+0200 INFO  mainwindow - downloading http://distrib-coffee.ipsl.jussieu.fr/pub/mirrors/ctan/systems/win32/miktex/tm/packages/miktex-uriparser-bin-x64-2.9.tar.lzma...
2020-09-02 15:10:01,575+0200 INFO  miktex-console.packagemanager - going to download http://distrib-coffee.ipsl.jussieu.fr/pub/mirrors/ctan/systems/win32/miktex/tm/packages/miktex-uriparser-bin-x64-2.9.tar.lzma
2020-09-02 15:10:01,652+0200 INFO  mainwindow - 0.03 MB, 3.36 Mbit/s
2020-09-02 15:10:01,685+0200 INFO  mainwindow - extracting files from miktex-uriparser-bin-x64-2.9.tar.lzma...
2020-09-02 15:10:01,979+0200 INFO  miktex-console.packagemanager - installing package miktex-web-bin-x64-2.9
2020-09-02 15:10:01,982+0200 INFO  mainwindow - downloading http://distrib-coffee.ipsl.jussieu.fr/pub/mirrors/ctan/systems/win32/miktex/tm/packages/miktex-web-bin-x64-2.9.tar.lzma...
2020-09-02 15:10:01,982+0200 INFO  miktex-console.packagemanager - going to download http://distrib-coffee.ipsl.jussieu.fr/pub/mirrors/ctan/systems/win32/miktex/tm/packages/miktex-web-bin-x64-2.9.tar.lzma
2020-09-02 15:10:02,081+0200 INFO  mainwindow - 0.07 MB, 5.78 Mbit/s
2020-09-02 15:10:02,111+0200 INFO  mainwindow - extracting files from miktex-web-bin-x64-2.9.tar.lzma...
2020-09-02 15:10:02,182+0200 INFO  miktex-console.packagemanager - installing package miktex-xetex-bin-x64-2.9
2020-09-02 15:10:02,183+0200 INFO  mainwindow - downloading http://distrib-coffee.ipsl.jussieu.fr/pub/mirrors/ctan/systems/win32/miktex/tm/packages/miktex-xetex-bin-x64-2.9.tar.lzma...
2020-09-02 15:10:02,183+0200 INFO  miktex-console.packagemanager - going to download http://distrib-coffee.ipsl.jussieu.fr/pub/mirrors/ctan/systems/win32/miktex/tm/packages/miktex-xetex-bin-x64-2.9.tar.lzma
2020-09-02 15:10:02,338+0200 INFO  mainwindow - 0.28 MB, 14.53 Mbit/s
2020-09-02 15:10:02,365+0200 INFO  mainwindow - extracting files from miktex-xetex-bin-x64-2.9.tar.lzma...
2020-09-02 15:10:02,456+0200 INFO  miktex-console.packagemanager - installing package miktex-yap-bin-x64-2.9
2020-09-02 15:10:02,457+0200 INFO  mainwindow - downloading http://distrib-coffee.ipsl.jussieu.fr/pub/mirrors/ctan/systems/win32/miktex/tm/packages/miktex-yap-bin-x64-2.9.tar.lzma...
2020-09-02 15:10:02,457+0200 INFO  miktex-console.packagemanager - going to download http://distrib-coffee.ipsl.jussieu.fr/pub/mirrors/ctan/systems/win32/miktex/tm/packages/miktex-yap-bin-x64-2.9.tar.lzma
2020-09-02 15:10:02,674+0200 INFO  mainwindow - 0.64 MB, 23.53 Mbit/s
2020-09-02 15:10:02,693+0200 INFO  mainwindow - extracting files from miktex-yap-bin-x64-2.9.tar.lzma...
2020-09-02 15:10:03,183+0200 INFO  miktex-console.packagemanager - installing package miktex-zlib-bin-x64-2.9
2020-09-02 15:10:03,185+0200 INFO  mainwindow - downloading http://distrib-coffee.ipsl.jussieu.fr/pub/mirrors/ctan/systems/win32/miktex/tm/packages/miktex-zlib-bin-x64-2.9.tar.lzma...
2020-09-02 15:10:03,185+0200 INFO  miktex-console.packagemanager - going to download http://distrib-coffee.ipsl.jussieu.fr/pub/mirrors/ctan/systems/win32/miktex/tm/packages/miktex-zlib-bin-x64-2.9.tar.lzma
2020-09-02 15:10:03,276+0200 INFO  mainwindow - 0.04 MB, 3.87 Mbit/s
2020-09-02 15:10:03,307+0200 INFO  mainwindow - extracting files from miktex-zlib-bin-x64-2.9.tar.lzma...
2020-09-02 15:10:03,562+0200 INFO  miktex-console.packagemanager - installing package miktex-zzip-bin-x64-2.9
2020-09-02 15:10:03,565+0200 INFO  mainwindow - downloading http://distrib-coffee.ipsl.jussieu.fr/pub/mirrors/ctan/systems/win32/miktex/tm/packages/miktex-zzip-bin-x64-2.9.tar.lzma...
2020-09-02 15:10:03,565+0200 INFO  miktex-console.packagemanager - going to download http://distrib-coffee.ipsl.jussieu.fr/pub/mirrors/ctan/systems/win32/miktex/tm/packages/miktex-zzip-bin-x64-2.9.tar.lzma
2020-09-02 15:10:03,638+0200 INFO  mainwindow - 0.01 MB, 1.61 Mbit/s
2020-09-02 15:10:03,662+0200 INFO  mainwindow - extracting files from miktex-zzip-bin-x64-2.9.tar.lzma...
2020-09-02 15:10:03,913+0200 INFO  miktex-console.packagemanager - installing package oberdiek
2020-09-02 15:10:03,916+0200 INFO  mainwindow - downloading http://distrib-coffee.ipsl.jussieu.fr/pub/mirrors/ctan/systems/win32/miktex/tm/packages/oberdiek.tar.lzma...
2020-09-02 15:10:03,916+0200 INFO  miktex-console.packagemanager - going to download http://distrib-coffee.ipsl.jussieu.fr/pub/mirrors/ctan/systems/win32/miktex/tm/packages/oberdiek.tar.lzma
2020-09-02 15:10:05,841+0200 INFO  mainwindow - 9.22 MB, 38.36 Mbit/s
2020-09-02 15:10:05,940+0200 INFO  mainwindow - extracting files from oberdiek.tar.lzma...
2020-09-02 15:10:07,593+0200 INFO  miktex-console.packagemanager - installing package pgf
2020-09-02 15:10:07,594+0200 INFO  mainwindow - downloading http://distrib-coffee.ipsl.jussieu.fr/pub/mirrors/ctan/systems/win32/miktex/tm/packages/pgf.tar.lzma...
2020-09-02 15:10:07,594+0200 INFO  miktex-console.packagemanager - going to download http://distrib-coffee.ipsl.jussieu.fr/pub/mirrors/ctan/systems/win32/miktex/tm/packages/pgf.tar.lzma
2020-09-02 15:10:10,110+0200 INFO  mainwindow - 11.20 MB, 35.63 Mbit/s
2020-09-02 15:10:10,528+0200 INFO  mainwindow - extracting files from pgf.tar.lzma...
2020-09-02 15:10:15,843+0200 INFO  miktex-console.packagemanager - installing package tcolorbox
2020-09-02 15:10:15,844+0200 INFO  mainwindow - downloading http://distrib-coffee.ipsl.jussieu.fr/pub/mirrors/ctan/systems/win32/miktex/tm/packages/tcolorbox.tar.lzma...
2020-09-02 15:10:15,844+0200 INFO  miktex-console.packagemanager - going to download http://distrib-coffee.ipsl.jussieu.fr/pub/mirrors/ctan/systems/win32/miktex/tm/packages/tcolorbox.tar.lzma
2020-09-02 15:10:17,186+0200 INFO  mainwindow - 4.73 MB, 28.24 Mbit/s
2020-09-02 15:10:17,273+0200 INFO  mainwindow - extracting files from tcolorbox.tar.lzma...
2020-09-02 15:10:18,541+0200 INFO  miktex-console.core - start process: initexmf --mkmaps
2020-09-02 15:10:22,312+0200 INFO  miktex-console.core - start process: mpm --register-components --verbose
2020-09-02 15:10:22,650+0200 INFO  miktex-console.core - start process: initexmf --update-fndb --disable-installer --verbose
2020-09-02 15:10:27,195+0200 INFO  miktex-console.core - start process: initexmf --force --mklinks --disable-installer --verbose
2020-09-02 15:11:19,453+0200 INFO  miktex-console.core - start process: initexmf --mkmaps --mklangs --disable-installer --verbose
2020-09-02 15:11:23,057+0200 INFO  mainwindow - MiKTeX Console needs to be closed
2020-09-02 15:11:45,908+0200 INFO  miktex-console.core - starting finish script
2020-09-02 15:11:45,912+0200 INFO  main - finishing with exit code 0
2020-09-02 15:12:00,118+0200 INFO  main - starting: MiKTeX Console 4.0.1 (MiKTeX 20.7 Portable)
2020-09-02 15:12:01,813+0200 WARN  miktex-console.packagemanager - dependancy problem: miktex-doc-2.9 is required by _miktex-packages-2.9
2020-09-02 15:12:02,141+0200 INFO  miktex-console.core - start process: initexmf --mkmaps
2020-09-02 15:12:16,198+0200 INFO  mainwindow - checking for updates...
2020-09-02 15:12:16,204+0200 INFO  miktex-console.packagemanager - searching for updateable packages
2020-09-02 15:12:16,208+0200 INFO  miktex-console.packagemanager - going to download https://api2.miktex.org/repositories?&releaseState=Stable&orderBy=ranking&take=1
2020-09-02 15:12:16,570+0200 INFO  mainwindow - downloading https://mirrors.chevalier.io/CTAN/systems/win32/miktex/tm/packages/miktex-zzdb3-2.9.tar.lzma...
2020-09-02 15:12:16,572+0200 INFO  miktex-console.packagemanager - going to download https://mirrors.chevalier.io/CTAN/systems/win32/miktex/tm/packages/miktex-zzdb3-2.9.tar.lzma
2020-09-02 15:12:17,384+0200 INFO  mainwindow - 1.14 MB, 11.24 Mbit/s
2020-09-02 15:12:19,031+0200 INFO  mainwindow - updating package manifests (D:\d.koch\_PROG\miktex\texmfs\install\miktex/config\package-manifests.ini)...
2020-09-02 15:12:20,601+0200 INFO  mainwindow - installed 3818 package manifests
2020-09-02 15:12:20,601+0200 INFO  mainwindow - visiting repository https://mirrors.chevalier.io/CTAN/systems/win32/miktex/tm/packages/...
2020-09-02 15:12:20,601+0200 INFO  mainwindow - repository type: remote package repository
2020-09-02 15:12:20,603+0200 INFO  mainwindow - loading package repository manifest...
2020-09-02 15:12:20,604+0200 INFO  mainwindow - downloading https://mirrors.chevalier.io/CTAN/systems/win32/miktex/tm/packages/miktex-zzdb1-2.9.tar.lzma...
2020-09-02 15:12:20,604+0200 INFO  miktex-console.packagemanager - going to download https://mirrors.chevalier.io/CTAN/systems/win32/miktex/tm/packages/miktex-zzdb1-2.9.tar.lzma
2020-09-02 15:12:20,845+0200 INFO  mainwindow - 0.20 MB, 6.73 Mbit/s
2020-09-02 15:12:22,206+0200 WARN  miktex-console.packagemanager - dependancy problem: miktex-doc-2.9 is required by _miktex-packages-2.9
2020-09-02 15:12:24,312+0200 INFO  mainwindow - package repository digest: 2e624dea5facb5c70462f2f0ab293cbe
2020-09-02 15:12:25,429+0200 INFO  mainwindow - found 0 updates
2020-09-02 15:12:32,322+0200 INFO  mainwindow - checking for updates...
2020-09-02 15:12:32,329+0200 INFO  miktex-console.packagemanager - searching for updateable packages
2020-09-02 15:12:32,330+0200 INFO  miktex-console.packagemanager - going to download https://api2.miktex.org/repositories?&releaseState=Stable&orderBy=ranking&take=1
2020-09-02 15:12:32,664+0200 INFO  mainwindow - downloading https://ctan.crest.fr/tex-archive/systems/win32/miktex/tm/packages/miktex-zzdb3-2.9.tar.lzma...
2020-09-02 15:12:32,664+0200 INFO  miktex-console.packagemanager - going to download https://ctan.crest.fr/tex-archive/systems/win32/miktex/tm/packages/miktex-zzdb3-2.9.tar.lzma
2020-09-02 15:12:33,653+0200 INFO  mainwindow - 1.14 MB, 9.22 Mbit/s
2020-09-02 15:12:35,318+0200 INFO  mainwindow - updating package manifests (D:\d.koch\_PROG\miktex\texmfs\install\miktex/config\package-manifests.ini)...
2020-09-02 15:12:36,915+0200 INFO  mainwindow - installed 3818 package manifests
2020-09-02 15:12:36,915+0200 INFO  mainwindow - visiting repository https://ctan.crest.fr/tex-archive/systems/win32/miktex/tm/packages/...
2020-09-02 15:12:36,916+0200 INFO  mainwindow - repository type: remote package repository
2020-09-02 15:12:36,917+0200 INFO  mainwindow - loading package repository manifest...
2020-09-02 15:12:36,918+0200 INFO  mainwindow - downloading https://ctan.crest.fr/tex-archive/systems/win32/miktex/tm/packages/miktex-zzdb1-2.9.tar.lzma...
2020-09-02 15:12:36,918+0200 INFO  miktex-console.packagemanager - going to download https://ctan.crest.fr/tex-archive/systems/win32/miktex/tm/packages/miktex-zzdb1-2.9.tar.lzma
2020-09-02 15:12:37,161+0200 INFO  mainwindow - 0.20 MB, 6.65 Mbit/s
2020-09-02 15:12:38,548+0200 WARN  miktex-console.packagemanager - dependancy problem: miktex-doc-2.9 is required by _miktex-packages-2.9
2020-09-02 15:12:40,417+0200 INFO  mainwindow - package repository digest: 2e624dea5facb5c70462f2f0ab293cbe
2020-09-02 15:12:41,180+0200 INFO  mainwindow - found 0 updates
2020-09-02 15:19:39,201+0200 INFO  main - finishing with exit code 0
