2020-09-02 15:47:29,617+0200 INFO  miktex-makemf - this process (13840) started by 'miktex-makepk' with command line: miktex-makemf.exe --miktex-enable-installer --miktex-disable-maintenance --miktex-disable-diagnose --verbose ec-qhvb
2020-09-02 15:47:29,626+0200 FATAL miktex-makemf - The ec-qhvb source file could not be found.
2020-09-02 15:47:29,626+0200 FATAL miktex-makemf - The ec-qhvb source file could not be found.
2020-09-02 15:47:29,627+0200 FATAL miktex-makemf - Info: 
2020-09-02 15:47:29,627+0200 FATAL miktex-makemf - Source: 
2020-09-02 15:47:29,627+0200 FATAL miktex-makemf - Line: 0
2020-09-02 15:48:16,039+0200 INFO  miktex-makemf - this process (12888) started by 'miktex-makepk' with command line: miktex-makemf.exe --miktex-enable-installer --miktex-disable-maintenance --miktex-disable-diagnose --verbose ec-qhvb
2020-09-02 15:48:16,048+0200 FATAL miktex-makemf - The ec-qhvb source file could not be found.
2020-09-02 15:48:16,048+0200 FATAL miktex-makemf - The ec-qhvb source file could not be found.
2020-09-02 15:48:16,048+0200 FATAL miktex-makemf - Info: 
2020-09-02 15:48:16,048+0200 FATAL miktex-makemf - Source: 
2020-09-02 15:48:16,048+0200 FATAL miktex-makemf - Line: 0
2020-09-02 15:48:18,903+0200 INFO  miktex-makemf - this process (5544) started by 'miktex-makepk' with command line: miktex-makemf.exe --miktex-enable-installer --miktex-disable-maintenance --miktex-disable-diagnose --verbose ec-qhvr
2020-09-02 15:48:18,912+0200 FATAL miktex-makemf - The ec-qhvr source file could not be found.
2020-09-02 15:48:18,912+0200 FATAL miktex-makemf - The ec-qhvr source file could not be found.
2020-09-02 15:48:18,912+0200 FATAL miktex-makemf - Info: 
2020-09-02 15:48:18,912+0200 FATAL miktex-makemf - Source: 
2020-09-02 15:48:18,912+0200 FATAL miktex-makemf - Line: 0
2020-09-02 15:48:21,940+0200 INFO  miktex-makemf - this process (12148) started by 'miktex-makepk' with command line: miktex-makemf.exe --miktex-enable-installer --miktex-disable-maintenance --miktex-disable-diagnose --verbose ec-qhvr-sc
2020-09-02 15:48:21,950+0200 FATAL miktex-makemf - The ec-qhvr-sc source file could not be found.
2020-09-02 15:48:21,950+0200 FATAL miktex-makemf - The ec-qhvr-sc source file could not be found.
2020-09-02 15:48:21,950+0200 FATAL miktex-makemf - Info: 
2020-09-02 15:48:21,950+0200 FATAL miktex-makemf - Source: 
2020-09-02 15:48:21,950+0200 FATAL miktex-makemf - Line: 0
2020-09-02 15:48:25,777+0200 INFO  miktex-makemf - this process (14888) started by 'miktex-makepk' with command line: miktex-makemf.exe --miktex-enable-installer --miktex-disable-maintenance --miktex-disable-diagnose --verbose ec-qhvb
2020-09-02 15:48:25,786+0200 FATAL miktex-makemf - The ec-qhvb source file could not be found.
2020-09-02 15:48:25,786+0200 FATAL miktex-makemf - The ec-qhvb source file could not be found.
2020-09-02 15:48:25,786+0200 FATAL miktex-makemf - Info: 
2020-09-02 15:48:25,786+0200 FATAL miktex-makemf - Source: 
2020-09-02 15:48:25,786+0200 FATAL miktex-makemf - Line: 0
