2020-09-02 15:44:04,908+0200 INFO  miktex-pdftex - this process (13836) started by 'miktex-makefmt' with command line: miktex-pdftex.exe --miktex-disable-maintenance --miktex-disable-diagnose --initialize --interaction=nonstopmode --halt-on-error --alias=pdflatex --job-name=pdflatex -tcx=cp227.tcx --enable-etex pdflatex.ini
2020-09-02 15:44:04,911+0200 INFO  miktex-pdftex - allowing known shell commands
2020-09-02 15:44:04,911+0200 INFO  miktex-pdftex - enabling input (output) from (to) processes
2020-09-02 15:44:06,655+0200 INFO  miktex-pdftex - this process (13836) finishes with exit code 0
2020-09-02 16:27:10,749+0200 INFO  miktex-pdftex - this process (11948) started by 'miktex-makefmt' with command line: miktex-pdftex.exe --miktex-disable-installer --miktex-disable-maintenance --miktex-disable-diagnose --initialize --interaction=nonstopmode --halt-on-error --alias=pdflatex --job-name=pdflatex -tcx=cp227.tcx --enable-etex pdflatex.ini
2020-09-02 16:27:10,752+0200 INFO  miktex-pdftex - allowing known shell commands
2020-09-02 16:27:10,752+0200 INFO  miktex-pdftex - enabling input (output) from (to) processes
2020-09-02 16:27:12,609+0200 INFO  miktex-pdftex - this process (11948) finishes with exit code 0
2020-09-04 10:38:09,087+0200 INFO  miktex-pdftex - this process (14748) started by 'miktex-makefmt' with command line: miktex-pdftex.exe --miktex-enable-installer --miktex-disable-maintenance --miktex-disable-diagnose --initialize --interaction=nonstopmode --halt-on-error --alias=pdflatex --job-name=pdflatex -tcx=cp227.tcx --enable-etex pdflatex.ini
2020-09-04 10:38:09,087+0200 INFO  miktex-pdftex - allowing known shell commands
2020-09-04 10:38:09,087+0200 INFO  miktex-pdftex - enabling input (output) from (to) processes
2020-09-04 10:38:12,834+0200 INFO  miktex-pdftex - this process (14748) finishes with exit code 0
2020-09-06 11:42:44,062+0200 INFO  miktex-pdftex - this process (21640) started by 'miktex-makefmt' with command line: miktex-pdftex.exe --miktex-enable-installer --miktex-disable-maintenance --miktex-disable-diagnose --initialize --interaction=nonstopmode --halt-on-error --alias=latex --job-name=latex -tcx=cp227.tcx --enable-etex latex.ini
2020-09-06 11:42:44,078+0200 INFO  miktex-pdftex - allowing known shell commands
2020-09-06 11:42:44,078+0200 INFO  miktex-pdftex - enabling input (output) from (to) processes
2020-09-06 11:42:46,932+0200 INFO  miktex-pdftex - this process (21640) finishes with exit code 0
2020-09-11 14:15:06,773+0200 INFO  miktex-pdftex - this process (17736) started by 'miktex-makefmt' with command line: miktex-pdftex.exe --miktex-enable-installer --miktex-disable-maintenance --miktex-disable-diagnose --initialize --interaction=nonstopmode --halt-on-error --alias=pdflatex --job-name=pdflatex -tcx=cp227.tcx --enable-etex pdflatex.ini
2020-09-11 14:15:06,781+0200 INFO  miktex-pdftex - allowing known shell commands
2020-09-11 14:15:06,781+0200 INFO  miktex-pdftex - enabling input (output) from (to) processes
2020-09-11 14:15:10,437+0200 INFO  miktex-pdftex - this process (17736) finishes with exit code 0
2020-09-11 14:39:10,874+0200 INFO  miktex-pdftex - this process (1080) started by 'miktex-makefmt' with command line: miktex-pdftex.exe --miktex-enable-installer --miktex-disable-maintenance --miktex-disable-diagnose --initialize --interaction=nonstopmode --halt-on-error --alias=pdflatex --job-name=pdflatex -tcx=cp227.tcx --enable-etex pdflatex.ini
2020-09-11 14:39:10,877+0200 INFO  miktex-pdftex - allowing known shell commands
2020-09-11 14:39:10,877+0200 INFO  miktex-pdftex - enabling input (output) from (to) processes
2020-09-11 14:39:12,697+0200 INFO  miktex-pdftex - this process (1080) finishes with exit code 0
2020-09-11 18:55:17,400+0200 INFO  miktex-pdftex - this process (17628) started by 'miktex-makefmt' with command line: miktex-pdftex.exe --miktex-enable-installer --miktex-disable-maintenance --miktex-disable-diagnose --initialize --interaction=nonstopmode --halt-on-error --alias=pdflatex --job-name=pdflatex -tcx=cp227.tcx --enable-etex pdflatex.ini
2020-09-11 18:55:17,403+0200 INFO  miktex-pdftex - allowing known shell commands
2020-09-11 18:55:17,403+0200 INFO  miktex-pdftex - enabling input (output) from (to) processes
2020-09-11 18:55:19,086+0200 INFO  miktex-pdftex - this process (17628) finishes with exit code 0
