2020-09-15 11:19:03,214+0200 INFO  miktex-xetex - this process (15540) started by 'miktex-makefmt' with command line: miktex-xetex.exe --miktex-enable-installer --miktex-disable-maintenance --miktex-disable-diagnose --initialize --interaction=nonstopmode --halt-on-error --alias=xelatex --job-name=xelatex --enable-etex xelatex.ini
2020-09-15 11:19:03,214+0200 INFO  miktex-xetex - allowing known shell commands
2020-09-15 11:19:03,214+0200 INFO  miktex-xetex - enabling input (output) from (to) processes
2020-09-15 11:19:07,992+0200 INFO  miktex-xetex - this process (15540) finishes with exit code 0
2020-09-15 11:19:07,992+0200 WARN  miktex.core - still open: d:\d.koch\_PROG\miktex\texmfs\install\fonts/tfm/public/cm\cmsy5.tfm
2020-09-15 11:19:07,992+0200 WARN  miktex.core - still open: d:\d.koch\_PROG\miktex\texmfs\install\fonts/tfm/public/cm\cmmi7.tfm
2020-09-15 11:19:07,992+0200 WARN  miktex.core - still open: d:\d.koch\_PROG\miktex\texmfs\install\fonts/tfm/public/cm\cmr10.tfm
2020-09-15 11:19:07,992+0200 WARN  miktex.core - still open: d:\d.koch\_PROG\miktex\texmfs\install\fonts/tfm/public/cm\cmr10.tfm
2020-09-15 11:19:07,992+0200 WARN  miktex.core - still open: d:\d.koch\_PROG\miktex\texmfs\install\fonts/tfm/public/cm\cmmi5.tfm
2020-09-15 11:19:07,992+0200 WARN  miktex.core - still open: d:\d.koch\_PROG\miktex\texmfs\install\fonts/tfm/public/cm\cmr10.tfm
2020-09-15 11:19:07,992+0200 WARN  miktex.core - still open: d:\d.koch\_PROG\miktex\texmfs\install\fonts/tfm/public/cm\cmsy10.tfm
2020-09-15 11:19:07,992+0200 WARN  miktex.core - still open: d:\d.koch\_PROG\miktex\texmfs\install\fonts/tfm/public/cm\cmsy7.tfm
2020-09-15 11:19:07,992+0200 WARN  miktex.core - still open: d:\d.koch\_PROG\miktex\texmfs\install\fonts/tfm/public/cm\cmmi10.tfm
2020-09-15 11:19:07,992+0200 WARN  miktex.core - still open: d:\d.koch\_PROG\miktex\texmfs\install\fonts/tfm/public/cm\cmr10.tfm
2020-09-15 11:19:07,992+0200 WARN  miktex.core - still open: d:\d.koch\_PROG\miktex\texmfs\install\fonts/tfm/public/cm\cmr10.tfm
2020-09-15 11:19:07,992+0200 WARN  miktex.core - still open: d:\d.koch\_PROG\miktex\texmfs\install\fonts/tfm/public/cm\cmr10.tfm
2020-09-15 11:19:07,992+0200 WARN  miktex.core - still open: d:\d.koch\_PROG\miktex\texmfs\install\fonts/tfm/public/latex-fonts\lcircle10.tfm
2020-09-15 11:19:07,992+0200 WARN  miktex.core - still open: d:\d.koch\_PROG\miktex\texmfs\install\fonts/tfm/public/latex-fonts\linew10.tfm
2020-09-15 11:19:07,992+0200 WARN  miktex.core - still open: d:\d.koch\_PROG\miktex\texmfs\install\fonts/tfm/public/cm\cmr7.tfm
2020-09-15 11:19:07,992+0200 WARN  miktex.core - still open: d:\d.koch\_PROG\miktex\texmfs\install\fonts/tfm/public/latex-fonts\lcirclew10.tfm
2020-09-15 11:19:07,992+0200 WARN  miktex.core - still open: d:\d.koch\_PROG\miktex\texmfs\install\fonts/tfm/public/cm\cmr5.tfm
2020-09-15 11:19:07,992+0200 WARN  miktex.core - still open: d:\d.koch\_PROG\miktex\texmfs\install\fonts/tfm/public/cm\cmr10.tfm
2020-09-15 11:19:07,992+0200 WARN  miktex.core - still open: d:\d.koch\_PROG\miktex\texmfs\install\fonts/tfm/public/cm\cmex10.tfm
2020-09-15 11:19:07,992+0200 WARN  miktex.core - still open: d:\d.koch\_PROG\miktex\texmfs\install\fonts/tfm/public/latex-fonts\line10.tfm
2020-09-15 11:19:07,992+0200 WARN  miktex.core - still open: d:\d.koch\_PROG\miktex\texmfs\install\fonts/tfm/public/cm\cmr10.tfm
2020-09-15 11:19:07,992+0200 WARN  miktex.core - still open: d:\d.koch\_PROG\miktex\texmfs\install\fonts/tfm/public/cm\cmr10.tfm
2020-09-15 11:19:07,992+0200 WARN  miktex.core - still open: d:\d.koch\_PROG\miktex\texmfs\install\fonts/tfm/public/cm\cmr10.tfm
2020-09-15 11:19:07,992+0200 WARN  miktex.core - still open: d:\d.koch\_PROG\miktex\texmfs\install\fonts/tfm/public/cm\cmr10.tfm
2020-09-15 11:19:07,992+0200 WARN  miktex.core - still open: d:\d.koch\_PROG\miktex\texmfs\install\fonts/tfm/public/cm\cmr10.tfm
2020-09-15 11:19:07,992+0200 WARN  miktex.core - still open: d:\d.koch\_PROG\miktex\texmfs\install\fonts/tfm/public/cm\cmr10.tfm
2020-09-15 11:19:07,992+0200 WARN  miktex.core - still open: d:\d.koch\_PROG\miktex\texmfs\install\fonts/tfm/public/cm\cmr10.tfm
2020-09-15 11:19:07,992+0200 WARN  miktex.core - still open: d:\d.koch\_PROG\miktex\texmfs\install\fonts/tfm/public/cm\cmr10.tfm
2020-09-15 11:19:07,992+0200 WARN  miktex.core - still open: d:\d.koch\_PROG\miktex\texmfs\install\fonts/tfm/public/cm\cmr10.tfm
