2020-09-02 15:47:29,874+0200 INFO  miktex-ttf2pk - this process (6764) started by 'miktex-makepk' with command line: miktex-ttf2pk.exe --miktex-enable-installer --miktex-disable-maintenance --miktex-disable-diagnose -q -t ec-qhvb
2020-09-02 15:47:29,885+0200 INFO  miktex-ttf2pk - installing package zhmetrics triggered by fonts/map/ttf2pk\ttfonts.map
2020-09-02 15:47:29,888+0200 INFO  miktex-ttf2pk.packagemanager - going to download https://api2.miktex.org/repositories?&releaseState=Stable&orderBy=ranking&take=1
2020-09-02 15:47:30,234+0200 INFO  miktex-ttf2pk - mpm: starting package maintenance...
2020-09-02 15:47:30,234+0200 INFO  miktex-ttf2pk - mpm: installation directory: d:\d.koch\_PROG\miktex\texmfs\install
2020-09-02 15:47:30,235+0200 INFO  miktex-ttf2pk - mpm: package repository: https://mirrors.chevalier.io/CTAN/systems/win32/miktex/tm/packages/
2020-09-02 15:47:31,653+0200 WARN  miktex-ttf2pk.packagemanager - dependancy problem: miktex-doc-2.9 is required by _miktex-packages-2.9
2020-09-02 15:47:31,926+0200 INFO  miktex-ttf2pk - mpm: package repository digest: 2e624dea5facb5c70462f2f0ab293cbe
2020-09-02 15:47:31,927+0200 INFO  miktex-ttf2pk - mpm: going to download 35746 bytes
2020-09-02 15:47:31,927+0200 INFO  miktex-ttf2pk - mpm: going to install 4940 file(s) (1 package(s))
2020-09-02 15:47:32,633+0200 INFO  miktex-ttf2pk.packagemanager - installing package zhmetrics
2020-09-02 15:47:32,634+0200 INFO  miktex-ttf2pk - mpm: downloading https://mirrors.chevalier.io/CTAN/systems/win32/miktex/tm/packages/zhmetrics.tar.lzma...
2020-09-02 15:47:32,635+0200 INFO  miktex-ttf2pk.packagemanager - going to download https://mirrors.chevalier.io/CTAN/systems/win32/miktex/tm/packages/zhmetrics.tar.lzma
2020-09-02 15:47:32,891+0200 INFO  miktex-ttf2pk - mpm: 0.04 MB, 1.12 Mbit/s
2020-09-02 15:47:32,892+0200 INFO  miktex-ttf2pk - mpm: extracting files from zhmetrics.tar.lzma...
2020-09-02 15:48:00,723+0200 INFO  miktex-ttf2pk.core - start process: initexmf --mkmaps
2020-09-02 15:48:16,266+0200 INFO  miktex-ttf2pk - this process (16564) started by 'miktex-makepk' with command line: miktex-ttf2pk.exe --miktex-enable-installer --miktex-disable-maintenance --miktex-disable-diagnose -q -t ec-qhvb
2020-09-02 15:48:19,131+0200 INFO  miktex-ttf2pk - this process (2904) started by 'miktex-makepk' with command line: miktex-ttf2pk.exe --miktex-enable-installer --miktex-disable-maintenance --miktex-disable-diagnose -q -t ec-qhvr
2020-09-02 15:48:22,224+0200 INFO  miktex-ttf2pk - this process (13588) started by 'miktex-makepk' with command line: miktex-ttf2pk.exe --miktex-enable-installer --miktex-disable-maintenance --miktex-disable-diagnose -q -t ec-qhvr-sc
2020-09-02 15:48:26,002+0200 INFO  miktex-ttf2pk - this process (14660) started by 'miktex-makepk' with command line: miktex-ttf2pk.exe --miktex-enable-installer --miktex-disable-maintenance --miktex-disable-diagnose -q -t ec-qhvb
