2020-09-02 15:47:28,842+0200 INFO  miktex-gftopk - this process (8464) started by 'miktex-makepk' with command line: miktex-gftopk.exe --miktex-enable-installer --miktex-disable-maintenance --miktex-disable-diagnose esint10.720gf esint10.pk
2020-09-02 15:47:28,846+0200 INFO  miktex-gftopk - this process (8464) finishes with exit code 0
2020-09-02 15:47:28,846+0200 WARN  miktex.core - still open: esint10.720gf
2020-09-02 15:47:28,846+0200 WARN  miktex.core - still open: esint10.pk
2020-09-02 16:06:03,374+0200 INFO  miktex-gftopk - this process (6184) started by 'miktex-makepk' with command line: miktex-gftopk.exe --miktex-enable-installer --miktex-disable-maintenance --miktex-disable-diagnose tcrm1095.600gf tcrm1095.pk
2020-09-02 16:06:03,378+0200 INFO  miktex-gftopk - this process (6184) finishes with exit code 0
2020-09-02 16:06:03,378+0200 WARN  miktex.core - still open: tcrm1095.600gf
2020-09-02 16:06:03,378+0200 WARN  miktex.core - still open: tcrm1095.pk
2020-09-04 17:28:35,724+0200 INFO  miktex-gftopk - this process (18316) started by 'miktex-makepk' with command line: miktex-gftopk.exe --miktex-enable-installer --miktex-disable-maintenance --miktex-disable-diagnose tcrm1000.600gf tcrm1000.pk
2020-09-04 17:28:35,762+0200 INFO  miktex-gftopk - this process (18316) finishes with exit code 0
2020-09-04 17:28:35,762+0200 WARN  miktex.core - still open: tcrm1000.600gf
2020-09-04 17:28:35,762+0200 WARN  miktex.core - still open: tcrm1000.pk
2020-09-07 11:33:02,232+0200 INFO  miktex-gftopk - this process (7156) started by 'miktex-makepk' with command line: miktex-gftopk.exe --miktex-enable-installer --miktex-disable-maintenance --miktex-disable-diagnose ectt1095.600gf ectt1095.pk
2020-09-07 11:33:02,247+0200 INFO  miktex-gftopk - this process (7156) finishes with exit code 0
2020-09-07 11:33:02,247+0200 WARN  miktex.core - still open: ectt1095.600gf
2020-09-07 11:33:02,247+0200 WARN  miktex.core - still open: ectt1095.pk
2020-09-08 14:26:05,810+0200 INFO  miktex-gftopk - this process (10636) started by 'miktex-makepk' with command line: miktex-gftopk.exe --miktex-enable-installer --miktex-disable-maintenance --miktex-disable-diagnose ecrm1000.600gf ecrm1000.pk
2020-09-08 14:26:05,826+0200 INFO  miktex-gftopk - this process (10636) finishes with exit code 0
2020-09-08 14:26:05,826+0200 WARN  miktex.core - still open: ecrm1000.600gf
2020-09-08 14:26:05,826+0200 WARN  miktex.core - still open: ecrm1000.pk
2020-09-08 14:26:07,113+0200 INFO  miktex-gftopk - this process (9868) started by 'miktex-makepk' with command line: miktex-gftopk.exe --miktex-enable-installer --miktex-disable-maintenance --miktex-disable-diagnose ecrm0900.600gf ecrm0900.pk
2020-09-08 14:26:07,128+0200 INFO  miktex-gftopk - this process (9868) finishes with exit code 0
2020-09-08 14:26:07,128+0200 WARN  miktex.core - still open: ecrm0900.600gf
2020-09-08 14:26:07,128+0200 WARN  miktex.core - still open: ecrm0900.pk
2020-09-08 14:26:08,387+0200 INFO  miktex-gftopk - this process (5680) started by 'miktex-makepk' with command line: miktex-gftopk.exe --miktex-enable-installer --miktex-disable-maintenance --miktex-disable-diagnose ecrm1200.800gf ecrm1200.pk
2020-09-08 14:26:08,403+0200 INFO  miktex-gftopk - this process (5680) finishes with exit code 0
2020-09-08 14:26:08,403+0200 WARN  miktex.core - still open: ecrm1200.800gf
2020-09-08 14:26:08,403+0200 WARN  miktex.core - still open: ecrm1200.pk
