2020-09-02 15:44:04,643+0200 INFO  miktex-makefmt - this process (14388) started by 'initexmf' with command line: miktex-makefmt.exe --engine=pdftex --dest-name=pdflatex --no-dump pdflatex.ini --engine-option=-tcx=cp227.tcx --miktex-disable-maintenance --miktex-disable-diagnose
2020-09-02 15:44:04,651+0200 INFO  makefmt - found input file: d:\d.koch\_PROG\miktex\texmfs\install\tex\latex\00miktex\pdflatex.ini
2020-09-02 15:44:04,652+0200 INFO  makefmt - Creating the pdflatex format file...
2020-09-02 15:44:04,725+0200 INFO  makefmt - Running miktex-pdftex.exe...
2020-09-02 15:44:04,725+0200 INFO  makefmt - running: miktex-pdftex.exe --miktex-disable-maintenance --miktex-disable-diagnose --initialize --interaction=nonstopmode --halt-on-error --alias=pdflatex --job-name=pdflatex -tcx=cp227.tcx --enable-etex pdflatex.ini
2020-09-02 15:44:04,768+0200 INFO  miktex-makefmt.core - start process: miktex-pdftex.exe --miktex-disable-maintenance --miktex-disable-diagnose --initialize --interaction=nonstopmode --halt-on-error --alias=pdflatex --job-name=pdflatex -tcx=cp227.tcx --enable-etex pdflatex.ini
2020-09-02 15:44:06,705+0200 INFO  makefmt - Installing d:\d.koch\_PROG\miktex\texmfs/data\miktex/data/le/pdftex\pdflatex.fmt...
2020-09-02 15:44:06,826+0200 INFO  miktex-makefmt - this process (14388) finishes with exit code 0
2020-09-02 15:44:06,826+0200 WARN  miktex.core - still open: d:\d.koch\_PROG\miktex\texmfs\install\tex/generic/config\pdftexconfig.tex.in
2020-09-02 15:44:06,826+0200 WARN  miktex.core - still open: d:\d.koch\_PROG\miktex\texmfs/config\tex\generic\config\pdftexconfig.tex
2020-09-02 16:27:10,523+0200 INFO  miktex-makefmt - this process (12052) started by 'initexmf' with command line: miktex-makefmt.exe --engine=pdftex --dest-name=pdflatex --no-dump pdflatex.ini --engine-option=-tcx=cp227.tcx --disable-installer --miktex-disable-maintenance --miktex-disable-diagnose
2020-09-02 16:27:10,531+0200 INFO  makefmt - found input file: d:\d.koch\_PROG\miktex\texmfs\install\tex\latex\00miktex\pdflatex.ini
2020-09-02 16:27:10,532+0200 INFO  makefmt - Creating the pdflatex format file...
2020-09-02 16:27:10,543+0200 INFO  makefmt - Running miktex-pdftex.exe...
2020-09-02 16:27:10,543+0200 INFO  makefmt - running: miktex-pdftex.exe --miktex-disable-installer --miktex-disable-maintenance --miktex-disable-diagnose --initialize --interaction=nonstopmode --halt-on-error --alias=pdflatex --job-name=pdflatex -tcx=cp227.tcx --enable-etex pdflatex.ini
2020-09-02 16:27:10,584+0200 INFO  miktex-makefmt.core - start process: miktex-pdftex.exe --miktex-disable-installer --miktex-disable-maintenance --miktex-disable-diagnose --initialize --interaction=nonstopmode --halt-on-error --alias=pdflatex --job-name=pdflatex -tcx=cp227.tcx --enable-etex pdflatex.ini
2020-09-02 16:27:12,655+0200 INFO  makefmt - Installing d:\d.koch\_PROG\miktex\texmfs/data\miktex/data/le/pdftex\pdflatex.fmt...
2020-09-02 16:27:12,691+0200 INFO  miktex-makefmt - this process (12052) finishes with exit code 0
2020-09-02 16:27:12,691+0200 WARN  miktex.core - still open: d:\d.koch\_PROG\miktex\texmfs\install\tex/generic/config\pdftexconfig.tex.in
2020-09-02 16:27:12,691+0200 WARN  miktex.core - still open: d:\d.koch\_PROG\miktex\texmfs/config\tex\generic\config\pdftexconfig.tex
2020-09-04 10:38:08,802+0200 INFO  miktex-makefmt - this process (6176) started by 'initexmf' with command line: miktex-makefmt.exe --engine=pdftex --dest-name=pdflatex --no-dump pdflatex.ini --engine-option=-tcx=cp227.tcx --enable-installer --miktex-disable-maintenance --miktex-disable-diagnose
2020-09-04 10:38:08,840+0200 INFO  makefmt - found input file: d:\d.koch\_PROG\miktex\texmfs\install\tex\latex\00miktex\pdflatex.ini
2020-09-04 10:38:08,855+0200 INFO  makefmt - Creating the pdflatex format file...
2020-09-04 10:38:08,871+0200 INFO  makefmt - Running miktex-pdftex.exe...
2020-09-04 10:38:08,871+0200 INFO  makefmt - running: miktex-pdftex.exe --miktex-enable-installer --miktex-disable-maintenance --miktex-disable-diagnose --initialize --interaction=nonstopmode --halt-on-error --alias=pdflatex --job-name=pdflatex -tcx=cp227.tcx --enable-etex pdflatex.ini
2020-09-04 10:38:08,918+0200 INFO  miktex-makefmt.core - start process: miktex-pdftex.exe --miktex-enable-installer --miktex-disable-maintenance --miktex-disable-diagnose --initialize --interaction=nonstopmode --halt-on-error --alias=pdflatex --job-name=pdflatex -tcx=cp227.tcx --enable-etex pdflatex.ini
2020-09-04 10:38:12,881+0200 INFO  makefmt - Installing d:\d.koch\_PROG\miktex\texmfs/data\miktex/data/le/pdftex\pdflatex.fmt...
2020-09-04 10:38:12,928+0200 INFO  miktex-makefmt - this process (6176) finishes with exit code 0
2020-09-04 10:38:12,928+0200 WARN  miktex.core - still open: d:\d.koch\_PROG\miktex\texmfs\install\tex/generic/config\pdftexconfig.tex.in
2020-09-04 10:38:12,928+0200 WARN  miktex.core - still open: d:\d.koch\_PROG\miktex\texmfs/config\tex\generic\config\pdftexconfig.tex
2020-09-06 11:42:43,792+0200 INFO  miktex-makefmt - this process (20372) started by 'initexmf' with command line: miktex-makefmt.exe --engine=pdftex --dest-name=latex --no-dump latex.ini --engine-option=-tcx=cp227.tcx --enable-installer --miktex-disable-maintenance --miktex-disable-diagnose
2020-09-06 11:42:43,792+0200 INFO  makefmt - found input file: d:\d.koch\_PROG\miktex\texmfs\install\tex\latex\00miktex\latex.ini
2020-09-06 11:42:43,792+0200 INFO  makefmt - Creating the latex format file...
2020-09-06 11:42:43,815+0200 INFO  makefmt - Running miktex-pdftex.exe...
2020-09-06 11:42:43,815+0200 INFO  makefmt - running: miktex-pdftex.exe --miktex-enable-installer --miktex-disable-maintenance --miktex-disable-diagnose --initialize --interaction=nonstopmode --halt-on-error --alias=latex --job-name=latex -tcx=cp227.tcx --enable-etex latex.ini
2020-09-06 11:42:43,861+0200 INFO  miktex-makefmt.core - start process: miktex-pdftex.exe --miktex-enable-installer --miktex-disable-maintenance --miktex-disable-diagnose --initialize --interaction=nonstopmode --halt-on-error --alias=latex --job-name=latex -tcx=cp227.tcx --enable-etex latex.ini
2020-09-06 11:42:46,986+0200 INFO  makefmt - Installing d:\d.koch\_PROG\miktex\texmfs/data\miktex/data/le/pdftex\latex.fmt...
2020-09-06 11:42:47,055+0200 INFO  miktex-makefmt - this process (20372) finishes with exit code 0
2020-09-06 11:42:47,055+0200 WARN  miktex.core - still open: d:\d.koch\_PROG\miktex\texmfs\install\tex/generic/config\pdftexconfig.tex.in
2020-09-06 11:42:47,055+0200 WARN  miktex.core - still open: d:\d.koch\_PROG\miktex\texmfs/config\tex\generic\config\pdftexconfig.tex
2020-09-11 14:15:06,556+0200 INFO  miktex-makefmt - this process (17628) started by 'initexmf' with command line: miktex-makefmt.exe --engine=pdftex --dest-name=pdflatex --no-dump pdflatex.ini --engine-option=-tcx=cp227.tcx --enable-installer --miktex-disable-maintenance --miktex-disable-diagnose
2020-09-11 14:15:06,569+0200 INFO  makefmt - found input file: d:\d.koch\_PROG\miktex\texmfs\install\tex\latex\00miktex\pdflatex.ini
2020-09-11 14:15:06,569+0200 INFO  makefmt - Creating the pdflatex format file...
2020-09-11 14:15:06,581+0200 INFO  makefmt - Running miktex-pdftex.exe...
2020-09-11 14:15:06,581+0200 INFO  makefmt - running: miktex-pdftex.exe --miktex-enable-installer --miktex-disable-maintenance --miktex-disable-diagnose --initialize --interaction=nonstopmode --halt-on-error --alias=pdflatex --job-name=pdflatex -tcx=cp227.tcx --enable-etex pdflatex.ini
2020-09-11 14:15:06,623+0200 INFO  miktex-makefmt.core - start process: miktex-pdftex.exe --miktex-enable-installer --miktex-disable-maintenance --miktex-disable-diagnose --initialize --interaction=nonstopmode --halt-on-error --alias=pdflatex --job-name=pdflatex -tcx=cp227.tcx --enable-etex pdflatex.ini
2020-09-11 14:15:10,485+0200 INFO  makefmt - Installing d:\d.koch\_PROG\miktex\texmfs/data\miktex/data/le/pdftex\pdflatex.fmt...
2020-09-11 14:15:10,565+0200 INFO  miktex-makefmt - this process (17628) finishes with exit code 0
2020-09-11 14:15:10,565+0200 WARN  miktex.core - still open: d:\d.koch\_PROG\miktex\texmfs\install\tex/generic/config\pdftexconfig.tex.in
2020-09-11 14:15:10,565+0200 WARN  miktex.core - still open: d:\d.koch\_PROG\miktex\texmfs/config\tex\generic\config\pdftexconfig.tex
2020-09-11 14:39:10,668+0200 INFO  miktex-makefmt - this process (14500) started by 'initexmf' with command line: miktex-makefmt.exe --engine=pdftex --dest-name=pdflatex --no-dump pdflatex.ini --engine-option=-tcx=cp227.tcx --enable-installer --miktex-disable-maintenance --miktex-disable-diagnose
2020-09-11 14:39:10,676+0200 INFO  makefmt - found input file: d:\d.koch\_PROG\miktex\texmfs\install\tex\latex\00miktex\pdflatex.ini
2020-09-11 14:39:10,677+0200 INFO  makefmt - Creating the pdflatex format file...
2020-09-11 14:39:10,684+0200 INFO  makefmt - Running miktex-pdftex.exe...
2020-09-11 14:39:10,684+0200 INFO  makefmt - running: miktex-pdftex.exe --miktex-enable-installer --miktex-disable-maintenance --miktex-disable-diagnose --initialize --interaction=nonstopmode --halt-on-error --alias=pdflatex --job-name=pdflatex -tcx=cp227.tcx --enable-etex pdflatex.ini
2020-09-11 14:39:10,727+0200 INFO  miktex-makefmt.core - start process: miktex-pdftex.exe --miktex-enable-installer --miktex-disable-maintenance --miktex-disable-diagnose --initialize --interaction=nonstopmode --halt-on-error --alias=pdflatex --job-name=pdflatex -tcx=cp227.tcx --enable-etex pdflatex.ini
2020-09-11 14:39:12,746+0200 INFO  makefmt - Installing d:\d.koch\_PROG\miktex\texmfs/data\miktex/data/le/pdftex\pdflatex.fmt...
2020-09-11 14:39:12,806+0200 INFO  miktex-makefmt - this process (14500) finishes with exit code 0
2020-09-11 14:39:12,806+0200 WARN  miktex.core - still open: d:\d.koch\_PROG\miktex\texmfs\install\tex/generic/config\pdftexconfig.tex.in
2020-09-11 14:39:12,806+0200 WARN  miktex.core - still open: d:\d.koch\_PROG\miktex\texmfs/config\tex\generic\config\pdftexconfig.tex
2020-09-11 18:55:17,180+0200 INFO  miktex-makefmt - this process (20472) started by 'initexmf' with command line: miktex-makefmt.exe --engine=pdftex --dest-name=pdflatex --no-dump pdflatex.ini --engine-option=-tcx=cp227.tcx --enable-installer --miktex-disable-maintenance --miktex-disable-diagnose
2020-09-11 18:55:17,186+0200 INFO  makefmt - found input file: d:\d.koch\_PROG\miktex\texmfs\install\tex\latex\00miktex\pdflatex.ini
2020-09-11 18:55:17,187+0200 INFO  makefmt - Creating the pdflatex format file...
2020-09-11 18:55:17,197+0200 INFO  makefmt - Running miktex-pdftex.exe...
2020-09-11 18:55:17,197+0200 INFO  makefmt - running: miktex-pdftex.exe --miktex-enable-installer --miktex-disable-maintenance --miktex-disable-diagnose --initialize --interaction=nonstopmode --halt-on-error --alias=pdflatex --job-name=pdflatex -tcx=cp227.tcx --enable-etex pdflatex.ini
2020-09-11 18:55:17,242+0200 INFO  miktex-makefmt.core - start process: miktex-pdftex.exe --miktex-enable-installer --miktex-disable-maintenance --miktex-disable-diagnose --initialize --interaction=nonstopmode --halt-on-error --alias=pdflatex --job-name=pdflatex -tcx=cp227.tcx --enable-etex pdflatex.ini
2020-09-11 18:55:19,135+0200 INFO  makefmt - Installing d:\d.koch\_PROG\miktex\texmfs/data\miktex/data/le/pdftex\pdflatex.fmt...
2020-09-11 18:55:19,148+0200 INFO  miktex-makefmt - this process (20472) finishes with exit code 0
2020-09-11 18:55:19,148+0200 WARN  miktex.core - still open: d:\d.koch\_PROG\miktex\texmfs\install\tex/generic/config\pdftexconfig.tex.in
2020-09-11 18:55:19,148+0200 WARN  miktex.core - still open: d:\d.koch\_PROG\miktex\texmfs/config\tex\generic\config\pdftexconfig.tex
2020-09-14 13:59:02,248+0200 INFO  miktex-makefmt - this process (6488) started by 'initexmf' with command line: miktex-makefmt.exe --engine=pdftex --dest-name=pdflatex --no-dump pdflatex.ini --engine-option=-tcx=cp227.tcx --enable-installer --miktex-disable-maintenance --miktex-disable-diagnose
2020-09-14 13:59:02,286+0200 INFO  makefmt - found input file: d:\d.koch\_PROG\miktex\texmfs\install\tex\latex\00miktex\pdflatex.ini
2020-09-14 13:59:02,286+0200 INFO  makefmt - Creating the pdflatex format file...
2020-09-14 13:59:02,302+0200 INFO  makefmt - Running miktex-pdftex.exe...
2020-09-14 13:59:02,302+0200 INFO  makefmt - running: miktex-pdftex.exe --miktex-enable-installer --miktex-disable-maintenance --miktex-disable-diagnose --initialize --interaction=nonstopmode --halt-on-error --alias=pdflatex --job-name=pdflatex -tcx=cp227.tcx --enable-etex pdflatex.ini
2020-09-14 13:59:02,349+0200 INFO  miktex-makefmt.core - start process: miktex-pdftex.exe --miktex-enable-installer --miktex-disable-maintenance --miktex-disable-diagnose --initialize --interaction=nonstopmode --halt-on-error --alias=pdflatex --job-name=pdflatex -tcx=cp227.tcx --enable-etex pdflatex.ini
2020-09-14 13:59:06,310+0200 INFO  makefmt - Installing d:\d.koch\_PROG\miktex\texmfs/data\miktex/data/le/pdftex\pdflatex.fmt...
2020-09-14 13:59:06,342+0200 INFO  miktex-makefmt - this process (6488) finishes with exit code 0
2020-09-14 13:59:06,342+0200 WARN  miktex.core - still open: d:\d.koch\_PROG\miktex\texmfs\install\tex/generic/config\pdftexconfig.tex.in
2020-09-14 13:59:06,342+0200 WARN  miktex.core - still open: d:\d.koch\_PROG\miktex\texmfs/config\tex\generic\config\pdftexconfig.tex
2020-09-14 14:33:06,510+0200 INFO  miktex-makefmt - this process (11368) started by 'initexmf' with command line: miktex-makefmt.exe --engine=pdftex --dest-name=pdflatex --no-dump pdflatex.ini --engine-option=-tcx=cp227.tcx --enable-installer --miktex-disable-maintenance --miktex-disable-diagnose
2020-09-14 14:33:06,526+0200 INFO  makefmt - found input file: d:\d.koch\_PROG\miktex\texmfs\install\tex\latex\00miktex\pdflatex.ini
2020-09-14 14:33:06,526+0200 INFO  makefmt - Creating the pdflatex format file...
2020-09-14 14:33:06,526+0200 INFO  makefmt - Running miktex-pdftex.exe...
2020-09-14 14:33:06,526+0200 INFO  makefmt - running: miktex-pdftex.exe --miktex-enable-installer --miktex-disable-maintenance --miktex-disable-diagnose --initialize --interaction=nonstopmode --halt-on-error --alias=pdflatex --job-name=pdflatex -tcx=cp227.tcx --enable-etex pdflatex.ini
2020-09-14 14:33:06,579+0200 INFO  miktex-makefmt.core - start process: miktex-pdftex.exe --miktex-enable-installer --miktex-disable-maintenance --miktex-disable-diagnose --initialize --interaction=nonstopmode --halt-on-error --alias=pdflatex --job-name=pdflatex -tcx=cp227.tcx --enable-etex pdflatex.ini
2020-09-14 14:33:08,414+0200 INFO  makefmt - Installing d:\d.koch\_PROG\miktex\texmfs/data\miktex/data/le/pdftex\pdflatex.fmt...
2020-09-14 14:33:08,439+0200 INFO  miktex-makefmt - this process (11368) finishes with exit code 0
2020-09-14 14:33:08,439+0200 WARN  miktex.core - still open: d:\d.koch\_PROG\miktex\texmfs\install\tex/generic/config\pdftexconfig.tex.in
2020-09-14 14:33:08,439+0200 WARN  miktex.core - still open: d:\d.koch\_PROG\miktex\texmfs/config\tex\generic\config\pdftexconfig.tex
2020-09-14 17:10:51,045+0200 INFO  miktex-makefmt - this process (13476) started by 'initexmf' with command line: miktex-makefmt.exe --engine=pdftex --dest-name=pdflatex --no-dump pdflatex.ini --engine-option=-tcx=cp227.tcx --enable-installer --miktex-disable-maintenance --miktex-disable-diagnose
2020-09-14 17:10:51,045+0200 INFO  makefmt - found input file: d:\d.koch\_PROG\miktex\texmfs\install\tex\latex\00miktex\pdflatex.ini
2020-09-14 17:10:51,045+0200 INFO  makefmt - Creating the pdflatex format file...
2020-09-14 17:10:51,060+0200 INFO  makefmt - Running miktex-pdftex.exe...
2020-09-14 17:10:51,060+0200 INFO  makefmt - running: miktex-pdftex.exe --miktex-enable-installer --miktex-disable-maintenance --miktex-disable-diagnose --initialize --interaction=nonstopmode --halt-on-error --alias=pdflatex --job-name=pdflatex -tcx=cp227.tcx --enable-etex pdflatex.ini
2020-09-14 17:10:51,107+0200 INFO  miktex-makefmt.core - start process: miktex-pdftex.exe --miktex-enable-installer --miktex-disable-maintenance --miktex-disable-diagnose --initialize --interaction=nonstopmode --halt-on-error --alias=pdflatex --job-name=pdflatex -tcx=cp227.tcx --enable-etex pdflatex.ini
2020-09-14 17:10:52,899+0200 INFO  makefmt - Installing d:\d.koch\_PROG\miktex\texmfs/data\miktex/data/le/pdftex\pdflatex.fmt...
2020-09-14 17:10:52,916+0200 INFO  miktex-makefmt - this process (13476) finishes with exit code 0
2020-09-14 17:10:52,916+0200 WARN  miktex.core - still open: d:\d.koch\_PROG\miktex\texmfs\install\tex/generic/config\pdftexconfig.tex.in
2020-09-14 17:10:52,916+0200 WARN  miktex.core - still open: d:\d.koch\_PROG\miktex\texmfs/config\tex\generic\config\pdftexconfig.tex
2020-09-15 11:19:02,982+0200 INFO  miktex-makefmt - this process (16056) started by 'initexmf' with command line: miktex-makefmt.exe --engine=xetex --dest-name=xelatex --no-dump xelatex.ini --enable-installer --miktex-disable-maintenance --miktex-disable-diagnose
2020-09-15 11:19:03,013+0200 INFO  makefmt - found input file: d:\d.koch\_PROG\miktex\texmfs\install\tex\latex\latexconfig\xelatex.ini
2020-09-15 11:19:03,029+0200 INFO  makefmt - Creating the xelatex format file...
2020-09-15 11:19:03,029+0200 INFO  makefmt - Running miktex-xetex.exe...
2020-09-15 11:19:03,029+0200 INFO  makefmt - running: miktex-xetex.exe --miktex-enable-installer --miktex-disable-maintenance --miktex-disable-diagnose --initialize --interaction=nonstopmode --halt-on-error --alias=xelatex --job-name=xelatex --enable-etex xelatex.ini
2020-09-15 11:19:03,067+0200 INFO  miktex-makefmt.core - start process: miktex-xetex.exe --miktex-enable-installer --miktex-disable-maintenance --miktex-disable-diagnose --initialize --interaction=nonstopmode --halt-on-error --alias=xelatex --job-name=xelatex --enable-etex xelatex.ini
2020-09-15 11:19:08,051+0200 INFO  makefmt - Installing d:\d.koch\_PROG\miktex\texmfs/data\miktex/data/le/xetex\xelatex.fmt...
2020-09-15 11:19:08,348+0200 INFO  miktex-makefmt - this process (16056) finishes with exit code 0
2020-09-15 11:20:29,770+0200 INFO  miktex-makefmt - this process (15684) started by 'initexmf' with command line: miktex-makefmt.exe --engine=luahbtex --dest-name=lualatex --no-dump lualatex.ini --enable-installer --miktex-disable-maintenance --miktex-disable-diagnose
2020-09-15 11:20:29,839+0200 INFO  makefmt - found input file: d:\d.koch\_PROG\miktex\texmfs\install\tex\generic\tex-ini-files\lualatex.ini
2020-09-15 11:20:29,839+0200 INFO  makefmt - Creating the lualatex format file...
2020-09-15 11:20:29,854+0200 INFO  makefmt - Running miktex-luahbtex.exe...
2020-09-15 11:20:29,854+0200 INFO  makefmt - running: miktex-luahbtex.exe --miktex-enable-installer --miktex-disable-maintenance --miktex-disable-diagnose --initialize --interaction=nonstopmode --halt-on-error --alias=lualatex --job-name=lualatex lualatex.ini
2020-09-15 11:20:29,901+0200 INFO  miktex-makefmt.core - start process: miktex-luahbtex.exe --miktex-enable-installer --miktex-disable-maintenance --miktex-disable-diagnose --initialize --interaction=nonstopmode --halt-on-error --alias=lualatex --job-name=lualatex lualatex.ini
2020-09-15 11:20:32,486+0200 INFO  makefmt - Installing d:\d.koch\_PROG\miktex\texmfs/data\miktex/data/le/luahbtex\lualatex.fmt...
2020-09-15 11:20:32,555+0200 INFO  miktex-makefmt - this process (15684) finishes with exit code 0
2020-09-15 11:20:32,555+0200 WARN  miktex.core - still open: d:\d.koch\_PROG\miktex\texmfs\install\tex/generic/config\pdftexconfig.tex.in
2020-09-15 11:20:32,555+0200 WARN  miktex.core - still open: d:\d.koch\_PROG\miktex\texmfs/config\tex\generic\config\pdftexconfig.tex
