2020-09-02 15:44:04,250+0200 INFO  pdflatex - this process (14020) started by 'texmaker' with command line: pdflatex -synctex=1 -interaction=nonstopmode cgd_book.tex
2020-09-02 15:44:04,255+0200 INFO  pdflatex - allowing known shell commands
2020-09-02 15:44:04,255+0200 INFO  pdflatex - enabling input (output) from (to) processes
2020-09-02 15:44:04,266+0200 INFO  pdflatex - going to create file: pdflatex.fmt
2020-09-02 15:44:04,305+0200 INFO  pdflatex.core - start process: initexmf --dump-by-name=pdflatex --engine=pdftex
2020-09-02 15:44:08,341+0200 WARN  pdflatex.packagemanager - dependancy problem: miktex-doc-2.9 is required by _miktex-packages-2.9
2020-09-02 15:44:31,723+0200 INFO  pdflatex - installing package geometry triggered by tex/latex/geometry\geometry.sty
2020-09-02 15:44:31,726+0200 INFO  pdflatex.packagemanager - going to download https://api2.miktex.org/hello
2020-09-02 15:44:32,119+0200 INFO  pdflatex.packagemanager - going to download https://api2.miktex.org/repositories?&releaseState=Stable&orderBy=ranking&take=1
2020-09-02 15:44:32,204+0200 INFO  pdflatex - mpm: starting package maintenance...
2020-09-02 15:44:32,204+0200 INFO  pdflatex - mpm: installation directory: d:\d.koch\_PROG\miktex\texmfs\install
2020-09-02 15:44:32,204+0200 INFO  pdflatex - mpm: package repository: http://mirror.ibcp.fr/pub/CTAN/systems/win32/miktex/tm/packages/
2020-09-02 15:44:32,416+0200 INFO  pdflatex - mpm: package repository digest: 2e624dea5facb5c70462f2f0ab293cbe
2020-09-02 15:44:32,416+0200 INFO  pdflatex - mpm: going to download 921500 bytes
2020-09-02 15:44:32,416+0200 INFO  pdflatex - mpm: going to install 8 file(s) (1 package(s))
2020-09-02 15:44:33,036+0200 INFO  pdflatex.packagemanager - installing package geometry
2020-09-02 15:44:33,042+0200 INFO  pdflatex - mpm: downloading http://mirror.ibcp.fr/pub/CTAN/systems/win32/miktex/tm/packages/geometry.tar.lzma...
2020-09-02 15:44:33,042+0200 INFO  pdflatex.packagemanager - going to download http://mirror.ibcp.fr/pub/CTAN/systems/win32/miktex/tm/packages/geometry.tar.lzma
2020-09-02 15:44:34,022+0200 INFO  pdflatex - mpm: 0.92 MB, 7.53 Mbit/s
2020-09-02 15:44:34,025+0200 INFO  pdflatex - mpm: extracting files from geometry.tar.lzma...
2020-09-02 15:44:34,578+0200 INFO  pdflatex.core - start process: initexmf --mkmaps
2020-09-02 15:44:42,286+0200 INFO  pdflatex - installing package mdframed triggered by tex/latex/mdframed\mdframed.sty
2020-09-02 15:44:42,287+0200 INFO  pdflatex.packagemanager - going to download https://api2.miktex.org/repositories/62d0c81748067585194c95203264c7fc
2020-09-02 15:44:42,625+0200 INFO  pdflatex - mpm: starting package maintenance...
2020-09-02 15:44:42,625+0200 INFO  pdflatex - mpm: installation directory: d:\d.koch\_PROG\miktex\texmfs\install
2020-09-02 15:44:42,625+0200 INFO  pdflatex - mpm: package repository: http://mirror.ibcp.fr/pub/CTAN/systems/win32/miktex/tm/packages/
2020-09-02 15:44:42,828+0200 INFO  pdflatex - mpm: package repository digest: 2e624dea5facb5c70462f2f0ab293cbe
2020-09-02 15:44:42,828+0200 INFO  pdflatex - mpm: going to download 1463455 bytes
2020-09-02 15:44:42,828+0200 INFO  pdflatex - mpm: going to install 19 file(s) (1 package(s))
2020-09-02 15:44:43,452+0200 INFO  pdflatex.packagemanager - installing package mdframed
2020-09-02 15:44:43,453+0200 INFO  pdflatex - mpm: downloading http://mirror.ibcp.fr/pub/CTAN/systems/win32/miktex/tm/packages/mdframed.tar.lzma...
2020-09-02 15:44:43,453+0200 INFO  pdflatex.packagemanager - going to download http://mirror.ibcp.fr/pub/CTAN/systems/win32/miktex/tm/packages/mdframed.tar.lzma
2020-09-02 15:44:44,235+0200 INFO  pdflatex - mpm: 1.46 MB, 14.99 Mbit/s
2020-09-02 15:44:44,243+0200 INFO  pdflatex - mpm: extracting files from mdframed.tar.lzma...
2020-09-02 15:44:44,865+0200 INFO  pdflatex.core - start process: initexmf --mkmaps
2020-09-02 15:44:48,638+0200 INFO  pdflatex - installing package kvoptions triggered by tex/latex/kvoptions\kvoptions.sty
2020-09-02 15:44:48,638+0200 INFO  pdflatex - mpm: starting package maintenance...
2020-09-02 15:44:48,638+0200 INFO  pdflatex - mpm: installation directory: d:\d.koch\_PROG\miktex\texmfs\install
2020-09-02 15:44:48,638+0200 INFO  pdflatex - mpm: package repository: http://mirror.ibcp.fr/pub/CTAN/systems/win32/miktex/tm/packages/
2020-09-02 15:44:48,840+0200 INFO  pdflatex - mpm: package repository digest: 2e624dea5facb5c70462f2f0ab293cbe
2020-09-02 15:44:48,840+0200 INFO  pdflatex - mpm: going to download 507783 bytes
2020-09-02 15:44:48,840+0200 INFO  pdflatex - mpm: going to install 7 file(s) (1 package(s))
2020-09-02 15:44:49,469+0200 INFO  pdflatex.packagemanager - installing package kvoptions
2020-09-02 15:44:49,469+0200 INFO  pdflatex - mpm: downloading http://mirror.ibcp.fr/pub/CTAN/systems/win32/miktex/tm/packages/kvoptions.tar.lzma...
2020-09-02 15:44:49,470+0200 INFO  pdflatex.packagemanager - going to download http://mirror.ibcp.fr/pub/CTAN/systems/win32/miktex/tm/packages/kvoptions.tar.lzma
2020-09-02 15:44:49,926+0200 INFO  pdflatex - mpm: 0.51 MB, 8.91 Mbit/s
2020-09-02 15:44:49,928+0200 INFO  pdflatex - mpm: extracting files from kvoptions.tar.lzma...
2020-09-02 15:44:50,451+0200 INFO  pdflatex.core - start process: initexmf --mkmaps
2020-09-02 15:44:54,232+0200 INFO  pdflatex - installing package ltxcmds triggered by tex/generic/ltxcmds\ltxcmds.sty
2020-09-02 15:44:54,232+0200 INFO  pdflatex - mpm: starting package maintenance...
2020-09-02 15:44:54,232+0200 INFO  pdflatex - mpm: installation directory: d:\d.koch\_PROG\miktex\texmfs\install
2020-09-02 15:44:54,232+0200 INFO  pdflatex - mpm: package repository: http://mirror.ibcp.fr/pub/CTAN/systems/win32/miktex/tm/packages/
2020-09-02 15:44:54,433+0200 INFO  pdflatex - mpm: package repository digest: 2e624dea5facb5c70462f2f0ab293cbe
2020-09-02 15:44:54,433+0200 INFO  pdflatex - mpm: going to download 406142 bytes
2020-09-02 15:44:54,433+0200 INFO  pdflatex - mpm: going to install 5 file(s) (1 package(s))
2020-09-02 15:44:55,056+0200 INFO  pdflatex.packagemanager - installing package ltxcmds
2020-09-02 15:44:55,057+0200 INFO  pdflatex - mpm: downloading http://mirror.ibcp.fr/pub/CTAN/systems/win32/miktex/tm/packages/ltxcmds.tar.lzma...
2020-09-02 15:44:55,057+0200 INFO  pdflatex.packagemanager - going to download http://mirror.ibcp.fr/pub/CTAN/systems/win32/miktex/tm/packages/ltxcmds.tar.lzma
2020-09-02 15:44:55,460+0200 INFO  pdflatex - mpm: 0.41 MB, 8.06 Mbit/s
2020-09-02 15:44:55,462+0200 INFO  pdflatex - mpm: extracting files from ltxcmds.tar.lzma...
2020-09-02 15:44:55,981+0200 INFO  pdflatex.core - start process: initexmf --mkmaps
2020-09-02 15:44:59,771+0200 INFO  pdflatex - installing package kvsetkeys triggered by tex/generic/kvsetkeys\kvsetkeys.sty
2020-09-02 15:44:59,771+0200 INFO  pdflatex - mpm: starting package maintenance...
2020-09-02 15:44:59,771+0200 INFO  pdflatex - mpm: installation directory: d:\d.koch\_PROG\miktex\texmfs\install
2020-09-02 15:44:59,771+0200 INFO  pdflatex - mpm: package repository: http://mirror.ibcp.fr/pub/CTAN/systems/win32/miktex/tm/packages/
2020-09-02 15:44:59,967+0200 INFO  pdflatex - mpm: package repository digest: 2e624dea5facb5c70462f2f0ab293cbe
2020-09-02 15:44:59,967+0200 INFO  pdflatex - mpm: going to download 386446 bytes
2020-09-02 15:44:59,967+0200 INFO  pdflatex - mpm: going to install 6 file(s) (1 package(s))
2020-09-02 15:45:00,616+0200 INFO  pdflatex.packagemanager - installing package kvsetkeys
2020-09-02 15:45:00,617+0200 INFO  pdflatex - mpm: downloading http://mirror.ibcp.fr/pub/CTAN/systems/win32/miktex/tm/packages/kvsetkeys.tar.lzma...
2020-09-02 15:45:00,617+0200 INFO  pdflatex.packagemanager - going to download http://mirror.ibcp.fr/pub/CTAN/systems/win32/miktex/tm/packages/kvsetkeys.tar.lzma
2020-09-02 15:45:00,958+0200 INFO  pdflatex - mpm: 0.39 MB, 9.04 Mbit/s
2020-09-02 15:45:00,964+0200 INFO  pdflatex - mpm: extracting files from kvsetkeys.tar.lzma...
2020-09-02 15:45:01,519+0200 INFO  pdflatex.core - start process: initexmf --mkmaps
2020-09-02 15:45:05,417+0200 INFO  pdflatex - installing package zref triggered by tex/latex/zref\zref-abspage.sty
2020-09-02 15:45:05,418+0200 INFO  pdflatex - mpm: starting package maintenance...
2020-09-02 15:45:05,418+0200 INFO  pdflatex - mpm: installation directory: d:\d.koch\_PROG\miktex\texmfs\install
2020-09-02 15:45:05,418+0200 INFO  pdflatex - mpm: package repository: http://mirror.ibcp.fr/pub/CTAN/systems/win32/miktex/tm/packages/
2020-09-02 15:45:05,614+0200 INFO  pdflatex - mpm: package repository digest: 2e624dea5facb5c70462f2f0ab293cbe
2020-09-02 15:45:05,614+0200 INFO  pdflatex - mpm: going to download 702799 bytes
2020-09-02 15:45:05,614+0200 INFO  pdflatex - mpm: going to install 25 file(s) (1 package(s))
2020-09-02 15:45:06,232+0200 INFO  pdflatex.packagemanager - installing package zref
2020-09-02 15:45:06,233+0200 INFO  pdflatex - mpm: downloading http://mirror.ibcp.fr/pub/CTAN/systems/win32/miktex/tm/packages/zref.tar.lzma...
2020-09-02 15:45:06,233+0200 INFO  pdflatex.packagemanager - going to download http://mirror.ibcp.fr/pub/CTAN/systems/win32/miktex/tm/packages/zref.tar.lzma
2020-09-02 15:45:06,795+0200 INFO  pdflatex - mpm: 0.70 MB, 10.02 Mbit/s
2020-09-02 15:45:06,797+0200 INFO  pdflatex - mpm: extracting files from zref.tar.lzma...
2020-09-02 15:45:07,398+0200 INFO  pdflatex.core - start process: initexmf --mkmaps
2020-09-02 15:45:11,077+0200 INFO  pdflatex - installing package infwarerr triggered by tex/generic/infwarerr\infwarerr.sty
2020-09-02 15:45:11,077+0200 INFO  pdflatex - mpm: starting package maintenance...
2020-09-02 15:45:11,077+0200 INFO  pdflatex - mpm: installation directory: d:\d.koch\_PROG\miktex\texmfs\install
2020-09-02 15:45:11,077+0200 INFO  pdflatex - mpm: package repository: http://mirror.ibcp.fr/pub/CTAN/systems/win32/miktex/tm/packages/
2020-09-02 15:45:11,278+0200 INFO  pdflatex - mpm: package repository digest: 2e624dea5facb5c70462f2f0ab293cbe
2020-09-02 15:45:11,278+0200 INFO  pdflatex - mpm: going to download 293465 bytes
2020-09-02 15:45:11,278+0200 INFO  pdflatex - mpm: going to install 5 file(s) (1 package(s))
2020-09-02 15:45:11,904+0200 INFO  pdflatex.packagemanager - installing package infwarerr
2020-09-02 15:45:11,905+0200 INFO  pdflatex - mpm: downloading http://mirror.ibcp.fr/pub/CTAN/systems/win32/miktex/tm/packages/infwarerr.tar.lzma...
2020-09-02 15:45:11,905+0200 INFO  pdflatex.packagemanager - going to download http://mirror.ibcp.fr/pub/CTAN/systems/win32/miktex/tm/packages/infwarerr.tar.lzma
2020-09-02 15:45:12,328+0200 INFO  pdflatex - mpm: 0.29 MB, 5.56 Mbit/s
2020-09-02 15:45:12,329+0200 INFO  pdflatex - mpm: extracting files from infwarerr.tar.lzma...
2020-09-02 15:45:12,815+0200 INFO  pdflatex.core - start process: initexmf --mkmaps
2020-09-02 15:45:16,908+0200 INFO  pdflatex - installing package kvdefinekeys triggered by tex/generic/kvdefinekeys\kvdefinekeys.sty
2020-09-02 15:45:16,908+0200 INFO  pdflatex - mpm: starting package maintenance...
2020-09-02 15:45:16,908+0200 INFO  pdflatex - mpm: installation directory: d:\d.koch\_PROG\miktex\texmfs\install
2020-09-02 15:45:16,908+0200 INFO  pdflatex - mpm: package repository: http://mirror.ibcp.fr/pub/CTAN/systems/win32/miktex/tm/packages/
2020-09-02 15:45:17,105+0200 INFO  pdflatex - mpm: package repository digest: 2e624dea5facb5c70462f2f0ab293cbe
2020-09-02 15:45:17,105+0200 INFO  pdflatex - mpm: going to download 304244 bytes
2020-09-02 15:45:17,105+0200 INFO  pdflatex - mpm: going to install 5 file(s) (1 package(s))
2020-09-02 15:45:17,730+0200 INFO  pdflatex.packagemanager - installing package kvdefinekeys
2020-09-02 15:45:17,731+0200 INFO  pdflatex - mpm: downloading http://mirror.ibcp.fr/pub/CTAN/systems/win32/miktex/tm/packages/kvdefinekeys.tar.lzma...
2020-09-02 15:45:17,731+0200 INFO  pdflatex.packagemanager - going to download http://mirror.ibcp.fr/pub/CTAN/systems/win32/miktex/tm/packages/kvdefinekeys.tar.lzma
2020-09-02 15:45:18,051+0200 INFO  pdflatex - mpm: 0.30 MB, 7.63 Mbit/s
2020-09-02 15:45:18,054+0200 INFO  pdflatex - mpm: extracting files from kvdefinekeys.tar.lzma...
2020-09-02 15:45:18,611+0200 INFO  pdflatex.core - start process: initexmf --mkmaps
2020-09-02 15:45:22,411+0200 INFO  pdflatex - installing package etexcmds triggered by tex/generic/etexcmds\etexcmds.sty
2020-09-02 15:45:22,411+0200 INFO  pdflatex - mpm: starting package maintenance...
2020-09-02 15:45:22,411+0200 INFO  pdflatex - mpm: installation directory: d:\d.koch\_PROG\miktex\texmfs\install
2020-09-02 15:45:22,411+0200 INFO  pdflatex - mpm: package repository: http://mirror.ibcp.fr/pub/CTAN/systems/win32/miktex/tm/packages/
2020-09-02 15:45:22,614+0200 INFO  pdflatex - mpm: package repository digest: 2e624dea5facb5c70462f2f0ab293cbe
2020-09-02 15:45:22,614+0200 INFO  pdflatex - mpm: going to download 308618 bytes
2020-09-02 15:45:22,614+0200 INFO  pdflatex - mpm: going to install 5 file(s) (1 package(s))
2020-09-02 15:45:23,243+0200 INFO  pdflatex.packagemanager - installing package etexcmds
2020-09-02 15:45:23,244+0200 INFO  pdflatex - mpm: downloading http://mirror.ibcp.fr/pub/CTAN/systems/win32/miktex/tm/packages/etexcmds.tar.lzma...
2020-09-02 15:45:23,244+0200 INFO  pdflatex.packagemanager - going to download http://mirror.ibcp.fr/pub/CTAN/systems/win32/miktex/tm/packages/etexcmds.tar.lzma
2020-09-02 15:45:23,589+0200 INFO  pdflatex - mpm: 0.31 MB, 7.16 Mbit/s
2020-09-02 15:45:23,593+0200 INFO  pdflatex - mpm: extracting files from etexcmds.tar.lzma...
2020-09-02 15:45:24,088+0200 INFO  pdflatex.core - start process: initexmf --mkmaps
2020-09-02 15:45:27,882+0200 INFO  pdflatex - installing package auxhook triggered by tex/latex/auxhook\auxhook.sty
2020-09-02 15:45:27,882+0200 INFO  pdflatex - mpm: starting package maintenance...
2020-09-02 15:45:27,882+0200 INFO  pdflatex - mpm: installation directory: d:\d.koch\_PROG\miktex\texmfs\install
2020-09-02 15:45:27,882+0200 INFO  pdflatex - mpm: package repository: http://mirror.ibcp.fr/pub/CTAN/systems/win32/miktex/tm/packages/
2020-09-02 15:45:28,082+0200 INFO  pdflatex - mpm: package repository digest: 2e624dea5facb5c70462f2f0ab293cbe
2020-09-02 15:45:28,082+0200 INFO  pdflatex - mpm: going to download 292852 bytes
2020-09-02 15:45:28,082+0200 INFO  pdflatex - mpm: going to install 5 file(s) (1 package(s))
2020-09-02 15:45:28,711+0200 INFO  pdflatex.packagemanager - installing package auxhook
2020-09-02 15:45:28,711+0200 INFO  pdflatex - mpm: downloading http://mirror.ibcp.fr/pub/CTAN/systems/win32/miktex/tm/packages/auxhook.tar.lzma...
2020-09-02 15:45:28,711+0200 INFO  pdflatex.packagemanager - going to download http://mirror.ibcp.fr/pub/CTAN/systems/win32/miktex/tm/packages/auxhook.tar.lzma
2020-09-02 15:45:29,009+0200 INFO  pdflatex - mpm: 0.29 MB, 7.89 Mbit/s
2020-09-02 15:45:29,010+0200 INFO  pdflatex - mpm: extracting files from auxhook.tar.lzma...
2020-09-02 15:45:29,513+0200 INFO  pdflatex.core - start process: initexmf --mkmaps
2020-09-02 15:45:33,295+0200 INFO  pdflatex - installing package atbegshi triggered by tex/generic/atbegshi\atbegshi.sty
2020-09-02 15:45:33,295+0200 INFO  pdflatex - mpm: starting package maintenance...
2020-09-02 15:45:33,295+0200 INFO  pdflatex - mpm: installation directory: d:\d.koch\_PROG\miktex\texmfs\install
2020-09-02 15:45:33,295+0200 INFO  pdflatex - mpm: package repository: http://mirror.ibcp.fr/pub/CTAN/systems/win32/miktex/tm/packages/
2020-09-02 15:45:33,491+0200 INFO  pdflatex - mpm: package repository digest: 2e624dea5facb5c70462f2f0ab293cbe
2020-09-02 15:45:33,491+0200 INFO  pdflatex - mpm: going to download 418256 bytes
2020-09-02 15:45:33,491+0200 INFO  pdflatex - mpm: going to install 7 file(s) (1 package(s))
2020-09-02 15:45:34,119+0200 INFO  pdflatex.packagemanager - installing package atbegshi
2020-09-02 15:45:34,119+0200 INFO  pdflatex - mpm: downloading http://mirror.ibcp.fr/pub/CTAN/systems/win32/miktex/tm/packages/atbegshi.tar.lzma...
2020-09-02 15:45:34,120+0200 INFO  pdflatex.packagemanager - going to download http://mirror.ibcp.fr/pub/CTAN/systems/win32/miktex/tm/packages/atbegshi.tar.lzma
2020-09-02 15:45:34,690+0200 INFO  pdflatex - mpm: 0.42 MB, 5.87 Mbit/s
2020-09-02 15:45:34,691+0200 INFO  pdflatex - mpm: extracting files from atbegshi.tar.lzma...
2020-09-02 15:45:35,211+0200 INFO  pdflatex.core - start process: initexmf --mkmaps
2020-09-02 15:45:38,903+0200 INFO  pdflatex - installing package needspace triggered by tex/latex/needspace\needspace.sty
2020-09-02 15:45:38,904+0200 INFO  pdflatex - mpm: starting package maintenance...
2020-09-02 15:45:38,904+0200 INFO  pdflatex - mpm: installation directory: d:\d.koch\_PROG\miktex\texmfs\install
2020-09-02 15:45:38,904+0200 INFO  pdflatex - mpm: package repository: http://mirror.ibcp.fr/pub/CTAN/systems/win32/miktex/tm/packages/
2020-09-02 15:45:39,109+0200 INFO  pdflatex - mpm: package repository digest: 2e624dea5facb5c70462f2f0ab293cbe
2020-09-02 15:45:39,110+0200 INFO  pdflatex - mpm: going to download 162000 bytes
2020-09-02 15:45:39,110+0200 INFO  pdflatex - mpm: going to install 5 file(s) (1 package(s))
2020-09-02 15:45:39,735+0200 INFO  pdflatex.packagemanager - installing package needspace
2020-09-02 15:45:39,736+0200 INFO  pdflatex - mpm: downloading http://mirror.ibcp.fr/pub/CTAN/systems/win32/miktex/tm/packages/needspace.tar.lzma...
2020-09-02 15:45:39,736+0200 INFO  pdflatex.packagemanager - going to download http://mirror.ibcp.fr/pub/CTAN/systems/win32/miktex/tm/packages/needspace.tar.lzma
2020-09-02 15:45:40,071+0200 INFO  pdflatex - mpm: 0.16 MB, 3.88 Mbit/s
2020-09-02 15:45:40,072+0200 INFO  pdflatex - mpm: extracting files from needspace.tar.lzma...
2020-09-02 15:45:40,563+0200 INFO  pdflatex.core - start process: initexmf --mkmaps
2020-09-02 15:45:44,738+0200 INFO  pdflatex - installing package titlesec triggered by tex/latex/titlesec\titlesec.sty
2020-09-02 15:45:44,738+0200 INFO  pdflatex - mpm: starting package maintenance...
2020-09-02 15:45:44,738+0200 INFO  pdflatex - mpm: installation directory: d:\d.koch\_PROG\miktex\texmfs\install
2020-09-02 15:45:44,738+0200 INFO  pdflatex - mpm: package repository: http://mirror.ibcp.fr/pub/CTAN/systems/win32/miktex/tm/packages/
2020-09-02 15:45:44,961+0200 INFO  pdflatex - mpm: package repository digest: 2e624dea5facb5c70462f2f0ab293cbe
2020-09-02 15:45:44,961+0200 INFO  pdflatex - mpm: going to download 678976 bytes
2020-09-02 15:45:44,961+0200 INFO  pdflatex - mpm: going to install 8 file(s) (1 package(s))
2020-09-02 15:45:45,601+0200 INFO  pdflatex.packagemanager - installing package titlesec
2020-09-02 15:45:45,602+0200 INFO  pdflatex - mpm: downloading http://mirror.ibcp.fr/pub/CTAN/systems/win32/miktex/tm/packages/titlesec.tar.lzma...
2020-09-02 15:45:45,602+0200 INFO  pdflatex.packagemanager - going to download http://mirror.ibcp.fr/pub/CTAN/systems/win32/miktex/tm/packages/titlesec.tar.lzma
2020-09-02 15:45:46,128+0200 INFO  pdflatex - mpm: 0.68 MB, 10.37 Mbit/s
2020-09-02 15:45:46,131+0200 INFO  pdflatex - mpm: extracting files from titlesec.tar.lzma...
2020-09-02 15:45:46,724+0200 INFO  pdflatex.core - start process: initexmf --mkmaps
2020-09-02 15:45:50,581+0200 INFO  pdflatex - installing package paralist triggered by tex/latex/paralist\paralist.sty
2020-09-02 15:45:50,581+0200 INFO  pdflatex - mpm: starting package maintenance...
2020-09-02 15:45:50,581+0200 INFO  pdflatex - mpm: installation directory: d:\d.koch\_PROG\miktex\texmfs\install
2020-09-02 15:45:50,581+0200 INFO  pdflatex - mpm: package repository: http://mirror.ibcp.fr/pub/CTAN/systems/win32/miktex/tm/packages/
2020-09-02 15:45:50,781+0200 INFO  pdflatex - mpm: package repository digest: 2e624dea5facb5c70462f2f0ab293cbe
2020-09-02 15:45:50,782+0200 INFO  pdflatex - mpm: going to download 227358 bytes
2020-09-02 15:45:50,782+0200 INFO  pdflatex - mpm: going to install 5 file(s) (1 package(s))
2020-09-02 15:45:51,412+0200 INFO  pdflatex.packagemanager - installing package paralist
2020-09-02 15:45:51,413+0200 INFO  pdflatex - mpm: downloading http://mirror.ibcp.fr/pub/CTAN/systems/win32/miktex/tm/packages/paralist.tar.lzma...
2020-09-02 15:45:51,413+0200 INFO  pdflatex.packagemanager - going to download http://mirror.ibcp.fr/pub/CTAN/systems/win32/miktex/tm/packages/paralist.tar.lzma
2020-09-02 15:45:51,726+0200 INFO  pdflatex - mpm: 0.23 MB, 5.83 Mbit/s
2020-09-02 15:45:51,728+0200 INFO  pdflatex - mpm: extracting files from paralist.tar.lzma...
2020-09-02 15:45:52,302+0200 INFO  pdflatex.core - start process: initexmf --mkmaps
2020-09-02 15:45:56,282+0200 INFO  pdflatex - installing package booktabs triggered by tex/latex/booktabs\booktabs.sty
2020-09-02 15:45:56,282+0200 INFO  pdflatex - mpm: starting package maintenance...
2020-09-02 15:45:56,282+0200 INFO  pdflatex - mpm: installation directory: d:\d.koch\_PROG\miktex\texmfs\install
2020-09-02 15:45:56,282+0200 INFO  pdflatex - mpm: package repository: http://mirror.ibcp.fr/pub/CTAN/systems/win32/miktex/tm/packages/
2020-09-02 15:45:56,489+0200 INFO  pdflatex - mpm: package repository digest: 2e624dea5facb5c70462f2f0ab293cbe
2020-09-02 15:45:56,489+0200 INFO  pdflatex - mpm: going to download 313410 bytes
2020-09-02 15:45:56,489+0200 INFO  pdflatex - mpm: going to install 5 file(s) (1 package(s))
2020-09-02 15:45:57,139+0200 INFO  pdflatex.packagemanager - installing package booktabs
2020-09-02 15:45:57,140+0200 INFO  pdflatex - mpm: downloading http://mirror.ibcp.fr/pub/CTAN/systems/win32/miktex/tm/packages/booktabs.tar.lzma...
2020-09-02 15:45:57,140+0200 INFO  pdflatex.packagemanager - going to download http://mirror.ibcp.fr/pub/CTAN/systems/win32/miktex/tm/packages/booktabs.tar.lzma
2020-09-02 15:45:57,465+0200 INFO  pdflatex - mpm: 0.31 MB, 7.76 Mbit/s
2020-09-02 15:45:57,466+0200 INFO  pdflatex - mpm: extracting files from booktabs.tar.lzma...
2020-09-02 15:45:57,971+0200 INFO  pdflatex.core - start process: initexmf --mkmaps
2020-09-02 15:46:01,862+0200 INFO  pdflatex - installing package changepage triggered by tex/latex/changepage\changepage.sty
2020-09-02 15:46:01,863+0200 INFO  pdflatex - mpm: starting package maintenance...
2020-09-02 15:46:01,863+0200 INFO  pdflatex - mpm: installation directory: d:\d.koch\_PROG\miktex\texmfs\install
2020-09-02 15:46:01,863+0200 INFO  pdflatex - mpm: package repository: http://mirror.ibcp.fr/pub/CTAN/systems/win32/miktex/tm/packages/
2020-09-02 15:46:02,062+0200 INFO  pdflatex - mpm: package repository digest: 2e624dea5facb5c70462f2f0ab293cbe
2020-09-02 15:46:02,062+0200 INFO  pdflatex - mpm: going to download 283425 bytes
2020-09-02 15:46:02,062+0200 INFO  pdflatex - mpm: going to install 6 file(s) (1 package(s))
2020-09-02 15:46:02,684+0200 INFO  pdflatex.packagemanager - installing package changepage
2020-09-02 15:46:02,685+0200 INFO  pdflatex - mpm: downloading http://mirror.ibcp.fr/pub/CTAN/systems/win32/miktex/tm/packages/changepage.tar.lzma...
2020-09-02 15:46:02,685+0200 INFO  pdflatex.packagemanager - going to download http://mirror.ibcp.fr/pub/CTAN/systems/win32/miktex/tm/packages/changepage.tar.lzma
2020-09-02 15:46:03,021+0200 INFO  pdflatex - mpm: 0.28 MB, 6.77 Mbit/s
2020-09-02 15:46:03,023+0200 INFO  pdflatex - mpm: extracting files from changepage.tar.lzma...
2020-09-02 15:46:03,526+0200 INFO  pdflatex.core - start process: initexmf --mkmaps
2020-09-02 15:46:07,309+0200 INFO  pdflatex - installing package psnfss triggered by tex/latex/psnfss\times.sty
2020-09-02 15:46:07,309+0200 INFO  pdflatex - mpm: starting package maintenance...
2020-09-02 15:46:07,309+0200 INFO  pdflatex - mpm: installation directory: d:\d.koch\_PROG\miktex\texmfs\install
2020-09-02 15:46:07,309+0200 INFO  pdflatex - mpm: package repository: http://mirror.ibcp.fr/pub/CTAN/systems/win32/miktex/tm/packages/
2020-09-02 15:46:07,508+0200 INFO  pdflatex - mpm: package repository digest: 2e624dea5facb5c70462f2f0ab293cbe
2020-09-02 15:46:07,508+0200 INFO  pdflatex - mpm: going to download 279649 bytes
2020-09-02 15:46:07,508+0200 INFO  pdflatex - mpm: going to install 121 file(s) (1 package(s))
2020-09-02 15:46:08,150+0200 INFO  pdflatex.packagemanager - installing package psnfss
2020-09-02 15:46:08,151+0200 INFO  pdflatex - mpm: downloading http://mirror.ibcp.fr/pub/CTAN/systems/win32/miktex/tm/packages/psnfss.tar.lzma...
2020-09-02 15:46:08,151+0200 INFO  pdflatex.packagemanager - going to download http://mirror.ibcp.fr/pub/CTAN/systems/win32/miktex/tm/packages/psnfss.tar.lzma
2020-09-02 15:46:08,458+0200 INFO  pdflatex - mpm: 0.28 MB, 7.34 Mbit/s
2020-09-02 15:46:08,459+0200 INFO  pdflatex - mpm: extracting files from psnfss.tar.lzma...
2020-09-02 15:46:09,554+0200 INFO  pdflatex.core - start process: initexmf --mkmaps
2020-09-02 15:46:13,589+0200 INFO  pdflatex - installing package fancyhdr triggered by tex/latex/fancyhdr\fancyhdr.sty
2020-09-02 15:46:13,589+0200 INFO  pdflatex - mpm: starting package maintenance...
2020-09-02 15:46:13,589+0200 INFO  pdflatex - mpm: installation directory: d:\d.koch\_PROG\miktex\texmfs\install
2020-09-02 15:46:13,589+0200 INFO  pdflatex - mpm: package repository: http://mirror.ibcp.fr/pub/CTAN/systems/win32/miktex/tm/packages/
2020-09-02 15:46:13,817+0200 INFO  pdflatex - mpm: package repository digest: 2e624dea5facb5c70462f2f0ab293cbe
2020-09-02 15:46:13,817+0200 INFO  pdflatex - mpm: going to download 761176 bytes
2020-09-02 15:46:13,817+0200 INFO  pdflatex - mpm: going to install 7 file(s) (1 package(s))
2020-09-02 15:46:14,466+0200 INFO  pdflatex.packagemanager - installing package fancyhdr
2020-09-02 15:46:14,467+0200 INFO  pdflatex - mpm: downloading http://mirror.ibcp.fr/pub/CTAN/systems/win32/miktex/tm/packages/fancyhdr.tar.lzma...
2020-09-02 15:46:14,467+0200 INFO  pdflatex.packagemanager - going to download http://mirror.ibcp.fr/pub/CTAN/systems/win32/miktex/tm/packages/fancyhdr.tar.lzma
2020-09-02 15:46:15,019+0200 INFO  pdflatex - mpm: 0.76 MB, 11.03 Mbit/s
2020-09-02 15:46:15,021+0200 INFO  pdflatex - mpm: extracting files from fancyhdr.tar.lzma...
2020-09-02 15:46:15,553+0200 INFO  pdflatex.core - start process: initexmf --mkmaps
2020-09-02 15:46:20,192+0200 INFO  pdflatex - installing package refstyle triggered by tex/latex/refstyle\refstyle.sty
2020-09-02 15:46:20,192+0200 INFO  pdflatex - mpm: starting package maintenance...
2020-09-02 15:46:20,192+0200 INFO  pdflatex - mpm: installation directory: d:\d.koch\_PROG\miktex\texmfs\install
2020-09-02 15:46:20,192+0200 INFO  pdflatex - mpm: package repository: http://mirror.ibcp.fr/pub/CTAN/systems/win32/miktex/tm/packages/
2020-09-02 15:46:20,461+0200 INFO  pdflatex - mpm: package repository digest: 2e624dea5facb5c70462f2f0ab293cbe
2020-09-02 15:46:20,461+0200 INFO  pdflatex - mpm: going to download 699289 bytes
2020-09-02 15:46:20,461+0200 INFO  pdflatex - mpm: going to install 7 file(s) (1 package(s))
2020-09-02 15:46:21,273+0200 INFO  pdflatex.packagemanager - installing package refstyle
2020-09-02 15:46:21,274+0200 INFO  pdflatex - mpm: downloading http://mirror.ibcp.fr/pub/CTAN/systems/win32/miktex/tm/packages/refstyle.tar.lzma...
2020-09-02 15:46:21,274+0200 INFO  pdflatex.packagemanager - going to download http://mirror.ibcp.fr/pub/CTAN/systems/win32/miktex/tm/packages/refstyle.tar.lzma
2020-09-02 15:46:22,145+0200 INFO  pdflatex - mpm: 0.70 MB, 6.44 Mbit/s
2020-09-02 15:46:22,147+0200 INFO  pdflatex - mpm: extracting files from refstyle.tar.lzma...
2020-09-02 15:46:22,797+0200 INFO  pdflatex.core - start process: initexmf --mkmaps
2020-09-02 15:46:27,577+0200 INFO  pdflatex - installing package float triggered by tex/latex/float\float.sty
2020-09-02 15:46:27,577+0200 INFO  pdflatex - mpm: starting package maintenance...
2020-09-02 15:46:27,577+0200 INFO  pdflatex - mpm: installation directory: d:\d.koch\_PROG\miktex\texmfs\install
2020-09-02 15:46:27,577+0200 INFO  pdflatex - mpm: package repository: http://mirror.ibcp.fr/pub/CTAN/systems/win32/miktex/tm/packages/
2020-09-02 15:46:27,796+0200 INFO  pdflatex - mpm: package repository digest: 2e624dea5facb5c70462f2f0ab293cbe
2020-09-02 15:46:27,796+0200 INFO  pdflatex - mpm: going to download 127884 bytes
2020-09-02 15:46:27,796+0200 INFO  pdflatex - mpm: going to install 5 file(s) (1 package(s))
2020-09-02 15:46:28,448+0200 INFO  pdflatex.packagemanager - installing package float
2020-09-02 15:46:28,449+0200 INFO  pdflatex - mpm: downloading http://mirror.ibcp.fr/pub/CTAN/systems/win32/miktex/tm/packages/float.tar.lzma...
2020-09-02 15:46:28,449+0200 INFO  pdflatex.packagemanager - going to download http://mirror.ibcp.fr/pub/CTAN/systems/win32/miktex/tm/packages/float.tar.lzma
2020-09-02 15:46:28,748+0200 INFO  pdflatex - mpm: 0.13 MB, 3.43 Mbit/s
2020-09-02 15:46:28,749+0200 INFO  pdflatex - mpm: extracting files from float.tar.lzma...
2020-09-02 15:46:29,294+0200 INFO  pdflatex.core - start process: initexmf --mkmaps
2020-09-02 15:46:33,803+0200 INFO  pdflatex - installing package esint triggered by tex/latex/esint\esint.sty
2020-09-02 15:46:33,803+0200 INFO  pdflatex - mpm: starting package maintenance...
2020-09-02 15:46:33,803+0200 INFO  pdflatex - mpm: installation directory: d:\d.koch\_PROG\miktex\texmfs\install
2020-09-02 15:46:33,803+0200 INFO  pdflatex - mpm: package repository: http://mirror.ibcp.fr/pub/CTAN/systems/win32/miktex/tm/packages/
2020-09-02 15:46:34,001+0200 INFO  pdflatex - mpm: package repository digest: 2e624dea5facb5c70462f2f0ab293cbe
2020-09-02 15:46:34,001+0200 INFO  pdflatex - mpm: going to download 70394 bytes
2020-09-02 15:46:34,001+0200 INFO  pdflatex - mpm: going to install 10 file(s) (1 package(s))
2020-09-02 15:46:34,679+0200 INFO  pdflatex.packagemanager - installing package esint
2020-09-02 15:46:34,680+0200 INFO  pdflatex - mpm: downloading http://mirror.ibcp.fr/pub/CTAN/systems/win32/miktex/tm/packages/esint.tar.lzma...
2020-09-02 15:46:34,680+0200 INFO  pdflatex.packagemanager - going to download http://mirror.ibcp.fr/pub/CTAN/systems/win32/miktex/tm/packages/esint.tar.lzma
2020-09-02 15:46:34,909+0200 INFO  pdflatex - mpm: 0.07 MB, 2.47 Mbit/s
2020-09-02 15:46:34,910+0200 INFO  pdflatex - mpm: extracting files from esint.tar.lzma...
2020-09-02 15:46:35,442+0200 INFO  pdflatex.core - start process: initexmf --mkmaps
2020-09-02 15:46:39,426+0200 INFO  pdflatex - installing package refcount triggered by tex/latex/refcount\refcount.sty
2020-09-02 15:46:39,426+0200 INFO  pdflatex - mpm: starting package maintenance...
2020-09-02 15:46:39,426+0200 INFO  pdflatex - mpm: installation directory: d:\d.koch\_PROG\miktex\texmfs\install
2020-09-02 15:46:39,426+0200 INFO  pdflatex - mpm: package repository: http://mirror.ibcp.fr/pub/CTAN/systems/win32/miktex/tm/packages/
2020-09-02 15:46:39,700+0200 INFO  pdflatex - mpm: package repository digest: 2e624dea5facb5c70462f2f0ab293cbe
2020-09-02 15:46:39,700+0200 INFO  pdflatex - mpm: going to download 336386 bytes
2020-09-02 15:46:39,700+0200 INFO  pdflatex - mpm: going to install 5 file(s) (1 package(s))
2020-09-02 15:46:40,495+0200 INFO  pdflatex.packagemanager - installing package refcount
2020-09-02 15:46:40,496+0200 INFO  pdflatex - mpm: downloading http://mirror.ibcp.fr/pub/CTAN/systems/win32/miktex/tm/packages/refcount.tar.lzma...
2020-09-02 15:46:40,496+0200 INFO  pdflatex.packagemanager - going to download http://mirror.ibcp.fr/pub/CTAN/systems/win32/miktex/tm/packages/refcount.tar.lzma
2020-09-02 15:46:40,874+0200 INFO  pdflatex - mpm: 0.34 MB, 7.14 Mbit/s
2020-09-02 15:46:40,876+0200 INFO  pdflatex - mpm: extracting files from refcount.tar.lzma...
2020-09-02 15:46:41,367+0200 INFO  pdflatex.core - start process: initexmf --mkmaps
2020-09-02 15:46:45,128+0200 INFO  pdflatex - installing package gettitlestring triggered by tex/generic/gettitlestring\gettitlestring.sty
2020-09-02 15:46:45,128+0200 INFO  pdflatex - mpm: starting package maintenance...
2020-09-02 15:46:45,128+0200 INFO  pdflatex - mpm: installation directory: d:\d.koch\_PROG\miktex\texmfs\install
2020-09-02 15:46:45,128+0200 INFO  pdflatex - mpm: package repository: http://mirror.ibcp.fr/pub/CTAN/systems/win32/miktex/tm/packages/
2020-09-02 15:46:45,335+0200 INFO  pdflatex - mpm: package repository digest: 2e624dea5facb5c70462f2f0ab293cbe
2020-09-02 15:46:45,335+0200 INFO  pdflatex - mpm: going to download 327428 bytes
2020-09-02 15:46:45,335+0200 INFO  pdflatex - mpm: going to install 5 file(s) (1 package(s))
2020-09-02 15:46:45,952+0200 INFO  pdflatex.packagemanager - installing package gettitlestring
2020-09-02 15:46:45,953+0200 INFO  pdflatex - mpm: downloading http://mirror.ibcp.fr/pub/CTAN/systems/win32/miktex/tm/packages/gettitlestring.tar.lzma...
2020-09-02 15:46:45,953+0200 INFO  pdflatex.packagemanager - going to download http://mirror.ibcp.fr/pub/CTAN/systems/win32/miktex/tm/packages/gettitlestring.tar.lzma
2020-09-02 15:46:46,304+0200 INFO  pdflatex - mpm: 0.33 MB, 7.48 Mbit/s
2020-09-02 15:46:46,306+0200 INFO  pdflatex - mpm: extracting files from gettitlestring.tar.lzma...
2020-09-02 15:46:46,829+0200 INFO  pdflatex.core - start process: initexmf --mkmaps
2020-09-02 15:46:50,580+0200 INFO  pdflatex - installing package siunitx triggered by tex/latex/siunitx\siunitx.sty
2020-09-02 15:46:50,580+0200 INFO  pdflatex - mpm: starting package maintenance...
2020-09-02 15:46:50,580+0200 INFO  pdflatex - mpm: installation directory: d:\d.koch\_PROG\miktex\texmfs\install
2020-09-02 15:46:50,580+0200 INFO  pdflatex - mpm: package repository: http://mirror.ibcp.fr/pub/CTAN/systems/win32/miktex/tm/packages/
2020-09-02 15:46:50,785+0200 INFO  pdflatex - mpm: package repository digest: 2e624dea5facb5c70462f2f0ab293cbe
2020-09-02 15:46:50,785+0200 INFO  pdflatex - mpm: going to download 769841 bytes
2020-09-02 15:46:50,785+0200 INFO  pdflatex - mpm: going to install 8 file(s) (1 package(s))
2020-09-02 15:46:51,438+0200 INFO  pdflatex.packagemanager - installing package siunitx
2020-09-02 15:46:51,439+0200 INFO  pdflatex - mpm: downloading http://mirror.ibcp.fr/pub/CTAN/systems/win32/miktex/tm/packages/siunitx.tar.lzma...
2020-09-02 15:46:51,439+0200 INFO  pdflatex.packagemanager - going to download http://mirror.ibcp.fr/pub/CTAN/systems/win32/miktex/tm/packages/siunitx.tar.lzma
2020-09-02 15:46:51,973+0200 INFO  pdflatex - mpm: 0.77 MB, 11.58 Mbit/s
2020-09-02 15:46:51,975+0200 INFO  pdflatex - mpm: extracting files from siunitx.tar.lzma...
2020-09-02 15:46:52,527+0200 INFO  pdflatex.core - start process: initexmf --mkmaps
2020-09-02 15:46:56,441+0200 INFO  pdflatex - installing package translator triggered by tex/latex/translator\translator.sty
2020-09-02 15:46:56,441+0200 INFO  pdflatex - mpm: starting package maintenance...
2020-09-02 15:46:56,441+0200 INFO  pdflatex - mpm: installation directory: d:\d.koch\_PROG\miktex\texmfs\install
2020-09-02 15:46:56,441+0200 INFO  pdflatex - mpm: package repository: http://mirror.ibcp.fr/pub/CTAN/systems/win32/miktex/tm/packages/
2020-09-02 15:46:56,650+0200 INFO  pdflatex - mpm: package repository digest: 2e624dea5facb5c70462f2f0ab293cbe
2020-09-02 15:46:56,650+0200 INFO  pdflatex - mpm: going to download 240427 bytes
2020-09-02 15:46:56,650+0200 INFO  pdflatex - mpm: going to install 108 file(s) (1 package(s))
2020-09-02 15:46:57,266+0200 INFO  pdflatex.packagemanager - installing package translator
2020-09-02 15:46:57,267+0200 INFO  pdflatex - mpm: downloading http://mirror.ibcp.fr/pub/CTAN/systems/win32/miktex/tm/packages/translator.tar.lzma...
2020-09-02 15:46:57,267+0200 INFO  pdflatex.packagemanager - going to download http://mirror.ibcp.fr/pub/CTAN/systems/win32/miktex/tm/packages/translator.tar.lzma
2020-09-02 15:46:57,595+0200 INFO  pdflatex - mpm: 0.24 MB, 5.88 Mbit/s
2020-09-02 15:46:57,596+0200 INFO  pdflatex - mpm: extracting files from translator.tar.lzma...
2020-09-02 15:46:58,621+0200 INFO  pdflatex.core - start process: initexmf --mkmaps
2020-09-02 15:47:02,691+0200 INFO  pdflatex - installing package tex-gyre triggered by tex/latex/tex-gyre\t1qhv.fd
2020-09-02 15:47:02,691+0200 INFO  pdflatex - mpm: starting package maintenance...
2020-09-02 15:47:02,691+0200 INFO  pdflatex - mpm: installation directory: d:\d.koch\_PROG\miktex\texmfs\install
2020-09-02 15:47:02,691+0200 INFO  pdflatex - mpm: package repository: http://mirror.ibcp.fr/pub/CTAN/systems/win32/miktex/tm/packages/
2020-09-02 15:47:02,893+0200 INFO  pdflatex - mpm: package repository digest: 2e624dea5facb5c70462f2f0ab293cbe
2020-09-02 15:47:02,893+0200 INFO  pdflatex - mpm: going to download 15450980 bytes
2020-09-02 15:47:02,893+0200 INFO  pdflatex - mpm: going to install 886 file(s) (1 package(s))
2020-09-02 15:47:03,584+0200 INFO  pdflatex.packagemanager - installing package tex-gyre
2020-09-02 15:47:03,585+0200 INFO  pdflatex - mpm: downloading http://mirror.ibcp.fr/pub/CTAN/systems/win32/miktex/tm/packages/tex-gyre.tar.lzma...
2020-09-02 15:47:03,585+0200 INFO  pdflatex.packagemanager - going to download http://mirror.ibcp.fr/pub/CTAN/systems/win32/miktex/tm/packages/tex-gyre.tar.lzma
2020-09-02 15:47:14,227+0200 INFO  pdflatex - mpm: 15.45 MB, 11.62 Mbit/s
2020-09-02 15:47:14,263+0200 INFO  pdflatex - mpm: extracting files from tex-gyre.tar.lzma...
2020-09-02 15:47:21,053+0200 INFO  pdflatex.core - start process: initexmf --mkmaps
2020-09-02 15:47:27,219+0200 INFO  pdflatex.core - start process: miktex-makepk --enable-installer --verbose esint10 720 600 magstep(1.0)
2020-09-02 15:47:29,132+0200 INFO  pdflatex.core - start process: miktex-makepk --enable-installer --verbose ec-qhvb 864 600 magstep(2.0)
2020-09-02 15:48:15,513+0200 INFO  pdflatex.core - start process: miktex-makepk --enable-installer --verbose ec-qhvb 1037 600 magstep(3.0)
2020-09-02 15:48:18,576+0200 INFO  pdflatex.core - start process: miktex-makepk --enable-installer --verbose ec-qhvr 657 600 magstep(0.5)
2020-09-02 15:48:21,477+0200 INFO  pdflatex.core - start process: miktex-makepk --enable-installer --verbose ec-qhvr-sc 1493 600 magstep(5.0)
2020-09-02 15:48:25,444+0200 INFO  pdflatex.core - start process: miktex-makepk --enable-installer --verbose ec-qhvb 720 600 magstep(1.0)
2020-09-02 15:48:28,292+0200 INFO  pdflatex - this process (14020) finishes with exit code 1
2020-09-02 15:51:42,913+0200 INFO  pdflatex - this process (8892) started by 'texmaker' with command line: pdflatex -synctex=1 -interaction=nonstopmode cgd_book.tex
2020-09-02 15:51:42,918+0200 INFO  pdflatex - allowing known shell commands
2020-09-02 15:51:42,918+0200 INFO  pdflatex - enabling input (output) from (to) processes
2020-09-02 15:51:45,335+0200 INFO  pdflatex - this process (8892) finishes with exit code 1
2020-09-02 15:52:11,608+0200 INFO  pdflatex - this process (3968) started by 'texmaker' with command line: pdflatex -synctex=1 -interaction=nonstopmode cgd_book.tex
2020-09-02 15:52:11,612+0200 INFO  pdflatex - allowing known shell commands
2020-09-02 15:52:11,612+0200 INFO  pdflatex - enabling input (output) from (to) processes
2020-09-02 15:52:14,006+0200 INFO  pdflatex - this process (3968) finishes with exit code 1
