
09/09/07 07:35:49
F:\_ZOO\TEMP\Mare Man\1181981423.evilartnazi_fishnet_tutorial.pdf
RAR:          marker archive                           - Error format
RAR:          _TEST ARCHIVE_                           - Error format

09/09/07 07:35:49
F:\_ZOO\TEMP\Mare Man\1181981423.evilartnazi_fishnet_tutorial.pdf
ZIP/JAR:      signature archive                        - Error format
ZIP/JAR:      _TEST ARCHIVE_                           - Error format

09/09/07 07:35:49
F:\_ZOO\TEMP\Mare Man\1181981423.evilartnazi_fishnet_tutorial.pdf
ACE:          block arhive header                      - Error format
ACE:          _TEST ARCHIVE_                           - Error format

09/09/07 07:35:49
F:\_ZOO\TEMP\Mare Man\1181981423.evilartnazi_fishnet_tutorial.pdf
CAB:          block arhive header                      - Error format
CAB:          _TEST ARCHIVE_                           - Error format

09/09/07 07:35:49
F:\_ZOO\TEMP\Mare Man\1181981423.evilartnazi_fishnet_tutorial.pdf
ARJ:          signature archive                        - Error format
ARJ:          _TEST ARCHIVE_                           - Error format

09/09/07 07:35:49
F:\_ZOO\TEMP\Mare Man\1181981423.evilartnazi_fishnet_tutorial.pdf
LHA/LZH:      signature archive                        - Error format
LHA/LZH:      _TEST ARCHIVE_                           - Error format

09/09/07 07:35:49
F:\_ZOO\TEMP\Mare Man\1181981423.evilartnazi_fishnet_tutorial.pdf
GZIP/TGZIP:   signature archive                        - Error format
GZIP/TGZIP:   _TEST ARCHIVE_                           - Error format

09/09/07 07:35:49
F:\_ZOO\TEMP\Mare Man\1181981423.evilartnazi_fishnet_tutorial.pdf
TAR:          block arhive header                      - Error format
TAR:          _TEST ARCHIVE_                           - Error format

09/09/07 07:35:49
F:\_ZOO\TEMP\Mare Man\1181981423.evilartnazi_fishnet_tutorial.pdf
ARC/PAK:      signature archive                        - Error format
ARC/PAK:      _TEST ARCHIVE_                           - Error format

09/09/07 07:35:49
F:\_ZOO\TEMP\Mare Man\1181981423.evilartnazi_fishnet_tutorial.pdf
BH:           signature archive                        - Error format
BH:           _TEST ARCHIVE_                           - Error format

09/09/07 07:35:49
F:\_ZOO\TEMP\Mare Man\1181981423.evilartnazi_fishnet_tutorial.pdf
BZIP2/TBZIP2: block arhive header                      - Error format
BZIP2/TBZIP2: _TEST ARCHIVE_                           - Error format

09/09/07 07:35:49
F:\_ZOO\TEMP\Mare Man\1181981423.evilartnazi_fishnet_tutorial.pdf
CPIO:         signature archive                        - Error format
CPIO:         _TEST ARCHIVE_                           - Error format

09/09/07 07:35:49
F:\_ZOO\TEMP\Mare Man\1181981423.evilartnazi_fishnet_tutorial.pdf
DWC:          block archive end                        - Error format
DWC:          _TEST ARCHIVE_                           - Error format

09/09/07 07:35:49
F:\_ZOO\TEMP\Mare Man\1181981423.evilartnazi_fishnet_tutorial.pdf
HA:           block arhive header                      - Error format
HA:           _TEST ARCHIVE_                           - Error format

09/09/07 07:35:49
F:\_ZOO\TEMP\Mare Man\1181981423.evilartnazi_fishnet_tutorial.pdf
PPM:          signature archive                        - Error format
PPM:          _TEST ARCHIVE_                           - Error format

09/09/07 07:35:49
F:\_ZOO\TEMP\Mare Man\1181981423.evilartnazi_fishnet_tutorial.pdf
SQZ:          block arhive header                      - Error format
SQZ:          _TEST ARCHIVE_                           - Error format

09/09/07 07:35:49
F:\_ZOO\TEMP\Mare Man\1181981423.evilartnazi_fishnet_tutorial.pdf
Z:            signature archive                        - Error format
Z:            _TEST ARCHIVE_                           - Error format

09/09/07 07:35:49
F:\_ZOO\TEMP\Mare Man\1181981423.evilartnazi_fishnet_tutorial.pdf
ZOO:          block arhive header                      - Error format
ZOO:          _TEST ARCHIVE_                           - Error format
