

this is MiKTeX Setup Service 4.0 (MiKTeX 20.6.29)
starting installer...
Loading package database...
starting package maintenance...
installation directory: d:\d.koch\_PROG\miktex\texmfs/install
package repository: C:\Users\vincent\AppData\Local\Temp\mik66049
visiting repository C:\Users\vincent\AppData\Local\Temp\mik66049...
repository type: local package repository
loading package repository manifest...
package repository digest: bd5068f7198a760c9aa3dca2b3ddf9ed
going to install 16472 file(s) (190 package(s))
extracting files from amsfonts.tar.lzma...
extracting files from amsmath.tar.lzma...
extracting files from arabi.tar.lzma...
extracting files from avantgar.cab...
extracting files from babel.tar.lzma...
extracting files from babel-english.tar.lzma...
extracting files from biber-windows-x64.tar.lzma...
extracting files from biblatex.tar.lzma...
extracting files from bibtex.tar.lzma...
extracting files from blindtext.tar.lzma...
extracting files from bookman.cab...
extracting files from cbcoptic.tar.lzma...
extracting files from cm.tar.lzma...
extracting files from courier.tar.lzma...
extracting files from csfonts.tar.lzma...
extracting files from csplain.tar.lzma...
extracting files from dehyph.tar.lzma...
extracting files from dvipdfmx.tar.lzma...
extracting files from dvips.tar.lzma...
extracting files from ec.tar.lzma...
extracting files from elhyphen.tar.lzma...
extracting files from enctex.tar.lzma...
extracting files from environ.tar.lzma...
extracting files from epstopdf-pkg.tar.lzma...
extracting files from etoolbox.tar.lzma...
extracting files from fontconfig.tar.lzma...
extracting files from fontspec.tar.lzma...
extracting files from ghostscript.tar.lzma...
extracting files from graphics.tar.lzma...
extracting files from graphics-cfg.tar.lzma...
extracting files from graphics-def.tar.lzma...
extracting files from helvetic.cab...
extracting files from hyperref.tar.lzma...
extracting files from hyph-utf8.tar.lzma...
extracting files from iftex.tar.lzma...
extracting files from knuth-lib.tar.lzma...
extracting files from l3backend.tar.lzma...
extracting files from l3kernel.tar.lzma...
extracting files from l3packages.tar.lzma...
extracting files from latex-fonts.tar.lzma...
extracting files from listings.tar.lzma...
extracting files from lm.tar.lzma...
extracting files from ltxbase.tar.lzma...
extracting files from lualibs.tar.lzma...
extracting files from luaotfload.tar.lzma...
extracting files from luatex85.tar.lzma...
extracting files from make4ht.tar.lzma...
extracting files from metafont.tar.lzma...
extracting files from metapost.tar.lzma...
extracting files from miktex-arctrl-bin-x64-2.9.tar.lzma...
extracting files from miktex-asymptote-bin-x64-2.9.tar.lzma...
extracting files from miktex-autosp-bin-x64-2.9.tar.lzma...
extracting files from miktex-axohelp-bin-x64-2.9.tar.lzma...
extracting files from miktex-bibarts-bin-x64-2.9.tar.lzma...
extracting files from miktex-bibtex-bin-x64-2.9.tar.lzma...
extracting files from miktex-bibtex8bit-bin-x64-2.9.tar.lzma...
extracting files from miktex-bzip2-bin-x64-2.9.tar.lzma...
extracting files from miktex-cairo-bin-x64-2.9.tar.lzma...
extracting files from miktex-chktex-bin-x64-2.9.tar.lzma...
extracting files from miktex-cjkutils-bin-x64-2.9.tar.lzma...
extracting files from miktex-config-2.9.tar.lzma...
extracting files from miktex-console-bin-x64-2.9.tar.lzma...
extracting files from miktex-curl-bin-x64-2.9.tar.lzma...
extracting files from miktex-cweb-bin-x64-2.9.tar.lzma...
extracting files from miktex-devnag-bin-x64-2.9.tar.lzma...
extracting files from miktex-dict-british.tar.lzma...
extracting files from miktex-dict-english.tar.lzma...
extracting files from miktex-dict-french.tar.lzma...
extracting files from miktex-dict-german.tar.lzma...
extracting files from miktex-dvicopy-bin-x64-2.9.tar.lzma...
extracting files from miktex-dvipdfmx.tar.lzma...
extracting files from miktex-dvipdfmx-bin-x64-2.9.tar.lzma...
extracting files from miktex-dvipng-bin-x64-2.9.tar.lzma...
extracting files from miktex-dvips.tar.lzma...
extracting files from miktex-dvips-bin-x64-2.9.tar.lzma...
extracting files from miktex-dvisvgm-bin-x64-2.9.tar.lzma...
extracting files from miktex-epstopdf-bin-x64-2.9.tar.lzma...
extracting files from miktex-expat-bin-x64-2.9.tar.lzma...
extracting files from miktex-findtexmf-bin-x64-2.9.tar.lzma...
extracting files from miktex-fmt-bin-x64-2.9.tar.lzma...
extracting files from miktex-fontconfig.tar.lzma...
extracting files from miktex-fontconfig-bin-x64-2.9.tar.lzma...
extracting files from miktex-fonts-bin-x64-2.9.tar.lzma...
extracting files from miktex-freeglut-bin-x64-2.9.tar.lzma...
extracting files from miktex-freetype2-bin-x64-2.9.tar.lzma...
extracting files from miktex-fribidixetex-bin-x64-2.9.tar.lzma...
extracting files from miktex-gd-bin-x64-2.9.tar.lzma...
extracting files from miktex-ghostscript-bin-x64.tar.lzma...
extracting files from miktex-graphite2-bin-x64-2.9.tar.lzma...
extracting files from miktex-gregorio-bin-x64-2.9.tar.lzma...
extracting files from miktex-gsf2pk-bin-x64-2.9.tar.lzma...
extracting files from miktex-harfbuzz-bin-x64-2.9.tar.lzma...
extracting files from miktex-hunspell-bin-x64-2.9.tar.lzma...
extracting files from miktex-icu-bin-x64.tar.lzma...
extracting files from miktex-jpeg-bin-x64-2.9.tar.lzma...
extracting files from miktex-kpathsea-bin-x64-2.9.tar.lzma...
extracting files from miktex-lacheck-bin-x64-2.9.tar.lzma...
extracting files from miktex-latex.tar.lzma...
extracting files from miktex-lcdf-typetools-bin-x64-2.9.tar.lzma...
extracting files from miktex-libressl-bin-x64-2.9.tar.lzma...
extracting files from miktex-log4cxx-bin-x64-2.9.tar.lzma...
extracting files from miktex-lua53-bin-x64-2.9.tar.lzma...
extracting files from miktex-luatex.tar.lzma...
extracting files from miktex-luatex-bin-x64-2.9.tar.lzma...
extracting files from miktex-lzma-bin-x64-2.9.tar.lzma...
extracting files from miktex-m-tx-bin-x64-2.9.tar.lzma...
extracting files from miktex-makeindex-bin-x64-2.9.tar.lzma...
extracting files from miktex-md5-bin-x64-2.9.tar.lzma...
extracting files from miktex-metafont.tar.lzma...
extracting files from miktex-metafont-bin-x64-2.9.tar.lzma...
extracting files from miktex-metapost-bin-x64-2.9.tar.lzma...
extracting files from miktex-mfware-bin-x64-2.9.tar.lzma...
extracting files from miktex-misc.tar.lzma...
extracting files from miktex-mkfntmap-bin-x64-2.9.tar.lzma...
extracting files from miktex-mktex-bin-x64-2.9.tar.lzma...
extracting files from miktex-mo-bin-x64-2.9.tar.lzma...
extracting files from miktex-mpfr-bin-x64-2.9.tar.lzma...
extracting files from miktex-mpmcli-bin-x64-2.9.tar.lzma...
extracting files from miktex-mspack-bin-x64-2.9.tar.lzma...
extracting files from miktex-mthelp-bin-x64-2.9.tar.lzma...
extracting files from miktex-mtprint-bin-x64-2.9.tar.lzma...
extracting files from miktex-omegaware-bin-x64-2.9.tar.lzma...
extracting files from miktex-patgen-bin-x64.tar.lzma...
extracting files from miktex-pdftex.tar.lzma...
extracting files from miktex-pdftex-bin-x64-2.9.tar.lzma...
extracting files from miktex-pixman-bin-x64-2.9.tar.lzma...
extracting files from miktex-pmx-bin-x64-2.9.tar.lzma...
extracting files from miktex-png-bin-x64-2.9.tar.lzma...
extracting files from miktex-poppler-bin-x64-2.9.tar.lzma...
extracting files from miktex-popt-bin-x64-2.9.tar.lzma...
extracting files from miktex-posix-bin-x64-2.9.tar.lzma...
extracting files from miktex-ps2pk-bin-x64-2.9.tar.lzma...
extracting files from miktex-psutils-bin-x64-2.9.tar.lzma...
extracting files from miktex-qt5-bin-x64.tar.lzma...
extracting files from miktex-runtime-bin-x64-2.9.tar.lzma...
extracting files from miktex-synctex-bin-x64-2.9.tar.lzma...
extracting files from miktex-tdsutil-bin-x64.tar.lzma...
extracting files from miktex-teckit-bin-x64-2.9.tar.lzma...
extracting files from miktex-tex.tar.lzma...
extracting files from miktex-tex-bin-x64-2.9.tar.lzma...
extracting files from miktex-tex2xindy-bin-x64-2.9.tar.lzma...
extracting files from miktex-tex4ht.tar.lzma...
extracting files from miktex-tex4ht-bin-x64-2.9.tar.lzma...
extracting files from miktex-texify-bin-x64-2.9.tar.lzma...
extracting files from miktex-texware-bin-x64-2.9.tar.lzma...
extracting files from miktex-texworks-bin-x64-2.9.tar.lzma...
extracting files from miktex-ttf2pk2-bin-x64-2.9.tar.lzma...
extracting files from miktex-ucrt-bin-x64.tar.lzma...
extracting files from miktex-upmendex-bin-x64.tar.lzma...
extracting files from miktex-uriparser-bin-x64-2.9.tar.lzma...
extracting files from miktex-vc140-bin-x64.tar.lzma...
extracting files from miktex-web-bin-x64-2.9.tar.lzma...
extracting files from miktex-xetex.tar.lzma...
extracting files from miktex-xetex-bin-x64-2.9.tar.lzma...
extracting files from miktex-xindy-bin-x64.tar.lzma...
extracting files from miktex-yap-bin-x64-2.9.tar.lzma...
extracting files from miktex-zip-bin-x64.tar.lzma...
extracting files from miktex-zlib-bin-x64-2.9.tar.lzma...
extracting files from miktex-zzip-bin-x64-2.9.tar.lzma...
extracting files from modes.tar.lzma...
extracting files from mptopdf.tar.lzma...
extracting files from ms.tar.lzma...
extracting files from ncntrsbk.cab...
extracting files from oberdiek.tar.lzma...
extracting files from palatino.cab...
extracting files from pdftex.tar.lzma...
extracting files from pdftexcmds.tar.lzma...
extracting files from pgf.tar.lzma...
extracting files from pgfplots.tar.lzma...
extracting files from plain.tar.lzma...
extracting files from ragged2e.tar.lzma...
extracting files from rsfs.tar.lzma...
extracting files from ruhyphen.tar.lzma...
extracting files from standalone.tar.lzma...
extracting files from symbol.cab...
extracting files from tcolorbox.tar.lzma...
extracting files from tetex.tar.lzma...
extracting files from tex-ini-files.tar.lzma...
extracting files from tex4ht.tar.lzma...
extracting files from times.cab...
extracting files from tools.tar.lzma...
extracting files from trimspaces.tar.lzma...
extracting files from ukrhyph.tar.lzma...
extracting files from unicode-data.tar.lzma...
extracting files from url.tar.lzma...
extracting files from xcolor.tar.lzma...
extracting files from xetex.tar.lzma...
extracting files from xkeyval.tar.lzma...
extracting files from zapfchan.cab...
extracting files from zapfding.cab...
updating package manifests (d:\d.koch\_PROG\miktex\texmfs/install\miktex/config\package-manifests.ini)...
installed 3787 package manifests
visiting repository C:\Users\vincent\AppData\Local\Temp\mik66049...
repository type: local package repository
loading package repository manifest...
initexmf --principal=setup --portable=d:\d.koch\_PROG\miktex\texmfs/install --log-file=d:\d.koch\_PROG\miktex\texmfs/install\miktex/config\uninst.log --disable-installer --verbose:
25 [0x000024c0] INFO initexmf null - this is MiKTeX Configuration Utility 4.0 (MiKTeX 20.6.29)
26 [0x000024c0] INFO initexmf null - this process (13636) started by 'miktex-portable' with command line: initexmf --principal=setup --portable=d:\d.koch\_PROG\miktex\texmfs/install --log-file=d:\d.koch\_PROG\miktex\texmfs/install\miktex/config\uninst.log --disable-installer --verbose
26 [0x000024c0] DEBUG initexmf null - changed console output code page from 437 to 65001
26 [0x000024c0] INFO initexmf null - Operating on the private (per-user) MiKTeX setup
26 [0x000024c0] INFO initexmf null - Creating portable setup...
Creating portable setup...
41 [0x000024c0] INFO initexmf null - this process (13636) finishes with exit code 0
initexmf --rmfndb --log-file=d:\d.koch\_PROG\miktex\texmfs/install\miktex/config\uninst.log --disable-installer --verbose:
mpm --register-components --verbose:
Operating on the private (per-user) MiKTeX setup
configuring fontconfig\config\fonts.conf
initexmf --update-fndb --log-file=d:\d.koch\_PROG\miktex\texmfs/install\miktex/config\uninst.log --disable-installer --verbose:
Creating fndb for common root directory (d:\d.koch\_PROG\miktex\texmfs/config)...
Creating fndb for common root directory (d:\d.koch\_PROG\miktex\texmfs/data)...
Creating fndb for common root directory (d:\d.koch\_PROG\miktex\texmfs\install)...
Creating fndb for MPM...
initexmf --force --mklinks --log-file=d:\d.koch\_PROG\miktex\texmfs/install\miktex/config\uninst.log --disable-installer --verbose:
Collecting linked executables in target directory d:\d.koch\_PROG\miktex\texmfs\install\miktex/bin/x64...
initexmf: warning: The lualatex executable could not be found.
initexmf --mkmaps --mklangs --log-file=d:\d.koch\_PROG\miktex\texmfs/install\miktex/config\uninst.log --disable-installer --verbose:
Creating language.dat, language.dat.lua and language.def...
initexmf --default-paper-size=A4 --log-file=d:\d.koch\_PROG\miktex\texmfs/install\miktex/config\uninst.log --disable-installer --verbose:
initexmf --set-config-value=[MPM]AutoInstall=2 --log-file=d:\d.koch\_PROG\miktex\texmfs/install\miktex/config\uninst.log --disable-installer --verbose:
Setting config value: [MPM]AutoInstall=2
initexmf --update-fndb --log-file=d:\d.koch\_PROG\miktex\texmfs/install\miktex/config\uninst.log --disable-installer --verbose:
Creating fndb for common root directory (d:\d.koch\_PROG\miktex\texmfs/config)...
Creating fndb for common root directory (d:\d.koch\_PROG\miktex\texmfs/data)...
Creating fndb for common root directory (d:\d.koch\_PROG\miktex\texmfs\install)...
Creating fndb for MPM...
initexmf --report --log-file=d:\d.koch\_PROG\miktex\texmfs/install\miktex/config\uninst.log --disable-installer --verbose:
ReportDate: 2020-09-02 14:37:40
CurrentVersion: 20.6.29
SetupDate: 2020-09-02 14:36:57
SetupVersion: 20.6.29
Configuration: Portable
GitInfo: 4164370 / 2020-06-30 20:16:39
OS: Windows 10 Pro, 64-bit, build 18362
SharedSetup: no
LinkTargetDirectory: d:\d.koch\_PROG\miktex\texmfs\install\miktex\bin\x64
PathOkay: yes
SystemAdmin: yes
RootPrivileges: no
AdminMode: no
Root0: d:\d.koch\_PROG\miktex\texmfs\config
Root1: d:\d.koch\_PROG\miktex\texmfs\data
Root2: d:\d.koch\_PROG\miktex\texmfs\install
UserInstall: d:\d.koch\_PROG\miktex\texmfs\install
UserConfig: d:\d.koch\_PROG\miktex\texmfs\config
UserData: d:\d.koch\_PROG\miktex\texmfs\data
CommonInstall: d:\d.koch\_PROG\miktex\texmfs\install
CommonConfig: d:\d.koch\_PROG\miktex\texmfs\config
CommonData: d:\d.koch\_PROG\miktex\texmfs\data

The following issues were detected:
  1: major issue: So far, you have not checked for MiKTeX updates.
