[files]
d:\d.koch\_PROG\miktex\texmfs\install\miktex/bin/x64\pdfclose.exe
d:\d.koch\_PROG\miktex\texmfs\install\miktex/bin/x64\pdfdde.exe
d:\d.koch\_PROG\miktex\texmfs\install\miktex/bin/x64\pdfopen.exe
d:\d.koch\_PROG\miktex\texmfs\install\miktex/bin/x64\bg5pluslatex.exe
d:\d.koch\_PROG\miktex\texmfs\install\miktex/bin/x64\bg5pluspdflatex.exe
d:\d.koch\_PROG\miktex\texmfs\install\miktex/bin/x64\bg5latex.exe
d:\d.koch\_PROG\miktex\texmfs\install\miktex/bin/x64\bg5pdflatex.exe
d:\d.koch\_PROG\miktex\texmfs\install\miktex/bin/x64\bg5platex.exe
d:\d.koch\_PROG\miktex\texmfs\install\miktex/bin/x64\bg5ppdflatex.exe
d:\d.koch\_PROG\miktex\texmfs\install\miktex/bin/x64\cef5latex.exe
d:\d.koch\_PROG\miktex\texmfs\install\miktex/bin/x64\cef5pdflatex.exe
d:\d.koch\_PROG\miktex\texmfs\install\miktex/bin/x64\ceflatex.exe
d:\d.koch\_PROG\miktex\texmfs\install\miktex/bin/x64\cefpdflatex.exe
d:\d.koch\_PROG\miktex\texmfs\install\miktex/bin/x64\cefslatex.exe
d:\d.koch\_PROG\miktex\texmfs\install\miktex/bin/x64\cefspdflatex.exe
d:\d.koch\_PROG\miktex\texmfs\install\miktex/bin/x64\gbklatex.exe
d:\d.koch\_PROG\miktex\texmfs\install\miktex/bin/x64\gbkpdflatex.exe
d:\d.koch\_PROG\miktex\texmfs\install\miktex/bin/x64\sjislatex.exe
d:\d.koch\_PROG\miktex\texmfs\install\miktex/bin/x64\sjispdflatex.exe
d:\d.koch\_PROG\miktex\texmfs\install\miktex/bin/x64\afm2tfm.exe
d:\d.koch\_PROG\miktex\texmfs\install\miktex/bin/x64\asy.exe
d:\d.koch\_PROG\miktex\texmfs\install\miktex/bin/x64\autosp.exe
d:\d.koch\_PROG\miktex\texmfs\install\miktex/bin/x64\axohelp.exe
d:\d.koch\_PROG\miktex\texmfs\install\miktex/bin/x64\bg5conv.exe
d:\d.koch\_PROG\miktex\texmfs\install\miktex/bin/x64\bibsort.exe
d:\d.koch\_PROG\miktex\texmfs\install\miktex/bin/x64\bibtex8.exe
d:\d.koch\_PROG\miktex\texmfs\install\miktex/bin/x64\bibtexu.exe
d:\d.koch\_PROG\miktex\texmfs\install\miktex/bin/x64\bibtex.exe
d:\d.koch\_PROG\miktex\texmfs\install\miktex/bin/x64\cef5conv.exe
d:\d.koch\_PROG\miktex\texmfs\install\miktex/bin/x64\cefconv.exe
d:\d.koch\_PROG\miktex\texmfs\install\miktex/bin/x64\cefsconv.exe
d:\d.koch\_PROG\miktex\texmfs\install\miktex/bin/x64\chktex.exe
d:\d.koch\_PROG\miktex\texmfs\install\miktex/bin/x64\ctangle.exe
d:\d.koch\_PROG\miktex\texmfs\install\miktex/bin/x64\cweave.exe
d:\d.koch\_PROG\miktex\texmfs\install\miktex/bin/x64\devnag.exe
d:\d.koch\_PROG\miktex\texmfs\install\miktex/bin/x64\dvicopy.exe
d:\d.koch\_PROG\miktex\texmfs\install\miktex/bin/x64\dvipdfm.exe
d:\d.koch\_PROG\miktex\texmfs\install\miktex/bin/x64\dvipdfmx.exe
d:\d.koch\_PROG\miktex\texmfs\install\miktex/bin/x64\ebb.exe
d:\d.koch\_PROG\miktex\texmfs\install\miktex/bin/x64\extractbb.exe
d:\d.koch\_PROG\miktex\texmfs\install\miktex/bin/x64\xbb.exe
d:\d.koch\_PROG\miktex\texmfs\install\miktex/bin/x64\xdvipdfmx.exe
d:\d.koch\_PROG\miktex\texmfs\install\miktex/bin/x64\miktex-xdvipdfmx.exe
d:\d.koch\_PROG\miktex\texmfs\install\miktex/bin/x64\dvipdft.exe
d:\d.koch\_PROG\miktex\texmfs\install\miktex/bin/x64\dvipng.exe
d:\d.koch\_PROG\miktex\texmfs\install\miktex/bin/x64\dvips.exe
d:\d.koch\_PROG\miktex\texmfs\install\miktex/bin/x64\dvisvgm.exe
d:\d.koch\_PROG\miktex\texmfs\install\miktex/bin/x64\dvitype.exe
d:\d.koch\_PROG\miktex\texmfs\install\miktex/bin/x64\epsffit.exe
d:\d.koch\_PROG\miktex\texmfs\install\miktex/bin/x64\epstopdf.exe
d:\d.koch\_PROG\miktex\texmfs\install\miktex/bin/x64\extconv.exe
d:\d.koch\_PROG\miktex\texmfs\install\miktex/bin/x64\fribidixetex.exe
d:\d.koch\_PROG\miktex\texmfs\install\miktex/bin/x64\gftodvi.exe
d:\d.koch\_PROG\miktex\texmfs\install\miktex/bin/x64\gftopk.exe
d:\d.koch\_PROG\miktex\texmfs\install\miktex/bin/x64\gftype.exe
d:\d.koch\_PROG\miktex\texmfs\install\miktex/bin/x64\gregorio.exe
d:\d.koch\_PROG\miktex\texmfs\install\miktex/bin/x64\hbf2gf.exe
d:\d.koch\_PROG\miktex\texmfs\install\miktex/bin/x64\lacheck.exe
d:\d.koch\_PROG\miktex\texmfs\install\miktex/bin/x64\makebase.exe
d:\d.koch\_PROG\miktex\texmfs\install\miktex/bin/x64\makefmt.exe
d:\d.koch\_PROG\miktex\texmfs\install\miktex/bin/x64\makeindex.exe
d:\d.koch\_PROG\miktex\texmfs\install\miktex/bin/x64\makepk.exe
d:\d.koch\_PROG\miktex\texmfs\install\miktex/bin/x64\maketfm.exe
d:\d.koch\_PROG\miktex\texmfs\install\miktex/bin/x64\mft.exe
d:\d.koch\_PROG\miktex\texmfs\install\miktex/bin/x64\mf.exe
d:\d.koch\_PROG\miktex\texmfs\install\miktex/bin/x64\inimf.exe
d:\d.koch\_PROG\miktex\texmfs\install\miktex/bin/x64\virmf.exe
d:\d.koch\_PROG\miktex\texmfs\install\miktex/bin/x64\mkocp.exe
d:\d.koch\_PROG\miktex\texmfs\install\miktex/bin/x64\dvitomp.exe
d:\d.koch\_PROG\miktex\texmfs\install\miktex/bin/x64\mpost.exe
d:\d.koch\_PROG\miktex\texmfs\install\miktex/bin/x64\odvicopy.exe
d:\d.koch\_PROG\miktex\texmfs\install\miktex/bin/x64\ofm2opl.exe
d:\d.koch\_PROG\miktex\texmfs\install\miktex/bin/x64\opl2ofm.exe
d:\d.koch\_PROG\miktex\texmfs\install\miktex/bin/x64\otp2ocp.exe
d:\d.koch\_PROG\miktex\texmfs\install\miktex/bin/x64\outocp.exe
d:\d.koch\_PROG\miktex\texmfs\install\miktex/bin/x64\ovf2ovp.exe
d:\d.koch\_PROG\miktex\texmfs\install\miktex/bin/x64\ovp2ovf.exe
d:\d.koch\_PROG\miktex\texmfs\install\miktex/bin/x64\patgen.exe
d:\d.koch\_PROG\miktex\texmfs\install\miktex/bin/x64\pdftex.exe
d:\d.koch\_PROG\miktex\texmfs\install\miktex/bin/x64\miktex-latex.exe
d:\d.koch\_PROG\miktex\texmfs\install\miktex/bin/x64\miktex-pdflatex.exe
d:\d.koch\_PROG\miktex\texmfs\install\miktex/bin/x64\pdftosrc.exe
d:\d.koch\_PROG\miktex\texmfs\install\miktex/bin/x64\pk2bm.exe
d:\d.koch\_PROG\miktex\texmfs\install\miktex/bin/x64\pltotf.exe
d:\d.koch\_PROG\miktex\texmfs\install\miktex/bin/x64\pmxab.exe
d:\d.koch\_PROG\miktex\texmfs\install\miktex/bin/x64\pooltype.exe
d:\d.koch\_PROG\miktex\texmfs\install\miktex/bin/x64\prepmx.exe
d:\d.koch\_PROG\miktex\texmfs\install\miktex/bin/x64\ps2pk.exe
d:\d.koch\_PROG\miktex\texmfs\install\miktex/bin/x64\psbook.exe
d:\d.koch\_PROG\miktex\texmfs\install\miktex/bin/x64\psnup.exe
d:\d.koch\_PROG\miktex\texmfs\install\miktex/bin/x64\psresize.exe
d:\d.koch\_PROG\miktex\texmfs\install\miktex/bin/x64\psselect.exe
d:\d.koch\_PROG\miktex\texmfs\install\miktex/bin/x64\pstops.exe
d:\d.koch\_PROG\miktex\texmfs\install\miktex/bin/x64\rebar.exe
d:\d.koch\_PROG\miktex\texmfs\install\miktex/bin/x64\scor2prt.exe
d:\d.koch\_PROG\miktex\texmfs\install\miktex/bin/x64\sjisconv.exe
d:\d.koch\_PROG\miktex\texmfs\install\miktex/bin/x64\synctex.exe
d:\d.koch\_PROG\miktex\texmfs\install\miktex/bin/x64\t4ht.exe
d:\d.koch\_PROG\miktex\texmfs\install\miktex/bin/x64\tangle.exe
d:\d.koch\_PROG\miktex\texmfs\install\miktex/bin/x64\tex2aspc.exe
d:\d.koch\_PROG\miktex\texmfs\install\miktex/bin/x64\tex4ht.exe
d:\d.koch\_PROG\miktex\texmfs\install\miktex/bin/x64\texworks.exe
d:\d.koch\_PROG\miktex\texmfs\install\miktex/bin/x64\tex.exe
d:\d.koch\_PROG\miktex\texmfs\install\miktex/bin/x64\initex.exe
d:\d.koch\_PROG\miktex\texmfs\install\miktex/bin/x64\virtex.exe
d:\d.koch\_PROG\miktex\texmfs\install\miktex/bin/x64\tftopl.exe
d:\d.koch\_PROG\miktex\texmfs\install\miktex/bin/x64\ttf2afm.exe
d:\d.koch\_PROG\miktex\texmfs\install\miktex/bin/x64\ttf2pk.exe
d:\d.koch\_PROG\miktex\texmfs\install\miktex/bin/x64\ttf2tfm.exe
d:\d.koch\_PROG\miktex\texmfs\install\miktex/bin/x64\upmendex.exe
d:\d.koch\_PROG\miktex\texmfs\install\miktex/bin/x64\vftovp.exe
d:\d.koch\_PROG\miktex\texmfs\install\miktex/bin/x64\vptovf.exe
d:\d.koch\_PROG\miktex\texmfs\install\miktex/bin/x64\weave.exe
d:\d.koch\_PROG\miktex\texmfs\install\miktex/bin/x64\xetex.exe
d:\d.koch\_PROG\miktex\texmfs\install\miktex/bin/x64\miktex-xelatex.exe
d:\d.koch\_PROG\miktex\texmfs\install\miktex/bin/x64\rungs.exe
d:\d.koch\_PROG\miktex\texmfs\install\miktex/bin/x64\kpsewhich.exe
d:\d.koch\_PROG\miktex\texmfs\install\miktex/bin/x64\mktexlsr.exe
d:\d.koch\_PROG\miktex\texmfs\install\miktex/bin/x64\texhash.exe
d:\d.koch\_PROG\miktex\texmfs\install\miktex/bin/x64\texlinks.exe
d:\d.koch\_PROG\miktex\texmfs\install\miktex/bin/x64\updmap.exe
d:\d.koch\_PROG\miktex\texmfs\install\miktex/bin/x64\texdoc.exe
d:\d.koch\_PROG\miktex\texmfs\install\miktex/bin/x64\pdfdetach.exe
d:\d.koch\_PROG\miktex\texmfs\install\miktex/bin/x64\pdffonts.exe
d:\d.koch\_PROG\miktex\texmfs\install\miktex/bin/x64\pdfimages.exe
d:\d.koch\_PROG\miktex\texmfs\install\miktex/bin/x64\pdfinfo.exe
d:\d.koch\_PROG\miktex\texmfs\install\miktex/bin/x64\pdfseparate.exe
d:\d.koch\_PROG\miktex\texmfs\install\miktex/bin/x64\pdftocairo.exe
d:\d.koch\_PROG\miktex\texmfs\install\miktex/bin/x64\pdftohtml.exe
d:\d.koch\_PROG\miktex\texmfs\install\miktex/bin/x64\pdftoppm.exe
d:\d.koch\_PROG\miktex\texmfs\install\miktex/bin/x64\pdftops.exe
d:\d.koch\_PROG\miktex\texmfs\install\miktex/bin/x64\pdftotext.exe
d:\d.koch\_PROG\miktex\texmfs\install\miktex/bin/x64\pdfunite.exe
d:\d.koch\_PROG\miktex\texmfs\install\miktex/bin/x64\fc-cache.exe
d:\d.koch\_PROG\miktex\texmfs\install\miktex/bin/x64\fc-cat.exe
d:\d.koch\_PROG\miktex\texmfs\install\miktex/bin/x64\fc-conflist.exe
d:\d.koch\_PROG\miktex\texmfs\install\miktex/bin/x64\fc-list.exe
d:\d.koch\_PROG\miktex\texmfs\install\miktex/bin/x64\fc-match.exe
d:\d.koch\_PROG\miktex\texmfs\install\miktex/bin/x64\fc-pattern.exe
d:\d.koch\_PROG\miktex\texmfs\install\miktex/bin/x64\fc-query.exe
d:\d.koch\_PROG\miktex\texmfs\install\miktex/bin/x64\fc-scan.exe
d:\d.koch\_PROG\miktex\texmfs\install\miktex/bin/x64\fc-validate.exe
d:\d.koch\_PROG\miktex\texmfs\install\miktex/bin/x64\cfftot1.exe
d:\d.koch\_PROG\miktex\texmfs\install\miktex/bin/x64\mmafm.exe
d:\d.koch\_PROG\miktex\texmfs\install\miktex/bin/x64\mmpfb.exe
d:\d.koch\_PROG\miktex\texmfs\install\miktex/bin/x64\otfinfo.exe
d:\d.koch\_PROG\miktex\texmfs\install\miktex/bin/x64\otftotfm.exe
d:\d.koch\_PROG\miktex\texmfs\install\miktex/bin/x64\t1dotlessj.exe
d:\d.koch\_PROG\miktex\texmfs\install\miktex/bin/x64\t1lint.exe
d:\d.koch\_PROG\miktex\texmfs\install\miktex/bin/x64\t1rawafm.exe
d:\d.koch\_PROG\miktex\texmfs\install\miktex/bin/x64\t1reencode.exe
d:\d.koch\_PROG\miktex\texmfs\install\miktex/bin/x64\t1testpage.exe
d:\d.koch\_PROG\miktex\texmfs\install\miktex/bin/x64\ttftotype42.exe
d:\d.koch\_PROG\miktex\texmfs\install\miktex/bin/x64\zip.exe
d:\d.koch\_PROG\miktex\texmfs\install\miktex/bin/x64\miktex-taskbar-icon.exe
d:\d.koch\_PROG\miktex\texmfs\install\miktex/bin/x64\miktex-update.exe
d:\d.koch\_PROG\miktex\texmfs\install\miktex/bin/x64\miktex-update_admin.exe
d:\d.koch\_PROG\miktex\texmfs\install\miktex/bin/x64\luahbtex.exe
d:\d.koch\_PROG\miktex\texmfs\install\miktex/bin/x64\miktex-lualatex.exe
d:\d.koch\_PROG\miktex\texmfs\install\miktex/bin/x64\miktex-texlua.exe
d:\d.koch\_PROG\miktex\texmfs\install\miktex/bin/x64\miktex-texluac.exe
d:\d.koch\_PROG\miktex\texmfs\install\miktex/bin/x64\luatex.exe
d:\d.koch\_PROG\miktex\texmfs\install\miktex/bin/x64\texlua.exe
d:\d.koch\_PROG\miktex\texmfs\install\miktex/bin/x64\texluac.exe
d:\d.koch\_PROG\miktex\texmfs\install\miktex/bin/x64\latex-dev.exe
d:\d.koch\_PROG\miktex\texmfs\install\miktex/bin/x64\amstex.exe
d:\d.koch\_PROG\miktex\texmfs\install\miktex/bin/x64\lualatex-dev.exe
d:\d.koch\_PROG\miktex\texmfs\install\miktex/bin/x64\pdfcslatex.exe
d:\d.koch\_PROG\miktex\texmfs\install\miktex/bin/x64\pdfcsplain.exe
d:\d.koch\_PROG\miktex\texmfs\install\miktex/bin/x64\dviluatex.exe
d:\d.koch\_PROG\miktex\texmfs\install\miktex/bin/x64\csplain.exe
d:\d.koch\_PROG\miktex\texmfs\install\miktex/bin/x64\cslatex.exe
d:\d.koch\_PROG\miktex\texmfs\install\miktex/bin/x64\mltex.exe
d:\d.koch\_PROG\miktex\texmfs\install\miktex/bin/x64\bagpipe.exe
d:\d.koch\_PROG\miktex\texmfs\install\miktex/bin/x64\lualatex.exe
d:\d.koch\_PROG\miktex\texmfs\install\miktex/bin/x64\bplain.exe
d:\d.koch\_PROG\miktex\texmfs\install\miktex/bin/x64\optex.exe
d:\d.koch\_PROG\miktex\texmfs\install\miktex/bin/x64\bagpipex.exe
d:\d.koch\_PROG\miktex\texmfs\install\miktex/bin/x64\dvilualatex.exe
d:\d.koch\_PROG\miktex\texmfs\install\miktex/bin/x64\etex.exe
d:\d.koch\_PROG\miktex\texmfs\install\miktex/bin/x64\jadetex.exe
d:\d.koch\_PROG\miktex\texmfs\install\miktex/bin/x64\latex.exe
d:\d.koch\_PROG\miktex\texmfs\install\miktex/bin/x64\luahblatex-dev.exe
d:\d.koch\_PROG\miktex\texmfs\install\miktex/bin/x64\luahblatex.exe
d:\d.koch\_PROG\miktex\texmfs\install\miktex/bin/x64\utf8mex.exe
d:\d.koch\_PROG\miktex\texmfs\install\miktex/bin/x64\luahbtex.exe
d:\d.koch\_PROG\miktex\texmfs\install\miktex/bin/x64\luatex.exe
d:\d.koch\_PROG\miktex\texmfs\install\miktex/bin/x64\mf.exe
d:\d.koch\_PROG\miktex\texmfs\install\miktex/bin/x64\mllatex.exe
d:\d.koch\_PROG\miktex\texmfs\install\miktex/bin/x64\pdfetex.exe
d:\d.koch\_PROG\miktex\texmfs\install\miktex/bin/x64\pdfjadetex.exe
d:\d.koch\_PROG\miktex\texmfs\install\miktex/bin/x64\pdflatex-dev.exe
d:\d.koch\_PROG\miktex\texmfs\install\miktex/bin/x64\dvilualollipop.exe
d:\d.koch\_PROG\miktex\texmfs\install\miktex/bin/x64\pdflatex.exe
d:\d.koch\_PROG\miktex\texmfs\install\miktex/bin/x64\lualollipop.exe
d:\d.koch\_PROG\miktex\texmfs\install\miktex/bin/x64\pdftex.exe
d:\d.koch\_PROG\miktex\texmfs\install\miktex/bin/x64\tex.exe
d:\d.koch\_PROG\miktex\texmfs\install\miktex/bin/x64\xmltex.exe
d:\d.koch\_PROG\miktex\texmfs\install\miktex/bin/x64\pdfxmltex.exe
d:\d.koch\_PROG\miktex\texmfs\install\miktex/bin/x64\xetex.exe
d:\d.koch\_PROG\miktex\texmfs\install\miktex/bin/x64\xelatex-dev.exe
d:\d.koch\_PROG\miktex\texmfs\install\miktex/bin/x64\xelatex.exe
d:\d.koch\_PROG\miktex\texmfs\install\miktex/bin/x64\dvilollipop.exe
d:\d.koch\_PROG\miktex\texmfs\install\miktex/bin/x64\lollipop.exe
d:\d.koch\_PROG\miktex\texmfs\install\miktex/bin/x64\a5toa4.exe
d:\d.koch\_PROG\miktex\texmfs\install\miktex/bin/x64\mkcharacters.exe
d:\d.koch\_PROG\miktex\texmfs\install\miktex/bin/x64\checkcites.exe
d:\d.koch\_PROG\miktex\texmfs\install\miktex/bin/x64\luamesh.exe
d:\d.koch\_PROG\miktex\texmfs\install\miktex/bin/x64\l3build.exe
d:\d.koch\_PROG\miktex\texmfs\install\miktex/bin/x64\cluttex.exe
d:\d.koch\_PROG\miktex\texmfs\install\miktex/bin/x64\ctanbib.exe
d:\d.koch\_PROG\miktex\texmfs\install\miktex/bin/x64\epspdf.exe
d:\d.koch\_PROG\miktex\texmfs\install\miktex/bin/x64\getmapdl.exe
d:\d.koch\_PROG\miktex\texmfs\install\miktex/bin/x64\luacolor.exe
d:\d.koch\_PROG\miktex\texmfs\install\miktex/bin/x64\luaotfload-tool.exe
d:\d.koch\_PROG\miktex\texmfs\install\miktex/bin/x64\lyluatex.exe
d:\d.koch\_PROG\miktex\texmfs\install\miktex/bin/x64\lwarpmk.exe
d:\d.koch\_PROG\miktex\texmfs\install\miktex/bin/x64\m-tx.exe
d:\d.koch\_PROG\miktex\texmfs\install\miktex/bin/x64\magicnum.exe
d:\d.koch\_PROG\miktex\texmfs\install\miktex/bin/x64\make4ht.exe
d:\d.koch\_PROG\miktex\texmfs\install\miktex/bin/x64\makeglossaries-lite.exe
d:\d.koch\_PROG\miktex\texmfs\install\miktex/bin/x64\xindex.exe
d:\d.koch\_PROG\miktex\texmfs\install\miktex/bin/x64\mkglyphlist.exe
d:\d.koch\_PROG\miktex\texmfs\install\miktex/bin/x64\mkluatexfontdb.exe
d:\d.koch\_PROG\miktex\texmfs\install\miktex/bin/x64\musixflx.exe
d:\d.koch\_PROG\miktex\texmfs\install\miktex/bin/x64\musixtex.exe
d:\d.koch\_PROG\miktex\texmfs\install\miktex/bin/x64\pfarrei.exe
d:\d.koch\_PROG\miktex\texmfs\install\miktex/bin/x64\ptex2pdf.exe
d:\d.koch\_PROG\miktex\texmfs\install\miktex/bin/x64\songidx.exe
d:\d.koch\_PROG\miktex\texmfs\install\miktex/bin/x64\tex4ebook.exe
d:\d.koch\_PROG\miktex\texmfs\install\miktex/bin/x64\latexpand.exe
d:\d.koch\_PROG\miktex\texmfs\install\miktex/bin/x64\authorindex.exe
d:\d.koch\_PROG\miktex\texmfs\install\miktex/bin/x64\ctan-o-mat.exe
d:\d.koch\_PROG\miktex\texmfs\install\miktex/bin/x64\arlatex.exe
d:\d.koch\_PROG\miktex\texmfs\install\miktex/bin/x64\abs2rel.exe
d:\d.koch\_PROG\miktex\texmfs\install\miktex/bin/x64\a2ping.exe
d:\d.koch\_PROG\miktex\texmfs\install\miktex/bin/x64\bib2xhtml.exe
d:\d.koch\_PROG\miktex\texmfs\install\miktex/bin/x64\komkindex.exe
d:\d.koch\_PROG\miktex\texmfs\install\miktex/bin/x64\findhyph.exe
d:\d.koch\_PROG\miktex\texmfs\install\miktex/bin/x64\ctanify.exe
d:\d.koch\_PROG\miktex\texmfs\install\miktex/bin/x64\afm2afm.exe
d:\d.koch\_PROG\miktex\texmfs\install\miktex/bin/x64\ltximg.exe
d:\d.koch\_PROG\miktex\texmfs\install\miktex/bin/x64\csvtools.exe
d:\d.koch\_PROG\miktex\texmfs\install\miktex/bin/x64\autoinst.exe
d:\d.koch\_PROG\miktex\texmfs\install\miktex/bin/x64\fullref.exe
d:\d.koch\_PROG\miktex\texmfs\install\miktex/bin/x64\bibdoiadd.exe
d:\d.koch\_PROG\miktex\texmfs\install\miktex/bin/x64\mf2pt1.exe
d:\d.koch\_PROG\miktex\texmfs\install\miktex/bin/x64\bibhtml.exe
d:\d.koch\_PROG\miktex\texmfs\install\miktex/bin/x64\bundledoc.exe
d:\d.koch\_PROG\miktex\texmfs\install\miktex/bin/x64\bibzbladd.exe
d:\d.koch\_PROG\miktex\texmfs\install\miktex/bin/x64\birm.exe
d:\d.koch\_PROG\miktex\texmfs\install\miktex/bin/x64\mfirstuc.exe
d:\d.koch\_PROG\miktex\texmfs\install\miktex/bin/x64\ibyhyph.exe
d:\d.koch\_PROG\miktex\texmfs\install\miktex/bin/x64\chklref.exe
d:\d.koch\_PROG\miktex\texmfs\install\miktex/bin/x64\cjk-gs-integrate.exe
d:\d.koch\_PROG\miktex\texmfs\install\miktex/bin/x64\creatdtx.exe
d:\d.koch\_PROG\miktex\texmfs\install\miktex/bin/x64\ctanupload.exe
d:\d.koch\_PROG\miktex\texmfs\install\miktex/bin/x64\htmove.exe
d:\d.koch\_PROG\miktex\texmfs\install\miktex/bin/x64\dad-to-utf8.exe
d:\d.koch\_PROG\miktex\texmfs\install\miktex/bin/x64\dosepsbin.exe
d:\d.koch\_PROG\miktex\texmfs\install\miktex/bin/x64\dviinfox.exe
d:\d.koch\_PROG\miktex\texmfs\install\miktex/bin/x64\htcopy.exe
d:\d.koch\_PROG\miktex\texmfs\install\miktex/bin/x64\etexdef.exe
d:\d.koch\_PROG\miktex\texmfs\install\miktex/bin/x64\latexindent.exe
d:\d.koch\_PROG\miktex\texmfs\install\miktex/bin/x64\latexdiff-fast.exe
d:\d.koch\_PROG\miktex\texmfs\install\miktex/bin/x64\exceltex.exe
d:\d.koch\_PROG\miktex\texmfs\install\miktex/bin/x64\extractres.exe
d:\d.koch\_PROG\miktex\texmfs\install\miktex/bin/x64\feynmf.exe
d:\d.koch\_PROG\miktex\texmfs\install\miktex/bin/x64\fig4latex.exe
d:\d.koch\_PROG\miktex\texmfs\install\miktex/bin/x64\ketcindy.exe
d:\d.koch\_PROG\miktex\texmfs\install\miktex/bin/x64\isi2bibtex.exe
d:\d.koch\_PROG\miktex\texmfs\install\miktex/bin/x64\jamo-normalize.exe
d:\d.koch\_PROG\miktex\texmfs\install\miktex/bin/x64\latexdiff.exe
d:\d.koch\_PROG\miktex\texmfs\install\miktex/bin/x64\jfmutil.exe
d:\d.koch\_PROG\miktex\texmfs\install\miktex/bin/x64\texdirflatten.exe
d:\d.koch\_PROG\miktex\texmfs\install\miktex/bin/x64\makejmlrbook.exe
d:\d.koch\_PROG\miktex\texmfs\install\miktex/bin/x64\luatexdef.exe
d:\d.koch\_PROG\miktex\texmfs\install\miktex/bin/x64\latex-git-log.exe
d:\d.koch\_PROG\miktex\texmfs\install\miktex/bin/x64\makedtx.exe
d:\d.koch\_PROG\miktex\texmfs\install\miktex/bin/x64\pdftexdef.exe
d:\d.koch\_PROG\miktex\texmfs\install\miktex/bin/x64\latex2man.exe
d:\d.koch\_PROG\miktex\texmfs\install\miktex/bin/x64\latexdef.exe
d:\d.koch\_PROG\miktex\texmfs\install\miktex/bin/x64\latexdiff-so.exe
d:\d.koch\_PROG\miktex\texmfs\install\miktex/bin/x64\latexdiff-vc.exe
d:\d.koch\_PROG\miktex\texmfs\install\miktex/bin/x64\mk4ht.exe
d:\d.koch\_PROG\miktex\texmfs\install\miktex/bin/x64\latexmk.exe
d:\d.koch\_PROG\miktex\texmfs\install\miktex/bin/x64\mathspic113.exe
d:\d.koch\_PROG\miktex\texmfs\install\miktex/bin/x64\makeglossaries.exe
d:\d.koch\_PROG\miktex\texmfs\install\miktex/bin/x64\latexrevise.exe
d:\d.koch\_PROG\miktex\texmfs\install\miktex/bin/x64\ltx2crossrefxml.exe
d:\d.koch\_PROG\miktex\texmfs\install\miktex/bin/x64\lualatexdef.exe
d:\d.koch\_PROG\miktex\texmfs\install\miktex/bin/x64\mathspic.exe
d:\d.koch\_PROG\miktex\texmfs\install\miktex/bin/x64\mkjobtexmf.exe
d:\d.koch\_PROG\miktex\texmfs\install\miktex/bin/x64\mkt1font.exe
d:\d.koch\_PROG\miktex\texmfs\install\miktex/bin/x64\mptopdf.exe
d:\d.koch\_PROG\miktex\texmfs\install\miktex/bin/x64\OOopict.exe
d:\d.koch\_PROG\miktex\texmfs\install\miktex/bin/x64\orderrefs.exe
d:\d.koch\_PROG\miktex\texmfs\install\miktex/bin/x64\ot2kpx.exe
d:\d.koch\_PROG\miktex\texmfs\install\miktex/bin/x64\pdfatfi.exe
d:\d.koch\_PROG\miktex\texmfs\install\miktex/bin/x64\pdfcrop.exe
d:\d.koch\_PROG\miktex\texmfs\install\miktex/bin/x64\pdflatexdef.exe
d:\d.koch\_PROG\miktex\texmfs\install\miktex/bin/x64\pdflatexpicscale.exe
d:\d.koch\_PROG\miktex\texmfs\install\miktex/bin/x64\pedigree.exe
d:\d.koch\_PROG\miktex\texmfs\install\miktex/bin/x64\perltex.exe
d:\d.koch\_PROG\miktex\texmfs\install\miktex/bin/x64\pkfix.exe
d:\d.koch\_PROG\miktex\texmfs\install\miktex/bin/x64\pkfix-helper.exe
d:\d.koch\_PROG\miktex\texmfs\install\miktex/bin/x64\pn2pdf.exe
d:\d.koch\_PROG\miktex\texmfs\install\miktex/bin/x64\psjoin.exe
d:\d.koch\_PROG\miktex\texmfs\install\miktex/bin/x64\pst2pdf.exe
d:\d.koch\_PROG\miktex\texmfs\install\miktex/bin/x64\rcsinfo.exe
d:\d.koch\_PROG\miktex\texmfs\install\miktex/bin/x64\rubikrotation.exe
d:\d.koch\_PROG\miktex\texmfs\install\miktex/bin/x64\splitindex.exe
d:\d.koch\_PROG\miktex\texmfs\install\miktex/bin/x64\srcredact.exe
d:\d.koch\_PROG\miktex\texmfs\install\miktex/bin/x64\sty2dtx.exe
d:\d.koch\_PROG\miktex\texmfs\install\miktex/bin/x64\svn-multi.exe
d:\d.koch\_PROG\miktex\texmfs\install\miktex/bin/x64\texcount.exe
d:\d.koch\_PROG\miktex\texmfs\install\miktex/bin/x64\texdef.exe
d:\d.koch\_PROG\miktex\texmfs\install\miktex/bin/x64\texdiff.exe
d:\d.koch\_PROG\miktex\texmfs\install\miktex/bin/x64\texfot.exe
d:\d.koch\_PROG\miktex\texmfs\install\miktex/bin/x64\texindy.exe
d:\d.koch\_PROG\miktex\texmfs\install\miktex/bin/x64\texloganalyser.exe
d:\d.koch\_PROG\miktex\texmfs\install\miktex/bin/x64\thumbpdf.exe
d:\d.koch\_PROG\miktex\texmfs\install\miktex/bin/x64\ttf2kotexfont.exe
d:\d.koch\_PROG\miktex\texmfs\install\miktex/bin/x64\txt2qq.exe
d:\d.koch\_PROG\miktex\texmfs\install\miktex/bin/x64\urlbst.exe
d:\d.koch\_PROG\miktex\texmfs\install\miktex/bin/x64\utf8-to-dad.exe
d:\d.koch\_PROG\miktex\texmfs\install\miktex/bin/x64\vpe.exe
d:\d.koch\_PROG\miktex\texmfs\install\miktex/bin/x64\vpl2ovp.exe
d:\d.koch\_PROG\miktex\texmfs\install\miktex/bin/x64\vpl2vpl.exe
d:\d.koch\_PROG\miktex\texmfs\install\miktex/bin/x64\xdv2pdf_mergemarks.exe
d:\d.koch\_PROG\miktex\texmfs\install\miktex/bin/x64\xelatexdef.exe
d:\d.koch\_PROG\miktex\texmfs\install\miktex/bin/x64\xetexdef.exe
d:\d.koch\_PROG\miktex\texmfs\install\miktex/bin/x64\xindy.exe
d:\d.koch\_PROG\miktex\texmfs\install\miktex/bin/x64\biokey2html.exe
d:\d.koch\_PROG\miktex\texmfs\install\miktex/bin/x64\dumphint.exe
d:\d.koch\_PROG\miktex\texmfs\install\miktex/bin/x64\ps2pdf14.exe
d:\d.koch\_PROG\miktex\texmfs\install\miktex/bin/x64\gsnd.exe
d:\d.koch\_PROG\miktex\texmfs\install\miktex/bin/x64\eps2eps.exe
d:\d.koch\_PROG\miktex\texmfs\install\miktex/bin/x64\ps2ps2.exe
d:\d.koch\_PROG\miktex\texmfs\install\miktex/bin/x64\gsbj.exe
d:\d.koch\_PROG\miktex\texmfs\install\miktex/bin/x64\gssetgs.exe
d:\d.koch\_PROG\miktex\texmfs\install\miktex/bin/x64\font2c.exe
d:\d.koch\_PROG\miktex\texmfs\install\miktex/bin/x64\ps2ascii.exe
d:\d.koch\_PROG\miktex\texmfs\install\miktex/bin/x64\gslj.exe
d:\d.koch\_PROG\miktex\texmfs\install\miktex/bin/x64\lpr2.exe
d:\d.koch\_PROG\miktex\texmfs\install\miktex/bin/x64\gst.exe
d:\d.koch\_PROG\miktex\texmfs\install\miktex/bin/x64\gsdj.exe
d:\d.koch\_PROG\miktex\texmfs\install\miktex/bin/x64\gsdj500.exe
d:\d.koch\_PROG\miktex\texmfs\install\miktex/bin/x64\gslp.exe
d:\d.koch\_PROG\miktex\texmfs\install\miktex/bin/x64\lpgs.exe
d:\d.koch\_PROG\miktex\texmfs\install\miktex/bin/x64\gsndt.exe
d:\d.koch\_PROG\miktex\texmfs\install\miktex/bin/x64\wmakebat.exe
d:\d.koch\_PROG\miktex\texmfs\install\miktex/bin/x64\pf2afm.exe
d:\d.koch\_PROG\miktex\texmfs\install\miktex/bin/x64\gstt.exe
d:\d.koch\_PROG\miktex\texmfs\install\miktex/bin/x64\httexi.exe
d:\d.koch\_PROG\miktex\texmfs\install\miktex/bin/x64\ht.exe
d:\d.koch\_PROG\miktex\texmfs\install\miktex/bin/x64\ps2pdf.exe
d:\d.koch\_PROG\miktex\texmfs\install\miktex/bin/x64\htcontext.exe
d:\d.koch\_PROG\miktex\texmfs\install\miktex/bin/x64\ps2ps.exe
d:\d.koch\_PROG\miktex\texmfs\install\miktex/bin/x64\htlatex.exe
d:\d.koch\_PROG\miktex\texmfs\install\miktex/bin/x64\pdf2dsc.exe
d:\d.koch\_PROG\miktex\texmfs\install\miktex/bin/x64\htmex.exe
d:\d.koch\_PROG\miktex\texmfs\install\miktex/bin/x64\httex.exe
d:\d.koch\_PROG\miktex\texmfs\install\miktex/bin/x64\htxelatex.exe
d:\d.koch\_PROG\miktex\texmfs\install\miktex/bin/x64\htxetex.exe
d:\d.koch\_PROG\miktex\texmfs\install\miktex/bin/x64\pdf2ps.exe
d:\d.koch\_PROG\miktex\texmfs\install\miktex/bin/x64\lp386.exe
d:\d.koch\_PROG\miktex\texmfs\install\miktex/bin/x64\lp386r2.exe
d:\d.koch\_PROG\miktex\texmfs\install\miktex/bin/x64\pdfopt.exe
d:\d.koch\_PROG\miktex\texmfs\install\miktex/bin/x64\pfbtopfa.exe
d:\d.koch\_PROG\miktex\texmfs\install\miktex/bin/x64\pftogsf.exe
d:\d.koch\_PROG\miktex\texmfs\install\miktex/bin/x64\ps2epsi.exe
d:\d.koch\_PROG\miktex\texmfs\install\miktex/bin/x64\ps2pdf12.exe
d:\d.koch\_PROG\miktex\texmfs\install\miktex/bin/x64\ps2pdf13.exe
d:\d.koch\_PROG\miktex\texmfs\install\miktex/bin/x64\ps2pdfxx.exe
d:\d.koch\_PROG\miktex\texmfs\install\miktex/bin/x64\ps4pdf.exe
d:\d.koch\_PROG\miktex\texmfs\install\miktex/bin/x64\latex-papersize.exe
d:\d.koch\_PROG\miktex\texmfs\install\miktex/bin/x64\depythontex.exe
d:\d.koch\_PROG\miktex\texmfs\install\miktex/bin/x64\dviasm.exe
d:\d.koch\_PROG\miktex\texmfs\install\miktex/bin/x64\merge-tex.exe
d:\d.koch\_PROG\miktex\texmfs\install\miktex/bin/x64\gfi-run.exe
d:\d.koch\_PROG\miktex\texmfs\install\miktex/bin/x64\pypostproc.exe
d:\d.koch\_PROG\miktex\texmfs\install\miktex/bin/x64\mgetmref.exe
d:\d.koch\_PROG\miktex\texmfs\install\miktex/bin/x64\pdfbook2.exe
d:\d.koch\_PROG\miktex\texmfs\install\miktex/bin/x64\pgfplots.exe
d:\d.koch\_PROG\miktex\texmfs\install\miktex/bin/x64\pypreproc.exe
d:\d.koch\_PROG\miktex\texmfs\install\miktex/bin/x64\pythontex.exe
d:\d.koch\_PROG\miktex\texmfs\install\miktex/bin/x64\webquiz.exe
d:\d.koch\_PROG\miktex\texmfs\install\miktex/bin/x64\biber.exe
d:\d.koch\_PROG\miktex\texmfs\install\miktex/bin/x64\latex2nemeth.exe
d:\d.koch\_PROG\miktex\texmfs\install\miktex/bin/x64\bib2gls.exe
d:\d.koch\_PROG\miktex\texmfs\install\miktex/bin/x64\arara.exe
d:\d.koch\_PROG\miktex\texmfs\install\miktex/bin/x64\bmeditor.exe
d:\d.koch\_PROG\miktex\texmfs\install\miktex/bin/x64\convertgls2bib.exe
d:\d.koch\_PROG\miktex\texmfs\install\miktex/bin/x64\texosquery.exe
d:\d.koch\_PROG\miktex\texmfs\install\miktex/bin/x64\texosquery-jre5.exe
d:\d.koch\_PROG\miktex\texmfs\install\miktex/bin/x64\texosquery-jre8.exe
d:\d.koch\_PROG\miktex\texmfs\install\miktex/bin/x64\texplate.exe
