2022-08-29 20:21:38,248+0200 INFO  initexmf - this is MiKTeX Configuration Utility 5.1 (MiKTeX 22.7 Portable)
2022-08-29 20:21:38,248+0200 INFO  initexmf - this process (18772) started by miktex-portable in directory g:\_USERS\Kochise\Downloads with command line: initexmf --default-paper-size=A4 --log-file=h:\_TST\miktex-portable\texmfs/install\miktex/config\uninst.log --disable-installer --verbose
2022-08-29 20:21:38,248+0200 INFO  initexmf - Operating on the private (per-user) MiKTeX setup
2022-08-29 20:21:38,342+0200 INFO  initexmf - this process (18772) finishes with exit code 0
2022-08-29 20:21:38,961+0200 INFO  initexmf - this is MiKTeX Configuration Utility 5.1 (MiKTeX 22.7 Portable)
2022-08-29 20:21:38,962+0200 INFO  initexmf - this process (20568) started by miktex-portable in directory g:\_USERS\Kochise\Downloads with command line: initexmf --set-config-value=[MPM]AutoInstall=1 --log-file=h:\_TST\miktex-portable\texmfs/install\miktex/config\uninst.log --disable-installer --verbose
2022-08-29 20:21:39,454+0200 INFO  initexmf - Operating on the private (per-user) MiKTeX setup
2022-08-29 20:21:39,456+0200 INFO  initexmf - Setting config value: [MPM]AutoInstall=1
2022-08-29 20:21:39,604+0200 INFO  initexmf - this process (20568) finishes with exit code 0
2022-08-29 20:21:53,509+0200 INFO  initexmf - this is MiKTeX Configuration Utility 5.1 (MiKTeX 22.7 Portable)
2022-08-29 20:21:53,510+0200 INFO  initexmf - this process (14032) started by miktex-portable in directory g:\_USERS\Kochise\Downloads with command line: initexmf --report --log-file=h:\_TST\miktex-portable\texmfs/install\miktex/config\uninst.log --disable-installer --verbose
2022-08-29 20:21:53,510+0200 INFO  initexmf - Operating on the private (per-user) MiKTeX setup
2022-08-29 20:21:53,542+0200 ERROR initexmf.core - Something is wrong with the PATH:
2022-08-29 20:21:53,542+0200 ERROR initexmf.core - C:\Program Files\Common Files\Oracle\Java\javapath;C:\Program Files (x86)\Common Files\Oracle\Java\javapath;C:\Program Files\Eclipse Foundation\jdk-8.0.302.8-hotspot\bin;C:\WINDOWS;C:\WINDOWS\system32;C:\WINDOWS\System32\OpenSSH\;C:\WINDOWS\System32\Wbem;C:\WINDOWS\System32\WindowsPowerShell\v1.0\;C:\Program Files (x86)\Common Files\Intel\Shared Libraries\redist\intel64_win\compiler;c:\FFMPEG\bin\;C:\MINGW64\bin;C:\Program Files\Git\cmd;C:\Program Files\Kensington\VeriMark Password Manager\;C:\Program Files\Microsoft SQL Server\130\Tools\Binn\;C:\Program Files\Microsoft SQL Server\Client SDK\ODBC\170\Tools\Binn\;C:\Program Files\Windows Kits\10\Microsoft Application Virtualization\Sequencer\;C:\Program Files (x86)\AMD APP SDK\3.0\bin\x86_64;C:\Program Files (x86)\AMD APP SDK\3.0\bin\x86;C:\Program Files (x86)\IncrediBuild;C:\Program Files (x86)\Windows Kits\10\Windows Performance Toolkit\;C:\Program Files\TortoiseGit\bin;C:\Program Files\dotnet\;C:\Program Files\gs\gs9.56.1\bin;C:\Program Files (x86)\Msc-generator\;C:\Program Files (x86)\PDFtk Server\bin\;C:\Program Files (x86)\PDFtk\bin\;C:\Program Files\Mullvad VPN\resources;C:\Users\User\AppData\Local\Microsoft\WindowsApps;C:\Program Files (x86)\Common Files\Intel\Shared Libraries\redist\intel64_win\compiler;C:\Program Files (x86)\Elm\0.19.1\bin;C:\Users\User\.dotnet\tools
2022-08-29 20:21:53,576+0200 ERROR initexmf.core - Something is wrong with the PATH:
2022-08-29 20:21:53,576+0200 ERROR initexmf.core - C:\Program Files\Common Files\Oracle\Java\javapath;C:\Program Files (x86)\Common Files\Oracle\Java\javapath;C:\Program Files\Eclipse Foundation\jdk-8.0.302.8-hotspot\bin;C:\WINDOWS;C:\WINDOWS\system32;C:\WINDOWS\System32\OpenSSH\;C:\WINDOWS\System32\Wbem;C:\WINDOWS\System32\WindowsPowerShell\v1.0\;C:\Program Files (x86)\Common Files\Intel\Shared Libraries\redist\intel64_win\compiler;c:\FFMPEG\bin\;C:\MINGW64\bin;C:\Program Files\Git\cmd;C:\Program Files\Kensington\VeriMark Password Manager\;C:\Program Files\Microsoft SQL Server\130\Tools\Binn\;C:\Program Files\Microsoft SQL Server\Client SDK\ODBC\170\Tools\Binn\;C:\Program Files\Windows Kits\10\Microsoft Application Virtualization\Sequencer\;C:\Program Files (x86)\AMD APP SDK\3.0\bin\x86_64;C:\Program Files (x86)\AMD APP SDK\3.0\bin\x86;C:\Program Files (x86)\IncrediBuild;C:\Program Files (x86)\Windows Kits\10\Windows Performance Toolkit\;C:\Program Files\TortoiseGit\bin;C:\Program Files\dotnet\;C:\Program Files\gs\gs9.56.1\bin;C:\Program Files (x86)\Msc-generator\;C:\Program Files (x86)\PDFtk Server\bin\;C:\Program Files (x86)\PDFtk\bin\;C:\Program Files\Mullvad VPN\resources;C:\Users\User\AppData\Local\Microsoft\WindowsApps;C:\Program Files (x86)\Common Files\Intel\Shared Libraries\redist\intel64_win\compiler;C:\Program Files (x86)\Elm\0.19.1\bin;C:\Users\User\.dotnet\tools
2022-08-29 20:21:53,702+0200 INFO  initexmf - this process (14032) finishes with exit code 0
2022-08-29 20:40:59,915+0200 INFO  initexmf - this is MiKTeX Configuration Utility 5.1 (MiKTeX 22.8.28 Portable)
2022-08-29 20:40:59,916+0200 INFO  initexmf - this process (20032) started by cmd in directory f:\_GIT\win_portable\Document\miktex with command line: .\texmfs\install\miktex\bin\x64\initexmf.exe -u
2022-08-29 20:40:59,916+0200 INFO  initexmf - Operating on the private (per-user) MiKTeX setup
2022-08-29 20:40:59,920+0200 INFO  initexmf - running: miktex --enable-installer fndb refresh
2022-08-29 20:40:59,921+0200 INFO  initexmf.core - start process: miktex --enable-installer fndb refresh
2022-08-29 20:41:10,293+0200 INFO  initexmf - this process (20032) finishes with exit code 0
2022-08-29 20:41:10,700+0200 INFO  initexmf - this is MiKTeX Configuration Utility 5.1 (MiKTeX 22.8.28 Portable)
2022-08-29 20:41:10,701+0200 INFO  initexmf - this process (13980) started by cmd in directory f:\_GIT\win_portable\Document\miktex with command line: .\texmfs\install\miktex\bin\x64\initexmf.exe --mkmaps
2022-08-29 20:41:10,701+0200 INFO  initexmf - Operating on the private (per-user) MiKTeX setup
2022-08-29 20:41:10,704+0200 INFO  initexmf - running: miktex --enable-installer fontmaps configure
2022-08-29 20:41:10,704+0200 INFO  initexmf.core - start process: miktex --enable-installer fontmaps configure
2022-08-29 20:41:13,446+0200 INFO  initexmf - this process (13980) finishes with exit code 0
