2020-09-02 16:26:49,605+0200 INFO  latex - this process (3996) started by 'texstudio' with command line: latex.exe --version
2020-09-02 16:26:49,609+0200 INFO  latex - allowing known shell commands
2020-09-02 16:26:49,609+0200 INFO  latex - enabling input (output) from (to) processes
2020-09-02 16:26:49,611+0200 INFO  latex - this process (3996) finishes with exit code 0
2020-09-06 11:42:43,191+0200 INFO  latex - this process (12556) started by 'cmd' with command line: latex chklatex.ltx
2020-09-06 11:42:43,213+0200 INFO  latex - allowing known shell commands
2020-09-06 11:42:43,213+0200 INFO  latex - enabling input (output) from (to) processes
2020-09-06 11:42:43,244+0200 INFO  latex - going to create file: latex.fmt
2020-09-06 11:42:43,275+0200 INFO  latex.core - start process: initexmf --enable-installer --dump-by-name=latex --engine=pdftex
2020-09-06 11:42:47,086+0200 INFO  latex - this process (12556) finishes with exit code 0
2020-09-06 11:42:49,088+0200 INFO  latex - this process (21072) started by 'cmd' with command line: latex "\nonstopmode\input{"a b"}\makeatletter\@@end"
2020-09-06 11:42:49,088+0200 INFO  latex - allowing known shell commands
2020-09-06 11:42:49,088+0200 INFO  latex - enabling input (output) from (to) processes
2020-09-06 11:42:49,119+0200 INFO  latex - this process (21072) finishes with exit code 0
2020-09-06 11:42:49,423+0200 INFO  latex - this process (20064) started by 'cmd' with command line: latex \nonstopmode\input{c:/users/vincent/appdata/local/temp/TMPH8H\string~1.LTX}\makeatletter\@@end
2020-09-06 11:42:49,423+0200 INFO  latex - allowing known shell commands
2020-09-06 11:42:49,423+0200 INFO  latex - enabling input (output) from (to) processes
2020-09-06 11:42:49,454+0200 INFO  latex - this process (20064) finishes with exit code 0
2020-09-06 11:42:51,810+0200 INFO  latex - this process (21344) started by 'cmd' with command line: latex wrap_chkconfig.ltx
2020-09-06 11:42:51,810+0200 INFO  latex - allowing known shell commands
2020-09-06 11:42:51,810+0200 INFO  latex - enabling input (output) from (to) processes
2020-09-06 11:42:51,895+0200 INFO  latex - installing package accents triggered by tex/latex/accents\accents.sty
2020-09-06 11:42:51,911+0200 INFO  latex.packagemanager - going to download https://api2.miktex.org/hello
2020-09-06 11:42:52,415+0200 INFO  latex.packagemanager - going to download https://api2.miktex.org/repositories?&releaseState=Stable&orderBy=ranking&take=1
2020-09-06 11:42:52,481+0200 INFO  latex - mpm: starting package maintenance...
2020-09-06 11:42:52,481+0200 INFO  latex - mpm: installation directory: d:\d.koch\_PROG\miktex\texmfs\install
2020-09-06 11:42:52,481+0200 INFO  latex - mpm: package repository: http://ctan.tetaneutral.net/systems/win32/miktex/tm/packages/
2020-09-06 11:42:53,835+0200 WARN  latex.packagemanager - dependancy problem: miktex-doc-2.9 is required by _miktex-packages-2.9
2020-09-06 11:42:53,875+0200 INFO  latex - mpm: visiting repository http://ctan.tetaneutral.net/systems/win32/miktex/tm/packages/...
2020-09-06 11:42:53,875+0200 INFO  latex - mpm: repository type: remote package repository
2020-09-06 11:42:53,875+0200 INFO  latex - mpm: loading package repository manifest...
2020-09-06 11:42:53,885+0200 INFO  latex - mpm: downloading http://ctan.tetaneutral.net/systems/win32/miktex/tm/packages/miktex-zzdb1-2.9.tar.lzma...
2020-09-06 11:42:53,885+0200 INFO  latex.packagemanager - going to download http://ctan.tetaneutral.net/systems/win32/miktex/tm/packages/miktex-zzdb1-2.9.tar.lzma
2020-09-06 11:42:54,404+0200 INFO  latex - mpm: 0.20 MB, 3.13 Mbit/s
2020-09-06 11:42:54,636+0200 INFO  latex - mpm: package repository digest: 2e624dea5facb5c70462f2f0ab293cbe
2020-09-06 11:42:54,636+0200 INFO  latex - mpm: going to download 242317 bytes
2020-09-06 11:42:54,636+0200 INFO  latex - mpm: going to install 5 file(s) (1 package(s))
2020-09-06 11:42:55,240+0200 INFO  latex.packagemanager - installing package accents
2020-09-06 11:42:55,240+0200 INFO  latex - mpm: downloading http://ctan.tetaneutral.net/systems/win32/miktex/tm/packages/accents.tar.lzma...
2020-09-06 11:42:55,240+0200 INFO  latex.packagemanager - going to download http://ctan.tetaneutral.net/systems/win32/miktex/tm/packages/accents.tar.lzma
2020-09-06 11:42:55,510+0200 INFO  latex - mpm: 0.24 MB, 7.26 Mbit/s
2020-09-06 11:42:55,510+0200 INFO  latex - mpm: extracting files from accents.tar.lzma...
2020-09-06 11:42:56,072+0200 INFO  latex.core - start process: initexmf --mkmaps
2020-09-06 11:43:01,105+0200 INFO  latex - installing package frankenstein triggered by tex/latex/frankenstein\achicago.sty
2020-09-06 11:43:01,120+0200 INFO  latex.packagemanager - going to download https://api2.miktex.org/repositories/3b69f091b76261c43337e22fe17bd363
2020-09-06 11:43:01,475+0200 INFO  latex - mpm: starting package maintenance...
2020-09-06 11:43:01,475+0200 INFO  latex - mpm: installation directory: d:\d.koch\_PROG\miktex\texmfs\install
2020-09-06 11:43:01,475+0200 INFO  latex - mpm: package repository: http://ctan.tetaneutral.net/systems/win32/miktex/tm/packages/
2020-09-06 11:43:01,722+0200 INFO  latex - mpm: package repository digest: 2e624dea5facb5c70462f2f0ab293cbe
2020-09-06 11:43:01,722+0200 INFO  latex - mpm: going to download 1980624 bytes
2020-09-06 11:43:01,722+0200 INFO  latex - mpm: going to install 46 file(s) (1 package(s))
2020-09-06 11:43:02,363+0200 INFO  latex.packagemanager - installing package frankenstein
2020-09-06 11:43:02,363+0200 INFO  latex - mpm: downloading http://ctan.tetaneutral.net/systems/win32/miktex/tm/packages/frankenstein.tar.lzma...
2020-09-06 11:43:02,363+0200 INFO  latex.packagemanager - going to download http://ctan.tetaneutral.net/systems/win32/miktex/tm/packages/frankenstein.tar.lzma
2020-09-06 11:43:03,783+0200 INFO  latex - mpm: 1.98 MB, 11.17 Mbit/s
2020-09-06 11:43:03,799+0200 INFO  latex - mpm: extracting files from frankenstein.tar.lzma...
2020-09-06 11:43:04,817+0200 INFO  latex.core - start process: initexmf --mkmaps
2020-09-06 11:43:08,863+0200 INFO  latex - installing package algorithms triggered by tex/latex/algorithms\algorithm.sty
2020-09-06 11:43:08,863+0200 INFO  latex - mpm: starting package maintenance...
2020-09-06 11:43:08,863+0200 INFO  latex - mpm: installation directory: d:\d.koch\_PROG\miktex\texmfs\install
2020-09-06 11:43:08,863+0200 INFO  latex - mpm: package repository: http://ctan.tetaneutral.net/systems/win32/miktex/tm/packages/
2020-09-06 11:43:09,080+0200 INFO  latex - mpm: package repository digest: 2e624dea5facb5c70462f2f0ab293cbe
2020-09-06 11:43:09,080+0200 INFO  latex - mpm: going to download 308703 bytes
2020-09-06 11:43:09,080+0200 INFO  latex - mpm: going to install 7 file(s) (1 package(s))
2020-09-06 11:43:09,744+0200 INFO  latex.packagemanager - installing package algorithms
2020-09-06 11:43:09,744+0200 INFO  latex - mpm: downloading http://ctan.tetaneutral.net/systems/win32/miktex/tm/packages/algorithms.tar.lzma...
2020-09-06 11:43:09,744+0200 INFO  latex.packagemanager - going to download http://ctan.tetaneutral.net/systems/win32/miktex/tm/packages/algorithms.tar.lzma
2020-09-06 11:43:10,082+0200 INFO  latex - mpm: 0.31 MB, 7.37 Mbit/s
2020-09-06 11:43:10,082+0200 INFO  latex - mpm: extracting files from algorithms.tar.lzma...
2020-09-06 11:43:10,715+0200 INFO  latex.core - start process: initexmf --mkmaps
2020-09-06 11:43:15,216+0200 INFO  latex - installing package algorithm2e triggered by tex/latex/algorithm2e\algorithm2e.sty
2020-09-06 11:43:15,216+0200 INFO  latex - mpm: starting package maintenance...
2020-09-06 11:43:15,216+0200 INFO  latex - mpm: installation directory: d:\d.koch\_PROG\miktex\texmfs\install
2020-09-06 11:43:15,216+0200 INFO  latex - mpm: package repository: http://ctan.tetaneutral.net/systems/win32/miktex/tm/packages/
2020-09-06 11:43:15,428+0200 INFO  latex - mpm: package repository digest: 2e624dea5facb5c70462f2f0ab293cbe
2020-09-06 11:43:15,428+0200 INFO  latex - mpm: going to download 593607 bytes
2020-09-06 11:43:15,428+0200 INFO  latex - mpm: going to install 5 file(s) (1 package(s))
2020-09-06 11:43:16,073+0200 INFO  latex.packagemanager - installing package algorithm2e
2020-09-06 11:43:16,089+0200 INFO  latex - mpm: downloading http://ctan.tetaneutral.net/systems/win32/miktex/tm/packages/algorithm2e.tar.lzma...
2020-09-06 11:43:16,089+0200 INFO  latex.packagemanager - going to download http://ctan.tetaneutral.net/systems/win32/miktex/tm/packages/algorithm2e.tar.lzma
2020-09-06 11:43:16,621+0200 INFO  latex - mpm: 0.59 MB, 8.75 Mbit/s
2020-09-06 11:43:16,621+0200 INFO  latex - mpm: extracting files from algorithm2e.tar.lzma...
2020-09-06 11:43:17,158+0200 INFO  latex.core - start process: initexmf --mkmaps
2020-09-06 11:43:21,250+0200 INFO  latex - installing package apacite triggered by tex/latex/apacite\apacite.sty
2020-09-06 11:43:21,250+0200 INFO  latex - mpm: starting package maintenance...
2020-09-06 11:43:21,250+0200 INFO  latex - mpm: installation directory: d:\d.koch\_PROG\miktex\texmfs\install
2020-09-06 11:43:21,250+0200 INFO  latex - mpm: package repository: http://ctan.tetaneutral.net/systems/win32/miktex/tm/packages/
2020-09-06 11:43:21,445+0200 INFO  latex - mpm: package repository digest: 2e624dea5facb5c70462f2f0ab293cbe
2020-09-06 11:43:21,445+0200 INFO  latex - mpm: going to download 845001 bytes
2020-09-06 11:43:21,445+0200 INFO  latex - mpm: going to install 21 file(s) (1 package(s))
2020-09-06 11:43:22,080+0200 INFO  latex.packagemanager - installing package apacite
2020-09-06 11:43:22,080+0200 INFO  latex - mpm: downloading http://ctan.tetaneutral.net/systems/win32/miktex/tm/packages/apacite.tar.lzma...
2020-09-06 11:43:22,088+0200 INFO  latex.packagemanager - going to download http://ctan.tetaneutral.net/systems/win32/miktex/tm/packages/apacite.tar.lzma
2020-09-06 11:43:22,992+0200 INFO  latex - mpm: 0.85 MB, 7.40 Mbit/s
2020-09-06 11:43:23,008+0200 INFO  latex - mpm: extracting files from apacite.tar.lzma...
2020-09-06 11:43:23,758+0200 INFO  latex.core - start process: initexmf --mkmaps
2020-09-06 11:43:27,571+0200 INFO  latex - installing package authordate triggered by tex/latex/authordate\authordate1-4.sty
2020-09-06 11:43:27,571+0200 INFO  latex - mpm: starting package maintenance...
2020-09-06 11:43:27,571+0200 INFO  latex - mpm: installation directory: d:\d.koch\_PROG\miktex\texmfs\install
2020-09-06 11:43:27,571+0200 INFO  latex - mpm: package repository: http://ctan.tetaneutral.net/systems/win32/miktex/tm/packages/
2020-09-06 11:43:27,770+0200 INFO  latex - mpm: package repository digest: 2e624dea5facb5c70462f2f0ab293cbe
2020-09-06 11:43:27,770+0200 INFO  latex - mpm: going to download 10037 bytes
2020-09-06 11:43:27,770+0200 INFO  latex - mpm: going to install 11 file(s) (1 package(s))
2020-09-06 11:43:28,397+0200 INFO  latex.packagemanager - installing package authordate
2020-09-06 11:43:28,397+0200 INFO  latex - mpm: downloading http://ctan.tetaneutral.net/systems/win32/miktex/tm/packages/authordate.cab...
2020-09-06 11:43:28,397+0200 INFO  latex.packagemanager - going to download http://ctan.tetaneutral.net/systems/win32/miktex/tm/packages/authordate.cab
2020-09-06 11:43:28,532+0200 INFO  latex - mpm: 0.01 MB, 0.63 Mbit/s
2020-09-06 11:43:28,532+0200 INFO  latex - mpm: extracting files from authordate.cab...
2020-09-06 11:43:29,130+0200 INFO  latex.core - start process: initexmf --mkmaps
2020-09-06 11:43:33,001+0200 INFO  latex - installing package beamerposter triggered by tex/latex/beamerposter\beamerposter.sty
2020-09-06 11:43:33,001+0200 INFO  latex - mpm: starting package maintenance...
2020-09-06 11:43:33,001+0200 INFO  latex - mpm: installation directory: d:\d.koch\_PROG\miktex\texmfs\install
2020-09-06 11:43:33,001+0200 INFO  latex - mpm: package repository: http://ctan.tetaneutral.net/systems/win32/miktex/tm/packages/
2020-09-06 11:43:33,205+0200 INFO  latex - mpm: package repository digest: 2e624dea5facb5c70462f2f0ab293cbe
2020-09-06 11:43:33,205+0200 INFO  latex - mpm: going to download 84638 bytes
2020-09-06 11:43:33,205+0200 INFO  latex - mpm: going to install 11 file(s) (1 package(s))
2020-09-06 11:43:33,839+0200 INFO  latex.packagemanager - installing package beamerposter
2020-09-06 11:43:33,839+0200 INFO  latex - mpm: downloading http://ctan.tetaneutral.net/systems/win32/miktex/tm/packages/beamerposter.tar.lzma...
2020-09-06 11:43:33,839+0200 INFO  latex.packagemanager - going to download http://ctan.tetaneutral.net/systems/win32/miktex/tm/packages/beamerposter.tar.lzma
2020-09-06 11:43:33,946+0200 INFO  latex - mpm: 0.08 MB, 5.64 Mbit/s
2020-09-06 11:43:33,946+0200 INFO  latex - mpm: extracting files from beamerposter.tar.lzma...
2020-09-06 11:43:34,586+0200 INFO  latex.core - start process: initexmf --mkmaps
2020-09-06 11:43:38,482+0200 INFO  latex - installing package bibtopic triggered by tex/latex/bibtopic\bibtopic.sty
2020-09-06 11:43:38,482+0200 INFO  latex - mpm: starting package maintenance...
2020-09-06 11:43:38,482+0200 INFO  latex - mpm: installation directory: d:\d.koch\_PROG\miktex\texmfs\install
2020-09-06 11:43:38,482+0200 INFO  latex - mpm: package repository: http://ctan.tetaneutral.net/systems/win32/miktex/tm/packages/
2020-09-06 11:43:38,689+0200 INFO  latex - mpm: package repository digest: 2e624dea5facb5c70462f2f0ab293cbe
2020-09-06 11:43:38,689+0200 INFO  latex - mpm: going to download 69993 bytes
2020-09-06 11:43:38,689+0200 INFO  latex - mpm: going to install 7 file(s) (1 package(s))
2020-09-06 11:43:39,286+0200 INFO  latex.packagemanager - installing package bibtopic
2020-09-06 11:43:39,286+0200 INFO  latex - mpm: downloading http://ctan.tetaneutral.net/systems/win32/miktex/tm/packages/bibtopic.cab...
2020-09-06 11:43:39,286+0200 INFO  latex.packagemanager - going to download http://ctan.tetaneutral.net/systems/win32/miktex/tm/packages/bibtopic.cab
2020-09-06 11:43:39,407+0200 INFO  latex - mpm: 0.07 MB, 4.75 Mbit/s
2020-09-06 11:43:39,409+0200 INFO  latex - mpm: extracting files from bibtopic.cab...
2020-09-06 11:43:40,043+0200 INFO  latex.core - start process: initexmf --mkmaps
2020-09-06 11:43:44,008+0200 INFO  latex - installing package caption triggered by tex/latex/caption\bicaption.sty
2020-09-06 11:43:44,008+0200 INFO  latex - mpm: starting package maintenance...
2020-09-06 11:43:44,008+0200 INFO  latex - mpm: installation directory: d:\d.koch\_PROG\miktex\texmfs\install
2020-09-06 11:43:44,008+0200 INFO  latex - mpm: package repository: http://ctan.tetaneutral.net/systems/win32/miktex/tm/packages/
2020-09-06 11:43:44,240+0200 INFO  latex - mpm: package repository digest: 2e624dea5facb5c70462f2f0ab293cbe
2020-09-06 11:43:44,240+0200 INFO  latex - mpm: going to download 1812171 bytes
2020-09-06 11:43:44,240+0200 INFO  latex - mpm: going to install 19 file(s) (1 package(s))
2020-09-06 11:43:44,926+0200 INFO  latex.packagemanager - installing package caption
2020-09-06 11:43:44,926+0200 INFO  latex - mpm: downloading http://ctan.tetaneutral.net/systems/win32/miktex/tm/packages/caption.tar.lzma...
2020-09-06 11:43:44,926+0200 INFO  latex.packagemanager - going to download http://ctan.tetaneutral.net/systems/win32/miktex/tm/packages/caption.tar.lzma
2020-09-06 11:43:46,077+0200 INFO  latex - mpm: 1.81 MB, 12.55 Mbit/s
2020-09-06 11:43:46,093+0200 INFO  latex - mpm: extracting files from caption.tar.lzma...
2020-09-06 11:43:46,864+0200 INFO  latex.core - start process: initexmf --mkmaps
2020-09-06 11:43:50,709+0200 INFO  latex - installing package bidi triggered by tex/xelatex/bidi\bidi.sty
2020-09-06 11:43:50,709+0200 INFO  latex - mpm: starting package maintenance...
2020-09-06 11:43:50,709+0200 INFO  latex - mpm: installation directory: d:\d.koch\_PROG\miktex\texmfs\install
2020-09-06 11:43:50,709+0200 INFO  latex - mpm: package repository: http://ctan.tetaneutral.net/systems/win32/miktex/tm/packages/
2020-09-06 11:43:50,909+0200 INFO  latex - mpm: package repository digest: 2e624dea5facb5c70462f2f0ab293cbe
2020-09-06 11:43:50,909+0200 INFO  latex - mpm: going to download 3975524 bytes
2020-09-06 11:43:50,909+0200 INFO  latex - mpm: going to install 155 file(s) (1 package(s))
2020-09-06 11:43:51,511+0200 INFO  latex.packagemanager - installing package bidi
2020-09-06 11:43:51,511+0200 INFO  latex - mpm: downloading http://ctan.tetaneutral.net/systems/win32/miktex/tm/packages/bidi.tar.lzma...
2020-09-06 11:43:51,511+0200 INFO  latex.packagemanager - going to download http://ctan.tetaneutral.net/systems/win32/miktex/tm/packages/bidi.tar.lzma
2020-09-06 11:43:53,986+0200 INFO  latex - mpm: 3.98 MB, 12.83 Mbit/s
2020-09-06 11:43:54,002+0200 INFO  latex - mpm: extracting files from bidi.tar.lzma...
2020-09-06 11:43:55,691+0200 INFO  latex.core - start process: initexmf --mkmaps
2020-09-06 11:43:59,562+0200 INFO  latex - installing package braille triggered by tex/latex/braille\braille.sty
2020-09-06 11:43:59,562+0200 INFO  latex - mpm: starting package maintenance...
2020-09-06 11:43:59,562+0200 INFO  latex - mpm: installation directory: d:\d.koch\_PROG\miktex\texmfs\install
2020-09-06 11:43:59,562+0200 INFO  latex - mpm: package repository: http://ctan.tetaneutral.net/systems/win32/miktex/tm/packages/
2020-09-06 11:43:59,768+0200 INFO  latex - mpm: package repository digest: 2e624dea5facb5c70462f2f0ab293cbe
2020-09-06 11:43:59,768+0200 INFO  latex - mpm: going to download 66716 bytes
2020-09-06 11:43:59,768+0200 INFO  latex - mpm: going to install 6 file(s) (1 package(s))
2020-09-06 11:44:00,395+0200 INFO  latex.packagemanager - installing package braille
2020-09-06 11:44:00,395+0200 INFO  latex - mpm: downloading http://ctan.tetaneutral.net/systems/win32/miktex/tm/packages/braille.tar.lzma...
2020-09-06 11:44:00,395+0200 INFO  latex.packagemanager - going to download http://ctan.tetaneutral.net/systems/win32/miktex/tm/packages/braille.tar.lzma
2020-09-06 11:44:00,586+0200 INFO  latex - mpm: 0.07 MB, 2.70 Mbit/s
2020-09-06 11:44:00,601+0200 INFO  latex - mpm: extracting files from braille.tar.lzma...
2020-09-06 11:44:01,266+0200 INFO  latex.core - start process: initexmf --mkmaps
2020-09-06 11:44:05,172+0200 INFO  latex - installing package breakurl triggered by tex/latex/breakurl\breakurl.sty
2020-09-06 11:44:05,172+0200 INFO  latex - mpm: starting package maintenance...
2020-09-06 11:44:05,172+0200 INFO  latex - mpm: installation directory: d:\d.koch\_PROG\miktex\texmfs\install
2020-09-06 11:44:05,172+0200 INFO  latex - mpm: package repository: http://ctan.tetaneutral.net/systems/win32/miktex/tm/packages/
2020-09-06 11:44:05,363+0200 INFO  latex - mpm: package repository digest: 2e624dea5facb5c70462f2f0ab293cbe
2020-09-06 11:44:05,363+0200 INFO  latex - mpm: going to download 120674 bytes
2020-09-06 11:44:05,363+0200 INFO  latex - mpm: going to install 5 file(s) (1 package(s))
2020-09-06 11:44:05,978+0200 INFO  latex.packagemanager - installing package breakurl
2020-09-06 11:44:05,978+0200 INFO  latex - mpm: downloading http://ctan.tetaneutral.net/systems/win32/miktex/tm/packages/breakurl.tar.lzma...
2020-09-06 11:44:05,978+0200 INFO  latex.packagemanager - going to download http://ctan.tetaneutral.net/systems/win32/miktex/tm/packages/breakurl.tar.lzma
2020-09-06 11:44:06,127+0200 INFO  latex - mpm: 0.12 MB, 6.44 Mbit/s
2020-09-06 11:44:06,127+0200 INFO  latex - mpm: extracting files from breakurl.tar.lzma...
2020-09-06 11:44:06,732+0200 INFO  latex.core - start process: initexmf --mkmaps
2020-09-06 11:44:10,553+0200 INFO  latex - installing package cancel triggered by tex/latex/cancel\cancel.sty
2020-09-06 11:44:10,553+0200 INFO  latex - mpm: starting package maintenance...
2020-09-06 11:44:10,553+0200 INFO  latex - mpm: installation directory: d:\d.koch\_PROG\miktex\texmfs\install
2020-09-06 11:44:10,553+0200 INFO  latex - mpm: package repository: http://ctan.tetaneutral.net/systems/win32/miktex/tm/packages/
2020-09-06 11:44:10,754+0200 INFO  latex - mpm: package repository digest: 2e624dea5facb5c70462f2f0ab293cbe
2020-09-06 11:44:10,754+0200 INFO  latex - mpm: going to download 265739 bytes
2020-09-06 11:44:10,754+0200 INFO  latex - mpm: going to install 4 file(s) (1 package(s))
2020-09-06 11:44:11,362+0200 INFO  latex.packagemanager - installing package cancel
2020-09-06 11:44:11,362+0200 INFO  latex - mpm: downloading http://ctan.tetaneutral.net/systems/win32/miktex/tm/packages/cancel.tar.lzma...
2020-09-06 11:44:11,362+0200 INFO  latex.packagemanager - going to download http://ctan.tetaneutral.net/systems/win32/miktex/tm/packages/cancel.tar.lzma
2020-09-06 11:44:11,604+0200 INFO  latex - mpm: 0.27 MB, 8.78 Mbit/s
2020-09-06 11:44:11,604+0200 INFO  latex - mpm: extracting files from cancel.tar.lzma...
2020-09-06 11:44:12,176+0200 INFO  latex.core - start process: initexmf --mkmaps
2020-09-06 11:44:16,188+0200 INFO  latex - installing package cite triggered by tex/latex/cite\chapterbib.sty
2020-09-06 11:44:16,188+0200 INFO  latex - mpm: starting package maintenance...
2020-09-06 11:44:16,188+0200 INFO  latex - mpm: installation directory: d:\d.koch\_PROG\miktex\texmfs\install
2020-09-06 11:44:16,188+0200 INFO  latex - mpm: package repository: http://ctan.tetaneutral.net/systems/win32/miktex/tm/packages/
2020-09-06 11:44:16,373+0200 INFO  latex - mpm: package repository digest: 2e624dea5facb5c70462f2f0ab293cbe
2020-09-06 11:44:16,373+0200 INFO  latex - mpm: going to download 238603 bytes
2020-09-06 11:44:16,373+0200 INFO  latex - mpm: going to install 10 file(s) (1 package(s))
2020-09-06 11:44:16,974+0200 INFO  latex.packagemanager - installing package cite
2020-09-06 11:44:16,976+0200 INFO  latex - mpm: downloading http://ctan.tetaneutral.net/systems/win32/miktex/tm/packages/cite.tar.lzma...
2020-09-06 11:44:16,976+0200 INFO  latex.packagemanager - going to download http://ctan.tetaneutral.net/systems/win32/miktex/tm/packages/cite.tar.lzma
2020-09-06 11:44:17,282+0200 INFO  latex - mpm: 0.24 MB, 6.12 Mbit/s
2020-09-06 11:44:17,291+0200 INFO  latex - mpm: extracting files from cite.tar.lzma...
2020-09-06 11:44:17,859+0200 INFO  latex.core - start process: initexmf --mkmaps
2020-09-06 11:44:21,634+0200 INFO  latex - installing package chemgreek triggered by tex/latex/chemgreek\chemgreek.sty
2020-09-06 11:44:21,634+0200 INFO  latex - mpm: starting package maintenance...
2020-09-06 11:44:21,634+0200 INFO  latex - mpm: installation directory: d:\d.koch\_PROG\miktex\texmfs\install
2020-09-06 11:44:21,634+0200 INFO  latex - mpm: package repository: http://ctan.tetaneutral.net/systems/win32/miktex/tm/packages/
2020-09-06 11:44:21,828+0200 INFO  latex - mpm: package repository digest: 2e624dea5facb5c70462f2f0ab293cbe
2020-09-06 11:44:21,828+0200 INFO  latex - mpm: going to download 727656 bytes
2020-09-06 11:44:21,828+0200 INFO  latex - mpm: going to install 5 file(s) (1 package(s))
2020-09-06 11:44:22,431+0200 INFO  latex.packagemanager - installing package chemgreek
2020-09-06 11:44:22,431+0200 INFO  latex - mpm: downloading http://ctan.tetaneutral.net/systems/win32/miktex/tm/packages/chemgreek.tar.lzma...
2020-09-06 11:44:22,431+0200 INFO  latex.packagemanager - going to download http://ctan.tetaneutral.net/systems/win32/miktex/tm/packages/chemgreek.tar.lzma
2020-09-06 11:44:22,965+0200 INFO  latex - mpm: 0.73 MB, 10.90 Mbit/s
2020-09-06 11:44:22,965+0200 INFO  latex - mpm: extracting files from chemgreek.tar.lzma...
2020-09-06 11:44:23,520+0200 INFO  latex.core - start process: initexmf --mkmaps
2020-09-06 11:44:27,296+0200 INFO  latex - installing package chicago triggered by tex/latex/chicago\chicago.sty
2020-09-06 11:44:27,296+0200 INFO  latex - mpm: starting package maintenance...
2020-09-06 11:44:27,296+0200 INFO  latex - mpm: installation directory: d:\d.koch\_PROG\miktex\texmfs\install
2020-09-06 11:44:27,296+0200 INFO  latex - mpm: package repository: http://ctan.tetaneutral.net/systems/win32/miktex/tm/packages/
2020-09-06 11:44:27,492+0200 INFO  latex - mpm: package repository digest: 2e624dea5facb5c70462f2f0ab293cbe
2020-09-06 11:44:27,492+0200 INFO  latex - mpm: going to download 10910 bytes
2020-09-06 11:44:27,492+0200 INFO  latex - mpm: going to install 3 file(s) (1 package(s))
2020-09-06 11:44:28,089+0200 INFO  latex.packagemanager - installing package chicago
2020-09-06 11:44:28,089+0200 INFO  latex - mpm: downloading http://ctan.tetaneutral.net/systems/win32/miktex/tm/packages/chicago.cab...
2020-09-06 11:44:28,089+0200 INFO  latex.packagemanager - going to download http://ctan.tetaneutral.net/systems/win32/miktex/tm/packages/chicago.cab
2020-09-06 11:44:28,169+0200 INFO  latex - mpm: 0.01 MB, 1.05 Mbit/s
2020-09-06 11:44:28,169+0200 INFO  latex - mpm: extracting files from chicago.cab...
2020-09-06 11:44:28,702+0200 INFO  latex.core - start process: initexmf --mkmaps
2020-09-06 11:44:32,757+0200 INFO  latex - installing package covington triggered by tex/latex/covington\covington.sty
2020-09-06 11:44:32,757+0200 INFO  latex - mpm: starting package maintenance...
2020-09-06 11:44:32,757+0200 INFO  latex - mpm: installation directory: d:\d.koch\_PROG\miktex\texmfs\install
2020-09-06 11:44:32,757+0200 INFO  latex - mpm: package repository: http://ctan.tetaneutral.net/systems/win32/miktex/tm/packages/
2020-09-06 11:44:32,942+0200 INFO  latex - mpm: package repository digest: 2e624dea5facb5c70462f2f0ab293cbe
2020-09-06 11:44:32,942+0200 INFO  latex - mpm: going to download 505402 bytes
2020-09-06 11:44:32,942+0200 INFO  latex - mpm: going to install 5 file(s) (1 package(s))
2020-09-06 11:44:33,551+0200 INFO  latex.packagemanager - installing package covington
2020-09-06 11:44:33,551+0200 INFO  latex - mpm: downloading http://ctan.tetaneutral.net/systems/win32/miktex/tm/packages/covington.tar.lzma...
2020-09-06 11:44:33,551+0200 INFO  latex.packagemanager - going to download http://ctan.tetaneutral.net/systems/win32/miktex/tm/packages/covington.tar.lzma
2020-09-06 11:44:33,979+0200 INFO  latex - mpm: 0.51 MB, 9.36 Mbit/s
2020-09-06 11:44:33,994+0200 INFO  latex - mpm: extracting files from covington.tar.lzma...
2020-09-06 11:44:34,603+0200 INFO  latex.core - start process: initexmf --mkmaps
2020-09-06 11:44:38,282+0200 INFO  latex - installing package csquotes triggered by tex/latex/csquotes\csquotes.sty
2020-09-06 11:44:38,282+0200 INFO  latex - mpm: starting package maintenance...
2020-09-06 11:44:38,282+0200 INFO  latex - mpm: installation directory: d:\d.koch\_PROG\miktex\texmfs\install
2020-09-06 11:44:38,282+0200 INFO  latex - mpm: package repository: http://ctan.tetaneutral.net/systems/win32/miktex/tm/packages/
2020-09-06 11:44:38,472+0200 INFO  latex - mpm: package repository digest: 2e624dea5facb5c70462f2f0ab293cbe
2020-09-06 11:44:38,472+0200 INFO  latex - mpm: going to download 331641 bytes
2020-09-06 11:44:38,472+0200 INFO  latex - mpm: going to install 8 file(s) (1 package(s))
2020-09-06 11:44:39,069+0200 INFO  latex.packagemanager - installing package csquotes
2020-09-06 11:44:39,069+0200 INFO  latex - mpm: downloading http://ctan.tetaneutral.net/systems/win32/miktex/tm/packages/csquotes.tar.lzma...
2020-09-06 11:44:39,069+0200 INFO  latex.packagemanager - going to download http://ctan.tetaneutral.net/systems/win32/miktex/tm/packages/csquotes.tar.lzma
2020-09-06 11:44:39,351+0200 INFO  latex - mpm: 0.33 MB, 9.38 Mbit/s
2020-09-06 11:44:39,351+0200 INFO  latex - mpm: extracting files from csquotes.tar.lzma...
2020-09-06 11:44:39,977+0200 INFO  latex.core - start process: initexmf --mkmaps
2020-09-06 11:44:43,716+0200 INFO  latex - installing package cyrillic triggered by tex/latex/cyrillic\koi8-r.def
2020-09-06 11:44:43,716+0200 INFO  latex - mpm: starting package maintenance...
2020-09-06 11:44:43,716+0200 INFO  latex - mpm: installation directory: d:\d.koch\_PROG\miktex\texmfs\install
2020-09-06 11:44:43,716+0200 INFO  latex - mpm: package repository: http://ctan.tetaneutral.net/systems/win32/miktex/tm/packages/
2020-09-06 11:44:43,900+0200 INFO  latex - mpm: package repository digest: 2e624dea5facb5c70462f2f0ab293cbe
2020-09-06 11:44:43,900+0200 INFO  latex - mpm: going to download 962517 bytes
2020-09-06 11:44:43,900+0200 INFO  latex - mpm: going to install 119 file(s) (1 package(s))
2020-09-06 11:44:44,501+0200 INFO  latex.packagemanager - installing package cyrillic
2020-09-06 11:44:44,501+0200 INFO  latex - mpm: downloading http://ctan.tetaneutral.net/systems/win32/miktex/tm/packages/cyrillic.tar.lzma...
2020-09-06 11:44:44,501+0200 INFO  latex.packagemanager - going to download http://ctan.tetaneutral.net/systems/win32/miktex/tm/packages/cyrillic.tar.lzma
2020-09-06 11:44:45,265+0200 INFO  latex - mpm: 0.96 MB, 10.04 Mbit/s
2020-09-06 11:44:45,281+0200 INFO  latex - mpm: extracting files from cyrillic.tar.lzma...
2020-09-06 11:44:46,521+0200 INFO  latex.core - start process: initexmf --mkmaps
2020-09-06 11:44:50,272+0200 INFO  latex - installing package endnotes triggered by tex/latex/endnotes\endnotes.sty
2020-09-06 11:44:50,272+0200 INFO  latex - mpm: starting package maintenance...
2020-09-06 11:44:50,272+0200 INFO  latex - mpm: installation directory: d:\d.koch\_PROG\miktex\texmfs\install
2020-09-06 11:44:50,272+0200 INFO  latex - mpm: package repository: http://ctan.tetaneutral.net/systems/win32/miktex/tm/packages/
2020-09-06 11:44:50,475+0200 INFO  latex - mpm: package repository digest: 2e624dea5facb5c70462f2f0ab293cbe
2020-09-06 11:44:50,475+0200 INFO  latex - mpm: going to download 287468 bytes
2020-09-06 11:44:50,475+0200 INFO  latex - mpm: going to install 5 file(s) (1 package(s))
2020-09-06 11:44:51,096+0200 INFO  latex.packagemanager - installing package endnotes
2020-09-06 11:44:51,096+0200 INFO  latex - mpm: downloading http://ctan.tetaneutral.net/systems/win32/miktex/tm/packages/endnotes.tar.lzma...
2020-09-06 11:44:51,096+0200 INFO  latex.packagemanager - going to download http://ctan.tetaneutral.net/systems/win32/miktex/tm/packages/endnotes.tar.lzma
2020-09-06 11:44:51,430+0200 INFO  latex - mpm: 0.29 MB, 6.89 Mbit/s
2020-09-06 11:44:51,430+0200 INFO  latex - mpm: extracting files from endnotes.tar.lzma...
2020-09-06 11:44:52,022+0200 INFO  latex.core - start process: initexmf --mkmaps
2020-09-06 11:44:55,881+0200 INFO  latex - installing package eso-pic triggered by tex/latex/eso-pic\eso-pic.sty
2020-09-06 11:44:55,881+0200 INFO  latex - mpm: starting package maintenance...
2020-09-06 11:44:55,881+0200 INFO  latex - mpm: installation directory: d:\d.koch\_PROG\miktex\texmfs\install
2020-09-06 11:44:55,881+0200 INFO  latex - mpm: package repository: http://ctan.tetaneutral.net/systems/win32/miktex/tm/packages/
2020-09-06 11:44:56,086+0200 INFO  latex - mpm: package repository digest: 2e624dea5facb5c70462f2f0ab293cbe
2020-09-06 11:44:56,086+0200 INFO  latex - mpm: going to download 263309 bytes
2020-09-06 11:44:56,086+0200 INFO  latex - mpm: going to install 11 file(s) (1 package(s))
2020-09-06 11:44:56,692+0200 INFO  latex.packagemanager - installing package eso-pic
2020-09-06 11:44:56,694+0200 INFO  latex - mpm: downloading http://ctan.tetaneutral.net/systems/win32/miktex/tm/packages/eso-pic.tar.lzma...
2020-09-06 11:44:56,694+0200 INFO  latex.packagemanager - going to download http://ctan.tetaneutral.net/systems/win32/miktex/tm/packages/eso-pic.tar.lzma
2020-09-06 11:44:56,928+0200 INFO  latex - mpm: 0.26 MB, 8.63 Mbit/s
2020-09-06 11:44:56,928+0200 INFO  latex - mpm: extracting files from eso-pic.tar.lzma...
2020-09-06 11:44:57,548+0200 INFO  latex.core - start process: initexmf --mkmaps
