2020-09-15 11:20:29,200+0200 INFO  lualatex - this process (1968) started by 'texmaker' with command line: lualatex -interaction=nonstopmode gen2__main.fr.tex
2020-09-15 11:20:29,416+0200 INFO  lualatex - going to create file: lualatex.fmt
2020-09-15 11:20:29,453+0200 INFO  lualatex.core - start process: initexmf --enable-installer --dump-by-name=lualatex --engine=luahbtex
2020-09-15 11:20:45,664+0200 INFO  lualatex.core - start process: C:\WINDOWS\system32\cmd.exe /c "epstopdf "--gsopt=-dEPSCrop" "msc/gen2__main.fr-1.eps""
2020-09-15 11:20:49,437+0200 INFO  lualatex - this process (1968) finishes with exit code 0
2020-09-15 11:20:49,437+0200 WARN  miktex.core - still open: d:\d.koch\_PROG\miktex\texmfs/data\miktex/data/le/luahbtex\lualatex.fmt
2020-09-15 11:22:00,567+0200 INFO  lualatex - this process (15624) started by 'texmaker' with command line: lualatex -interaction=nonstopmode gen2__main.fr.tex
2020-09-15 11:22:07,711+0200 INFO  lualatex.core - start process: C:\WINDOWS\system32\cmd.exe /c "epstopdf "--gsopt=-dEPSCrop" "msc/gen2__main.fr-1.eps""
2020-09-15 11:22:11,753+0200 INFO  lualatex - this process (15624) finishes with exit code 0
2020-09-15 11:22:11,753+0200 WARN  miktex.core - still open: d:\d.koch\_PROG\miktex\texmfs/data\miktex/data/le/luahbtex\lualatex.fmt
2020-09-15 16:20:36,513+0200 INFO  lualatex - this process (5180) started by 'texmaker' with command line: lualatex -interaction=nonstopmode gen2__main.fr.tex
2020-09-15 16:20:44,658+0200 INFO  lualatex.core - start process: C:\WINDOWS\system32\cmd.exe /c "epstopdf "--gsopt=-dEPSCrop" "msc/gen2__main.fr-1.eps""
2020-09-15 16:20:49,064+0200 INFO  lualatex - this process (5180) finishes with exit code 0
2020-09-15 16:20:49,064+0200 WARN  miktex.core - still open: d:\d.koch\_PROG\miktex\texmfs/data\miktex/data/le/luahbtex\lualatex.fmt
2020-09-15 16:26:11,303+0200 INFO  lualatex - this process (2880) started by 'texmaker' with command line: lualatex -interaction=nonstopmode gen2__main.fr.tex
2020-09-15 16:26:15,976+0200 INFO  lualatex - this process (2880) finishes with exit code 1
2020-09-15 16:26:15,976+0200 WARN  miktex.core - still open: d:\d.koch\_PROG\miktex\texmfs/data\miktex/data/le/luahbtex\lualatex.fmt
2020-09-15 16:26:15,976+0200 WARN  miktex.core - still open: ./gen2__main.fr.tex
2020-09-15 16:26:22,225+0200 INFO  lualatex - this process (7772) started by 'texmaker' with command line: lualatex -interaction=nonstopmode gen2__main.fr.tex
2020-09-15 16:26:28,617+0200 INFO  lualatex.core - start process: C:\WINDOWS\system32\cmd.exe /c "epstopdf "--gsopt=-dEPSCrop" "msc/gen2__main.fr-1.eps""
2020-09-15 16:26:32,666+0200 INFO  lualatex - this process (7772) finishes with exit code 0
2020-09-15 16:26:32,666+0200 WARN  miktex.core - still open: d:\d.koch\_PROG\miktex\texmfs/data\miktex/data/le/luahbtex\lualatex.fmt
2020-09-15 16:33:29,812+0200 INFO  lualatex - this process (9252) started by 'texmaker' with command line: lualatex -interaction=nonstopmode gen2__main.fr.tex
2020-09-15 16:33:31,536+0200 INFO  lualatex - installing package polyglossia triggered by tex/latex/polyglossia\polyglossia.sty
2020-09-15 16:33:31,536+0200 INFO  lualatex.packagemanager - going to download https://api2.miktex.org/repositories?&releaseState=Stable&orderBy=ranking&take=1
2020-09-15 16:33:31,817+0200 INFO  lualatex - mpm: starting package maintenance...
2020-09-15 16:33:31,817+0200 INFO  lualatex - mpm: installation directory: d:\d.koch\_PROG\miktex\texmfs\install
2020-09-15 16:33:31,817+0200 INFO  lualatex - mpm: package repository: http://ctan.tetaneutral.net/systems/win32/miktex/tm/packages/
2020-09-15 16:33:33,277+0200 WARN  lualatex.packagemanager - dependancy problem: miktex-doc-2.9 is required by _miktex-packages-2.9
2020-09-15 16:33:33,496+0200 INFO  lualatex - mpm: package repository digest: 0b65109ad0f300d4f7a44185e26b74e2
2020-09-15 16:33:33,496+0200 INFO  lualatex - mpm: going to download 803414 bytes
2020-09-15 16:33:33,496+0200 INFO  lualatex - mpm: going to install 277 file(s) (1 package(s))
2020-09-15 16:33:34,139+0200 INFO  lualatex.packagemanager - installing package polyglossia
2020-09-15 16:33:34,139+0200 INFO  lualatex - mpm: downloading http://ctan.tetaneutral.net/systems/win32/miktex/tm/packages/polyglossia.tar.lzma...
2020-09-15 16:33:34,139+0200 INFO  lualatex.packagemanager - going to download http://ctan.tetaneutral.net/systems/win32/miktex/tm/packages/polyglossia.tar.lzma
2020-09-15 16:33:35,147+0200 INFO  lualatex - mpm: 0.80 MB, 6.36 Mbit/s
2020-09-15 16:33:35,147+0200 INFO  lualatex - mpm: extracting files from polyglossia.tar.lzma...
2020-09-15 16:33:37,151+0200 INFO  lualatex.core - start process: initexmf --mkmaps
2020-09-15 16:33:40,779+0200 INFO  lualatex - installing package makecmds triggered by tex/latex/makecmds\makecmds.sty
2020-09-15 16:33:40,779+0200 INFO  lualatex.packagemanager - going to download https://api2.miktex.org/repositories/3b69f091b76261c43337e22fe17bd363
2020-09-15 16:33:40,995+0200 INFO  lualatex - mpm: starting package maintenance...
2020-09-15 16:33:40,995+0200 INFO  lualatex - mpm: installation directory: d:\d.koch\_PROG\miktex\texmfs\install
2020-09-15 16:33:40,995+0200 INFO  lualatex - mpm: package repository: http://ctan.tetaneutral.net/systems/win32/miktex/tm/packages/
2020-09-15 16:33:41,240+0200 INFO  lualatex - mpm: package repository digest: 0b65109ad0f300d4f7a44185e26b74e2
2020-09-15 16:33:41,240+0200 INFO  lualatex - mpm: going to download 122322 bytes
2020-09-15 16:33:41,240+0200 INFO  lualatex - mpm: going to install 5 file(s) (1 package(s))
2020-09-15 16:33:41,884+0200 INFO  lualatex.packagemanager - installing package makecmds
2020-09-15 16:33:41,884+0200 INFO  lualatex - mpm: downloading http://ctan.tetaneutral.net/systems/win32/miktex/tm/packages/makecmds.tar.lzma...
2020-09-15 16:33:41,884+0200 INFO  lualatex.packagemanager - going to download http://ctan.tetaneutral.net/systems/win32/miktex/tm/packages/makecmds.tar.lzma
2020-09-15 16:33:42,075+0200 INFO  lualatex - mpm: 0.12 MB, 5.10 Mbit/s
2020-09-15 16:33:42,075+0200 INFO  lualatex - mpm: extracting files from makecmds.tar.lzma...
2020-09-15 16:33:42,560+0200 INFO  lualatex.core - start process: initexmf --mkmaps
2020-09-15 16:33:46,576+0200 INFO  lualatex - installing package filehook triggered by tex/latex/filehook\filehook.sty
2020-09-15 16:33:46,576+0200 INFO  lualatex - mpm: starting package maintenance...
2020-09-15 16:33:46,576+0200 INFO  lualatex - mpm: installation directory: d:\d.koch\_PROG\miktex\texmfs\install
2020-09-15 16:33:46,576+0200 INFO  lualatex - mpm: package repository: http://ctan.tetaneutral.net/systems/win32/miktex/tm/packages/
2020-09-15 16:33:46,780+0200 INFO  lualatex - mpm: package repository digest: 0b65109ad0f300d4f7a44185e26b74e2
2020-09-15 16:33:46,780+0200 INFO  lualatex - mpm: going to download 281488 bytes
2020-09-15 16:33:46,782+0200 INFO  lualatex - mpm: going to install 10 file(s) (1 package(s))
2020-09-15 16:33:47,424+0200 INFO  lualatex.packagemanager - installing package filehook
2020-09-15 16:33:47,424+0200 INFO  lualatex - mpm: downloading http://ctan.tetaneutral.net/systems/win32/miktex/tm/packages/filehook.tar.lzma...
2020-09-15 16:33:47,424+0200 INFO  lualatex.packagemanager - going to download http://ctan.tetaneutral.net/systems/win32/miktex/tm/packages/filehook.tar.lzma
2020-09-15 16:33:47,777+0200 INFO  lualatex - mpm: 0.28 MB, 6.15 Mbit/s
2020-09-15 16:33:47,793+0200 INFO  lualatex - mpm: extracting files from filehook.tar.lzma...
2020-09-15 16:33:48,360+0200 INFO  lualatex.core - start process: initexmf --mkmaps
2020-09-15 16:33:51,764+0200 INFO  lualatex - installing package luatexbase triggered by tex/luatex/luatexbase\luatexbase.sty
2020-09-15 16:33:51,764+0200 INFO  lualatex - mpm: starting package maintenance...
2020-09-15 16:33:51,764+0200 INFO  lualatex - mpm: installation directory: d:\d.koch\_PROG\miktex\texmfs\install
2020-09-15 16:33:51,764+0200 INFO  lualatex - mpm: package repository: http://ctan.tetaneutral.net/systems/win32/miktex/tm/packages/
2020-09-15 16:33:51,975+0200 INFO  lualatex - mpm: package repository digest: 0b65109ad0f300d4f7a44185e26b74e2
2020-09-15 16:33:51,975+0200 INFO  lualatex - mpm: going to download 276167 bytes
2020-09-15 16:33:51,975+0200 INFO  lualatex - mpm: going to install 13 file(s) (1 package(s))
2020-09-15 16:33:52,629+0200 INFO  lualatex.packagemanager - installing package luatexbase
2020-09-15 16:33:52,629+0200 INFO  lualatex - mpm: downloading http://ctan.tetaneutral.net/systems/win32/miktex/tm/packages/luatexbase.tar.lzma...
2020-09-15 16:33:52,629+0200 INFO  lualatex.packagemanager - going to download http://ctan.tetaneutral.net/systems/win32/miktex/tm/packages/luatexbase.tar.lzma
2020-09-15 16:33:52,947+0200 INFO  lualatex - mpm: 0.28 MB, 6.84 Mbit/s
2020-09-15 16:33:52,947+0200 INFO  lualatex - mpm: extracting files from luatexbase.tar.lzma...
2020-09-15 16:33:53,518+0200 INFO  lualatex.core - start process: initexmf --mkmaps
2020-09-15 16:33:56,981+0200 INFO  lualatex - installing package ctablestack triggered by tex/luatex/ctablestack\ctablestack.sty
2020-09-15 16:33:56,981+0200 INFO  lualatex - mpm: starting package maintenance...
2020-09-15 16:33:56,981+0200 INFO  lualatex - mpm: installation directory: d:\d.koch\_PROG\miktex\texmfs\install
2020-09-15 16:33:56,981+0200 INFO  lualatex - mpm: package repository: http://ctan.tetaneutral.net/systems/win32/miktex/tm/packages/
2020-09-15 16:33:57,183+0200 INFO  lualatex - mpm: package repository digest: 0b65109ad0f300d4f7a44185e26b74e2
2020-09-15 16:33:57,183+0200 INFO  lualatex - mpm: going to download 155555 bytes
2020-09-15 16:33:57,183+0200 INFO  lualatex - mpm: going to install 5 file(s) (1 package(s))
2020-09-15 16:33:57,828+0200 INFO  lualatex.packagemanager - installing package ctablestack
2020-09-15 16:33:57,828+0200 INFO  lualatex - mpm: downloading http://ctan.tetaneutral.net/systems/win32/miktex/tm/packages/ctablestack.tar.lzma...
2020-09-15 16:33:57,828+0200 INFO  lualatex.packagemanager - going to download http://ctan.tetaneutral.net/systems/win32/miktex/tm/packages/ctablestack.tar.lzma
2020-09-15 16:33:58,017+0200 INFO  lualatex - mpm: 0.16 MB, 6.55 Mbit/s
2020-09-15 16:33:58,017+0200 INFO  lualatex - mpm: extracting files from ctablestack.tar.lzma...
2020-09-15 16:33:58,532+0200 INFO  lualatex.core - start process: initexmf --mkmaps
2020-09-15 16:34:02,349+0200 INFO  lualatex - installing package unicode-math triggered by tex/latex/unicode-math\unicode-math.sty
2020-09-15 16:34:02,349+0200 INFO  lualatex - mpm: starting package maintenance...
2020-09-15 16:34:02,349+0200 INFO  lualatex - mpm: installation directory: d:\d.koch\_PROG\miktex\texmfs\install
2020-09-15 16:34:02,349+0200 INFO  lualatex - mpm: package repository: http://ctan.tetaneutral.net/systems/win32/miktex/tm/packages/
2020-09-15 16:34:02,542+0200 INFO  lualatex - mpm: package repository digest: 0b65109ad0f300d4f7a44185e26b74e2
2020-09-15 16:34:02,542+0200 INFO  lualatex - mpm: going to download 1811199 bytes
2020-09-15 16:34:02,542+0200 INFO  lualatex - mpm: going to install 25 file(s) (1 package(s))
2020-09-15 16:34:03,187+0200 INFO  lualatex.packagemanager - installing package unicode-math
2020-09-15 16:34:03,187+0200 INFO  lualatex - mpm: downloading http://ctan.tetaneutral.net/systems/win32/miktex/tm/packages/unicode-math.tar.lzma...
2020-09-15 16:34:03,187+0200 INFO  lualatex.packagemanager - going to download http://ctan.tetaneutral.net/systems/win32/miktex/tm/packages/unicode-math.tar.lzma
2020-09-15 16:34:04,757+0200 INFO  lualatex - mpm: 1.81 MB, 9.17 Mbit/s
2020-09-15 16:34:04,779+0200 INFO  lualatex - mpm: extracting files from unicode-math.tar.lzma...
2020-09-15 16:34:05,581+0200 INFO  lualatex.core - start process: initexmf --mkmaps
2020-09-15 16:34:09,147+0200 INFO  lualatex - installing package lualatex-math triggered by tex/lualatex/lualatex-math\lualatex-math.sty
2020-09-15 16:34:09,147+0200 INFO  lualatex - mpm: starting package maintenance...
2020-09-15 16:34:09,147+0200 INFO  lualatex - mpm: installation directory: d:\d.koch\_PROG\miktex\texmfs\install
2020-09-15 16:34:09,147+0200 INFO  lualatex - mpm: package repository: http://ctan.tetaneutral.net/systems/win32/miktex/tm/packages/
2020-09-15 16:34:09,358+0200 INFO  lualatex - mpm: package repository digest: 0b65109ad0f300d4f7a44185e26b74e2
2020-09-15 16:34:09,358+0200 INFO  lualatex - mpm: going to download 197047 bytes
2020-09-15 16:34:09,358+0200 INFO  lualatex - mpm: going to install 7 file(s) (1 package(s))
2020-09-15 16:34:10,015+0200 INFO  lualatex.packagemanager - installing package lualatex-math
2020-09-15 16:34:10,017+0200 INFO  lualatex - mpm: downloading http://ctan.tetaneutral.net/systems/win32/miktex/tm/packages/lualatex-math.tar.lzma...
2020-09-15 16:34:10,017+0200 INFO  lualatex.packagemanager - going to download http://ctan.tetaneutral.net/systems/win32/miktex/tm/packages/lualatex-math.tar.lzma
2020-09-15 16:34:10,247+0200 INFO  lualatex - mpm: 0.20 MB, 6.68 Mbit/s
2020-09-15 16:34:10,247+0200 INFO  lualatex - mpm: extracting files from lualatex-math.tar.lzma...
2020-09-15 16:34:10,751+0200 INFO  lualatex.core - start process: initexmf --mkmaps
2020-09-15 16:34:14,259+0200 INFO  lualatex - installing package luainputenc triggered by tex/lualatex/luainputenc\luainputenc.sty
2020-09-15 16:34:14,259+0200 INFO  lualatex - mpm: starting package maintenance...
2020-09-15 16:34:14,259+0200 INFO  lualatex - mpm: installation directory: d:\d.koch\_PROG\miktex\texmfs\install
2020-09-15 16:34:14,259+0200 INFO  lualatex - mpm: package repository: http://ctan.tetaneutral.net/systems/win32/miktex/tm/packages/
2020-09-15 16:34:14,474+0200 INFO  lualatex - mpm: package repository digest: 0b65109ad0f300d4f7a44185e26b74e2
2020-09-15 16:34:14,474+0200 INFO  lualatex - mpm: going to download 424357 bytes
2020-09-15 16:34:14,474+0200 INFO  lualatex - mpm: going to install 11 file(s) (1 package(s))
2020-09-15 16:34:15,151+0200 INFO  lualatex.packagemanager - installing package luainputenc
2020-09-15 16:34:15,151+0200 INFO  lualatex - mpm: downloading http://ctan.tetaneutral.net/systems/win32/miktex/tm/packages/luainputenc.tar.lzma...
2020-09-15 16:34:15,151+0200 INFO  lualatex.packagemanager - going to download http://ctan.tetaneutral.net/systems/win32/miktex/tm/packages/luainputenc.tar.lzma
2020-09-15 16:34:15,647+0200 INFO  lualatex - mpm: 0.42 MB, 6.70 Mbit/s
2020-09-15 16:34:15,663+0200 INFO  lualatex - mpm: extracting files from luainputenc.tar.lzma...
2020-09-15 16:34:16,244+0200 INFO  lualatex.core - start process: initexmf --mkmaps
2020-09-15 16:34:19,852+0200 INFO  lualatex - installing package newtx triggered by tex/latex/newtx\newtxtext.sty
2020-09-15 16:34:19,852+0200 INFO  lualatex - mpm: starting package maintenance...
2020-09-15 16:34:19,852+0200 INFO  lualatex - mpm: installation directory: d:\d.koch\_PROG\miktex\texmfs\install
2020-09-15 16:34:19,852+0200 INFO  lualatex - mpm: package repository: http://ctan.tetaneutral.net/systems/win32/miktex/tm/packages/
2020-09-15 16:34:20,059+0200 INFO  lualatex - mpm: package repository digest: 0b65109ad0f300d4f7a44185e26b74e2
2020-09-15 16:34:20,059+0200 INFO  lualatex - mpm: going to download 6506490 bytes
2020-09-15 16:34:20,059+0200 INFO  lualatex - mpm: going to install 775 file(s) (1 package(s))
2020-09-15 16:34:20,696+0200 INFO  lualatex.packagemanager - installing package newtx
2020-09-15 16:34:20,696+0200 INFO  lualatex - mpm: downloading http://ctan.tetaneutral.net/systems/win32/miktex/tm/packages/newtx.tar.lzma...
2020-09-15 16:34:20,696+0200 INFO  lualatex.packagemanager - going to download http://ctan.tetaneutral.net/systems/win32/miktex/tm/packages/newtx.tar.lzma
2020-09-15 16:34:27,242+0200 INFO  lualatex - mpm: 6.51 MB, 7.95 Mbit/s
2020-09-15 16:34:27,262+0200 INFO  lualatex - mpm: extracting files from newtx.tar.lzma...
2020-09-15 16:34:31,974+0200 INFO  lualatex.core - start process: initexmf --mkmaps
2020-09-15 16:34:36,520+0200 INFO  lualatex - installing package fontaxes triggered by tex/latex/fontaxes\fontaxes.sty
2020-09-15 16:34:36,520+0200 INFO  lualatex - mpm: starting package maintenance...
2020-09-15 16:34:36,520+0200 INFO  lualatex - mpm: installation directory: d:\d.koch\_PROG\miktex\texmfs\install
2020-09-15 16:34:36,520+0200 INFO  lualatex - mpm: package repository: http://ctan.tetaneutral.net/systems/win32/miktex/tm/packages/
2020-09-15 16:34:36,752+0200 INFO  lualatex - mpm: package repository digest: 0b65109ad0f300d4f7a44185e26b74e2
2020-09-15 16:34:36,752+0200 INFO  lualatex - mpm: going to download 140362 bytes
2020-09-15 16:34:36,752+0200 INFO  lualatex - mpm: going to install 5 file(s) (1 package(s))
2020-09-15 16:34:37,400+0200 INFO  lualatex.packagemanager - installing package fontaxes
2020-09-15 16:34:37,400+0200 INFO  lualatex - mpm: downloading http://ctan.tetaneutral.net/systems/win32/miktex/tm/packages/fontaxes.tar.lzma...
2020-09-15 16:34:37,400+0200 INFO  lualatex.packagemanager - going to download http://ctan.tetaneutral.net/systems/win32/miktex/tm/packages/fontaxes.tar.lzma
2020-09-15 16:34:37,581+0200 INFO  lualatex - mpm: 0.14 MB, 6.07 Mbit/s
2020-09-15 16:34:37,581+0200 INFO  lualatex - mpm: extracting files from fontaxes.tar.lzma...
2020-09-15 16:34:38,098+0200 INFO  lualatex.core - start process: initexmf --mkmaps
2020-09-15 16:35:39,736+0200 INFO  lualatex - installing package lm-math triggered by fonts/opentype/public/lm-math\latinmodern-math.otf
2020-09-15 16:35:39,736+0200 INFO  lualatex - mpm: starting package maintenance...
2020-09-15 16:35:39,736+0200 INFO  lualatex - mpm: installation directory: d:\d.koch\_PROG\miktex\texmfs\install
2020-09-15 16:35:39,736+0200 INFO  lualatex - mpm: package repository: http://ctan.tetaneutral.net/systems/win32/miktex/tm/packages/
2020-09-15 16:35:39,951+0200 INFO  lualatex - mpm: package repository digest: 0b65109ad0f300d4f7a44185e26b74e2
2020-09-15 16:35:39,951+0200 INFO  lualatex - mpm: going to download 472719 bytes
2020-09-15 16:35:39,951+0200 INFO  lualatex - mpm: going to install 16 file(s) (1 package(s))
2020-09-15 16:35:40,622+0200 INFO  lualatex.packagemanager - installing package lm-math
2020-09-15 16:35:40,622+0200 INFO  lualatex - mpm: downloading http://ctan.tetaneutral.net/systems/win32/miktex/tm/packages/lm-math.tar.lzma...
2020-09-15 16:35:40,622+0200 INFO  lualatex.packagemanager - going to download http://ctan.tetaneutral.net/systems/win32/miktex/tm/packages/lm-math.tar.lzma
2020-09-15 16:35:41,076+0200 INFO  lualatex - mpm: 0.47 MB, 8.20 Mbit/s
2020-09-15 16:35:41,076+0200 INFO  lualatex - mpm: extracting files from lm-math.tar.lzma...
2020-09-15 16:35:41,740+0200 INFO  lualatex.core - start process: initexmf --mkmaps
2020-09-15 16:35:48,998+0200 INFO  lualatex.core - start process: C:\WINDOWS\system32\cmd.exe /c "epstopdf "--gsopt=-dEPSCrop" "msc/gen2__main.fr-1.eps""
2020-09-15 16:35:54,331+0200 INFO  lualatex - this process (9252) finishes with exit code 1
2020-09-15 16:35:54,369+0200 WARN  miktex.core - still open: d:\d.koch\_PROG\miktex\texmfs/data\miktex/data/le/luahbtex\lualatex.fmt
