2022-08-29 20:21:29,841+0200 INFO  miktex-fc-cache - this process (22484) started by miktex in directory g:\_USERS\Kochise\Downloads with command line: miktex-fc-cache --verbose --miktex-disable-maintenance --miktex-disable-diagnose
2022-08-29 20:21:36,189+0200 INFO  miktex-fc-cache - this process (22484) finishes with exit code 0
2022-08-29 20:29:35,346+0200 INFO  miktex-fc-cache - this process (4884) started by miktex in directory f:\_GIT\win_portable\Document\miktex with command line: miktex-fc-cache --miktex-disable-maintenance --miktex-disable-diagnose
2022-08-29 20:29:36,417+0200 INFO  miktex-fc-cache - this process (4884) finishes with exit code 0
2022-08-29 20:33:12,071+0200 INFO  miktex-fc-cache - this process (12760) started by miktex in directory f:\_GIT\win_portable\Document\miktex with command line: miktex-fc-cache --miktex-disable-maintenance --miktex-disable-diagnose
2022-08-29 20:33:12,071+0200 INFO  miktex-fc-cache - running on Windows 10.0.19042
2022-08-29 20:33:12,321+0200 INFO  miktex-fc-cache - this process (12760) finishes with exit code 0
2022-08-29 20:34:07,802+0200 INFO  miktex-fc-cache - this process (18652) started by miktex in directory f:\_GIT\win_portable\Document\miktex with command line: miktex-fc-cache --verbose --miktex-disable-maintenance --miktex-disable-diagnose
2022-08-29 20:34:07,802+0200 INFO  miktex-fc-cache - running on Windows 10.0.19042
2022-08-29 20:34:09,075+0200 INFO  miktex-fc-cache - this process (18652) finishes with exit code 0
2022-08-29 20:34:48,354+0200 INFO  miktex-fc-cache - this process (23664) started by miktex in directory f:\_GIT\win_portable\Document\miktex with command line: miktex-fc-cache --miktex-disable-maintenance --miktex-disable-diagnose
2022-08-29 20:34:48,354+0200 INFO  miktex-fc-cache - running on Windows 10.0.19042
2022-08-29 20:34:48,613+0200 INFO  miktex-fc-cache - this process (23664) finishes with exit code 0
2022-08-29 20:38:14,123+0200 INFO  miktex-fc-cache - this process (22604) started by miktex in directory f:\_GIT\win_portable\Document\miktex with command line: miktex-fc-cache --miktex-disable-maintenance --miktex-disable-diagnose
2022-08-29 20:38:14,123+0200 INFO  miktex-fc-cache - running on Windows 10.0.19042
2022-08-29 20:38:14,458+0200 INFO  miktex-fc-cache - this process (22604) finishes with exit code 0
2022-08-29 20:40:28,516+0200 INFO  miktex-fc-cache - this process (4792) started by miktex in directory f:\_GIT\win_portable\Document\miktex with command line: miktex-fc-cache --miktex-disable-maintenance --miktex-disable-diagnose
2022-08-29 20:40:28,516+0200 INFO  miktex-fc-cache - running on Windows 10.0.19042
2022-08-29 20:40:29,237+0200 INFO  miktex-fc-cache - this process (4792) finishes with exit code 0
2022-08-29 20:41:12,670+0200 INFO  miktex-fc-cache - this process (17704) started by miktex in directory f:\_GIT\win_portable\Document\miktex with command line: miktex-fc-cache --miktex-disable-maintenance --miktex-disable-diagnose
2022-08-29 20:41:12,671+0200 INFO  miktex-fc-cache - running on Windows 10.0.19042
2022-08-29 20:41:13,325+0200 INFO  miktex-fc-cache - this process (17704) finishes with exit code 0
