2020-09-02 15:47:27,711+0200 INFO  miktex-mf - this process (12596) started by 'miktex-makepk' with command line: miktex-mf.exe --miktex-enable-installer --miktex-disable-maintenance --miktex-disable-diagnose --undump=mf \mode:=ljfour; \mag:=magstep(1.0); nonstopmode; "input esint10"
2020-09-02 15:47:27,711+0200 INFO  miktex-mf - this is MiKTeX-mf 4.0.0 (2.718281) (MiKTeX 20.7 Portable)
2020-09-02 15:47:27,722+0200 INFO  miktex-mf - going to create file: mf.base
2020-09-02 15:47:27,766+0200 INFO  miktex-mf.core - start process: initexmf --enable-installer --dump-by-name=mf
2020-09-02 15:47:28,300+0200 INFO  miktex-mf - this process (4860) started by 'miktex-makebase' with command line: miktex-mf.exe --miktex-enable-installer --miktex-disable-maintenance --miktex-disable-diagnose --initialize --interaction=nonstopmode --halt-on-error -tcx=cp227.tcx mf.ini
2020-09-02 15:47:28,301+0200 INFO  miktex-mf - this is MiKTeX-mf 4.0.0 (2.718281) (MiKTeX 20.7 Portable)
2020-09-02 15:47:28,334+0200 INFO  miktex-mf - this process (4860) finishes with exit code 0
2020-09-02 15:47:28,621+0200 INFO  miktex-mf - this process (12596) finishes with exit code 0
2020-09-02 16:06:02,933+0200 INFO  miktex-mf - this process (14788) started by 'miktex-makepk' with command line: miktex-mf.exe --miktex-enable-installer --miktex-disable-maintenance --miktex-disable-diagnose --undump=mf \mode:=ljfour; \mag:=magstep(0.0); nonstopmode; "input tcrm1095"
2020-09-02 16:06:02,934+0200 INFO  miktex-mf - this is MiKTeX-mf 4.0.0 (2.718281) (MiKTeX 20.7 Portable)
2020-09-02 16:06:03,055+0200 INFO  miktex-mf - this process (14788) finishes with exit code 0
2020-09-04 17:28:34,036+0200 INFO  miktex-mf - this process (272) started by 'miktex-makepk' with command line: miktex-mf.exe --miktex-enable-installer --miktex-disable-maintenance --miktex-disable-diagnose --undump=mf \mode:=ljfour; \mag:=magstep(0.0); nonstopmode; "input tcrm1000"
2020-09-04 17:28:34,051+0200 INFO  miktex-mf - this is MiKTeX-mf 4.0.0 (2.718281) (MiKTeX 20.7 Portable)
2020-09-04 17:28:34,058+0200 INFO  miktex-mf - going to create file: mf.base
2020-09-04 17:28:34,105+0200 INFO  miktex-mf.core - start process: initexmf --enable-installer --dump-by-name=mf
2020-09-04 17:28:34,860+0200 INFO  miktex-mf - this process (18028) started by 'miktex-makebase' with command line: miktex-mf.exe --miktex-enable-installer --miktex-disable-maintenance --miktex-disable-diagnose --initialize --interaction=nonstopmode --halt-on-error -tcx=cp227.tcx mf.ini
2020-09-04 17:28:34,860+0200 INFO  miktex-mf - this is MiKTeX-mf 4.0.0 (2.718281) (MiKTeX 20.7 Portable)
2020-09-04 17:28:34,923+0200 INFO  miktex-mf - this process (18028) finishes with exit code 0
2020-09-04 17:28:35,361+0200 INFO  miktex-mf - this process (272) finishes with exit code 0
2020-09-07 11:33:01,330+0200 INFO  miktex-mf - this process (10916) started by 'miktex-makepk' with command line: miktex-mf.exe --miktex-enable-installer --miktex-disable-maintenance --miktex-disable-diagnose --undump=mf \mode:=ljfour; \mag:=magstep(0.0); nonstopmode; "input ectt1095"
2020-09-07 11:33:01,345+0200 INFO  miktex-mf - this is MiKTeX-mf 4.0.0 (2.718281) (MiKTeX 20.7 Portable)
2020-09-07 11:33:01,947+0200 INFO  miktex-mf - this process (10916) finishes with exit code 0
2020-09-08 14:26:04,877+0200 INFO  miktex-mf - this process (13444) started by 'miktex-makepk' with command line: miktex-mf.exe --miktex-enable-installer --miktex-disable-maintenance --miktex-disable-diagnose --undump=mf \mode:=ljfour; \mag:=magstep(0.0); nonstopmode; "input ecrm1000"
2020-09-08 14:26:04,892+0200 INFO  miktex-mf - this is MiKTeX-mf 4.0.0 (2.718281) (MiKTeX 20.7 Portable)
2020-09-08 14:26:05,478+0200 INFO  miktex-mf - this process (13444) finishes with exit code 0
2020-09-08 14:26:06,548+0200 INFO  miktex-mf - this process (2892) started by 'miktex-makepk' with command line: miktex-mf.exe --miktex-enable-installer --miktex-disable-maintenance --miktex-disable-diagnose --undump=mf \mode:=ljfour; \mag:=magstep(0.0); nonstopmode; "input ecrm0900"
2020-09-08 14:26:06,548+0200 INFO  miktex-mf - this is MiKTeX-mf 4.0.0 (2.718281) (MiKTeX 20.7 Portable)
2020-09-08 14:26:06,866+0200 INFO  miktex-mf - this process (2892) finishes with exit code 0
2020-09-08 14:26:07,846+0200 INFO  miktex-mf - this process (10764) started by 'miktex-makepk' with command line: miktex-mf.exe --miktex-enable-installer --miktex-disable-maintenance --miktex-disable-diagnose --undump=mf \mode:=ljfour; \mag:=1+200/600; nonstopmode; "input ecrm1200"
2020-09-08 14:26:07,846+0200 INFO  miktex-mf - this is MiKTeX-mf 4.0.0 (2.718281) (MiKTeX 20.7 Portable)
2020-09-08 14:26:08,131+0200 INFO  miktex-mf - this process (10764) finishes with exit code 0
2020-09-10 12:00:06,712+0200 INFO  miktex-mf - this process (17104) started by 'miktex-maketfm' with command line: miktex-mf.exe --miktex-enable-installer --miktex-disable-maintenance --miktex-disable-diagnose --undump=mf \mode:=ljfour; nonstopmode; "input rsfs10"
2020-09-10 12:00:06,713+0200 INFO  miktex-mf - this is MiKTeX-mf 4.0.0 (2.718281) (MiKTeX 20.7 Portable)
2020-09-10 12:00:06,988+0200 INFO  miktex-mf - this process (17104) finishes with exit code 0
