2022-04-17 21:14:02,741+0200 INFO  miktex - this is One MiKTeX Utility 1.2 (MiKTeX 22.3 Portable)
2022-04-17 21:14:02,742+0200 INFO  miktex - this process (5440) started by initexmf in directory f:\_GIT\win_portable\Document\miktex with command line: miktex --enable-installer fontmaps configure
2022-04-17 21:14:02,744+0200 INFO  miktex - Parsing configuration file F:\_GIT\win_portable\Document\miktex\texmfs\install\miktex/config\updmap.cfg...
2022-04-17 21:14:03,338+0200 INFO  miktex - Writing F:\_GIT\win_portable\Document\miktex\texmfs/data\fonts\map\dvipdfmx\kanjix.map...
2022-04-17 21:14:03,583+0200 INFO  miktex - Writing F:\_GIT\win_portable\Document\miktex\texmfs/data\fonts\map\dvips\builtin35.map...
2022-04-17 21:14:03,595+0200 INFO  miktex - Writing F:\_GIT\win_portable\Document\miktex\texmfs/data\fonts\map\dvips\download35.map...
2022-04-17 21:14:03,609+0200 INFO  miktex - Writing F:\_GIT\win_portable\Document\miktex\texmfs/data\fonts\map\dvips\ps2pk.map...
2022-04-17 21:14:03,722+0200 INFO  miktex - Writing F:\_GIT\win_portable\Document\miktex\texmfs/data\fonts\map\dvips\psfonts_pk.map...
2022-04-17 21:14:03,756+0200 INFO  miktex - Writing F:\_GIT\win_portable\Document\miktex\texmfs/data\fonts\map\dvips\psfonts_t1.map...
2022-04-17 21:14:03,877+0200 INFO  miktex - Writing F:\_GIT\win_portable\Document\miktex\texmfs/data\fonts\map\pdftex\pdftex_dl14.map...
2022-04-17 21:14:04,003+0200 INFO  miktex - Writing F:\_GIT\win_portable\Document\miktex\texmfs/data\fonts\map\pdftex\pdftex_ndl14.map...
2022-04-17 21:14:04,075+0200 INFO  miktex - Copying F:\_GIT\win_portable\Document\miktex\texmfs/data\fonts\map\dvips\psfonts_t1.map
2022-04-17 21:14:04,075+0200 INFO  miktex -      to F:\_GIT\win_portable\Document\miktex\texmfs/data\fonts\map\dvips\psfonts.map...
2022-04-17 21:14:04,086+0200 INFO  miktex - Copying F:\_GIT\win_portable\Document\miktex\texmfs/data\fonts\map\pdftex\pdftex_dl14.map
2022-04-17 21:14:04,086+0200 INFO  miktex -      to F:\_GIT\win_portable\Document\miktex\texmfs/data\fonts\map\pdftex\pdftex.map...
2022-04-17 21:14:04,117+0200 INFO  miktex - running: miktex-fc-cache --miktex-disable-maintenance --miktex-disable-diagnose
2022-04-17 21:14:04,117+0200 INFO  miktex.core - start process: miktex-fc-cache --miktex-disable-maintenance --miktex-disable-diagnose
2022-04-17 21:14:05,338+0200 INFO  miktex - miktex-fc-cache: security risk: running with elevated privileges
2022-04-17 21:14:05,348+0200 WARN  miktex.core - still open: F:\_GIT\win_portable\Document\miktex\texmfs\install\fontconfig/config\fonts.conf.in
2022-04-17 21:14:05,348+0200 WARN  miktex.core - still open: F:\_GIT\win_portable\Document\miktex\texmfs/config\fontconfig\config\fonts.conf
2022-04-17 21:14:05,349+0200 INFO  miktex - this process (5440) finishes with exit code 0
2022-04-17 21:14:07,982+0200 INFO  miktex - this is One MiKTeX Utility 1.2 (MiKTeX 22.3 Portable)
2022-04-17 21:14:07,982+0200 INFO  miktex - this process (12624) started by initexmf in directory f:\_GIT\win_portable\Document\miktex with command line: miktex --verbose --disable-installer fndb refresh
2022-04-17 21:14:08,084+0200 INFO  miktex - Creating FNDB for common root directory (F:\_GIT\win_portable\Document\miktex\texmfs\config)...
2022-04-17 21:14:08,112+0200 INFO  miktex - Creating FNDB for common root directory (F:\_GIT\win_portable\Document\miktex\texmfs\data)...
2022-04-17 21:14:08,223+0200 INFO  miktex - Creating FNDB for common root directory (F:\_GIT\win_portable\Document\miktex\texmfs\install)...
2022-04-17 21:14:10,477+0200 ERROR miktex.core - Accès refusé.

2022-04-17 21:14:10,478+0200 ERROR miktex.core - Function: DeleteFileW
2022-04-17 21:14:10,478+0200 ERROR miktex.core - Result: 5
2022-04-17 21:14:10,478+0200 ERROR miktex.core - Data: path="F:\_GIT\win_portable\Document\miktex\texmfs\install\miktex\bin\x64\miktex-console.exe.(old)"
2022-04-17 21:14:10,478+0200 ERROR miktex.core - Source: Libraries\MiKTeX\Core\File\win\winFile.cpp:320
2022-04-17 21:14:10,479+0200 ERROR miktex.core - Accès refusé.

2022-04-17 21:14:10,479+0200 ERROR miktex.core - Function: DeleteFileW
2022-04-17 21:14:10,479+0200 ERROR miktex.core - Result: 5
2022-04-17 21:14:10,479+0200 ERROR miktex.core - Data: path="F:\_GIT\win_portable\Document\miktex\texmfs\install\miktex\bin\x64\MiKTeX211000-apr.dll.(old)"
2022-04-17 21:14:10,479+0200 ERROR miktex.core - Source: Libraries\MiKTeX\Core\File\win\winFile.cpp:320
2022-04-17 21:14:10,480+0200 ERROR miktex.core - Accès refusé.

2022-04-17 21:14:10,481+0200 ERROR miktex.core - Function: DeleteFileW
2022-04-17 21:14:10,481+0200 ERROR miktex.core - Result: 5
2022-04-17 21:14:10,481+0200 ERROR miktex.core - Data: path="F:\_GIT\win_portable\Document\miktex\texmfs\install\miktex\bin\x64\MiKTeX211000-aprutil.dll.(old)"
2022-04-17 21:14:10,481+0200 ERROR miktex.core - Source: Libraries\MiKTeX\Core\File\win\winFile.cpp:320
2022-04-17 21:14:10,483+0200 ERROR miktex.core - Accès refusé.

2022-04-17 21:14:10,483+0200 ERROR miktex.core - Function: DeleteFileW
2022-04-17 21:14:10,483+0200 ERROR miktex.core - Result: 5
2022-04-17 21:14:10,483+0200 ERROR miktex.core - Data: path="F:\_GIT\win_portable\Document\miktex\texmfs\install\miktex\bin\x64\MiKTeX211000-bzip2.dll.(old)"
2022-04-17 21:14:10,483+0200 ERROR miktex.core - Source: Libraries\MiKTeX\Core\File\win\winFile.cpp:320
2022-04-17 21:14:10,485+0200 ERROR miktex.core - Accès refusé.

2022-04-17 21:14:10,485+0200 ERROR miktex.core - Function: DeleteFileW
2022-04-17 21:14:10,485+0200 ERROR miktex.core - Result: 5
2022-04-17 21:14:10,485+0200 ERROR miktex.core - Data: path="F:\_GIT\win_portable\Document\miktex\texmfs\install\miktex\bin\x64\MiKTeX211000-core.dll.(old)"
2022-04-17 21:14:10,485+0200 ERROR miktex.core - Source: Libraries\MiKTeX\Core\File\win\winFile.cpp:320
2022-04-17 21:14:10,487+0200 ERROR miktex.core - Accès refusé.

2022-04-17 21:14:10,488+0200 ERROR miktex.core - Function: DeleteFileW
2022-04-17 21:14:10,488+0200 ERROR miktex.core - Result: 5
2022-04-17 21:14:10,488+0200 ERROR miktex.core - Data: path="F:\_GIT\win_portable\Document\miktex\texmfs\install\miktex\bin\x64\MiKTeX211000-curl.dll.(old)"
2022-04-17 21:14:10,488+0200 ERROR miktex.core - Source: Libraries\MiKTeX\Core\File\win\winFile.cpp:320
2022-04-17 21:14:10,490+0200 ERROR miktex.core - Accès refusé.

2022-04-17 21:14:10,491+0200 ERROR miktex.core - Function: DeleteFileW
2022-04-17 21:14:10,491+0200 ERROR miktex.core - Result: 5
2022-04-17 21:14:10,491+0200 ERROR miktex.core - Data: path="F:\_GIT\win_portable\Document\miktex\texmfs\install\miktex\bin\x64\MiKTeX211000-expat.dll.(old)"
2022-04-17 21:14:10,491+0200 ERROR miktex.core - Source: Libraries\MiKTeX\Core\File\win\winFile.cpp:320
2022-04-17 21:14:10,492+0200 ERROR miktex.core - Accès refusé.

2022-04-17 21:14:10,492+0200 ERROR miktex.core - Function: DeleteFileW
2022-04-17 21:14:10,492+0200 ERROR miktex.core - Result: 5
2022-04-17 21:14:10,492+0200 ERROR miktex.core - Data: path="F:\_GIT\win_portable\Document\miktex\texmfs\install\miktex\bin\x64\MiKTeX211000-extractor.dll.(old)"
2022-04-17 21:14:10,492+0200 ERROR miktex.core - Source: Libraries\MiKTeX\Core\File\win\winFile.cpp:320
2022-04-17 21:14:10,494+0200 ERROR miktex.core - Accès refusé.

2022-04-17 21:14:10,494+0200 ERROR miktex.core - Function: DeleteFileW
2022-04-17 21:14:10,494+0200 ERROR miktex.core - Result: 5
2022-04-17 21:14:10,494+0200 ERROR miktex.core - Data: path="F:\_GIT\win_portable\Document\miktex\texmfs\install\miktex\bin\x64\MiKTeX211000-fmt.dll.(old)"
2022-04-17 21:14:10,494+0200 ERROR miktex.core - Source: Libraries\MiKTeX\Core\File\win\winFile.cpp:320
2022-04-17 21:14:10,495+0200 ERROR miktex.core - Accès refusé.

2022-04-17 21:14:10,495+0200 ERROR miktex.core - Function: DeleteFileW
2022-04-17 21:14:10,495+0200 ERROR miktex.core - Result: 5
2022-04-17 21:14:10,495+0200 ERROR miktex.core - Data: path="F:\_GIT\win_portable\Document\miktex\texmfs\install\miktex\bin\x64\MiKTeX211000-libressl-crypto.dll.(old)"
2022-04-17 21:14:10,495+0200 ERROR miktex.core - Source: Libraries\MiKTeX\Core\File\win\winFile.cpp:320
2022-04-17 21:14:10,496+0200 ERROR miktex.core - Accès refusé.

2022-04-17 21:14:10,496+0200 ERROR miktex.core - Function: DeleteFileW
2022-04-17 21:14:10,496+0200 ERROR miktex.core - Result: 5
2022-04-17 21:14:10,496+0200 ERROR miktex.core - Data: path="F:\_GIT\win_portable\Document\miktex\texmfs\install\miktex\bin\x64\MiKTeX211000-loc.dll.(old)"
2022-04-17 21:14:10,496+0200 ERROR miktex.core - Source: Libraries\MiKTeX\Core\File\win\winFile.cpp:320
2022-04-17 21:14:10,497+0200 ERROR miktex.core - Accès refusé.

2022-04-17 21:14:10,497+0200 ERROR miktex.core - Function: DeleteFileW
2022-04-17 21:14:10,497+0200 ERROR miktex.core - Result: 5
2022-04-17 21:14:10,497+0200 ERROR miktex.core - Data: path="F:\_GIT\win_portable\Document\miktex\texmfs\install\miktex\bin\x64\MiKTeX211000-log4cxx.dll.(old)"
2022-04-17 21:14:10,498+0200 ERROR miktex.core - Source: Libraries\MiKTeX\Core\File\win\winFile.cpp:320
2022-04-17 21:14:10,499+0200 ERROR miktex.core - Accès refusé.

2022-04-17 21:14:10,499+0200 ERROR miktex.core - Function: DeleteFileW
2022-04-17 21:14:10,499+0200 ERROR miktex.core - Result: 5
2022-04-17 21:14:10,499+0200 ERROR miktex.core - Data: path="F:\_GIT\win_portable\Document\miktex\texmfs\install\miktex\bin\x64\MiKTeX211000-lzma2.dll.(old)"
2022-04-17 21:14:10,499+0200 ERROR miktex.core - Source: Libraries\MiKTeX\Core\File\win\winFile.cpp:320
2022-04-17 21:14:10,501+0200 ERROR miktex.core - Accès refusé.

2022-04-17 21:14:10,501+0200 ERROR miktex.core - Function: DeleteFileW
2022-04-17 21:14:10,501+0200 ERROR miktex.core - Result: 5
2022-04-17 21:14:10,501+0200 ERROR miktex.core - Data: path="F:\_GIT\win_portable\Document\miktex\texmfs\install\miktex\bin\x64\MiKTeX211000-md5.dll.(old)"
2022-04-17 21:14:10,501+0200 ERROR miktex.core - Source: Libraries\MiKTeX\Core\File\win\winFile.cpp:320
2022-04-17 21:14:10,502+0200 ERROR miktex.core - Accès refusé.

2022-04-17 21:14:10,502+0200 ERROR miktex.core - Function: DeleteFileW
2022-04-17 21:14:10,502+0200 ERROR miktex.core - Result: 5
2022-04-17 21:14:10,502+0200 ERROR miktex.core - Data: path="F:\_GIT\win_portable\Document\miktex\texmfs\install\miktex\bin\x64\MiKTeX211000-mspack.dll.(old)"
2022-04-17 21:14:10,502+0200 ERROR miktex.core - Source: Libraries\MiKTeX\Core\File\win\winFile.cpp:320
2022-04-17 21:14:10,504+0200 ERROR miktex.core - Accès refusé.

2022-04-17 21:14:10,504+0200 ERROR miktex.core - Function: DeleteFileW
2022-04-17 21:14:10,504+0200 ERROR miktex.core - Result: 5
2022-04-17 21:14:10,504+0200 ERROR miktex.core - Data: path="F:\_GIT\win_portable\Document\miktex\texmfs\install\miktex\bin\x64\MiKTeX211000-packagemanager.dll.(old)"
2022-04-17 21:14:10,504+0200 ERROR miktex.core - Source: Libraries\MiKTeX\Core\File\win\winFile.cpp:320
2022-04-17 21:14:10,505+0200 ERROR miktex.core - Accès refusé.

2022-04-17 21:14:10,505+0200 ERROR miktex.core - Function: DeleteFileW
2022-04-17 21:14:10,506+0200 ERROR miktex.core - Result: 5
2022-04-17 21:14:10,506+0200 ERROR miktex.core - Data: path="F:\_GIT\win_portable\Document\miktex\texmfs\install\miktex\bin\x64\MiKTeX211000-popt.dll.(old)"
2022-04-17 21:14:10,506+0200 ERROR miktex.core - Source: Libraries\MiKTeX\Core\File\win\winFile.cpp:320
2022-04-17 21:14:10,507+0200 ERROR miktex.core - Accès refusé.

2022-04-17 21:14:10,507+0200 ERROR miktex.core - Function: DeleteFileW
2022-04-17 21:14:10,507+0200 ERROR miktex.core - Result: 5
2022-04-17 21:14:10,507+0200 ERROR miktex.core - Data: path="F:\_GIT\win_portable\Document\miktex\texmfs\install\miktex\bin\x64\MiKTeX211000-res.dll.(old)"
2022-04-17 21:14:10,507+0200 ERROR miktex.core - Source: Libraries\MiKTeX\Core\File\win\winFile.cpp:320
2022-04-17 21:14:10,508+0200 ERROR miktex.core - Accès refusé.

2022-04-17 21:14:10,508+0200 ERROR miktex.core - Function: DeleteFileW
2022-04-17 21:14:10,508+0200 ERROR miktex.core - Result: 5
2022-04-17 21:14:10,508+0200 ERROR miktex.core - Data: path="F:\_GIT\win_portable\Document\miktex\texmfs\install\miktex\bin\x64\MiKTeX211000-setup.dll.(old)"
2022-04-17 21:14:10,508+0200 ERROR miktex.core - Source: Libraries\MiKTeX\Core\File\win\winFile.cpp:320
2022-04-17 21:14:10,510+0200 ERROR miktex.core - Accès refusé.

2022-04-17 21:14:10,510+0200 ERROR miktex.core - Function: DeleteFileW
2022-04-17 21:14:10,510+0200 ERROR miktex.core - Result: 5
2022-04-17 21:14:10,510+0200 ERROR miktex.core - Data: path="F:\_GIT\win_portable\Document\miktex\texmfs\install\miktex\bin\x64\MiKTeX211000-trace.dll.(old)"
2022-04-17 21:14:10,510+0200 ERROR miktex.core - Source: Libraries\MiKTeX\Core\File\win\winFile.cpp:320
2022-04-17 21:14:10,511+0200 ERROR miktex.core - Accès refusé.

2022-04-17 21:14:10,511+0200 ERROR miktex.core - Function: DeleteFileW
2022-04-17 21:14:10,511+0200 ERROR miktex.core - Result: 5
2022-04-17 21:14:10,511+0200 ERROR miktex.core - Data: path="F:\_GIT\win_portable\Document\miktex\texmfs\install\miktex\bin\x64\MiKTeX211000-ui-Qt.dll.(old)"
2022-04-17 21:14:10,511+0200 ERROR miktex.core - Source: Libraries\MiKTeX\Core\File\win\winFile.cpp:320
2022-04-17 21:14:10,512+0200 ERROR miktex.core - Accès refusé.

2022-04-17 21:14:10,512+0200 ERROR miktex.core - Function: DeleteFileW
2022-04-17 21:14:10,512+0200 ERROR miktex.core - Result: 5
2022-04-17 21:14:10,512+0200 ERROR miktex.core - Data: path="F:\_GIT\win_portable\Document\miktex\texmfs\install\miktex\bin\x64\MiKTeX211000-uriparser.dll.(old)"
2022-04-17 21:14:10,512+0200 ERROR miktex.core - Source: Libraries\MiKTeX\Core\File\win\winFile.cpp:320
2022-04-17 21:14:10,513+0200 ERROR miktex.core - Accès refusé.

2022-04-17 21:14:10,513+0200 ERROR miktex.core - Function: DeleteFileW
2022-04-17 21:14:10,513+0200 ERROR miktex.core - Result: 5
2022-04-17 21:14:10,514+0200 ERROR miktex.core - Data: path="F:\_GIT\win_portable\Document\miktex\texmfs\install\miktex\bin\x64\MiKTeX211000-utf8wrap.dll.(old)"
2022-04-17 21:14:10,514+0200 ERROR miktex.core - Source: Libraries\MiKTeX\Core\File\win\winFile.cpp:320
2022-04-17 21:14:10,515+0200 ERROR miktex.core - Accès refusé.

2022-04-17 21:14:10,515+0200 ERROR miktex.core - Function: DeleteFileW
2022-04-17 21:14:10,515+0200 ERROR miktex.core - Result: 5
2022-04-17 21:14:10,515+0200 ERROR miktex.core - Data: path="F:\_GIT\win_portable\Document\miktex\texmfs\install\miktex\bin\x64\MiKTeX211000-util.dll.(old)"
2022-04-17 21:14:10,515+0200 ERROR miktex.core - Source: Libraries\MiKTeX\Core\File\win\winFile.cpp:320
2022-04-17 21:14:10,516+0200 ERROR miktex.core - Accès refusé.

2022-04-17 21:14:10,516+0200 ERROR miktex.core - Function: DeleteFileW
2022-04-17 21:14:10,516+0200 ERROR miktex.core - Result: 5
2022-04-17 21:14:10,517+0200 ERROR miktex.core - Data: path="F:\_GIT\win_portable\Document\miktex\texmfs\install\miktex\bin\x64\MiKTeX211000-zlib.dll.(old)"
2022-04-17 21:14:10,517+0200 ERROR miktex.core - Source: Libraries\MiKTeX\Core\File\win\winFile.cpp:320
2022-04-17 21:14:10,518+0200 ERROR miktex.core - Accès refusé.

2022-04-17 21:14:10,518+0200 ERROR miktex.core - Function: DeleteFileW
2022-04-17 21:14:10,518+0200 ERROR miktex.core - Result: 5
2022-04-17 21:14:10,518+0200 ERROR miktex.core - Data: path="F:\_GIT\win_portable\Document\miktex\texmfs\install\miktex\bin\x64\msvcp140.dll.(old)"
2022-04-17 21:14:10,518+0200 ERROR miktex.core - Source: Libraries\MiKTeX\Core\File\win\winFile.cpp:320
2022-04-17 21:14:10,520+0200 ERROR miktex.core - Accès refusé.

2022-04-17 21:14:10,520+0200 ERROR miktex.core - Function: DeleteFileW
2022-04-17 21:14:10,520+0200 ERROR miktex.core - Result: 5
2022-04-17 21:14:10,520+0200 ERROR miktex.core - Data: path="F:\_GIT\win_portable\Document\miktex\texmfs\install\miktex\bin\x64\msvcp140_1.dll.(old)"
2022-04-17 21:14:10,520+0200 ERROR miktex.core - Source: Libraries\MiKTeX\Core\File\win\winFile.cpp:320
2022-04-17 21:14:10,521+0200 ERROR miktex.core - Accès refusé.

2022-04-17 21:14:10,521+0200 ERROR miktex.core - Function: DeleteFileW
2022-04-17 21:14:10,521+0200 ERROR miktex.core - Result: 5
2022-04-17 21:14:10,521+0200 ERROR miktex.core - Data: path="F:\_GIT\win_portable\Document\miktex\texmfs\install\miktex\bin\x64\msvcp140_codecvt_ids.dll.(old)"
2022-04-17 21:14:10,521+0200 ERROR miktex.core - Source: Libraries\MiKTeX\Core\File\win\winFile.cpp:320
2022-04-17 21:14:10,523+0200 ERROR miktex.core - Accès refusé.

2022-04-17 21:14:10,523+0200 ERROR miktex.core - Function: DeleteFileW
2022-04-17 21:14:10,523+0200 ERROR miktex.core - Result: 5
2022-04-17 21:14:10,523+0200 ERROR miktex.core - Data: path="F:\_GIT\win_portable\Document\miktex\texmfs\install\miktex\bin\x64\vcruntime140.dll.(old)"
2022-04-17 21:14:10,523+0200 ERROR miktex.core - Source: Libraries\MiKTeX\Core\File\win\winFile.cpp:320
2022-04-17 21:14:10,524+0200 ERROR miktex.core - Accès refusé.

2022-04-17 21:14:10,524+0200 ERROR miktex.core - Function: DeleteFileW
2022-04-17 21:14:10,524+0200 ERROR miktex.core - Result: 5
2022-04-17 21:14:10,524+0200 ERROR miktex.core - Data: path="F:\_GIT\win_portable\Document\miktex\texmfs\install\miktex\bin\x64\vcruntime140_1.dll.(old)"
2022-04-17 21:14:10,524+0200 ERROR miktex.core - Source: Libraries\MiKTeX\Core\File\win\winFile.cpp:320
2022-04-17 21:14:16,863+0200 INFO  miktex - Refreshing FNDB for MPM...
2022-04-17 21:14:21,753+0200 INFO  miktex - this process (12624) finishes with exit code 0
2022-04-17 21:14:22,962+0200 INFO  miktex - this is One MiKTeX Utility 1.2 (MiKTeX 22.3 Portable)
2022-04-17 21:14:22,963+0200 INFO  miktex - this process (1972) started by initexmf in directory f:\_GIT\win_portable\Document\miktex with command line: miktex --verbose --disable-installer links install --force
2022-04-17 21:14:22,963+0200 INFO  miktex - Installing links in target directory F:\_GIT\win_portable\Document\miktex\texmfs\install\miktex\bin\x64...
2022-04-17 21:14:27,668+0200 ERROR miktex.core - Accès refusé.

2022-04-17 21:14:27,668+0200 ERROR miktex.core - Function: DeleteFileW
2022-04-17 21:14:27,668+0200 ERROR miktex.core - Result: 5
2022-04-17 21:14:27,668+0200 ERROR miktex.core - Data: path="F:\_GIT\win_portable\Document\miktex\texmfs\install\miktex\bin\x64\miktex-taskbar-icon.exe"
2022-04-17 21:14:27,668+0200 ERROR miktex.core - Source: Libraries\MiKTeX\Core\File\win\winFile.cpp:320
2022-04-17 21:14:27,692+0200 ERROR miktex.core - Accès refusé.

2022-04-17 21:14:27,692+0200 ERROR miktex.core - Function: DeleteFileW
2022-04-17 21:14:27,692+0200 ERROR miktex.core - Result: 5
2022-04-17 21:14:27,692+0200 ERROR miktex.core - Data: path="F:\_GIT\win_portable\Document\miktex\texmfs\install\miktex\bin\x64\miktex-update.exe"
2022-04-17 21:14:27,692+0200 ERROR miktex.core - Source: Libraries\MiKTeX\Core\File\win\winFile.cpp:320
2022-04-17 21:14:34,624+0200 INFO  miktex.core - starting finish script
2022-04-17 21:14:34,626+0200 INFO  miktex.core - start process: C:\WINDOWS\system32\cmd.exe /c C:\Users\User\AppData\Local\Temp\mik73056\miktex-finish.cmd
2022-04-17 21:14:34,777+0200 INFO  miktex - this process (1972) finishes with exit code 0
2022-04-17 21:14:45,127+0200 INFO  miktex - this is One MiKTeX Utility 1.2 (MiKTeX 22.3 Portable)
2022-04-17 21:14:45,127+0200 INFO  miktex - this process (7856) started by initexmf in directory f:\_GIT\win_portable\Document\miktex with command line: miktex --verbose --disable-installer languages configure
2022-04-17 21:14:45,127+0200 INFO  miktex - Creating language.dat, language.dat.lua and language.def...
2022-04-17 21:14:45,335+0200 INFO  miktex - this process (7856) finishes with exit code 0
2022-04-17 21:14:45,899+0200 INFO  miktex - this is One MiKTeX Utility 1.2 (MiKTeX 22.3 Portable)
2022-04-17 21:14:45,900+0200 INFO  miktex - this process (13268) started by initexmf in directory f:\_GIT\win_portable\Document\miktex with command line: miktex --verbose --disable-installer fontmaps configure
2022-04-17 21:14:45,902+0200 INFO  miktex - Parsing configuration file F:\_GIT\win_portable\Document\miktex\texmfs\install\miktex/config\updmap.cfg...
2022-04-17 21:14:46,421+0200 INFO  miktex - Writing F:\_GIT\win_portable\Document\miktex\texmfs/data\fonts\map\dvipdfmx\kanjix.map...
2022-04-17 21:14:46,423+0200 INFO  miktex - Writing F:\_GIT\win_portable\Document\miktex\texmfs/data\fonts\map\dvips\builtin35.map...
2022-04-17 21:14:46,427+0200 INFO  miktex - Writing F:\_GIT\win_portable\Document\miktex\texmfs/data\fonts\map\dvips\download35.map...
2022-04-17 21:14:46,432+0200 INFO  miktex - Writing F:\_GIT\win_portable\Document\miktex\texmfs/data\fonts\map\dvips\ps2pk.map...
2022-04-17 21:14:46,494+0200 INFO  miktex - Writing F:\_GIT\win_portable\Document\miktex\texmfs/data\fonts\map\dvips\psfonts_pk.map...
2022-04-17 21:14:46,520+0200 INFO  miktex - Writing F:\_GIT\win_portable\Document\miktex\texmfs/data\fonts\map\dvips\psfonts_t1.map...
2022-04-17 21:14:46,579+0200 INFO  miktex - Writing F:\_GIT\win_portable\Document\miktex\texmfs/data\fonts\map\pdftex\pdftex_dl14.map...
2022-04-17 21:14:46,638+0200 INFO  miktex - Writing F:\_GIT\win_portable\Document\miktex\texmfs/data\fonts\map\pdftex\pdftex_ndl14.map...
2022-04-17 21:14:46,697+0200 INFO  miktex - Copying F:\_GIT\win_portable\Document\miktex\texmfs/data\fonts\map\dvips\psfonts_t1.map
2022-04-17 21:14:46,697+0200 INFO  miktex -      to F:\_GIT\win_portable\Document\miktex\texmfs/data\fonts\map\dvips\psfonts.map...
2022-04-17 21:14:46,701+0200 INFO  miktex - Copying F:\_GIT\win_portable\Document\miktex\texmfs/data\fonts\map\pdftex\pdftex_dl14.map
2022-04-17 21:14:46,701+0200 INFO  miktex -      to F:\_GIT\win_portable\Document\miktex\texmfs/data\fonts\map\pdftex\pdftex.map...
2022-04-17 21:14:46,715+0200 INFO  miktex - running: miktex-fc-cache --verbose --miktex-disable-maintenance --miktex-disable-diagnose
2022-04-17 21:14:46,715+0200 INFO  miktex.core - start process: miktex-fc-cache --verbose --miktex-disable-maintenance --miktex-disable-diagnose
2022-04-17 21:14:47,429+0200 INFO  miktex - miktex-fc-cache: security risk: running with elevated privileges
2022-04-17 21:14:47,432+0200 INFO  miktex - C:/Users/User/AppData/Local/Microsoft/Windows/Fonts: skipping, existing cache is valid: 0 fonts, 0 dirs
2022-04-17 21:14:47,432+0200 INFO  miktex - C:/WINDOWS/Fonts: skipping, existing cache is valid: 1421 fonts, 0 dirs
2022-04-17 21:14:47,433+0200 INFO  miktex - F:/_GIT/win_portable/Document/miktex/texmfs/install/fonts/opentype: skipping, existing cache is valid: 0 fonts, 1 dirs
2022-04-17 21:14:47,435+0200 INFO  miktex - F:/_GIT/win_portable/Document/miktex/texmfs/install/fonts/opentype/public: skipping, existing cache is valid: 0 fonts, 4 dirs
2022-04-17 21:14:47,436+0200 INFO  miktex - F:/_GIT/win_portable/Document/miktex/texmfs/install/fonts/opentype/public/lm: skipping, existing cache is valid: 72 fonts, 0 dirs
2022-04-17 21:14:47,438+0200 INFO  miktex - F:/_GIT/win_portable/Document/miktex/texmfs/install/fonts/opentype/public/lm-math: skipping, existing cache is valid: 1 fonts, 0 dirs
2022-04-17 21:14:47,441+0200 INFO  miktex - F:/_GIT/win_portable/Document/miktex/texmfs/install/fonts/opentype/public/newtx: skipping, existing cache is valid: 10 fonts, 0 dirs
2022-04-17 21:14:47,444+0200 INFO  miktex - F:/_GIT/win_portable/Document/miktex/texmfs/install/fonts/opentype/public/tex-gyre: skipping, existing cache is valid: 33 fonts, 0 dirs
2022-04-17 21:14:47,445+0200 INFO  miktex - F:/_GIT/win_portable/Document/miktex/texmfs/install/fonts/truetype: skipping, existing cache is valid: 0 fonts, 1 dirs
2022-04-17 21:14:47,447+0200 INFO  miktex - F:/_GIT/win_portable/Document/miktex/texmfs/install/fonts/truetype/public: skipping, existing cache is valid: 0 fonts, 1 dirs
2022-04-17 21:14:47,448+0200 INFO  miktex - F:/_GIT/win_portable/Document/miktex/texmfs/install/fonts/truetype/public/marvosym: skipping, existing cache is valid: 1 fonts, 0 dirs
2022-04-17 21:14:47,449+0200 INFO  miktex - C:/Users/User/.local/share/fonts: skipping, no such directory
2022-04-17 21:14:47,449+0200 INFO  miktex - C:/Users/User/.fonts: skipping, no such directory
2022-04-17 21:14:47,449+0200 INFO  miktex - F:/_GIT/win_portable/Document/miktex/texmfs/install/fonts/opentype/public: skipping, looped directory detected
2022-04-17 21:14:47,449+0200 INFO  miktex - F:/_GIT/win_portable/Document/miktex/texmfs/install/fonts/truetype/public: skipping, looped directory detected
2022-04-17 21:14:47,449+0200 INFO  miktex - F:/_GIT/win_portable/Document/miktex/texmfs/install/fonts/opentype/public/lm: skipping, looped directory detected
2022-04-17 21:14:47,449+0200 INFO  miktex - F:/_GIT/win_portable/Document/miktex/texmfs/install/fonts/opentype/public/lm-math: skipping, looped directory detected
2022-04-17 21:14:47,449+0200 INFO  miktex - F:/_GIT/win_portable/Document/miktex/texmfs/install/fonts/opentype/public/newtx: skipping, looped directory detected
2022-04-17 21:14:47,449+0200 INFO  miktex - F:/_GIT/win_portable/Document/miktex/texmfs/install/fonts/opentype/public/tex-gyre: skipping, looped directory detected
2022-04-17 21:14:47,991+0200 INFO  miktex - F:/_GIT/win_portable/Document/miktex/texmfs/install/fonts/truetype/public/marvosym: skipping, looped directory detected
2022-04-17 21:14:47,991+0200 INFO  miktex - F:/_GIT/win_portable/Document/miktex/texmfs/data/fontconfig/cache: cleaning cache directory
2022-04-17 21:14:47,991+0200 INFO  miktex - C:/Users/User/.cache/fontconfig: not cleaning non-existent cache directory
2022-04-17 21:14:47,993+0200 INFO  miktex - C:/Users/User/.fontconfig: not cleaning non-existent cache directory
2022-04-17 21:14:47,993+0200 INFO  miktex - miktex-fc-cache: succeeded
2022-04-17 21:14:48,002+0200 WARN  miktex.core - still open: F:\_GIT\win_portable\Document\miktex\texmfs\install\fontconfig/config\fonts.conf.in
2022-04-17 21:14:48,002+0200 WARN  miktex.core - still open: F:\_GIT\win_portable\Document\miktex\texmfs/config\fontconfig\config\fonts.conf
2022-04-17 21:14:48,003+0200 INFO  miktex - this process (13268) finishes with exit code 0
2022-04-17 21:15:16,197+0200 INFO  miktex - this is One MiKTeX Utility 1.2 (MiKTeX 22.3 Portable)
2022-04-17 21:15:16,198+0200 INFO  miktex - this process (8428) started by miktex-console in directory f:\_GIT\win_portable\Document\miktex with command line: miktex fontmaps configure
2022-04-17 21:15:16,199+0200 INFO  miktex - Parsing configuration file F:\_GIT\win_portable\Document\miktex\texmfs\install\miktex/config\updmap.cfg...
2022-04-17 21:15:16,586+0200 INFO  miktex - Writing F:\_GIT\win_portable\Document\miktex\texmfs/data\fonts\map\dvipdfmx\kanjix.map...
2022-04-17 21:15:16,587+0200 INFO  miktex - Writing F:\_GIT\win_portable\Document\miktex\texmfs/data\fonts\map\dvips\builtin35.map...
2022-04-17 21:15:16,592+0200 INFO  miktex - Writing F:\_GIT\win_portable\Document\miktex\texmfs/data\fonts\map\dvips\download35.map...
2022-04-17 21:15:16,598+0200 INFO  miktex - Writing F:\_GIT\win_portable\Document\miktex\texmfs/data\fonts\map\dvips\ps2pk.map...
2022-04-17 21:15:16,669+0200 INFO  miktex - Writing F:\_GIT\win_portable\Document\miktex\texmfs/data\fonts\map\dvips\psfonts_pk.map...
2022-04-17 21:15:16,702+0200 INFO  miktex - Writing F:\_GIT\win_portable\Document\miktex\texmfs/data\fonts\map\dvips\psfonts_t1.map...
2022-04-17 21:15:16,776+0200 INFO  miktex - Writing F:\_GIT\win_portable\Document\miktex\texmfs/data\fonts\map\pdftex\pdftex_dl14.map...
2022-04-17 21:15:16,855+0200 INFO  miktex - Writing F:\_GIT\win_portable\Document\miktex\texmfs/data\fonts\map\pdftex\pdftex_ndl14.map...
2022-04-17 21:15:16,932+0200 INFO  miktex - Copying F:\_GIT\win_portable\Document\miktex\texmfs/data\fonts\map\dvips\psfonts_t1.map
2022-04-17 21:15:16,932+0200 INFO  miktex -      to F:\_GIT\win_portable\Document\miktex\texmfs/data\fonts\map\dvips\psfonts.map...
2022-04-17 21:15:16,937+0200 INFO  miktex - Copying F:\_GIT\win_portable\Document\miktex\texmfs/data\fonts\map\pdftex\pdftex_dl14.map
2022-04-17 21:15:16,937+0200 INFO  miktex -      to F:\_GIT\win_portable\Document\miktex\texmfs/data\fonts\map\pdftex\pdftex.map...
2022-04-17 21:15:16,962+0200 INFO  miktex - running: miktex-fc-cache --miktex-disable-maintenance --miktex-disable-diagnose
2022-04-17 21:15:16,962+0200 INFO  miktex.core - start process: miktex-fc-cache --miktex-disable-maintenance --miktex-disable-diagnose
2022-04-17 21:15:18,011+0200 INFO  miktex - miktex-fc-cache: security risk: running with elevated privileges
2022-04-17 21:15:18,021+0200 WARN  miktex.core - still open: F:\_GIT\win_portable\Document\miktex\texmfs\install\fontconfig/config\fonts.conf.in
2022-04-17 21:15:18,021+0200 WARN  miktex.core - still open: F:\_GIT\win_portable\Document\miktex\texmfs/config\fontconfig\config\fonts.conf
2022-04-17 21:15:18,022+0200 INFO  miktex - this process (8428) finishes with exit code 0
2022-04-17 21:16:01,959+0200 INFO  miktex - this is One MiKTeX Utility 1.2 (MiKTeX 22.3 Portable)
2022-04-17 21:16:01,960+0200 INFO  miktex - this process (8492) started by miktex-console in directory f:\_GIT\win_portable\Document\miktex with command line: miktex fontmaps configure
2022-04-17 21:16:01,961+0200 INFO  miktex - Parsing configuration file F:\_GIT\win_portable\Document\miktex\texmfs\install\miktex/config\updmap.cfg...
2022-04-17 21:16:02,247+0200 INFO  miktex - Writing F:\_GIT\win_portable\Document\miktex\texmfs/data\fonts\map\dvipdfmx\kanjix.map...
2022-04-17 21:16:02,248+0200 INFO  miktex - Writing F:\_GIT\win_portable\Document\miktex\texmfs/data\fonts\map\dvips\builtin35.map...
2022-04-17 21:16:02,252+0200 INFO  miktex - Writing F:\_GIT\win_portable\Document\miktex\texmfs/data\fonts\map\dvips\download35.map...
2022-04-17 21:16:02,256+0200 INFO  miktex - Writing F:\_GIT\win_portable\Document\miktex\texmfs/data\fonts\map\dvips\ps2pk.map...
2022-04-17 21:16:02,309+0200 INFO  miktex - Writing F:\_GIT\win_portable\Document\miktex\texmfs/data\fonts\map\dvips\psfonts_pk.map...
2022-04-17 21:16:02,333+0200 INFO  miktex - Writing F:\_GIT\win_portable\Document\miktex\texmfs/data\fonts\map\dvips\psfonts_t1.map...
2022-04-17 21:16:02,399+0200 INFO  miktex - Writing F:\_GIT\win_portable\Document\miktex\texmfs/data\fonts\map\pdftex\pdftex_dl14.map...
2022-04-17 21:16:02,467+0200 INFO  miktex - Writing F:\_GIT\win_portable\Document\miktex\texmfs/data\fonts\map\pdftex\pdftex_ndl14.map...
2022-04-17 21:16:02,524+0200 INFO  miktex - Copying F:\_GIT\win_portable\Document\miktex\texmfs/data\fonts\map\dvips\psfonts_t1.map
2022-04-17 21:16:02,524+0200 INFO  miktex -      to F:\_GIT\win_portable\Document\miktex\texmfs/data\fonts\map\dvips\psfonts.map...
2022-04-17 21:16:02,528+0200 INFO  miktex - Copying F:\_GIT\win_portable\Document\miktex\texmfs/data\fonts\map\pdftex\pdftex_dl14.map
2022-04-17 21:16:02,528+0200 INFO  miktex -      to F:\_GIT\win_portable\Document\miktex\texmfs/data\fonts\map\pdftex\pdftex.map...
2022-04-17 21:16:02,541+0200 INFO  miktex - running: miktex-fc-cache --miktex-disable-maintenance --miktex-disable-diagnose
2022-04-17 21:16:02,541+0200 INFO  miktex.core - start process: miktex-fc-cache --miktex-disable-maintenance --miktex-disable-diagnose
2022-04-17 21:16:03,607+0200 INFO  miktex - miktex-fc-cache: security risk: running with elevated privileges
2022-04-17 21:16:03,618+0200 WARN  miktex.core - still open: F:\_GIT\win_portable\Document\miktex\texmfs/config\fontconfig\config\fonts.conf
2022-04-17 21:16:03,618+0200 WARN  miktex.core - still open: F:\_GIT\win_portable\Document\miktex\texmfs\install\fontconfig/config\fonts.conf.in
2022-04-17 21:16:03,619+0200 INFO  miktex - this process (8492) finishes with exit code 0
2022-04-17 21:16:42,147+0200 INFO  miktex - this is One MiKTeX Utility 1.2 (MiKTeX 22.3 Portable)
2022-04-17 21:16:42,148+0200 INFO  miktex - this process (8888) started by initexmf in directory f:\_GIT\win_portable\Document\miktex with command line: miktex --enable-installer fndb refresh
2022-04-17 21:16:42,148+0200 INFO  miktex - Creating FNDB for common root directory (f:\_GIT\win_portable\Document\miktex\texmfs\config)...
2022-04-17 21:16:42,173+0200 INFO  miktex - Creating FNDB for common root directory (f:\_GIT\win_portable\Document\miktex\texmfs\data)...
2022-04-17 21:16:42,298+0200 INFO  miktex - Creating FNDB for common root directory (f:\_GIT\win_portable\Document\miktex\texmfs\install)...
2022-04-17 21:16:50,227+0200 INFO  miktex - Refreshing FNDB for MPM...
2022-04-17 21:16:54,679+0200 INFO  miktex - this process (8888) finishes with exit code 0
2022-04-17 21:16:55,788+0200 INFO  miktex - this is One MiKTeX Utility 1.2 (MiKTeX 22.3 Portable)
2022-04-17 21:16:55,788+0200 INFO  miktex - this process (13336) started by initexmf in directory f:\_GIT\win_portable\Document\miktex with command line: miktex --enable-installer fontmaps configure
2022-04-17 21:16:55,789+0200 INFO  miktex - Parsing configuration file f:\_GIT\win_portable\Document\miktex\texmfs\install\miktex/config\updmap.cfg...
2022-04-17 21:16:56,114+0200 INFO  miktex - Writing f:\_GIT\win_portable\Document\miktex\texmfs/data\fonts\map\dvipdfmx\kanjix.map...
2022-04-17 21:16:56,116+0200 INFO  miktex - Writing f:\_GIT\win_portable\Document\miktex\texmfs/data\fonts\map\dvips\builtin35.map...
2022-04-17 21:16:56,119+0200 INFO  miktex - Writing f:\_GIT\win_portable\Document\miktex\texmfs/data\fonts\map\dvips\download35.map...
2022-04-17 21:16:56,124+0200 INFO  miktex - Writing f:\_GIT\win_portable\Document\miktex\texmfs/data\fonts\map\dvips\ps2pk.map...
2022-04-17 21:16:56,184+0200 INFO  miktex - Writing f:\_GIT\win_portable\Document\miktex\texmfs/data\fonts\map\dvips\psfonts_pk.map...
2022-04-17 21:16:56,212+0200 INFO  miktex - Writing f:\_GIT\win_portable\Document\miktex\texmfs/data\fonts\map\dvips\psfonts_t1.map...
2022-04-17 21:16:56,277+0200 INFO  miktex - Writing f:\_GIT\win_portable\Document\miktex\texmfs/data\fonts\map\pdftex\pdftex_dl14.map...
2022-04-17 21:16:56,339+0200 INFO  miktex - Writing f:\_GIT\win_portable\Document\miktex\texmfs/data\fonts\map\pdftex\pdftex_ndl14.map...
2022-04-17 21:16:56,393+0200 INFO  miktex - Copying f:\_GIT\win_portable\Document\miktex\texmfs/data\fonts\map\dvips\psfonts_t1.map
2022-04-17 21:16:56,393+0200 INFO  miktex -      to f:\_GIT\win_portable\Document\miktex\texmfs/data\fonts\map\dvips\psfonts.map...
2022-04-17 21:16:56,397+0200 INFO  miktex - Copying f:\_GIT\win_portable\Document\miktex\texmfs/data\fonts\map\pdftex\pdftex_dl14.map
2022-04-17 21:16:56,397+0200 INFO  miktex -      to f:\_GIT\win_portable\Document\miktex\texmfs/data\fonts\map\pdftex\pdftex.map...
2022-04-17 21:16:56,413+0200 INFO  miktex - running: miktex-fc-cache --miktex-disable-maintenance --miktex-disable-diagnose
2022-04-17 21:16:56,413+0200 INFO  miktex.core - start process: miktex-fc-cache --miktex-disable-maintenance --miktex-disable-diagnose
2022-04-17 21:16:58,010+0200 INFO  miktex - miktex-fc-cache: security risk: running with elevated privileges
2022-04-17 21:16:58,020+0200 WARN  miktex.core - still open: f:\_GIT\win_portable\Document\miktex\texmfs\install\fontconfig/config\fonts.conf.in
2022-04-17 21:16:58,020+0200 WARN  miktex.core - still open: f:\_GIT\win_portable\Document\miktex\texmfs/config\fontconfig\config\fonts.conf
2022-04-17 21:16:58,021+0200 INFO  miktex - this process (13336) finishes with exit code 0
2022-04-17 21:17:24,363+0200 INFO  miktex - this is One MiKTeX Utility 1.2 (MiKTeX 22.3 Portable)
2022-04-17 21:17:24,364+0200 INFO  miktex - this process (2452) started by miktex-console in directory f:\_GIT\win_portable\Document\miktex with command line: miktex fontmaps configure
2022-04-17 21:17:24,364+0200 INFO  miktex - Parsing configuration file F:\_GIT\win_portable\Document\miktex\texmfs\install\miktex/config\updmap.cfg...
2022-04-17 21:17:24,744+0200 INFO  miktex - Writing F:\_GIT\win_portable\Document\miktex\texmfs/data\fonts\map\dvipdfmx\kanjix.map...
2022-04-17 21:17:24,746+0200 INFO  miktex - Writing F:\_GIT\win_portable\Document\miktex\texmfs/data\fonts\map\dvips\builtin35.map...
2022-04-17 21:17:24,750+0200 INFO  miktex - Writing F:\_GIT\win_portable\Document\miktex\texmfs/data\fonts\map\dvips\download35.map...
2022-04-17 21:17:24,754+0200 INFO  miktex - Writing F:\_GIT\win_portable\Document\miktex\texmfs/data\fonts\map\dvips\ps2pk.map...
2022-04-17 21:17:24,815+0200 INFO  miktex - Writing F:\_GIT\win_portable\Document\miktex\texmfs/data\fonts\map\dvips\psfonts_pk.map...
2022-04-17 21:17:24,844+0200 INFO  miktex - Writing F:\_GIT\win_portable\Document\miktex\texmfs/data\fonts\map\dvips\psfonts_t1.map...
2022-04-17 21:17:24,915+0200 INFO  miktex - Writing F:\_GIT\win_portable\Document\miktex\texmfs/data\fonts\map\pdftex\pdftex_dl14.map...
2022-04-17 21:17:24,989+0200 INFO  miktex - Writing F:\_GIT\win_portable\Document\miktex\texmfs/data\fonts\map\pdftex\pdftex_ndl14.map...
2022-04-17 21:17:25,055+0200 INFO  miktex - Copying F:\_GIT\win_portable\Document\miktex\texmfs/data\fonts\map\dvips\psfonts_t1.map
2022-04-17 21:17:25,055+0200 INFO  miktex -      to F:\_GIT\win_portable\Document\miktex\texmfs/data\fonts\map\dvips\psfonts.map...
2022-04-17 21:17:25,061+0200 INFO  miktex - Copying F:\_GIT\win_portable\Document\miktex\texmfs/data\fonts\map\pdftex\pdftex_dl14.map
2022-04-17 21:17:25,061+0200 INFO  miktex -      to F:\_GIT\win_portable\Document\miktex\texmfs/data\fonts\map\pdftex\pdftex.map...
2022-04-17 21:17:25,084+0200 INFO  miktex - running: miktex-fc-cache --miktex-disable-maintenance --miktex-disable-diagnose
2022-04-17 21:17:25,085+0200 INFO  miktex.core - start process: miktex-fc-cache --miktex-disable-maintenance --miktex-disable-diagnose
2022-04-17 21:17:26,179+0200 INFO  miktex - miktex-fc-cache: security risk: running with elevated privileges
2022-04-17 21:17:26,189+0200 WARN  miktex.core - still open: F:\_GIT\win_portable\Document\miktex\texmfs\install\fontconfig/config\fonts.conf.in
2022-04-17 21:17:26,190+0200 WARN  miktex.core - still open: F:\_GIT\win_portable\Document\miktex\texmfs/config\fontconfig\config\fonts.conf
2022-04-17 21:17:26,190+0200 INFO  miktex - this process (2452) finishes with exit code 0
2022-04-17 21:18:15,100+0200 INFO  miktex - this is One MiKTeX Utility 1.2 (MiKTeX 22.3 Portable)
2022-04-17 21:18:15,100+0200 INFO  miktex - this process (7676) started by initexmf in directory f:\_GIT\win_portable\Document\miktex with command line: miktex --enable-installer fndb refresh
2022-04-17 21:18:15,100+0200 INFO  miktex - Creating FNDB for common root directory (f:\_GIT\win_portable\Document\miktex\texmfs\config)...
2022-04-17 21:18:15,128+0200 INFO  miktex - Creating FNDB for common root directory (f:\_GIT\win_portable\Document\miktex\texmfs\data)...
2022-04-17 21:18:15,250+0200 INFO  miktex - Creating FNDB for common root directory (f:\_GIT\win_portable\Document\miktex\texmfs\install)...
2022-04-17 21:18:24,036+0200 INFO  miktex - Refreshing FNDB for MPM...
2022-04-17 21:18:28,994+0200 INFO  miktex - this process (7676) finishes with exit code 0
2022-04-17 21:18:30,327+0200 INFO  miktex - this is One MiKTeX Utility 1.2 (MiKTeX 22.3 Portable)
2022-04-17 21:18:30,328+0200 INFO  miktex - this process (13948) started by initexmf in directory f:\_GIT\win_portable\Document\miktex with command line: miktex --enable-installer fontmaps configure
2022-04-17 21:18:30,329+0200 INFO  miktex - Parsing configuration file f:\_GIT\win_portable\Document\miktex\texmfs\install\miktex/config\updmap.cfg...
2022-04-17 21:18:30,723+0200 INFO  miktex - Writing f:\_GIT\win_portable\Document\miktex\texmfs/data\fonts\map\dvipdfmx\kanjix.map...
2022-04-17 21:18:30,724+0200 INFO  miktex - Writing f:\_GIT\win_portable\Document\miktex\texmfs/data\fonts\map\dvips\builtin35.map...
2022-04-17 21:18:30,729+0200 INFO  miktex - Writing f:\_GIT\win_portable\Document\miktex\texmfs/data\fonts\map\dvips\download35.map...
2022-04-17 21:18:30,734+0200 INFO  miktex - Writing f:\_GIT\win_portable\Document\miktex\texmfs/data\fonts\map\dvips\ps2pk.map...
2022-04-17 21:18:30,792+0200 INFO  miktex - Writing f:\_GIT\win_portable\Document\miktex\texmfs/data\fonts\map\dvips\psfonts_pk.map...
2022-04-17 21:18:30,821+0200 INFO  miktex - Writing f:\_GIT\win_portable\Document\miktex\texmfs/data\fonts\map\dvips\psfonts_t1.map...
2022-04-17 21:18:30,890+0200 INFO  miktex - Writing f:\_GIT\win_portable\Document\miktex\texmfs/data\fonts\map\pdftex\pdftex_dl14.map...
2022-04-17 21:18:30,958+0200 INFO  miktex - Writing f:\_GIT\win_portable\Document\miktex\texmfs/data\fonts\map\pdftex\pdftex_ndl14.map...
2022-04-17 21:18:31,017+0200 INFO  miktex - Copying f:\_GIT\win_portable\Document\miktex\texmfs/data\fonts\map\dvips\psfonts_t1.map
2022-04-17 21:18:31,017+0200 INFO  miktex -      to f:\_GIT\win_portable\Document\miktex\texmfs/data\fonts\map\dvips\psfonts.map...
2022-04-17 21:18:31,021+0200 INFO  miktex - Copying f:\_GIT\win_portable\Document\miktex\texmfs/data\fonts\map\pdftex\pdftex_dl14.map
2022-04-17 21:18:31,021+0200 INFO  miktex -      to f:\_GIT\win_portable\Document\miktex\texmfs/data\fonts\map\pdftex\pdftex.map...
2022-04-17 21:18:31,039+0200 INFO  miktex - running: miktex-fc-cache --miktex-disable-maintenance --miktex-disable-diagnose
2022-04-17 21:18:31,039+0200 INFO  miktex.core - start process: miktex-fc-cache --miktex-disable-maintenance --miktex-disable-diagnose
2022-04-17 21:18:32,431+0200 INFO  miktex - miktex-fc-cache: security risk: running with elevated privileges
2022-04-17 21:18:32,442+0200 WARN  miktex.core - still open: f:\_GIT\win_portable\Document\miktex\texmfs\install\fontconfig/config\fonts.conf.in
2022-04-17 21:18:32,442+0200 WARN  miktex.core - still open: f:\_GIT\win_portable\Document\miktex\texmfs/config\fontconfig\config\fonts.conf
2022-04-17 21:18:32,443+0200 INFO  miktex - this process (13948) finishes with exit code 0
2022-04-17 21:19:44,424+0200 INFO  miktex - this is One MiKTeX Utility 1.2 (MiKTeX 22.3 Portable)
2022-04-17 21:19:44,426+0200 INFO  miktex - this process (8152) started by miktex-console in directory f:\_GIT\win_portable\Document\miktex with command line: miktex fontmaps configure
2022-04-17 21:19:44,427+0200 INFO  miktex - Parsing configuration file F:\_GIT\win_portable\Document\miktex\texmfs\install\miktex/config\updmap.cfg...
2022-04-17 21:19:44,829+0200 INFO  miktex - Writing F:\_GIT\win_portable\Document\miktex\texmfs/data\fonts\map\dvipdfmx\kanjix.map...
2022-04-17 21:19:44,831+0200 INFO  miktex - Writing F:\_GIT\win_portable\Document\miktex\texmfs/data\fonts\map\dvips\builtin35.map...
2022-04-17 21:19:44,835+0200 INFO  miktex - Writing F:\_GIT\win_portable\Document\miktex\texmfs/data\fonts\map\dvips\download35.map...
2022-04-17 21:19:44,840+0200 INFO  miktex - Writing F:\_GIT\win_portable\Document\miktex\texmfs/data\fonts\map\dvips\ps2pk.map...
2022-04-17 21:19:44,903+0200 INFO  miktex - Writing F:\_GIT\win_portable\Document\miktex\texmfs/data\fonts\map\dvips\psfonts_pk.map...
2022-04-17 21:19:44,932+0200 INFO  miktex - Writing F:\_GIT\win_portable\Document\miktex\texmfs/data\fonts\map\dvips\psfonts_t1.map...
2022-04-17 21:19:44,993+0200 INFO  miktex - Writing F:\_GIT\win_portable\Document\miktex\texmfs/data\fonts\map\pdftex\pdftex_dl14.map...
2022-04-17 21:19:45,061+0200 INFO  miktex - Writing F:\_GIT\win_portable\Document\miktex\texmfs/data\fonts\map\pdftex\pdftex_ndl14.map...
2022-04-17 21:19:45,116+0200 INFO  miktex - Copying F:\_GIT\win_portable\Document\miktex\texmfs/data\fonts\map\dvips\psfonts_t1.map
2022-04-17 21:19:45,116+0200 INFO  miktex -      to F:\_GIT\win_portable\Document\miktex\texmfs/data\fonts\map\dvips\psfonts.map...
2022-04-17 21:19:45,120+0200 INFO  miktex - Copying F:\_GIT\win_portable\Document\miktex\texmfs/data\fonts\map\pdftex\pdftex_dl14.map
2022-04-17 21:19:45,120+0200 INFO  miktex -      to F:\_GIT\win_portable\Document\miktex\texmfs/data\fonts\map\pdftex\pdftex.map...
2022-04-17 21:19:45,138+0200 INFO  miktex - running: miktex-fc-cache --miktex-disable-maintenance --miktex-disable-diagnose
2022-04-17 21:19:45,139+0200 INFO  miktex.core - start process: miktex-fc-cache --miktex-disable-maintenance --miktex-disable-diagnose
2022-04-17 21:19:46,235+0200 INFO  miktex - miktex-fc-cache: security risk: running with elevated privileges
2022-04-17 21:19:46,245+0200 WARN  miktex.core - still open: F:\_GIT\win_portable\Document\miktex\texmfs/config\fontconfig\config\fonts.conf
2022-04-17 21:19:46,245+0200 WARN  miktex.core - still open: F:\_GIT\win_portable\Document\miktex\texmfs\install\fontconfig/config\fonts.conf.in
2022-04-17 21:19:46,246+0200 INFO  miktex - this process (8152) finishes with exit code 0
2022-04-17 21:33:50,083+0200 INFO  miktex - this is One MiKTeX Utility 1.2 (MiKTeX 22.3 Portable)
2022-04-17 21:33:50,083+0200 INFO  miktex - this process (8748) started by miktex-console in directory f:\_GIT\win_portable\Document\miktex with command line: miktex fontmaps configure
2022-04-17 21:33:50,084+0200 INFO  miktex - Parsing configuration file F:\_GIT\win_portable\Document\miktex\texmfs\install\miktex/config\updmap.cfg...
2022-04-17 21:33:50,416+0200 INFO  miktex - Writing F:\_GIT\win_portable\Document\miktex\texmfs/data\fonts\map\dvipdfmx\kanjix.map...
2022-04-17 21:33:50,418+0200 INFO  miktex - Writing F:\_GIT\win_portable\Document\miktex\texmfs/data\fonts\map\dvips\builtin35.map...
2022-04-17 21:33:50,422+0200 INFO  miktex - Writing F:\_GIT\win_portable\Document\miktex\texmfs/data\fonts\map\dvips\download35.map...
2022-04-17 21:33:50,430+0200 INFO  miktex - Writing F:\_GIT\win_portable\Document\miktex\texmfs/data\fonts\map\dvips\ps2pk.map...
2022-04-17 21:33:50,491+0200 INFO  miktex - Writing F:\_GIT\win_portable\Document\miktex\texmfs/data\fonts\map\dvips\psfonts_pk.map...
2022-04-17 21:33:50,519+0200 INFO  miktex - Writing F:\_GIT\win_portable\Document\miktex\texmfs/data\fonts\map\dvips\psfonts_t1.map...
2022-04-17 21:33:50,585+0200 INFO  miktex - Writing F:\_GIT\win_portable\Document\miktex\texmfs/data\fonts\map\pdftex\pdftex_dl14.map...
2022-04-17 21:33:50,644+0200 INFO  miktex - Writing F:\_GIT\win_portable\Document\miktex\texmfs/data\fonts\map\pdftex\pdftex_ndl14.map...
2022-04-17 21:33:50,697+0200 INFO  miktex - Copying F:\_GIT\win_portable\Document\miktex\texmfs/data\fonts\map\dvips\psfonts_t1.map
2022-04-17 21:33:50,697+0200 INFO  miktex -      to F:\_GIT\win_portable\Document\miktex\texmfs/data\fonts\map\dvips\psfonts.map...
2022-04-17 21:33:50,700+0200 INFO  miktex - Copying F:\_GIT\win_portable\Document\miktex\texmfs/data\fonts\map\pdftex\pdftex_dl14.map
2022-04-17 21:33:50,701+0200 INFO  miktex -      to F:\_GIT\win_portable\Document\miktex\texmfs/data\fonts\map\pdftex\pdftex.map...
2022-04-17 21:33:50,714+0200 INFO  miktex - running: miktex-fc-cache --miktex-disable-maintenance --miktex-disable-diagnose
2022-04-17 21:33:50,714+0200 INFO  miktex.core - start process: miktex-fc-cache --miktex-disable-maintenance --miktex-disable-diagnose
2022-04-17 21:33:51,799+0200 INFO  miktex - miktex-fc-cache: security risk: running with elevated privileges
2022-04-17 21:33:51,808+0200 WARN  miktex.core - still open: F:\_GIT\win_portable\Document\miktex\texmfs\install\fontconfig/config\fonts.conf.in
2022-04-17 21:33:51,808+0200 WARN  miktex.core - still open: F:\_GIT\win_portable\Document\miktex\texmfs/config\fontconfig\config\fonts.conf
2022-04-17 21:33:51,809+0200 INFO  miktex - this process (8748) finishes with exit code 0
2022-04-17 21:34:46,372+0200 INFO  miktex - this is One MiKTeX Utility 1.2 (MiKTeX 22.3 Portable)
2022-04-17 21:34:46,373+0200 INFO  miktex - this process (13328) started by miktex-console in directory f:\_GIT\win_portable\Document\miktex with command line: miktex fontmaps configure
2022-04-17 21:34:46,373+0200 INFO  miktex - Parsing configuration file F:\_GIT\win_portable\Document\miktex\texmfs\install\miktex/config\updmap.cfg...
2022-04-17 21:34:46,735+0200 INFO  miktex - Writing F:\_GIT\win_portable\Document\miktex\texmfs/data\fonts\map\dvipdfmx\kanjix.map...
2022-04-17 21:34:46,737+0200 INFO  miktex - Writing F:\_GIT\win_portable\Document\miktex\texmfs/data\fonts\map\dvips\builtin35.map...
2022-04-17 21:34:46,744+0200 INFO  miktex - Writing F:\_GIT\win_portable\Document\miktex\texmfs/data\fonts\map\dvips\download35.map...
2022-04-17 21:34:46,749+0200 INFO  miktex - Writing F:\_GIT\win_portable\Document\miktex\texmfs/data\fonts\map\dvips\ps2pk.map...
2022-04-17 21:34:46,812+0200 INFO  miktex - Writing F:\_GIT\win_portable\Document\miktex\texmfs/data\fonts\map\dvips\psfonts_pk.map...
2022-04-17 21:34:46,839+0200 INFO  miktex - Writing F:\_GIT\win_portable\Document\miktex\texmfs/data\fonts\map\dvips\psfonts_t1.map...
2022-04-17 21:34:46,896+0200 INFO  miktex - Writing F:\_GIT\win_portable\Document\miktex\texmfs/data\fonts\map\pdftex\pdftex_dl14.map...
2022-04-17 21:34:46,961+0200 INFO  miktex - Writing F:\_GIT\win_portable\Document\miktex\texmfs/data\fonts\map\pdftex\pdftex_ndl14.map...
2022-04-17 21:34:47,016+0200 INFO  miktex - Copying F:\_GIT\win_portable\Document\miktex\texmfs/data\fonts\map\dvips\psfonts_t1.map
2022-04-17 21:34:47,017+0200 INFO  miktex -      to F:\_GIT\win_portable\Document\miktex\texmfs/data\fonts\map\dvips\psfonts.map...
2022-04-17 21:34:47,020+0200 INFO  miktex - Copying F:\_GIT\win_portable\Document\miktex\texmfs/data\fonts\map\pdftex\pdftex_dl14.map
2022-04-17 21:34:47,020+0200 INFO  miktex -      to F:\_GIT\win_portable\Document\miktex\texmfs/data\fonts\map\pdftex\pdftex.map...
2022-04-17 21:34:47,038+0200 INFO  miktex - running: miktex-fc-cache --miktex-disable-maintenance --miktex-disable-diagnose
2022-04-17 21:34:47,038+0200 INFO  miktex.core - start process: miktex-fc-cache --miktex-disable-maintenance --miktex-disable-diagnose
2022-04-17 21:34:48,402+0200 INFO  miktex - miktex-fc-cache: security risk: running with elevated privileges
2022-04-17 21:34:48,411+0200 WARN  miktex.core - still open: F:\_GIT\win_portable\Document\miktex\texmfs/config\fontconfig\config\fonts.conf
2022-04-17 21:34:48,411+0200 WARN  miktex.core - still open: F:\_GIT\win_portable\Document\miktex\texmfs\install\fontconfig/config\fonts.conf.in
2022-04-17 21:34:48,411+0200 INFO  miktex - this process (13328) finishes with exit code 0
2022-04-17 21:35:22,819+0200 INFO  miktex - this is One MiKTeX Utility 1.2 (MiKTeX 22.3 Portable)
2022-04-17 21:35:22,819+0200 INFO  miktex - this process (12568) started by initexmf in directory f:\_GIT\win_portable\Document\miktex with command line: miktex --enable-installer fndb refresh
2022-04-17 21:35:22,819+0200 INFO  miktex - Creating FNDB for common root directory (f:\_GIT\win_portable\Document\miktex\texmfs\config)...
2022-04-17 21:35:22,842+0200 INFO  miktex - Creating FNDB for common root directory (f:\_GIT\win_portable\Document\miktex\texmfs\data)...
2022-04-17 21:35:22,931+0200 INFO  miktex - Creating FNDB for common root directory (f:\_GIT\win_portable\Document\miktex\texmfs\install)...
2022-04-17 21:35:28,104+0200 INFO  miktex - Refreshing FNDB for MPM...
2022-04-17 21:35:32,601+0200 INFO  miktex - this process (12568) finishes with exit code 0
2022-04-17 21:35:33,642+0200 INFO  miktex - this is One MiKTeX Utility 1.2 (MiKTeX 22.3 Portable)
2022-04-17 21:35:33,643+0200 INFO  miktex - this process (8516) started by initexmf in directory f:\_GIT\win_portable\Document\miktex with command line: miktex --enable-installer fontmaps configure
2022-04-17 21:35:33,644+0200 INFO  miktex - Parsing configuration file f:\_GIT\win_portable\Document\miktex\texmfs\install\miktex/config\updmap.cfg...
2022-04-17 21:35:34,001+0200 INFO  miktex - Writing f:\_GIT\win_portable\Document\miktex\texmfs/data\fonts\map\dvipdfmx\kanjix.map...
2022-04-17 21:35:34,002+0200 INFO  miktex - Writing f:\_GIT\win_portable\Document\miktex\texmfs/data\fonts\map\dvips\builtin35.map...
2022-04-17 21:35:34,007+0200 INFO  miktex - Writing f:\_GIT\win_portable\Document\miktex\texmfs/data\fonts\map\dvips\download35.map...
2022-04-17 21:35:34,013+0200 INFO  miktex - Writing f:\_GIT\win_portable\Document\miktex\texmfs/data\fonts\map\dvips\ps2pk.map...
2022-04-17 21:35:34,073+0200 INFO  miktex - Writing f:\_GIT\win_portable\Document\miktex\texmfs/data\fonts\map\dvips\psfonts_pk.map...
2022-04-17 21:35:34,101+0200 INFO  miktex - Writing f:\_GIT\win_portable\Document\miktex\texmfs/data\fonts\map\dvips\psfonts_t1.map...
2022-04-17 21:35:34,170+0200 INFO  miktex - Writing f:\_GIT\win_portable\Document\miktex\texmfs/data\fonts\map\pdftex\pdftex_dl14.map...
2022-04-17 21:35:34,230+0200 INFO  miktex - Writing f:\_GIT\win_portable\Document\miktex\texmfs/data\fonts\map\pdftex\pdftex_ndl14.map...
2022-04-17 21:35:34,286+0200 INFO  miktex - Copying f:\_GIT\win_portable\Document\miktex\texmfs/data\fonts\map\dvips\psfonts_t1.map
2022-04-17 21:35:34,286+0200 INFO  miktex -      to f:\_GIT\win_portable\Document\miktex\texmfs/data\fonts\map\dvips\psfonts.map...
2022-04-17 21:35:34,289+0200 INFO  miktex - Copying f:\_GIT\win_portable\Document\miktex\texmfs/data\fonts\map\pdftex\pdftex_dl14.map
2022-04-17 21:35:34,290+0200 INFO  miktex -      to f:\_GIT\win_portable\Document\miktex\texmfs/data\fonts\map\pdftex\pdftex.map...
2022-04-17 21:35:34,306+0200 INFO  miktex - running: miktex-fc-cache --miktex-disable-maintenance --miktex-disable-diagnose
2022-04-17 21:35:34,307+0200 INFO  miktex.core - start process: miktex-fc-cache --miktex-disable-maintenance --miktex-disable-diagnose
2022-04-17 21:35:35,677+0200 INFO  miktex - miktex-fc-cache: security risk: running with elevated privileges
2022-04-17 21:35:35,687+0200 WARN  miktex.core - still open: f:\_GIT\win_portable\Document\miktex\texmfs\install\fontconfig/config\fonts.conf.in
2022-04-17 21:35:35,687+0200 WARN  miktex.core - still open: f:\_GIT\win_portable\Document\miktex\texmfs/config\fontconfig\config\fonts.conf
2022-04-17 21:35:35,687+0200 INFO  miktex - this process (8516) finishes with exit code 0
