2020-09-15 11:19:02,327+0200 INFO  xelatex - this process (8480) started by 'texmaker' with command line: xelatex -synctex=1 -interaction=nonstopmode gen2__main.fr.tex
2020-09-15 11:19:02,349+0200 INFO  xelatex - allowing known shell commands
2020-09-15 11:19:02,349+0200 INFO  xelatex - enabling input (output) from (to) processes
2020-09-15 11:19:02,360+0200 INFO  xelatex - going to create file: xelatex.fmt
2020-09-15 11:19:02,401+0200 INFO  xelatex.core - start process: initexmf --enable-installer --dump-by-name=xelatex --engine=xetex
2020-09-15 11:19:09,638+0200 ERROR xelatex - command not allowed: mkdir msc
2020-09-15 11:19:11,933+0200 INFO  xelatex.core - start process: miktex-dvipdfmx.exe --miktex-enable-installer -q -E -o gen2__main.fr.pdf
2020-09-15 11:19:13,298+0200 ERROR xelatex - command not allowed: mscgen -T eps -S signalling -i msc/gen2__main.fr-1.mscg -o msc/gen2__main.fr-1.eps >msc/gen2__main.fr-1.out 2> msc/gen2__main.fr-1.err
2020-09-15 11:19:13,298+0200 INFO  xelatex - executing restricted write18 shell command: epstopdf "--gsopt=-dEPSCrop" "msc/gen2__main.fr-1.eps"
2020-09-15 11:19:13,348+0200 INFO  xelatex.core - start process: C:\WINDOWS\system32\cmd.exe /c "epstopdf "--gsopt=-dEPSCrop" "msc/gen2__main.fr-1.eps""
2020-09-15 11:19:13,999+0200 INFO  xelatex - write18 exit code: 0
2020-09-15 11:19:18,073+0200 INFO  xelatex - this process (8480) finishes with exit code 0
2020-09-15 11:19:18,073+0200 WARN  miktex.core - still open: d:\d.koch\_PROG\miktex\texmfs\install\fonts/tfm/public/amsfonts/symbols\msam10.tfm
2020-09-15 11:19:18,073+0200 WARN  miktex.core - still open: d:\d.koch\_PROG\miktex\texmfs\install\fonts/tfm/adobe/times\ptmr8t.tfm
2020-09-15 11:19:18,073+0200 WARN  miktex.core - still open: d:\d.koch\_PROG\miktex\texmfs\install\fonts/tfm/adobe/times\zptmcm7y.tfm
2020-09-15 11:19:18,073+0200 WARN  miktex.core - still open: d:\d.koch\_PROG\miktex\texmfs\install\fonts/tfm/adobe/times\zptmcm7t.tfm
2020-09-15 11:19:18,073+0200 WARN  miktex.core - still open: d:\d.koch\_PROG\miktex\texmfs\install\fonts/tfm/adobe/times\zptmcm7y.tfm
2020-09-15 11:19:18,073+0200 WARN  miktex.core - still open: d:\d.koch\_PROG\miktex\texmfs\install\fonts/tfm/public/cm\cmtt8.tfm
2020-09-15 11:19:18,073+0200 WARN  miktex.core - still open: d:\d.koch\_PROG\miktex\texmfs\install\fonts/tfm/adobe/times\zptmcm7m.tfm
2020-09-15 11:19:18,073+0200 WARN  miktex.core - still open: d:\d.koch\_PROG\miktex\texmfs\install\fonts/tfm/adobe/times\ptmr8t.tfm
2020-09-15 11:19:18,073+0200 WARN  miktex.core - still open: d:\d.koch\_PROG\miktex\texmfs\install\fonts/tfm/public/amsfonts/euler\eurm5.tfm
2020-09-15 11:19:18,073+0200 WARN  miktex.core - still open: d:\d.koch\_PROG\miktex\texmfs\install\fonts/tfm/adobe/times\zptmcm7v.tfm
2020-09-15 11:19:18,073+0200 WARN  miktex.core - still open: d:\d.koch\_PROG\miktex\texmfs\install\fonts/tfm/public/amsfonts/symbols\msbm10.tfm
2020-09-15 11:19:18,073+0200 WARN  miktex.core - still open: d:\d.koch\_PROG\miktex\texmfs\install\fonts/tfm/adobe/times\ptmr8t.tfm
2020-09-15 11:19:18,073+0200 WARN  miktex.core - still open: d:\d.koch\_PROG\miktex\texmfs\install\fonts/tfm/public/cm\cmss8.tfm
2020-09-15 11:19:18,073+0200 WARN  miktex.core - still open: d:\d.koch\_PROG\miktex\texmfs\install\fonts/tfm/adobe/times\ptmri7t.tfm
2020-09-15 11:19:18,073+0200 WARN  miktex.core - still open: d:\d.koch\_PROG\miktex\texmfs\install\fonts/tfm/adobe/times\ptmri8t.tfm
2020-09-15 11:19:18,073+0200 WARN  miktex.core - still open: d:\d.koch\_PROG\miktex\texmfs\install\fonts/tfm/adobe/times\ptmb7t.tfm
2020-09-15 11:19:18,073+0200 WARN  miktex.core - still open: d:\d.koch\_PROG\miktex\texmfs\install\fonts/tfm/adobe/times\zptmcm7t.tfm
2020-09-15 11:19:18,073+0200 WARN  miktex.core - still open: d:\d.koch\_PROG\miktex\texmfs\install\fonts/tfm/adobe/times\ptmr8t.tfm
2020-09-15 11:19:18,073+0200 WARN  miktex.core - still open: d:\d.koch\_PROG\miktex\texmfs\install\fonts/tfm/adobe/times\zptmcm7m.tfm
2020-09-15 11:19:18,073+0200 WARN  miktex.core - still open: d:\d.koch\_PROG\miktex\texmfs\install\fonts/tfm/adobe/times\ptmr8t.tfm
2020-09-15 11:19:18,073+0200 WARN  miktex.core - still open: d:\d.koch\_PROG\miktex\texmfs\install\fonts/tfm/adobe/times\zptmcm7t.tfm
2020-09-15 11:19:18,073+0200 WARN  miktex.core - still open: d:\d.koch\_PROG\miktex\texmfs\install\fonts/tfm/adobe/times\zptmcm7m.tfm
2020-09-15 11:19:18,073+0200 WARN  miktex.core - still open: d:\d.koch\_PROG\miktex\texmfs\install\fonts/tfm/public/cm\cmtt8.tfm
2020-09-15 11:19:18,073+0200 WARN  miktex.core - still open: d:\d.koch\_PROG\miktex\texmfs\install\fonts/tfm/public/cm\cmss10.tfm
2020-09-15 11:19:18,073+0200 WARN  miktex.core - still open: d:\d.koch\_PROG\miktex\texmfs\install\fonts/tfm/adobe/times\ptmb7t.tfm
2020-09-15 11:19:18,073+0200 WARN  miktex.core - still open: d:\d.koch\_PROG\miktex\texmfs\install\fonts/tfm/adobe/times\ptmri7t.tfm
2020-09-15 11:19:18,073+0200 WARN  miktex.core - still open: d:\d.koch\_PROG\miktex\texmfs\install\fonts/tfm/public/amsfonts/symbols\msam10.tfm
2020-09-15 11:19:18,073+0200 WARN  miktex.core - still open: d:\d.koch\_PROG\miktex\texmfs\install\fonts/tfm/public/amsfonts/symbols\msbm10.tfm
2020-09-15 11:19:18,073+0200 WARN  miktex.core - still open: d:\d.koch\_PROG\miktex\texmfs\install\fonts/tfm/adobe/times\zptmcm7y.tfm
2020-09-15 11:19:18,073+0200 WARN  miktex.core - still open: d:\d.koch\_PROG\miktex\texmfs\install\fonts/tfm/public/amsfonts/euler\eurm10.tfm
2020-09-15 11:19:18,073+0200 WARN  miktex.core - still open: d:\d.koch\_PROG\miktex\texmfs\install\fonts/tfm/public/amsfonts/euler\eurm7.tfm
2020-09-15 11:19:18,073+0200 WARN  miktex.core - still open: d:\d.koch\_PROG\miktex\texmfs\install\fonts/tfm/adobe/times\ptmri7t.tfm
2020-09-15 11:19:18,073+0200 WARN  miktex.core - still open: d:\d.koch\_PROG\miktex\texmfs\install\fonts/tfm/public/amsfonts/symbols\msam10.tfm
2020-09-15 11:19:18,073+0200 WARN  miktex.core - still open: d:\d.koch\_PROG\miktex\texmfs\install\fonts/tfm/public/cm\cmtt10.tfm
2020-09-15 11:19:18,073+0200 WARN  miktex.core - still open: d:\d.koch\_PROG\miktex\texmfs\install\fonts/tfm/public/amsfonts/symbols\msbm10.tfm
2020-09-15 11:19:18,073+0200 WARN  miktex.core - still open: d:\d.koch\_PROG\miktex\texmfs\install\fonts/tfm/adobe/times\zptmcm7v.tfm
2020-09-15 11:19:18,073+0200 WARN  miktex.core - still open: d:\d.koch\_PROG\miktex\texmfs\install\fonts/tfm/public/cm\cmss8.tfm
2020-09-15 11:19:18,073+0200 WARN  miktex.core - still open: d:\d.koch\_PROG\miktex\texmfs\install\fonts/tfm/adobe/times\ptmb7t.tfm
2020-09-15 11:19:18,073+0200 WARN  miktex.core - still open: d:\d.koch\_PROG\miktex\texmfs\install\fonts/tfm/adobe/times\zptmcm7v.tfm
2020-09-15 11:19:18,073+0200 WARN  miktex.core - still open: d:\d.koch\_PROG\miktex\texmfs\install\fonts/tfm/public/amsfonts/symbols\msam10.tfm
2020-09-15 11:19:18,073+0200 WARN  miktex.core - still open: d:\d.koch\_PROG\miktex\texmfs\install\fonts/tfm/adobe/times\ptmri7t.tfm
2020-09-15 11:19:18,073+0200 WARN  miktex.core - still open: d:\d.koch\_PROG\miktex\texmfs\install\fonts/tfm/public/amsfonts/symbols\msam10.tfm
2020-09-15 11:19:18,073+0200 WARN  miktex.core - still open: d:\d.koch\_PROG\miktex\texmfs\install\fonts/tfm/adobe/times\ptmr8t.tfm
2020-09-15 11:19:18,073+0200 WARN  miktex.core - still open: d:\d.koch\_PROG\miktex\texmfs\install\fonts/tfm/public/amsfonts/symbols\msam10.tfm
2020-09-15 11:19:18,073+0200 WARN  miktex.core - still open: d:\d.koch\_PROG\miktex\texmfs\install\fonts/tfm/adobe/times\ptmr8t.tfm
2020-09-15 11:19:18,073+0200 WARN  miktex.core - still open: d:\d.koch\_PROG\miktex\texmfs\install\fonts/tfm/public/amsfonts/symbols\msam10.tfm
2020-09-15 11:19:18,073+0200 WARN  miktex.core - still open: d:\d.koch\_PROG\miktex\texmfs\install\fonts/tfm/adobe/avantgar\pagk8t.tfm
2020-09-15 11:19:18,073+0200 WARN  miktex.core - still open: d:\d.koch\_PROG\miktex\texmfs\install\fonts/tfm/adobe/avantgar\pagk8t.tfm
2020-09-15 11:19:18,073+0200 WARN  miktex.core - still open: d:\d.koch\_PROG\miktex\texmfs\install\fonts/tfm/adobe/avantgar\pagk8t.tfm
2020-09-15 11:19:18,073+0200 WARN  miktex.core - still open: d:\d.koch\_PROG\miktex\texmfs\install\fonts/tfm/adobe/avantgar\pagd8t.tfm
2020-09-15 11:19:18,073+0200 WARN  miktex.core - still open: d:\d.koch\_PROG\miktex\texmfs\install\fonts/tfm/adobe/avantgar\pagd8t.tfm
2020-09-15 11:19:18,073+0200 WARN  miktex.core - still open: d:\d.koch\_PROG\miktex\texmfs\install\fonts/tfm/adobe/times\ptmb8t.tfm
2020-09-15 11:19:18,073+0200 WARN  miktex.core - still open: d:\d.koch\_PROG\miktex\texmfs\install\fonts/tfm/adobe/times\ptmr8c.tfm
2020-09-15 11:19:18,073+0200 WARN  miktex.core - still open: d:\d.koch\_PROG\miktex\texmfs\install\fonts/tfm/adobe/avantgar\pagk8t.tfm
2020-09-15 11:19:18,073+0200 WARN  miktex.core - still open: d:\d.koch\_PROG\miktex\texmfs\install\fonts/tfm/public/lm\ec-lmtt10.tfm
2020-09-15 11:19:18,073+0200 WARN  miktex.core - still open: d:\d.koch\_PROG\miktex\texmfs\install\fonts/tfm/adobe/times\ptmri8t.tfm
2020-09-15 11:19:18,073+0200 WARN  miktex.core - still open: d:\d.koch\_PROG\miktex\texmfs\install\fonts/tfm/public/amsfonts/symbols\msbm10.tfm
2020-09-15 11:19:18,073+0200 WARN  miktex.core - still open: d:\d.koch\_PROG\miktex\texmfs\install\fonts/tfm/public/amsfonts/symbols\msbm10.tfm
2020-09-15 11:19:18,081+0200 WARN  miktex.core - still open: d:\d.koch\_PROG\miktex\texmfs\install\fonts/tfm/public/amsfonts/symbols\msbm10.tfm
2020-09-15 11:19:18,081+0200 WARN  miktex.core - still open: d:\d.koch\_PROG\miktex\texmfs\install\fonts/tfm/adobe/times\ptmri7t.tfm
2020-09-15 11:19:18,081+0200 WARN  miktex.core - still open: d:\d.koch\_PROG\miktex\texmfs\install\fonts/tfm/adobe/times\zptmcm7v.tfm
2020-09-15 11:19:18,081+0200 WARN  miktex.core - still open: d:\d.koch\_PROG\miktex\texmfs\install\fonts/tfm/public/cm\cmtt8.tfm
2020-09-15 11:19:18,081+0200 WARN  miktex.core - still open: d:\d.koch\_PROG\miktex\texmfs\install\fonts/tfm/public/cm\cmss8.tfm
2020-09-15 11:19:18,081+0200 WARN  miktex.core - still open: d:\d.koch\_PROG\miktex\texmfs\install\fonts/tfm/adobe/times\zptmcm7t.tfm
2020-09-15 11:19:18,081+0200 WARN  miktex.core - still open: d:\d.koch\_PROG\miktex\texmfs\install\fonts/tfm/public/cm\cmss10.tfm
2020-09-15 11:19:18,081+0200 WARN  miktex.core - still open: d:\d.koch\_PROG\miktex\texmfs\install\fonts/tfm/adobe/times\zptmcm7t.tfm
2020-09-15 11:19:18,081+0200 WARN  miktex.core - still open: d:\d.koch\_PROG\miktex\texmfs\install\fonts/tfm/adobe/avantgar\pagd8t.tfm
2020-09-15 11:19:18,081+0200 WARN  miktex.core - still open: d:\d.koch\_PROG\miktex\texmfs\install\fonts/tfm/adobe/times\ptmr8t.tfm
2020-09-15 11:19:18,081+0200 WARN  miktex.core - still open: d:\d.koch\_PROG\miktex\texmfs\install\fonts/tfm/adobe/avantgar\pagd8t.tfm
2020-09-15 11:19:18,081+0200 WARN  miktex.core - still open: d:\d.koch\_PROG\miktex\texmfs\install\fonts/tfm/adobe/times\zptmcm7t.tfm
2020-09-15 11:19:18,081+0200 WARN  miktex.core - still open: d:\d.koch\_PROG\miktex\texmfs\install\fonts/tfm/adobe/avantgar\pagd8t.tfm
2020-09-15 11:19:18,081+0200 WARN  miktex.core - still open: d:\d.koch\_PROG\miktex\texmfs\install\fonts/tfm/public/cm\cmss8.tfm
2020-09-15 11:19:18,081+0200 WARN  miktex.core - still open: d:\d.koch\_PROG\miktex\texmfs\install\fonts/tfm/adobe/times\zptmcm7m.tfm
2020-09-15 11:19:18,081+0200 WARN  miktex.core - still open: d:\d.koch\_PROG\miktex\texmfs\install\fonts/tfm/adobe/times\zptmcm7m.tfm
2020-09-15 11:19:18,081+0200 WARN  miktex.core - still open: d:\d.koch\_PROG\miktex\texmfs\install\fonts/tfm/adobe/times\zptmcm7y.tfm
2020-09-15 11:19:18,081+0200 WARN  miktex.core - still open: d:\d.koch\_PROG\miktex\texmfs\install\fonts/tfm/adobe/times\zptmcm7y.tfm
2020-09-15 11:19:18,081+0200 WARN  miktex.core - still open: d:\d.koch\_PROG\miktex\texmfs\install\fonts/tfm/public/cm\cmtt10.tfm
2020-09-15 11:19:18,081+0200 WARN  miktex.core - still open: d:\d.koch\_PROG\miktex\texmfs\install\fonts/tfm/adobe/times\ptmb8t.tfm
2020-09-15 11:19:18,081+0200 WARN  miktex.core - still open: d:\d.koch\_PROG\miktex\texmfs\install\fonts/tfm/public/cm\cmtt8.tfm
2020-09-15 11:19:18,081+0200 WARN  miktex.core - still open: d:\d.koch\_PROG\miktex\texmfs\install\fonts/tfm/adobe/times\zptmcm7m.tfm
2020-09-15 11:19:18,081+0200 WARN  miktex.core - still open: d:\d.koch\_PROG\miktex\texmfs\install\fonts/tfm/adobe/times\zptmcm7y.tfm
2020-09-15 11:19:18,081+0200 WARN  miktex.core - still open: d:\d.koch\_PROG\miktex\texmfs\install\fonts/tfm/public/cm\cmss17.tfm
2020-09-15 11:19:18,081+0200 WARN  miktex.core - still open: d:\d.koch\_PROG\miktex\texmfs\install\fonts/tfm/public/cm\cmtt12.tfm
2020-09-15 11:19:18,081+0200 WARN  miktex.core - still open: d:\d.koch\_PROG\miktex\texmfs\install\fonts/tfm/adobe/times\zptmcm7v.tfm
2020-09-15 11:19:18,081+0200 WARN  miktex.core - still open: d:\d.koch\_PROG\miktex\texmfs\install\fonts/tfm/public/amsfonts/euler\eurm10.tfm
2020-09-15 11:19:18,081+0200 WARN  miktex.core - still open: d:\d.koch\_PROG\miktex\texmfs\install\fonts/tfm/adobe/times\ptmb7t.tfm
2020-09-15 11:19:18,081+0200 WARN  miktex.core - still open: d:\d.koch\_PROG\miktex\texmfs\install\fonts/tfm/public/amsfonts/euler\eurm10.tfm
2020-09-15 11:19:18,081+0200 WARN  miktex.core - still open: d:\d.koch\_PROG\miktex\texmfs\install\fonts/tfm/public/amsfonts/euler\eurm10.tfm
2020-09-15 11:19:18,081+0200 WARN  miktex.core - still open: d:\d.koch\_PROG\miktex\texmfs\install\fonts/tfm/public/cm\cmtt12.tfm
2020-09-15 11:19:18,081+0200 WARN  miktex.core - still open: d:\d.koch\_PROG\miktex\texmfs\install\fonts/tfm/public/cm\cmss17.tfm
2020-09-15 11:19:18,081+0200 WARN  miktex.core - still open: d:\d.koch\_PROG\miktex\texmfs\install\fonts/tfm/public/cm\cmtt12.tfm
2020-09-15 11:19:18,081+0200 WARN  miktex.core - still open: d:\d.koch\_PROG\miktex\texmfs\install\fonts/tfm/adobe/times\ptmb7t.tfm
2020-09-15 11:19:18,081+0200 WARN  miktex.core - still open: d:\d.koch\_PROG\miktex\texmfs\install\fonts/tfm/public/cm\cmss12.tfm
2020-09-15 11:19:18,081+0200 WARN  miktex.core - still open: d:\d.koch\_PROG\miktex\texmfs\install\fonts/tfm/adobe/times\ptmri7t.tfm
2020-09-15 11:19:18,081+0200 WARN  miktex.core - still open: d:\d.koch\_PROG\miktex\texmfs\install\fonts/tfm/adobe/times\zptmcm7v.tfm
2020-09-15 11:19:18,081+0200 WARN  miktex.core - still open: d:\d.koch\_PROG\miktex\texmfs\install\fonts/tfm/adobe/times\ptmb7t.tfm
2020-09-15 11:19:18,081+0200 WARN  miktex.core - still open: d:\d.koch\_PROG\miktex\texmfs\install\fonts/tfm/adobe/times\zptmcm7y.tfm
2020-09-15 11:19:18,081+0200 WARN  miktex.core - still open: d:\d.koch\_PROG\miktex\texmfs\install\fonts/tfm/adobe/times\zptmcm7t.tfm
2020-09-15 11:19:18,081+0200 WARN  miktex.core - still open: d:\d.koch\_PROG\miktex\texmfs\install\fonts/tfm/adobe/times\zptmcm7m.tfm
2020-09-15 11:19:18,081+0200 WARN  miktex.core - still open: d:\d.koch\_PROG\miktex\texmfs\install\fonts/tfm/adobe/zapfding\pzdr.tfm
2020-09-15 11:19:18,081+0200 WARN  miktex.core - still open: d:\d.koch\_PROG\miktex\texmfs\install\fonts/tfm/adobe/times\zptmcm7t.tfm
2020-09-15 11:19:18,081+0200 WARN  miktex.core - still open: d:\d.koch\_PROG\miktex\texmfs\install\fonts/tfm/adobe/times\ptmr8t.tfm
2020-09-15 11:19:18,081+0200 WARN  miktex.core - still open: d:\d.koch\_PROG\miktex\texmfs\install\fonts/tfm/adobe/times\zptmcm7m.tfm
2020-09-15 11:19:18,081+0200 WARN  miktex.core - still open: d:\d.koch\_PROG\miktex\texmfs\install\fonts/tfm/adobe/times\zptmcm7t.tfm
2020-09-15 11:19:18,081+0200 WARN  miktex.core - still open: d:\d.koch\_PROG\miktex\texmfs\install\fonts/tfm/adobe/times\zptmcm7y.tfm
2020-09-15 11:19:18,081+0200 WARN  miktex.core - still open: d:\d.koch\_PROG\miktex\texmfs\install\fonts/tfm/adobe/times\zptmcm7m.tfm
2020-09-15 11:19:18,081+0200 WARN  miktex.core - still open: d:\d.koch\_PROG\miktex\texmfs\install\fonts/tfm/adobe/times\zptmcm7y.tfm
2020-09-15 11:19:18,081+0200 WARN  miktex.core - still open: d:\d.koch\_PROG\miktex\texmfs\install\fonts/tfm/adobe/times\zptmcm7v.tfm
2020-09-15 11:19:18,081+0200 WARN  miktex.core - still open: d:\d.koch\_PROG\miktex\texmfs\install\fonts/tfm/public/amsfonts/symbols\msam10.tfm
2020-09-15 11:19:18,081+0200 WARN  miktex.core - still open: d:\d.koch\_PROG\miktex\texmfs\install\fonts/tfm/adobe/times\ptmb7t.tfm
2020-09-15 11:19:18,081+0200 WARN  miktex.core - still open: d:\d.koch\_PROG\miktex\texmfs\install\fonts/tfm/public/amsfonts/symbols\msam10.tfm
2020-09-15 11:19:18,081+0200 WARN  miktex.core - still open: d:\d.koch\_PROG\miktex\texmfs\install\fonts/tfm/public/amsfonts/symbols\msbm10.tfm
2020-09-15 11:19:18,081+0200 WARN  miktex.core - still open: d:\d.koch\_PROG\miktex\texmfs\install\fonts/tfm/public/amsfonts/symbols\msbm10.tfm
2020-09-15 11:19:18,081+0200 WARN  miktex.core - still open: d:\d.koch\_PROG\miktex\texmfs\install\fonts/tfm/public/amsfonts/euler\eurm10.tfm
2020-09-15 11:19:18,081+0200 WARN  miktex.core - still open: d:\d.koch\_PROG\miktex\texmfs\install\fonts/tfm/public/amsfonts/euler\eurm7.tfm
2020-09-15 11:19:18,081+0200 WARN  miktex.core - still open: d:\d.koch\_PROG\miktex\texmfs\install\fonts/tfm/public/amsfonts/symbols\msbm10.tfm
2020-09-15 11:19:18,081+0200 WARN  miktex.core - still open: d:\d.koch\_PROG\miktex\texmfs\install\fonts/tfm/public/amsfonts/euler\eurm10.tfm
2020-09-15 11:19:18,081+0200 WARN  miktex.core - still open: d:\d.koch\_PROG\miktex\texmfs\install\fonts/tfm/adobe/times\zptmcm7v.tfm
2020-09-15 11:19:18,081+0200 WARN  miktex.core - still open: d:\d.koch\_PROG\miktex\texmfs\install\fonts/tfm/adobe/times\zptmcm7v.tfm
2020-09-15 11:19:18,081+0200 WARN  miktex.core - still open: d:\d.koch\_PROG\miktex\texmfs\install\fonts/tfm/adobe/times\ptmri7t.tfm
2020-09-15 11:19:18,081+0200 WARN  miktex.core - still open: d:\d.koch\_PROG\miktex\texmfs\install\fonts/tfm/adobe/times\ptmri7t.tfm
2020-09-15 11:19:18,081+0200 WARN  miktex.core - still open: d:\d.koch\_PROG\miktex\texmfs\install\fonts/tfm/adobe/times\ptmb7t.tfm
2020-09-15 11:19:18,081+0200 WARN  miktex.core - still open: d:\d.koch\_PROG\miktex\texmfs\install\fonts/tfm/adobe/times\ptmb7t.tfm
2020-09-15 11:19:18,081+0200 WARN  miktex.core - still open: d:\d.koch\_PROG\miktex\texmfs\install\fonts/tfm/adobe/times\ptmri7t.tfm
2020-09-15 11:19:58,570+0200 INFO  xelatex - this process (15996) started by 'texmaker' with command line: xelatex -synctex=1 -interaction=nonstopmode gen2__main.fr.tex
2020-09-15 11:19:58,570+0200 INFO  xelatex - allowing known shell commands
2020-09-15 11:19:58,570+0200 INFO  xelatex - enabling input (output) from (to) processes
2020-09-15 11:19:59,452+0200 ERROR xelatex - command not allowed: mkdir msc
2020-09-15 11:20:01,455+0200 INFO  xelatex.core - start process: miktex-dvipdfmx.exe --miktex-enable-installer -q -E -o gen2__main.fr.pdf
2020-09-15 11:20:02,721+0200 ERROR xelatex - command not allowed: mscgen -T eps -S signalling -i msc/gen2__main.fr-1.mscg -o msc/gen2__main.fr-1.eps >msc/gen2__main.fr-1.out 2> msc/gen2__main.fr-1.err
2020-09-15 11:20:02,721+0200 INFO  xelatex - executing restricted write18 shell command: epstopdf "--gsopt=-dEPSCrop" "msc/gen2__main.fr-1.eps"
2020-09-15 11:20:02,761+0200 INFO  xelatex.core - start process: C:\WINDOWS\system32\cmd.exe /c "epstopdf "--gsopt=-dEPSCrop" "msc/gen2__main.fr-1.eps""
2020-09-15 11:20:03,422+0200 INFO  xelatex - write18 exit code: 0
2020-09-15 11:20:07,356+0200 INFO  xelatex - this process (15996) finishes with exit code 0
2020-09-15 11:20:07,357+0200 WARN  miktex.core - still open: d:\d.koch\_PROG\miktex\texmfs\install\fonts/tfm/public/amsfonts/symbols\msbm10.tfm
2020-09-15 11:20:07,357+0200 WARN  miktex.core - still open: d:\d.koch\_PROG\miktex\texmfs\install\fonts/tfm/public/amsfonts/symbols\msbm10.tfm
2020-09-15 11:20:07,357+0200 WARN  miktex.core - still open: d:\d.koch\_PROG\miktex\texmfs\install\fonts/tfm/adobe/times\ptmb8t.tfm
2020-09-15 11:20:07,357+0200 WARN  miktex.core - still open: d:\d.koch\_PROG\miktex\texmfs\install\fonts/tfm/public/amsfonts/symbols\msam10.tfm
2020-09-15 11:20:07,357+0200 WARN  miktex.core - still open: d:\d.koch\_PROG\miktex\texmfs\install\fonts/tfm/adobe/times\ptmr8t.tfm
2020-09-15 11:20:07,357+0200 WARN  miktex.core - still open: d:\d.koch\_PROG\miktex\texmfs\install\fonts/tfm/adobe/times\ptmr8t.tfm
2020-09-15 11:20:07,357+0200 WARN  miktex.core - still open: d:\d.koch\_PROG\miktex\texmfs\install\fonts/tfm/public/amsfonts/symbols\msbm10.tfm
2020-09-15 11:20:07,357+0200 WARN  miktex.core - still open: d:\d.koch\_PROG\miktex\texmfs\install\fonts/tfm/public/amsfonts/symbols\msam10.tfm
2020-09-15 11:20:07,357+0200 WARN  miktex.core - still open: d:\d.koch\_PROG\miktex\texmfs\install\fonts/tfm/adobe/avantgar\pagk8t.tfm
2020-09-15 11:20:07,357+0200 WARN  miktex.core - still open: d:\d.koch\_PROG\miktex\texmfs\install\fonts/tfm/public/amsfonts/symbols\msbm10.tfm
2020-09-15 11:20:07,358+0200 WARN  miktex.core - still open: d:\d.koch\_PROG\miktex\texmfs\install\fonts/tfm/adobe/avantgar\pagk8t.tfm
2020-09-15 11:20:07,358+0200 WARN  miktex.core - still open: d:\d.koch\_PROG\miktex\texmfs\install\fonts/tfm/adobe/times\ptmri7t.tfm
2020-09-15 11:20:07,358+0200 WARN  miktex.core - still open: d:\d.koch\_PROG\miktex\texmfs\install\fonts/tfm/adobe/avantgar\pagd8t.tfm
2020-09-15 11:20:07,358+0200 WARN  miktex.core - still open: d:\d.koch\_PROG\miktex\texmfs\install\fonts/tfm/adobe/times\ptmr8c.tfm
2020-09-15 11:20:07,358+0200 WARN  miktex.core - still open: d:\d.koch\_PROG\miktex\texmfs\install\fonts/tfm/public/lm\ec-lmtt10.tfm
2020-09-15 11:20:07,358+0200 WARN  miktex.core - still open: d:\d.koch\_PROG\miktex\texmfs\install\fonts/tfm/adobe/avantgar\pagk8t.tfm
2020-09-15 11:20:07,358+0200 WARN  miktex.core - still open: d:\d.koch\_PROG\miktex\texmfs\install\fonts/tfm/adobe/avantgar\pagk8t.tfm
2020-09-15 11:20:07,358+0200 WARN  miktex.core - still open: d:\d.koch\_PROG\miktex\texmfs\install\fonts/tfm/adobe/times\ptmri7t.tfm
2020-09-15 11:20:07,358+0200 WARN  miktex.core - still open: d:\d.koch\_PROG\miktex\texmfs\install\fonts/tfm/adobe/times\ptmri8t.tfm
2020-09-15 11:20:07,358+0200 WARN  miktex.core - still open: d:\d.koch\_PROG\miktex\texmfs\install\fonts/tfm/adobe/avantgar\pagd8t.tfm
2020-09-15 11:20:07,358+0200 WARN  miktex.core - still open: d:\d.koch\_PROG\miktex\texmfs\install\fonts/tfm/public/amsfonts/symbols\msam10.tfm
2020-09-15 11:20:07,358+0200 WARN  miktex.core - still open: d:\d.koch\_PROG\miktex\texmfs\install\fonts/tfm/adobe/times\zptmcm7m.tfm
2020-09-15 11:20:07,358+0200 WARN  miktex.core - still open: d:\d.koch\_PROG\miktex\texmfs\install\fonts/tfm/adobe/avantgar\pagd8t.tfm
2020-09-15 11:20:07,358+0200 WARN  miktex.core - still open: d:\d.koch\_PROG\miktex\texmfs\install\fonts/tfm/adobe/times\zptmcm7y.tfm
2020-09-15 11:20:07,358+0200 WARN  miktex.core - still open: d:\d.koch\_PROG\miktex\texmfs\install\fonts/tfm/public/cm\cmtt10.tfm
2020-09-15 11:20:07,358+0200 WARN  miktex.core - still open: d:\d.koch\_PROG\miktex\texmfs\install\fonts/tfm/public/cm\cmss8.tfm
2020-09-15 11:20:07,358+0200 WARN  miktex.core - still open: d:\d.koch\_PROG\miktex\texmfs\install\fonts/tfm/adobe/avantgar\pagd8t.tfm
2020-09-15 11:20:07,358+0200 WARN  miktex.core - still open: d:\d.koch\_PROG\miktex\texmfs\install\fonts/tfm/public/cm\cmss10.tfm
2020-09-15 11:20:07,358+0200 WARN  miktex.core - still open: d:\d.koch\_PROG\miktex\texmfs\install\fonts/tfm/adobe/avantgar\pagd8t.tfm
2020-09-15 11:20:07,358+0200 WARN  miktex.core - still open: d:\d.koch\_PROG\miktex\texmfs\install\fonts/tfm/adobe/times\zptmcm7t.tfm
2020-09-15 11:20:07,358+0200 WARN  miktex.core - still open: d:\d.koch\_PROG\miktex\texmfs\install\fonts/tfm/public/cm\cmss8.tfm
2020-09-15 11:20:07,358+0200 WARN  miktex.core - still open: d:\d.koch\_PROG\miktex\texmfs\install\fonts/tfm/adobe/times\zptmcm7y.tfm
2020-09-15 11:20:07,358+0200 WARN  miktex.core - still open: d:\d.koch\_PROG\miktex\texmfs\install\fonts/tfm/adobe/times\ptmb8t.tfm
2020-09-15 11:20:07,358+0200 WARN  miktex.core - still open: d:\d.koch\_PROG\miktex\texmfs\install\fonts/tfm/adobe/times\zptmcm7t.tfm
2020-09-15 11:20:07,358+0200 WARN  miktex.core - still open: d:\d.koch\_PROG\miktex\texmfs\install\fonts/tfm/adobe/times\zptmcm7m.tfm
2020-09-15 11:20:07,358+0200 WARN  miktex.core - still open: d:\d.koch\_PROG\miktex\texmfs\install\fonts/tfm/adobe/times\ptmr8t.tfm
2020-09-15 11:20:07,358+0200 WARN  miktex.core - still open: d:\d.koch\_PROG\miktex\texmfs\install\fonts/tfm/adobe/times\zptmcm7v.tfm
2020-09-15 11:20:07,358+0200 WARN  miktex.core - still open: d:\d.koch\_PROG\miktex\texmfs\install\fonts/tfm/public/cm\cmtt8.tfm
2020-09-15 11:20:07,358+0200 WARN  miktex.core - still open: d:\d.koch\_PROG\miktex\texmfs\install\fonts/tfm/adobe/times\zptmcm7t.tfm
2020-09-15 11:20:07,358+0200 WARN  miktex.core - still open: d:\d.koch\_PROG\miktex\texmfs\install\fonts/tfm/adobe/times\zptmcm7v.tfm
2020-09-15 11:20:07,358+0200 WARN  miktex.core - still open: d:\d.koch\_PROG\miktex\texmfs\install\fonts/tfm/adobe/times\zptmcm7m.tfm
2020-09-15 11:20:07,358+0200 WARN  miktex.core - still open: d:\d.koch\_PROG\miktex\texmfs\install\fonts/tfm/adobe/times\zptmcm7y.tfm
2020-09-15 11:20:07,358+0200 WARN  miktex.core - still open: d:\d.koch\_PROG\miktex\texmfs\install\fonts/tfm/public/cm\cmtt8.tfm
2020-09-15 11:20:07,358+0200 WARN  miktex.core - still open: d:\d.koch\_PROG\miktex\texmfs\install\fonts/tfm/public/cm\cmss12.tfm
2020-09-15 11:20:07,358+0200 WARN  miktex.core - still open: d:\d.koch\_PROG\miktex\texmfs\install\fonts/tfm/public/amsfonts/euler\eurm10.tfm
2020-09-15 11:20:07,358+0200 WARN  miktex.core - still open: d:\d.koch\_PROG\miktex\texmfs\install\fonts/tfm/adobe/times\ptmb7t.tfm
2020-09-15 11:20:07,358+0200 WARN  miktex.core - still open: d:\d.koch\_PROG\miktex\texmfs\install\fonts/tfm/public/cm\cmtt12.tfm
2020-09-15 11:20:07,358+0200 WARN  miktex.core - still open: d:\d.koch\_PROG\miktex\texmfs\install\fonts/tfm/adobe/times\ptmri7t.tfm
2020-09-15 11:20:07,358+0200 WARN  miktex.core - still open: d:\d.koch\_PROG\miktex\texmfs\install\fonts/tfm/adobe/times\zptmcm7v.tfm
2020-09-15 11:20:07,358+0200 WARN  miktex.core - still open: d:\d.koch\_PROG\miktex\texmfs\install\fonts/tfm/public/cm\cmtt12.tfm
2020-09-15 11:20:07,359+0200 WARN  miktex.core - still open: d:\d.koch\_PROG\miktex\texmfs\install\fonts/tfm/public/amsfonts/euler\eurm10.tfm
2020-09-15 11:20:07,359+0200 WARN  miktex.core - still open: d:\d.koch\_PROG\miktex\texmfs\install\fonts/tfm/public/cm\cmss17.tfm
2020-09-15 11:20:07,359+0200 WARN  miktex.core - still open: d:\d.koch\_PROG\miktex\texmfs\install\fonts/tfm/public/cm\cmtt12.tfm
2020-09-15 11:20:07,359+0200 WARN  miktex.core - still open: d:\d.koch\_PROG\miktex\texmfs\install\fonts/tfm/adobe/times\ptmb7t.tfm
2020-09-15 11:20:07,359+0200 WARN  miktex.core - still open: d:\d.koch\_PROG\miktex\texmfs\install\fonts/tfm/public/cm\cmss17.tfm
2020-09-15 11:20:07,359+0200 WARN  miktex.core - still open: d:\d.koch\_PROG\miktex\texmfs\install\fonts/tfm/adobe/times\ptmb7t.tfm
2020-09-15 11:20:07,359+0200 WARN  miktex.core - still open: d:\d.koch\_PROG\miktex\texmfs\install\fonts/tfm/public/amsfonts/euler\eurm10.tfm
2020-09-15 11:20:07,359+0200 WARN  miktex.core - still open: d:\d.koch\_PROG\miktex\texmfs\install\fonts/tfm/adobe/zapfding\pzdr.tfm
2020-09-15 11:20:07,359+0200 WARN  miktex.core - still open: d:\d.koch\_PROG\miktex\texmfs\install\fonts/tfm/adobe/times\zptmcm7m.tfm
2020-09-15 11:20:07,359+0200 WARN  miktex.core - still open: d:\d.koch\_PROG\miktex\texmfs\install\fonts/tfm/adobe/times\zptmcm7t.tfm
2020-09-15 11:20:07,359+0200 WARN  miktex.core - still open: d:\d.koch\_PROG\miktex\texmfs\install\fonts/tfm/adobe/times\ptmr8t.tfm
2020-09-15 11:20:07,359+0200 WARN  miktex.core - still open: d:\d.koch\_PROG\miktex\texmfs\install\fonts/tfm/adobe/times\zptmcm7y.tfm
2020-09-15 11:20:07,359+0200 WARN  miktex.core - still open: d:\d.koch\_PROG\miktex\texmfs\install\fonts/tfm/adobe/times\zptmcm7m.tfm
2020-09-15 11:20:07,359+0200 WARN  miktex.core - still open: d:\d.koch\_PROG\miktex\texmfs\install\fonts/tfm/adobe/times\zptmcm7t.tfm
2020-09-15 11:20:07,359+0200 WARN  miktex.core - still open: d:\d.koch\_PROG\miktex\texmfs\install\fonts/tfm/adobe/times\zptmcm7y.tfm
2020-09-15 11:20:07,359+0200 WARN  miktex.core - still open: d:\d.koch\_PROG\miktex\texmfs\install\fonts/tfm/adobe/times\zptmcm7y.tfm
2020-09-15 11:20:07,359+0200 WARN  miktex.core - still open: d:\d.koch\_PROG\miktex\texmfs\install\fonts/tfm/adobe/times\zptmcm7v.tfm
2020-09-15 11:20:07,359+0200 WARN  miktex.core - still open: d:\d.koch\_PROG\miktex\texmfs\install\fonts/tfm/adobe/times\zptmcm7v.tfm
2020-09-15 11:20:07,359+0200 WARN  miktex.core - still open: d:\d.koch\_PROG\miktex\texmfs\install\fonts/tfm/adobe/times\zptmcm7m.tfm
2020-09-15 11:20:07,359+0200 WARN  miktex.core - still open: d:\d.koch\_PROG\miktex\texmfs\install\fonts/tfm/adobe/times\zptmcm7t.tfm
2020-09-15 11:20:07,359+0200 WARN  miktex.core - still open: d:\d.koch\_PROG\miktex\texmfs\install\fonts/tfm/adobe/times\ptmri7t.tfm
2020-09-15 11:20:07,359+0200 WARN  miktex.core - still open: d:\d.koch\_PROG\miktex\texmfs\install\fonts/tfm/public/amsfonts/euler\eurm7.tfm
2020-09-15 11:20:07,359+0200 WARN  miktex.core - still open: d:\d.koch\_PROG\miktex\texmfs\install\fonts/tfm/adobe/times\ptmb7t.tfm
2020-09-15 11:20:07,359+0200 WARN  miktex.core - still open: d:\d.koch\_PROG\miktex\texmfs\install\fonts/tfm/public/amsfonts/euler\eurm10.tfm
2020-09-15 11:20:07,359+0200 WARN  miktex.core - still open: d:\d.koch\_PROG\miktex\texmfs\install\fonts/tfm/adobe/times\zptmcm7v.tfm
2020-09-15 11:20:07,359+0200 WARN  miktex.core - still open: d:\d.koch\_PROG\miktex\texmfs\install\fonts/tfm/public/amsfonts/symbols\msam10.tfm
2020-09-15 11:20:07,359+0200 WARN  miktex.core - still open: d:\d.koch\_PROG\miktex\texmfs\install\fonts/tfm/public/amsfonts/symbols\msbm10.tfm
2020-09-15 11:20:07,359+0200 WARN  miktex.core - still open: d:\d.koch\_PROG\miktex\texmfs\install\fonts/tfm/adobe/times\ptmri7t.tfm
2020-09-15 11:20:07,359+0200 WARN  miktex.core - still open: d:\d.koch\_PROG\miktex\texmfs\install\fonts/tfm/public/amsfonts/symbols\msam10.tfm
2020-09-15 11:20:07,359+0200 WARN  miktex.core - still open: d:\d.koch\_PROG\miktex\texmfs\install\fonts/tfm/adobe/times\ptmb7t.tfm
2020-09-15 11:20:07,359+0200 WARN  miktex.core - still open: d:\d.koch\_PROG\miktex\texmfs\install\fonts/tfm/public/amsfonts/symbols\msam10.tfm
2020-09-15 11:20:07,359+0200 WARN  miktex.core - still open: d:\d.koch\_PROG\miktex\texmfs\install\fonts/tfm/adobe/times\ptmri7t.tfm
2020-09-15 11:20:07,359+0200 WARN  miktex.core - still open: d:\d.koch\_PROG\miktex\texmfs\install\fonts/tfm/public/amsfonts/symbols\msbm10.tfm
2020-09-15 11:20:07,359+0200 WARN  miktex.core - still open: d:\d.koch\_PROG\miktex\texmfs\install\fonts/tfm/public/amsfonts/euler\eurm10.tfm
2020-09-15 11:20:07,359+0200 WARN  miktex.core - still open: d:\d.koch\_PROG\miktex\texmfs\install\fonts/tfm/adobe/times\ptmb7t.tfm
2020-09-15 11:20:07,359+0200 WARN  miktex.core - still open: d:\d.koch\_PROG\miktex\texmfs\install\fonts/tfm/adobe/times\zptmcm7t.tfm
2020-09-15 11:20:07,359+0200 WARN  miktex.core - still open: d:\d.koch\_PROG\miktex\texmfs\install\fonts/tfm/adobe/times\zptmcm7m.tfm
2020-09-15 11:20:07,359+0200 WARN  miktex.core - still open: d:\d.koch\_PROG\miktex\texmfs\install\fonts/tfm/adobe/times\zptmcm7m.tfm
2020-09-15 11:20:07,359+0200 WARN  miktex.core - still open: d:\d.koch\_PROG\miktex\texmfs\install\fonts/tfm/public/amsfonts/symbols\msam10.tfm
2020-09-15 11:20:07,359+0200 WARN  miktex.core - still open: d:\d.koch\_PROG\miktex\texmfs\install\fonts/tfm/adobe/times\zptmcm7y.tfm
2020-09-15 11:20:07,359+0200 WARN  miktex.core - still open: d:\d.koch\_PROG\miktex\texmfs\install\fonts/tfm/adobe/times\zptmcm7y.tfm
2020-09-15 11:20:07,359+0200 WARN  miktex.core - still open: d:\d.koch\_PROG\miktex\texmfs\install\fonts/tfm/adobe/times\zptmcm7m.tfm
2020-09-15 11:20:07,359+0200 WARN  miktex.core - still open: d:\d.koch\_PROG\miktex\texmfs\install\fonts/tfm/adobe/times\ptmr8t.tfm
2020-09-15 11:20:07,359+0200 WARN  miktex.core - still open: d:\d.koch\_PROG\miktex\texmfs\install\fonts/tfm/adobe/times\zptmcm7t.tfm
2020-09-15 11:20:07,359+0200 WARN  miktex.core - still open: d:\d.koch\_PROG\miktex\texmfs\install\fonts/tfm/adobe/times\ptmr8t.tfm
2020-09-15 11:20:07,360+0200 WARN  miktex.core - still open: d:\d.koch\_PROG\miktex\texmfs\install\fonts/tfm/adobe/times\ptmri8t.tfm
2020-09-15 11:20:07,360+0200 WARN  miktex.core - still open: d:\d.koch\_PROG\miktex\texmfs\install\fonts/tfm/adobe/times\ptmr8t.tfm
2020-09-15 11:20:07,360+0200 WARN  miktex.core - still open: d:\d.koch\_PROG\miktex\texmfs\install\fonts/tfm/public/amsfonts/euler\eurm5.tfm
2020-09-15 11:20:07,360+0200 WARN  miktex.core - still open: d:\d.koch\_PROG\miktex\texmfs\install\fonts/tfm/public/cm\cmtt8.tfm
2020-09-15 11:20:07,360+0200 WARN  miktex.core - still open: d:\d.koch\_PROG\miktex\texmfs\install\fonts/tfm/adobe/times\ptmri7t.tfm
2020-09-15 11:20:07,360+0200 WARN  miktex.core - still open: d:\d.koch\_PROG\miktex\texmfs\install\fonts/tfm/public/amsfonts/symbols\msbm10.tfm
2020-09-15 11:20:07,360+0200 WARN  miktex.core - still open: d:\d.koch\_PROG\miktex\texmfs\install\fonts/tfm/adobe/times\ptmr8t.tfm
2020-09-15 11:20:07,360+0200 WARN  miktex.core - still open: d:\d.koch\_PROG\miktex\texmfs\install\fonts/tfm/public/cm\cmss8.tfm
2020-09-15 11:20:07,360+0200 WARN  miktex.core - still open: d:\d.koch\_PROG\miktex\texmfs\install\fonts/tfm/adobe/times\ptmb7t.tfm
2020-09-15 11:20:07,360+0200 WARN  miktex.core - still open: d:\d.koch\_PROG\miktex\texmfs\install\fonts/tfm/adobe/times\ptmr8t.tfm
2020-09-15 11:20:07,360+0200 WARN  miktex.core - still open: d:\d.koch\_PROG\miktex\texmfs\install\fonts/tfm/adobe/times\zptmcm7v.tfm
2020-09-15 11:20:07,360+0200 WARN  miktex.core - still open: d:\d.koch\_PROG\miktex\texmfs\install\fonts/tfm/adobe/times\zptmcm7t.tfm
2020-09-15 11:20:07,360+0200 WARN  miktex.core - still open: d:\d.koch\_PROG\miktex\texmfs\install\fonts/tfm/public/amsfonts/symbols\msam10.tfm
2020-09-15 11:20:07,360+0200 WARN  miktex.core - still open: d:\d.koch\_PROG\miktex\texmfs\install\fonts/tfm/public/cm\cmss10.tfm
2020-09-15 11:20:07,360+0200 WARN  miktex.core - still open: d:\d.koch\_PROG\miktex\texmfs\install\fonts/tfm/public/amsfonts/symbols\msbm10.tfm
2020-09-15 11:20:07,360+0200 WARN  miktex.core - still open: d:\d.koch\_PROG\miktex\texmfs\install\fonts/tfm/adobe/times\ptmri7t.tfm
2020-09-15 11:20:07,360+0200 WARN  miktex.core - still open: d:\d.koch\_PROG\miktex\texmfs\install\fonts/tfm/adobe/times\zptmcm7y.tfm
2020-09-15 11:20:07,360+0200 WARN  miktex.core - still open: d:\d.koch\_PROG\miktex\texmfs\install\fonts/tfm/adobe/times\ptmb7t.tfm
2020-09-15 11:20:07,360+0200 WARN  miktex.core - still open: d:\d.koch\_PROG\miktex\texmfs\install\fonts/tfm/adobe/times\ptmri7t.tfm
2020-09-15 11:20:07,360+0200 WARN  miktex.core - still open: d:\d.koch\_PROG\miktex\texmfs\install\fonts/tfm/public/amsfonts/symbols\msbm10.tfm
2020-09-15 11:20:07,360+0200 WARN  miktex.core - still open: d:\d.koch\_PROG\miktex\texmfs\install\fonts/tfm/public/cm\cmtt8.tfm
2020-09-15 11:20:07,360+0200 WARN  miktex.core - still open: d:\d.koch\_PROG\miktex\texmfs\install\fonts/tfm/public/cm\cmss8.tfm
2020-09-15 11:20:07,360+0200 WARN  miktex.core - still open: d:\d.koch\_PROG\miktex\texmfs\install\fonts/tfm/public/cm\cmtt10.tfm
2020-09-15 11:20:07,360+0200 WARN  miktex.core - still open: d:\d.koch\_PROG\miktex\texmfs\install\fonts/tfm/adobe/times\zptmcm7v.tfm
2020-09-15 11:20:07,360+0200 WARN  miktex.core - still open: d:\d.koch\_PROG\miktex\texmfs\install\fonts/tfm/public/amsfonts/euler\eurm10.tfm
2020-09-15 11:20:07,360+0200 WARN  miktex.core - still open: d:\d.koch\_PROG\miktex\texmfs\install\fonts/tfm/public/amsfonts/euler\eurm7.tfm
2020-09-15 11:20:07,360+0200 WARN  miktex.core - still open: d:\d.koch\_PROG\miktex\texmfs\install\fonts/tfm/public/amsfonts/symbols\msam10.tfm
2020-09-15 11:20:07,360+0200 WARN  miktex.core - still open: d:\d.koch\_PROG\miktex\texmfs\install\fonts/tfm/adobe/times\zptmcm7v.tfm
2020-09-15 11:20:07,360+0200 WARN  miktex.core - still open: d:\d.koch\_PROG\miktex\texmfs\install\fonts/tfm/adobe/times\ptmb7t.tfm
